[2026-04-17T08:54:56.277+0000] {local_task_job_runner.py:120} INFO - ::group::Pre task execution logs
[2026-04-17T08:54:56.301+0000] {taskinstance.py:2076} INFO - Dependencies all met for dep_context=non-requeueable deps ti=<TaskInstance: maghrebia_daily_pipeline.health_check scheduled__2026-04-16T01:00:00+00:00 [queued]>
[2026-04-17T08:54:56.307+0000] {taskinstance.py:2076} INFO - Dependencies all met for dep_context=requeueable deps ti=<TaskInstance: maghrebia_daily_pipeline.health_check scheduled__2026-04-16T01:00:00+00:00 [queued]>
[2026-04-17T08:54:56.312+0000] {taskinstance.py:2306} INFO - Starting attempt 1 of 2
[2026-04-17T08:54:56.326+0000] {taskinstance.py:2330} INFO - Executing <Task(PythonOperator): health_check> on 2026-04-16 01:00:00+00:00
[2026-04-17T08:54:56.331+0000] {warnings.py:110} WARNING - /home/airflow/.local/lib/python3.12/site-packages/airflow/task/task_runner/standard_task_runner.py:61: DeprecationWarning: This process (pid=60) is multi-threaded, use of fork() may lead to deadlocks in the child.
  pid = os.fork()

[2026-04-17T08:54:56.332+0000] {standard_task_runner.py:90} INFO - Running: ['airflow', 'tasks', 'run', '***_daily_pipeline', 'health_check', 'scheduled__2026-04-16T01:00:00+00:00', '--job-id', '109', '--raw', '--subdir', 'DAGS_FOLDER/***_daily_pipeline.py', '--cfg-path', '/tmp/tmpf9ca8rqn']
[2026-04-17T08:54:56.336+0000] {standard_task_runner.py:63} INFO - Started process 61 to run task
[2026-04-17T08:54:56.337+0000] {standard_task_runner.py:91} INFO - Job 109: Subtask health_check
[2026-04-17T08:54:56.420+0000] {task_command.py:426} INFO - Running <TaskInstance: maghrebia_daily_pipeline.health_check scheduled__2026-04-16T01:00:00+00:00 [running]> on host d9c142dc0c94
[2026-04-17T08:54:56.514+0000] {taskinstance.py:2648} INFO - Exporting env vars: AIRFLOW_CTX_DAG_OWNER='***-data' AIRFLOW_CTX_DAG_ID='***_daily_pipeline' AIRFLOW_CTX_TASK_ID='health_check' AIRFLOW_CTX_EXECUTION_DATE='2026-04-16T01:00:00+00:00' AIRFLOW_CTX_TRY_NUMBER='1' AIRFLOW_CTX_DAG_RUN_ID='scheduled__2026-04-16T01:00:00+00:00'
[2026-04-17T08:54:56.519+0000] {taskinstance.py:430} INFO - ::endgroup::
[2026-04-17T08:54:56.551+0000] {maghrebia_daily_pipeline.py:81} INFO - ✅ PostgreSQL OK
[2026-04-17T08:54:56.597+0000] {maghrebia_daily_pipeline.py:91} INFO - ✅ Qdrant OK
[2026-04-17T08:54:56.619+0000] {maghrebia_daily_pipeline.py:97} INFO - Health check complete: {'postgres': 'OK', 'qdrant': 'OK'}
[2026-04-17T08:54:56.623+0000] {python.py:237} INFO - Done. Returned value was: None
[2026-04-17T08:54:56.629+0000] {taskinstance.py:441} INFO - ::group::Post task execution logs
[2026-04-17T08:54:56.648+0000] {taskinstance.py:1206} INFO - Marking task as SUCCESS. dag_id=***_daily_pipeline, task_id=health_check, run_id=scheduled__2026-04-16T01:00:00+00:00, execution_date=20260416T010000, start_date=20260417T085456, end_date=20260417T085456
[2026-04-17T08:54:56.674+0000] {local_task_job_runner.py:240} INFO - Task exited with return code 0
[2026-04-17T08:54:56.703+0000] {taskinstance.py:3498} INFO - 1 downstream tasks scheduled from follow-on schedule check
[2026-04-17T08:54:56.706+0000] {local_task_job_runner.py:222} INFO - ::endgroup::
