[2026-04-08T09:19:00.370+0000] {local_task_job_runner.py:120} INFO - ::group::Pre task execution logs
[2026-04-08T09:19:00.396+0000] {taskinstance.py:2076} INFO - Dependencies all met for dep_context=non-requeueable deps ti=<TaskInstance: maghrebia_daily_pipeline.detect_events scheduled__2026-04-07T01:00:00+00:00 [queued]>
[2026-04-08T09:19:00.404+0000] {taskinstance.py:2076} INFO - Dependencies all met for dep_context=requeueable deps ti=<TaskInstance: maghrebia_daily_pipeline.detect_events scheduled__2026-04-07T01:00:00+00:00 [queued]>
[2026-04-08T09:19:00.405+0000] {taskinstance.py:2306} INFO - Starting attempt 1 of 2
[2026-04-08T09:19:00.419+0000] {taskinstance.py:2330} INFO - Executing <Task(PythonOperator): detect_events> on 2026-04-07 01:00:00+00:00
[2026-04-08T09:19:00.424+0000] {warnings.py:110} WARNING - /home/airflow/.local/lib/python3.12/site-packages/airflow/task/task_runner/standard_task_runner.py:61: DeprecationWarning: This process (pid=87) is multi-threaded, use of fork() may lead to deadlocks in the child.
  pid = os.fork()

[2026-04-08T09:19:00.426+0000] {standard_task_runner.py:90} INFO - Running: ['airflow', 'tasks', 'run', '***_daily_pipeline', 'detect_events', 'scheduled__2026-04-07T01:00:00+00:00', '--job-id', '47', '--raw', '--subdir', 'DAGS_FOLDER/***_daily_pipeline.py', '--cfg-path', '/tmp/tmpqqb7re14']
[2026-04-08T09:19:00.427+0000] {standard_task_runner.py:63} INFO - Started process 91 to run task
[2026-04-08T09:19:00.427+0000] {standard_task_runner.py:91} INFO - Job 47: Subtask detect_events
[2026-04-08T09:19:00.483+0000] {task_command.py:426} INFO - Running <TaskInstance: maghrebia_daily_pipeline.detect_events scheduled__2026-04-07T01:00:00+00:00 [running]> on host 6cf4579bee61
[2026-04-08T09:19:00.578+0000] {taskinstance.py:2648} INFO - Exporting env vars: AIRFLOW_CTX_DAG_OWNER='***-data' AIRFLOW_CTX_DAG_ID='***_daily_pipeline' AIRFLOW_CTX_TASK_ID='detect_events' AIRFLOW_CTX_EXECUTION_DATE='2026-04-07T01:00:00+00:00' AIRFLOW_CTX_TRY_NUMBER='1' AIRFLOW_CTX_DAG_RUN_ID='scheduled__2026-04-07T01:00:00+00:00'
[2026-04-08T09:19:00.579+0000] {taskinstance.py:430} INFO - ::endgroup::
[2026-04-08T09:19:00.822+0000] {maghrebia_daily_pipeline.py:344} INFO - ✅ 10 alertes insérées dans MongoDB
[2026-04-08T09:19:00.855+0000] {python.py:237} INFO - Done. Returned value was: None
[2026-04-08T09:19:00.856+0000] {taskinstance.py:441} INFO - ::group::Post task execution logs
[2026-04-08T09:19:00.868+0000] {taskinstance.py:1206} INFO - Marking task as SUCCESS. dag_id=***_daily_pipeline, task_id=detect_events, run_id=scheduled__2026-04-07T01:00:00+00:00, execution_date=20260407T010000, start_date=20260408T091900, end_date=20260408T091900
[2026-04-08T09:19:00.923+0000] {local_task_job_runner.py:240} INFO - Task exited with return code 0
[2026-04-08T09:19:00.950+0000] {taskinstance.py:3498} INFO - 0 downstream tasks scheduled from follow-on schedule check
[2026-04-08T09:19:00.953+0000] {local_task_job_runner.py:222} INFO - ::endgroup::
