[2026-04-16T09:14:44.272+0000] {local_task_job_runner.py:120} INFO - ::group::Pre task execution logs
[2026-04-16T09:14:44.293+0000] {taskinstance.py:2076} INFO - Dependencies all met for dep_context=non-requeueable deps ti=<TaskInstance: maghrebia_daily_pipeline.should_retrain_model scheduled__2026-04-15T01:00:00+00:00 [queued]>
[2026-04-16T09:14:44.299+0000] {taskinstance.py:2076} INFO - Dependencies all met for dep_context=requeueable deps ti=<TaskInstance: maghrebia_daily_pipeline.should_retrain_model scheduled__2026-04-15T01:00:00+00:00 [queued]>
[2026-04-16T09:14:44.299+0000] {taskinstance.py:2306} INFO - Starting attempt 1 of 2
[2026-04-16T09:14:44.310+0000] {taskinstance.py:2330} INFO - Executing <Task(BranchPythonOperator): should_retrain_model> on 2026-04-15 01:00:00+00:00
[2026-04-16T09:14:44.314+0000] {warnings.py:110} WARNING - /home/airflow/.local/lib/python3.12/site-packages/airflow/task/task_runner/standard_task_runner.py:61: DeprecationWarning: This process (pid=90) is multi-threaded, use of fork() may lead to deadlocks in the child.
  pid = os.fork()

[2026-04-16T09:14:44.316+0000] {standard_task_runner.py:63} INFO - Started process 94 to run task
[2026-04-16T09:14:44.317+0000] {standard_task_runner.py:90} INFO - Running: ['airflow', 'tasks', 'run', '***_daily_pipeline', 'should_retrain_model', 'scheduled__2026-04-15T01:00:00+00:00', '--job-id', '103', '--raw', '--subdir', 'DAGS_FOLDER/***_daily_pipeline.py', '--cfg-path', '/tmp/tmp8ujhp5fm']
[2026-04-16T09:14:44.318+0000] {standard_task_runner.py:91} INFO - Job 103: Subtask should_retrain_model
[2026-04-16T09:14:44.369+0000] {task_command.py:426} INFO - Running <TaskInstance: maghrebia_daily_pipeline.should_retrain_model scheduled__2026-04-15T01:00:00+00:00 [running]> on host 5bc22fe5c450
[2026-04-16T09:14:44.452+0000] {taskinstance.py:2648} INFO - Exporting env vars: AIRFLOW_CTX_DAG_OWNER='***-data' AIRFLOW_CTX_DAG_ID='***_daily_pipeline' AIRFLOW_CTX_TASK_ID='should_retrain_model' AIRFLOW_CTX_EXECUTION_DATE='2026-04-15T01:00:00+00:00' AIRFLOW_CTX_TRY_NUMBER='1' AIRFLOW_CTX_DAG_RUN_ID='scheduled__2026-04-15T01:00:00+00:00'
[2026-04-16T09:14:44.453+0000] {taskinstance.py:430} INFO - ::endgroup::
[2026-04-16T09:14:44.462+0000] {baseoperator.py:399} WARNING - BranchPythonOperator.execute cannot be called outside TaskInstance!
[2026-04-16T09:14:44.462+0000] {maghrebia_daily_pipeline.py:479} INFO -   Retrain ignoré (jour logique=15)
[2026-04-16T09:14:44.463+0000] {python.py:237} INFO - Done. Returned value was: skip_retrain_model
[2026-04-16T09:14:44.463+0000] {branch.py:36} INFO - Branch into skip_retrain_model
[2026-04-16T09:14:44.464+0000] {skipmixin.py:178} INFO - Following branch skip_retrain_model
[2026-04-16T09:14:44.485+0000] {skipmixin.py:246} INFO - Skipping tasks [('train_impaye_model', -1)]
[2026-04-16T09:14:44.512+0000] {taskinstance.py:441} INFO - ::group::Post task execution logs
[2026-04-16T09:14:44.534+0000] {taskinstance.py:1206} INFO - Marking task as SUCCESS. dag_id=***_daily_pipeline, task_id=should_retrain_model, run_id=scheduled__2026-04-15T01:00:00+00:00, execution_date=20260415T010000, start_date=20260416T091444, end_date=20260416T091444
[2026-04-16T09:14:44.570+0000] {local_task_job_runner.py:240} INFO - Task exited with return code 0
[2026-04-16T09:14:44.582+0000] {local_task_job_runner.py:222} INFO - ::endgroup::
