[2026-04-23T07:40:23.845+0000] {local_task_job_runner.py:120} INFO - ::group::Pre task execution logs
[2026-04-23T07:40:23.885+0000] {taskinstance.py:2076} INFO - Dependencies all met for dep_context=non-requeueable deps ti=<TaskInstance: maghrebia_daily_pipeline.drift_check scheduled__2026-04-22T01:00:00+00:00 [queued]>
[2026-04-23T07:40:23.896+0000] {taskinstance.py:2076} INFO - Dependencies all met for dep_context=requeueable deps ti=<TaskInstance: maghrebia_daily_pipeline.drift_check scheduled__2026-04-22T01:00:00+00:00 [queued]>
[2026-04-23T07:40:23.897+0000] {taskinstance.py:2306} INFO - Starting attempt 1 of 2
[2026-04-23T07:40:23.909+0000] {taskinstance.py:2330} INFO - Executing <Task(PythonOperator): drift_check> on 2026-04-22 01:00:00+00:00
[2026-04-23T07:40:23.914+0000] {warnings.py:110} WARNING - /home/airflow/.local/lib/python3.12/site-packages/airflow/task/task_runner/standard_task_runner.py:61: DeprecationWarning: This process (pid=94) is multi-threaded, use of fork() may lead to deadlocks in the child.
  pid = os.fork()

[2026-04-23T07:40:23.915+0000] {standard_task_runner.py:63} INFO - Started process 100 to run task
[2026-04-23T07:40:23.916+0000] {standard_task_runner.py:90} INFO - Running: ['airflow', 'tasks', 'run', '***_daily_pipeline', 'drift_check', 'scheduled__2026-04-22T01:00:00+00:00', '--job-id', '227', '--raw', '--subdir', 'DAGS_FOLDER/***_daily_pipeline.py', '--cfg-path', '/tmp/tmpq7sftuoj']
[2026-04-23T07:40:23.918+0000] {standard_task_runner.py:91} INFO - Job 227: Subtask drift_check
[2026-04-23T07:40:23.971+0000] {task_command.py:426} INFO - Running <TaskInstance: maghrebia_daily_pipeline.drift_check scheduled__2026-04-22T01:00:00+00:00 [running]> on host 267974f74f8a
[2026-04-23T07:40:24.067+0000] {taskinstance.py:2648} INFO - Exporting env vars: AIRFLOW_CTX_DAG_OWNER='***-data' AIRFLOW_CTX_DAG_ID='***_daily_pipeline' AIRFLOW_CTX_TASK_ID='drift_check' AIRFLOW_CTX_EXECUTION_DATE='2026-04-22T01:00:00+00:00' AIRFLOW_CTX_TRY_NUMBER='1' AIRFLOW_CTX_DAG_RUN_ID='scheduled__2026-04-22T01:00:00+00:00'
[2026-04-23T07:40:24.068+0000] {taskinstance.py:430} INFO - ::endgroup::
[2026-04-23T07:40:24.090+0000] {maghrebia_daily_pipeline.py:422} INFO -   Drift check ignoré (jour=23, uniquement le 1er du mois)
[2026-04-23T07:40:24.106+0000] {python.py:237} INFO - Done. Returned value was: None
[2026-04-23T07:40:24.108+0000] {taskinstance.py:441} INFO - ::group::Post task execution logs
[2026-04-23T07:40:24.120+0000] {taskinstance.py:1206} INFO - Marking task as SUCCESS. dag_id=***_daily_pipeline, task_id=drift_check, run_id=scheduled__2026-04-22T01:00:00+00:00, execution_date=20260422T010000, start_date=20260423T074023, end_date=20260423T074024
[2026-04-23T07:40:24.170+0000] {local_task_job_runner.py:240} INFO - Task exited with return code 0
[2026-04-23T07:40:24.195+0000] {taskinstance.py:3498} INFO - 0 downstream tasks scheduled from follow-on schedule check
[2026-04-23T07:40:24.197+0000] {local_task_job_runner.py:222} INFO - ::endgroup::
