[2026-04-24T12:32:22.005+0000] {local_task_job_runner.py:120} INFO - ::group::Pre task execution logs
[2026-04-24T12:32:22.028+0000] {taskinstance.py:2076} INFO - Dependencies all met for dep_context=non-requeueable deps ti=<TaskInstance: maghrebia_daily_pipeline.health_check scheduled__2026-04-23T01:00:00+00:00 [queued]>
[2026-04-24T12:32:22.034+0000] {taskinstance.py:2076} INFO - Dependencies all met for dep_context=requeueable deps ti=<TaskInstance: maghrebia_daily_pipeline.health_check scheduled__2026-04-23T01:00:00+00:00 [queued]>
[2026-04-24T12:32:22.034+0000] {taskinstance.py:2306} INFO - Starting attempt 1 of 2
[2026-04-24T12:32:22.045+0000] {taskinstance.py:2330} INFO - Executing <Task(PythonOperator): health_check> on 2026-04-23 01:00:00+00:00
[2026-04-24T12:32:22.050+0000] {warnings.py:110} WARNING - /home/airflow/.local/lib/python3.12/site-packages/airflow/task/task_runner/standard_task_runner.py:61: DeprecationWarning: This process (pid=60) is multi-threaded, use of fork() may lead to deadlocks in the child.
  pid = os.fork()

[2026-04-24T12:32:22.052+0000] {standard_task_runner.py:90} INFO - Running: ['airflow', 'tasks', 'run', '***_daily_pipeline', 'health_check', 'scheduled__2026-04-23T01:00:00+00:00', '--job-id', '255', '--raw', '--subdir', 'DAGS_FOLDER/***_daily_pipeline.py', '--cfg-path', '/tmp/tmp9cje2qpt']
[2026-04-24T12:32:22.054+0000] {standard_task_runner.py:63} INFO - Started process 61 to run task
[2026-04-24T12:32:22.054+0000] {standard_task_runner.py:91} INFO - Job 255: Subtask health_check
[2026-04-24T12:32:22.125+0000] {task_command.py:426} INFO - Running <TaskInstance: maghrebia_daily_pipeline.health_check scheduled__2026-04-23T01:00:00+00:00 [running]> on host 205a53e44796
[2026-04-24T12:32:22.227+0000] {taskinstance.py:2648} INFO - Exporting env vars: AIRFLOW_CTX_DAG_OWNER='***-data' AIRFLOW_CTX_DAG_ID='***_daily_pipeline' AIRFLOW_CTX_TASK_ID='health_check' AIRFLOW_CTX_EXECUTION_DATE='2026-04-23T01:00:00+00:00' AIRFLOW_CTX_TRY_NUMBER='1' AIRFLOW_CTX_DAG_RUN_ID='scheduled__2026-04-23T01:00:00+00:00'
[2026-04-24T12:32:22.228+0000] {taskinstance.py:430} INFO - ::endgroup::
[2026-04-24T12:32:22.254+0000] {maghrebia_daily_pipeline.py:81} INFO - ✅ PostgreSQL OK
[2026-04-24T12:32:22.298+0000] {maghrebia_daily_pipeline.py:91} INFO - ✅ Qdrant OK
[2026-04-24T12:32:22.314+0000] {maghrebia_daily_pipeline.py:97} INFO - Health check complete: {'postgres': 'OK', 'qdrant': 'OK'}
[2026-04-24T12:32:22.315+0000] {python.py:237} INFO - Done. Returned value was: None
[2026-04-24T12:32:22.316+0000] {taskinstance.py:441} INFO - ::group::Post task execution logs
[2026-04-24T12:32:22.327+0000] {taskinstance.py:1206} INFO - Marking task as SUCCESS. dag_id=***_daily_pipeline, task_id=health_check, run_id=scheduled__2026-04-23T01:00:00+00:00, execution_date=20260423T010000, start_date=20260424T123222, end_date=20260424T123222
[2026-04-24T12:32:22.349+0000] {local_task_job_runner.py:240} INFO - Task exited with return code 0
[2026-04-24T12:32:22.374+0000] {taskinstance.py:3498} INFO - 1 downstream tasks scheduled from follow-on schedule check
[2026-04-24T12:32:22.375+0000] {local_task_job_runner.py:222} INFO - ::endgroup::
