2026-04-01 17:14:01,674 [INFO] ======================================================================
2026-04-01 17:14:01,674 [INFO]   MAGHREBIA ASSURANCE — PIPELINE PHASE 2
2026-04-01 17:14:01,675 [INFO]   Start : 2026-04-01 17:14:01
2026-04-01 17:14:01,675 [INFO]   Mode  : PRODUCTION
2026-04-01 17:14:01,676 [INFO] ======================================================================
2026-04-01 17:14:01,676 [INFO] 
[0/5] Connexion PostgreSQL...
2026-04-01 17:14:01,699 [INFO]   ✅ Connexion OK
2026-04-01 17:14:01,701 [INFO] 
[1/5] EXTRACT — Lecture CSV bruts...
2026-04-01 17:14:01,715 [INFO]   Chargé : DIM_AGENT.csv → 200 lignes × 12 cols
2026-04-01 17:14:01,797 [INFO]   Chargé : DIM_CLIENT.csv → 30,000 lignes × 13 cols
2026-04-01 17:14:01,863 [INFO]   Chargé : DIM_POLICE.csv → 30,000 lignes × 16 cols
2026-04-01 17:14:01,920 [INFO]   Chargé : DIM_VEHICULE.csv → 20,000 lignes × 15 cols
2026-04-01 17:14:02,171 [INFO]   Chargé : DWH_FACT_EMISSION.csv → 65,000 lignes × 33 cols
2026-04-01 17:14:02,186 [INFO]   Chargé : DWH_FACT_ANNULATION.csv → 1,147 lignes × 22 cols
2026-04-01 17:14:02,195 [INFO]   Chargé : DWH_FACT_IMPAYE.csv → 764 lignes × 16 cols
2026-04-01 17:14:02,391 [INFO]   Chargé : DWH_FACT_EMISSION_DETAIL.csv → 208,290 lignes × 9 cols
2026-04-01 17:14:02,392 [INFO] 
[2/5] CLEAN — Application des 34 règles de nettoyage...
2026-04-01 17:14:02,393 [INFO]   → DIM_AGENT
2026-04-01 17:14:02,396 [INFO]   [DIM_AGENT] A4 - email_agent null rempli: 23 corrections
2026-04-01 17:14:02,399 [INFO]   → DIM_CLIENT
2026-04-01 17:14:02,412 [INFO]   [DIM_CLIENT] C2 - TYPE_PERSONNE invalide → P: 396 corrections
2026-04-01 17:14:02,423 [INFO]   [DIM_CLIENT] C3 - NOM null → INCONNU: 679 corrections
2026-04-01 17:14:02,946 [INFO]   → DIM_POLICE
2026-04-01 17:14:02,955 [INFO]   [DIM_POLICE] P2 - NUM_POLICE null → généré: 196 corrections
2026-04-01 17:14:04,371 [INFO]   [DIM_POLICE] P8 - BONUS_MALUS hors [0.5,3.5] → 1.0: 14,147 corrections
2026-04-01 17:14:04,386 [INFO]   [DIM_POLICE] P9 - POLRP orphelin → NaN: 2,404 corrections
2026-04-01 17:14:04,417 [INFO]   → DIM_VEHICULE
2026-04-01 17:14:04,437 [INFO]   [DIM_VEHICULE] V3 - IMMATRICULATION null → INCONNU: 274 corrections
2026-04-01 17:14:04,916 [INFO]   [DIM_VEHICULE] V6 - VALEUR_A_NEUF invalide → NaN: 19,699 corrections
2026-04-01 17:14:04,920 [INFO]   → FACT_EMISSION
2026-04-01 17:14:04,949 [INFO]   [FACT_EMISSION] E2 - ETAT_QUIT invalide → E: 650 corrections
2026-04-01 17:14:04,998 [INFO]   [FACT_EMISSION] E5 - ANNEE_ECHEANCE invalide → suppression: 1,375 corrections
2026-04-01 17:14:05,013 [INFO]   [FACT_EMISSION] E6 - MT_PNET négatif → ABS: 256 corrections
2026-04-01 17:14:05,014 [INFO]   [FACT_EMISSION] E7 - MT_PNET null → 0.0: 408 corrections
2026-04-01 17:14:05,016 [INFO]   [FACT_EMISSION] E6 - MT_PTT négatif → ABS: 252 corrections
2026-04-01 17:14:05,017 [INFO]   [FACT_EMISSION] E7 - MT_PTT null → 0.0: 381 corrections
2026-04-01 17:14:05,018 [INFO]   [FACT_EMISSION] E7 - MT_COMMISSION null → 0.0: 1,324 corrections
2026-04-01 17:14:05,020 [INFO]   [FACT_EMISSION] E8 - MT_PNET > 109730 DT winsorisé: 64 corrections
2026-04-01 17:14:05,028 [INFO]   [FACT_EMISSION] E9 - MT_PNET recalculé (Σ garanties): 4,753 corrections
2026-04-01 17:14:05,045 [INFO]   [FACT_EMISSION] E11 - MT_PTT recalculé (PNET+FGA+TIMBRE+TAXE): 4,737 corrections
2026-04-01 17:14:09,586 [INFO]   → FACT_ANNULATION
2026-04-01 17:14:09,648 [INFO]   [FACT_ANNULATION] N5 - DATE_ANNULATION < DATE_EMISSION → swap: 277 corrections
2026-04-01 17:14:09,662 [INFO]   → FACT_IMPAYE
2026-04-01 17:14:09,665 [INFO]   [FACT_IMPAYE] I2 - MT_ACP > MT_PTT → plafonné: 13 corrections
2026-04-01 17:14:09,739 [INFO]   → FACT_EMISSION_DETAIL : 208,290 → 203,879 lignes (orphelins filtrés)
2026-04-01 17:14:09,741 [INFO] 
[3/5] VALIDATE — Great Expectations post-cleaning...
2026-04-01 17:14:09,743 [INFO]   GE ✅ FE: NUM_QUITTANCE unique
2026-04-01 17:14:09,745 [INFO]   GE ✅ FE: ETAT_QUIT ∈ {E,P,A}
2026-04-01 17:14:09,747 [INFO]   GE ✅ FE: BRANCHE ∈ {AUTO,IRDS,SANTE}
2026-04-01 17:14:09,747 [INFO]   GE ✅ FE: ANNEE_ECHEANCE ∈ [2018,2025]
2026-04-01 17:14:09,748 [INFO]   GE ✅ FE: MT_PNET ≥ 0
2026-04-01 17:14:09,749 [INFO]   GE ✅ FE: MT_PTT ≥ 0
2026-04-01 17:14:09,751 [INFO]   GE ✅ FE: MT_PTT = PNET+FGA+TIMBRE+TAXE (±0.5)
2026-04-01 17:14:09,752 [INFO]   GE ✅ FE: MT_FGA = MT_RC × 0.25 (±0.5)
2026-04-01 17:14:09,790 [INFO]   GE ✅ FE: ID_POLICE FK valide
2026-04-01 17:14:09,791 [INFO]   GE ✅ FE: ID_AGENT FK valide
2026-04-01 17:14:09,792 [INFO]   GE ✅ DP: ID_POLICE unique
2026-04-01 17:14:09,794 [INFO]   GE ✅ DP: SITUATION ∈ {V,R,T,S,A}
2026-04-01 17:14:09,795 [INFO]   GE ✅ DP: BRANCHE ∈ {AUTO,IRDS,SANTE}
2026-04-01 17:14:09,798 [INFO]   GE ✅ DP: BONUS_MALUS AUTO null < 5%
2026-04-01 17:14:09,799 [INFO]   GE ✅ DC: ID_CLIENT unique
2026-04-01 17:14:09,800 [INFO]   GE ✅ DC: TYPE_PERSONNE ∈ {P,M}
2026-04-01 17:14:09,800 [INFO]   GE ✅ FI: MT_ACP ≤ MT_PTT (acompte cohérent)
2026-04-01 17:14:09,801 [INFO]   GE ✅ FI: MT_PTT ≥ 0
2026-04-01 17:14:09,802 [INFO]   Score qualité : 100.0% (18/18 règles)
2026-04-01 17:14:09,803 [INFO]   ✅ Validation réussie
2026-04-01 17:14:09,803 [INFO] 
[4/5] LOAD — Chargement PostgreSQL...
2026-04-01 17:14:09,849 [INFO]   ✅ dim_agent : 200 lignes chargées (UPSERT)
2026-04-01 17:14:13,258 [INFO]   ✅ dim_client : 30,000 lignes chargées (UPSERT)
2026-04-01 17:14:17,444 [INFO]   ✅ dim_police : 30,000 lignes chargées (UPSERT)
2026-04-01 17:14:20,171 [INFO]   ✅ dim_vehicule : 20,000 lignes chargées (UPSERT)
2026-04-01 17:14:40,881 [INFO]   ✅ dwh_fact_emission : 63,625 lignes chargées (UPSERT)
2026-04-01 17:15:01,201 [INFO]   ✅ dwh_fact_emission_detail : 203,879 lignes chargées (TRUNCATE+INSERT)
2026-04-01 17:15:01,434 [INFO]   ✅ dwh_fact_annulation : 1,147 lignes chargées (UPSERT)
2026-04-01 17:15:01,560 [INFO]   ✅ dwh_fact_impaye : 764 lignes chargées (TRUNCATE+INSERT)
2026-04-01 17:15:01,561 [INFO] 
[5/5] REPORT — Génération rapport qualité JSON...
2026-04-01 17:15:01,561 [INFO] 
======================================================================
2026-04-01 17:15:01,562 [INFO]   RÉSUMÉ DES CORRECTIONS APPLIQUÉES
2026-04-01 17:15:01,562 [INFO] ======================================================================
2026-04-01 17:15:01,563 [INFO]   DIM_AGENT                      →     200 →     200  (−0 supprimés, 23 corrections)
2026-04-01 17:15:01,564 [INFO]   DIM_CLIENT                     →  30,000 →  30,000  (−0 supprimés, 1,075 corrections)
2026-04-01 17:15:01,565 [INFO]   DIM_POLICE                     →  30,000 →  30,000  (−0 supprimés, 16,747 corrections)
2026-04-01 17:15:01,565 [INFO]   DIM_VEHICULE                   →  20,000 →  20,000  (−0 supprimés, 19,973 corrections)
2026-04-01 17:15:01,566 [INFO]   FACT_EMISSION                  →  65,000 →  63,625  (−1,375 supprimés, 14,200 corrections)
2026-04-01 17:15:01,567 [INFO]   FACT_ANNULATION                →   1,147 →   1,147  (−0 supprimés, 277 corrections)
2026-04-01 17:15:01,567 [INFO]   FACT_IMPAYE                    →     764 →     764  (−0 supprimés, 13 corrections)
2026-04-01 17:15:01,568 [INFO] ----------------------------------------------------------------------
2026-04-01 17:15:01,569 [INFO]   TOTAL                             Total corrections : 52,308
2026-04-01 17:15:01,569 [INFO]                                     Total suppressions: 1,375
2026-04-01 17:15:01,570 [INFO] 
  Score GE post-nettoyage : 100.0%  (18/18 règles)
2026-04-01 17:15:01,571 [INFO] 
  Durée totale : 59.9s
2026-04-01 17:15:01,571 [INFO] ======================================================================
2026-04-01 17:15:01,579 [INFO] 
  💾 Rapport : /opt/airflow/reports/import_report_20260401_1714.json
2026-04-01 17:15:02,730 [INFO]   💾 CSV nettoyés : maghrebia/data/clean/
