2026-04-01 17:05:52,001 [INFO] ======================================================================
2026-04-01 17:05:52,001 [INFO]   MAGHREBIA ASSURANCE — PIPELINE PHASE 2
2026-04-01 17:05:52,002 [INFO]   Start : 2026-04-01 17:05:52
2026-04-01 17:05:52,003 [INFO]   Mode  : PRODUCTION
2026-04-01 17:05:52,003 [INFO] ======================================================================
2026-04-01 17:05:52,003 [INFO] 
[0/5] Connexion PostgreSQL...
2026-04-01 17:05:52,026 [INFO]   ✅ Connexion OK
2026-04-01 17:05:52,028 [INFO] 
[1/5] EXTRACT — Lecture CSV bruts...
2026-04-01 17:05:52,039 [INFO]   Chargé : DIM_AGENT.csv → 200 lignes × 12 cols
2026-04-01 17:05:52,096 [INFO]   Chargé : DIM_CLIENT.csv → 30,000 lignes × 13 cols
2026-04-01 17:05:52,143 [INFO]   Chargé : DIM_POLICE.csv → 30,000 lignes × 16 cols
2026-04-01 17:05:52,188 [INFO]   Chargé : DIM_VEHICULE.csv → 20,000 lignes × 15 cols
2026-04-01 17:05:52,365 [INFO]   Chargé : DWH_FACT_EMISSION.csv → 65,000 lignes × 33 cols
2026-04-01 17:05:52,373 [INFO]   Chargé : DWH_FACT_ANNULATION.csv → 1,147 lignes × 22 cols
2026-04-01 17:05:52,378 [INFO]   Chargé : DWH_FACT_IMPAYE.csv → 764 lignes × 16 cols
2026-04-01 17:05:52,519 [INFO]   Chargé : DWH_FACT_EMISSION_DETAIL.csv → 208,290 lignes × 9 cols
2026-04-01 17:05:52,520 [INFO] 
[2/5] CLEAN — Application des 34 règles de nettoyage...
2026-04-01 17:05:52,521 [INFO]   → DIM_AGENT
2026-04-01 17:05:52,524 [INFO]   [DIM_AGENT] A4 - email_agent null rempli: 23 corrections
2026-04-01 17:05:52,526 [INFO]   → DIM_CLIENT
2026-04-01 17:05:52,538 [INFO]   [DIM_CLIENT] C2 - TYPE_PERSONNE invalide → P: 396 corrections
2026-04-01 17:05:52,548 [INFO]   [DIM_CLIENT] C3 - NOM null → INCONNU: 679 corrections
2026-04-01 17:05:53,066 [INFO]   → DIM_POLICE
2026-04-01 17:05:53,075 [INFO]   [DIM_POLICE] P2 - NUM_POLICE null → généré: 196 corrections
2026-04-01 17:05:54,430 [INFO]   [DIM_POLICE] P8 - BONUS_MALUS hors [0.5,3.5] → 1.0: 14,147 corrections
2026-04-01 17:05:54,444 [INFO]   [DIM_POLICE] P9 - POLRP orphelin → NaN: 2,404 corrections
2026-04-01 17:05:54,472 [INFO]   → DIM_VEHICULE
2026-04-01 17:05:54,492 [INFO]   [DIM_VEHICULE] V3 - IMMATRICULATION null → INCONNU: 274 corrections
2026-04-01 17:05:54,956 [INFO]   [DIM_VEHICULE] V6 - VALEUR_A_NEUF invalide → NaN: 19,699 corrections
2026-04-01 17:05:54,959 [INFO]   → FACT_EMISSION
2026-04-01 17:05:54,984 [INFO]   [FACT_EMISSION] E2 - ETAT_QUIT invalide → E: 650 corrections
2026-04-01 17:05:55,029 [INFO]   [FACT_EMISSION] E5 - ANNEE_ECHEANCE invalide → suppression: 1,375 corrections
2026-04-01 17:05:55,041 [INFO]   [FACT_EMISSION] E6 - MT_PNET négatif → ABS: 256 corrections
2026-04-01 17:05:55,042 [INFO]   [FACT_EMISSION] E7 - MT_PNET null → 0.0: 408 corrections
2026-04-01 17:05:55,044 [INFO]   [FACT_EMISSION] E6 - MT_PTT négatif → ABS: 252 corrections
2026-04-01 17:05:55,044 [INFO]   [FACT_EMISSION] E7 - MT_PTT null → 0.0: 381 corrections
2026-04-01 17:05:55,045 [INFO]   [FACT_EMISSION] E7 - MT_COMMISSION null → 0.0: 1,324 corrections
2026-04-01 17:05:55,047 [INFO]   [FACT_EMISSION] E8 - MT_PNET > 109730 DT winsorisé: 64 corrections
2026-04-01 17:05:55,060 [INFO]   [FACT_EMISSION] E9 - MT_PNET recalculé (Σ garanties): 4,753 corrections
2026-04-01 17:05:55,077 [INFO]   [FACT_EMISSION] E11 - MT_PTT recalculé (PNET+FGA+TIMBRE+TAXE): 4,737 corrections
2026-04-01 17:05:59,850 [INFO]   → FACT_ANNULATION
2026-04-01 17:05:59,905 [INFO]   [FACT_ANNULATION] N5 - DATE_ANNULATION < DATE_EMISSION → swap: 277 corrections
2026-04-01 17:05:59,917 [INFO]   → FACT_IMPAYE
2026-04-01 17:05:59,918 [INFO]   [FACT_IMPAYE] I2 - MT_ACP > MT_PTT → plafonné: 13 corrections
2026-04-01 17:05:59,983 [INFO]   → FACT_EMISSION_DETAIL : 208,290 → 203,879 lignes (orphelins filtrés)
2026-04-01 17:05:59,986 [INFO] 
[3/5] VALIDATE — Great Expectations post-cleaning...
2026-04-01 17:05:59,989 [INFO]   GE ✅ FE: NUM_QUITTANCE unique
2026-04-01 17:05:59,991 [INFO]   GE ✅ FE: ETAT_QUIT ∈ {E,P,A}
2026-04-01 17:05:59,993 [INFO]   GE ✅ FE: BRANCHE ∈ {AUTO,IRDS,SANTE}
2026-04-01 17:05:59,994 [INFO]   GE ✅ FE: ANNEE_ECHEANCE ∈ [2018,2025]
2026-04-01 17:05:59,995 [INFO]   GE ✅ FE: MT_PNET ≥ 0
2026-04-01 17:05:59,995 [INFO]   GE ✅ FE: MT_PTT ≥ 0
2026-04-01 17:05:59,997 [INFO]   GE ✅ FE: MT_PTT = PNET+FGA+TIMBRE+TAXE (±0.5)
2026-04-01 17:05:59,998 [INFO]   GE ✅ FE: MT_FGA = MT_RC × 0.25 (±0.5)
2026-04-01 17:06:00,034 [INFO]   GE ✅ FE: ID_POLICE FK valide
2026-04-01 17:06:00,036 [INFO]   GE ✅ FE: ID_AGENT FK valide
2026-04-01 17:06:00,037 [INFO]   GE ✅ DP: ID_POLICE unique
2026-04-01 17:06:00,039 [INFO]   GE ✅ DP: SITUATION ∈ {V,R,T,S,A}
2026-04-01 17:06:00,041 [INFO]   GE ✅ DP: BRANCHE ∈ {AUTO,IRDS,SANTE}
2026-04-01 17:06:00,045 [INFO]   GE ✅ DP: BONUS_MALUS AUTO null < 5%
2026-04-01 17:06:00,046 [INFO]   GE ✅ DC: ID_CLIENT unique
2026-04-01 17:06:00,048 [INFO]   GE ✅ DC: TYPE_PERSONNE ∈ {P,M}
2026-04-01 17:06:00,049 [INFO]   GE ✅ FI: MT_ACP ≤ MT_PTT (acompte cohérent)
2026-04-01 17:06:00,049 [INFO]   GE ✅ FI: MT_PTT ≥ 0
2026-04-01 17:06:00,051 [INFO]   Score qualité : 100.0% (18/18 règles)
2026-04-01 17:06:00,052 [INFO]   ✅ Validation réussie
2026-04-01 17:06:00,053 [INFO] 
[4/5] LOAD — Chargement PostgreSQL...
2026-04-01 17:06:00,094 [INFO]   ✅ dim_agent : 200 lignes chargées (UPSERT)
2026-04-01 17:06:03,295 [INFO]   ✅ dim_client : 30,000 lignes chargées (UPSERT)
2026-04-01 17:06:07,188 [INFO]   ✅ dim_police : 30,000 lignes chargées (UPSERT)
2026-04-01 17:06:09,843 [INFO]   ✅ dim_vehicule : 20,000 lignes chargées (UPSERT)
2026-04-01 17:06:29,556 [INFO]   ✅ dwh_fact_emission : 63,625 lignes chargées (UPSERT)
2026-04-01 17:06:49,000 [INFO]   ✅ dwh_fact_emission_detail : 203,879 lignes chargées (TRUNCATE+INSERT)
2026-04-01 17:06:49,228 [INFO]   ✅ dwh_fact_annulation : 1,147 lignes chargées (UPSERT)
2026-04-01 17:06:49,347 [INFO]   ✅ dwh_fact_impaye : 764 lignes chargées (TRUNCATE+INSERT)
2026-04-01 17:06:49,350 [INFO] 
[5/5] REPORT — Génération rapport qualité JSON...
2026-04-01 17:06:49,352 [INFO] 
======================================================================
2026-04-01 17:06:49,354 [INFO]   RÉSUMÉ DES CORRECTIONS APPLIQUÉES
2026-04-01 17:06:49,356 [INFO] ======================================================================
2026-04-01 17:06:49,358 [INFO]   DIM_AGENT                      →     200 →     200  (−0 supprimés, 23 corrections)
2026-04-01 17:06:49,360 [INFO]   DIM_CLIENT                     →  30,000 →  30,000  (−0 supprimés, 1,075 corrections)
2026-04-01 17:06:49,361 [INFO]   DIM_POLICE                     →  30,000 →  30,000  (−0 supprimés, 16,747 corrections)
2026-04-01 17:06:49,363 [INFO]   DIM_VEHICULE                   →  20,000 →  20,000  (−0 supprimés, 19,973 corrections)
2026-04-01 17:06:49,365 [INFO]   FACT_EMISSION                  →  65,000 →  63,625  (−1,375 supprimés, 14,200 corrections)
2026-04-01 17:06:49,368 [INFO]   FACT_ANNULATION                →   1,147 →   1,147  (−0 supprimés, 277 corrections)
2026-04-01 17:06:49,370 [INFO]   FACT_IMPAYE                    →     764 →     764  (−0 supprimés, 13 corrections)
2026-04-01 17:06:49,371 [INFO] ----------------------------------------------------------------------
2026-04-01 17:06:49,373 [INFO]   TOTAL                             Total corrections : 52,308
2026-04-01 17:06:49,375 [INFO]                                     Total suppressions: 1,375
2026-04-01 17:06:49,376 [INFO] 
  Score GE post-nettoyage : 100.0%  (18/18 règles)
2026-04-01 17:06:49,377 [INFO] 
  Durée totale : 57.4s
2026-04-01 17:06:49,378 [INFO] ======================================================================
2026-04-01 17:06:49,393 [INFO] 
  💾 Rapport : /opt/airflow/reports/import_report_20260401_1705.json
2026-04-01 17:06:50,420 [INFO]   💾 CSV nettoyés : maghrebia/data/clean/
