[2026-04-17T08:54:57.794+0000] {local_task_job_runner.py:120} INFO - ::group::Pre task execution logs
[2026-04-17T08:54:57.817+0000] {taskinstance.py:2076} INFO - Dependencies all met for dep_context=non-requeueable deps ti=<TaskInstance: maghrebia_daily_pipeline.ge_data_quality scheduled__2026-04-16T01:00:00+00:00 [queued]>
[2026-04-17T08:54:57.824+0000] {taskinstance.py:2076} INFO - Dependencies all met for dep_context=requeueable deps ti=<TaskInstance: maghrebia_daily_pipeline.ge_data_quality scheduled__2026-04-16T01:00:00+00:00 [queued]>
[2026-04-17T08:54:57.826+0000] {taskinstance.py:2306} INFO - Starting attempt 1 of 2
[2026-04-17T08:54:57.837+0000] {taskinstance.py:2330} INFO - Executing <Task(PythonOperator): ge_data_quality> on 2026-04-16 01:00:00+00:00
[2026-04-17T08:54:57.842+0000] {warnings.py:110} WARNING - /home/airflow/.local/lib/python3.12/site-packages/airflow/task/task_runner/standard_task_runner.py:61: DeprecationWarning: This process (pid=62) is multi-threaded, use of fork() may lead to deadlocks in the child.
  pid = os.fork()

[2026-04-17T08:54:57.843+0000] {standard_task_runner.py:63} INFO - Started process 63 to run task
[2026-04-17T08:54:57.844+0000] {standard_task_runner.py:90} INFO - Running: ['airflow', 'tasks', 'run', '***_daily_pipeline', 'ge_data_quality', 'scheduled__2026-04-16T01:00:00+00:00', '--job-id', '110', '--raw', '--subdir', 'DAGS_FOLDER/***_daily_pipeline.py', '--cfg-path', '/tmp/tmptvzsgb_3']
[2026-04-17T08:54:57.845+0000] {standard_task_runner.py:91} INFO - Job 110: Subtask ge_data_quality
[2026-04-17T08:54:57.909+0000] {task_command.py:426} INFO - Running <TaskInstance: maghrebia_daily_pipeline.ge_data_quality scheduled__2026-04-16T01:00:00+00:00 [running]> on host d9c142dc0c94
[2026-04-17T08:54:58.045+0000] {taskinstance.py:2648} INFO - Exporting env vars: AIRFLOW_CTX_DAG_OWNER='***-data' AIRFLOW_CTX_DAG_ID='***_daily_pipeline' AIRFLOW_CTX_TASK_ID='ge_data_quality' AIRFLOW_CTX_EXECUTION_DATE='2026-04-16T01:00:00+00:00' AIRFLOW_CTX_TRY_NUMBER='1' AIRFLOW_CTX_DAG_RUN_ID='scheduled__2026-04-16T01:00:00+00:00'
[2026-04-17T08:54:58.046+0000] {taskinstance.py:430} INFO - ::endgroup::
[2026-04-17T08:54:59.063+0000] {ge_pipeline.py:349} INFO - Loading /opt/airflow/data/raw/DIM_AGENT.csv …
[2026-04-17T08:54:59.087+0000] {logging_mixin.py:188} INFO - 
======================================================================
[2026-04-17T08:54:59.088+0000] {logging_mixin.py:188} INFO -   SUITE : ***_dim_agent_suite
[2026-04-17T08:54:59.088+0000] {logging_mixin.py:188} INFO -   Table : 200 rows × 12 cols
[2026-04-17T08:54:59.089+0000] {logging_mixin.py:188} INFO -   =================================================================
[2026-04-17T08:54:59.090+0000] {logging_mixin.py:188} INFO -   ✅ expect_table_row_count_to_be_between(190, 210)              200/200     (100.0%)  
[2026-04-17T08:54:59.090+0000] {logging_mixin.py:188} INFO -   ✅ expect_column_values_to_not_be_null(ID_AGENT)               200/200     (100.0%)  
[2026-04-17T08:54:59.091+0000] {logging_mixin.py:188} INFO -   ✅ expect_column_values_to_be_unique(ID_AGENT)                 200/200     (100.0%)  dups=0
[2026-04-17T08:54:59.091+0000] {logging_mixin.py:188} INFO -   🔴 expect_column_values_to_not_be_null(CODE_AGENT)             198/200     (99.0%)  
[2026-04-17T08:54:59.092+0000] {logging_mixin.py:188} INFO -   🔴 expect_column_values_to_be_in_set(ETAT_AGENT, ['A', 'I', 'R'])     181/200     (90.5%)  invalid sample=['S']
[2026-04-17T08:54:59.092+0000] {logging_mixin.py:188} INFO -   ✅ expect_column_values_to_be_in_set(TYPE_AGENT, ['AG', 'BA', 'BR', 'CO', 'MA'])     200/200     (100.0%)  invalid sample=[]
[2026-04-17T08:54:59.093+0000] {logging_mixin.py:188} INFO -   ✅ expect_column_values_to_be_between(LATITUDE_AGENT, lo=30.0, hi=38.0)     200/200     (100.0%)  threshold=99%
[2026-04-17T08:54:59.093+0000] {logging_mixin.py:188} INFO -   ✅ expect_column_values_to_be_between(LONGITUDE_AGENT, lo=8.0, hi=12.0)     200/200     (100.0%)  threshold=99%
[2026-04-17T08:54:59.094+0000] {logging_mixin.py:188} INFO -   ✅ expect_column_values_to_be_in_set(GROUPE_AGENT, ['Agent Général', 'Bancassurance', 'Courtier', 'Mandataire', 'Réseau Direct'])     200/200     (100.0%)  invalid sample=[]
[2026-04-17T08:54:59.094+0000] {logging_mixin.py:188} INFO -   =================================================================
[2026-04-17T08:54:59.095+0000] {logging_mixin.py:188} INFO -   🔴 FAILED  —  7/9 expectations OK  (77.8%)
[2026-04-17T08:54:59.096+0000] {logging_mixin.py:188} INFO - ======================================================================
[2026-04-17T08:54:59.096+0000] {ge_pipeline.py:364} INFO - Report saved: ge_reports/***_dim_agent_suite_20260417_085459.json
[2026-04-17T08:54:59.097+0000] {maghrebia_daily_pipeline.py:118} WARNING - ⚠️  Suite FAILED: dim_agent (77.8%)
[2026-04-17T08:54:59.098+0000] {ge_pipeline.py:349} INFO - Loading /opt/airflow/data/raw/DIM_CLIENT.csv …
[2026-04-17T08:54:59.210+0000] {logging_mixin.py:188} INFO - 
======================================================================
[2026-04-17T08:54:59.216+0000] {logging_mixin.py:188} INFO -   SUITE : ***_dim_client_suite
[2026-04-17T08:54:59.219+0000] {logging_mixin.py:188} INFO -   Table : 30,000 rows × 13 cols
[2026-04-17T08:54:59.220+0000] {logging_mixin.py:188} INFO -   =================================================================
[2026-04-17T08:54:59.221+0000] {logging_mixin.py:188} INFO -   ✅ expect_table_row_count_to_be_between(25000, 35000)       30,000/30,000  (100.0%)  
[2026-04-17T08:54:59.221+0000] {logging_mixin.py:188} INFO -   ✅ expect_column_values_to_not_be_null(ID_CLIENT)           30,000/30,000  (100.0%)  
[2026-04-17T08:54:59.222+0000] {logging_mixin.py:188} INFO -   ✅ expect_column_values_to_be_unique(ID_CLIENT)             30,000/30,000  (100.0%)  dups=0
[2026-04-17T08:54:59.222+0000] {logging_mixin.py:188} INFO -   🔴 expect_column_values_to_not_be_null(NOM)                 29,321/30,000  (97.7%)  
[2026-04-17T08:54:59.223+0000] {logging_mixin.py:188} INFO -   🔴 expect_column_values_to_be_in_set(TYPE_PERSONNE, ['M', 'P'])  29,102/29,604  (98.3%)  invalid sample=['  P  ', 'p', '  M  ']
[2026-04-17T08:54:59.223+0000] {logging_mixin.py:188} INFO -   ✅ expect_column_values_to_be_in_set(SEXE, ['<NA>', '<NA>', 'F', 'M', 'N/A'])  22,454/22,454  (100.0%)  invalid sample=[]
[2026-04-17T08:54:59.224+0000] {logging_mixin.py:188} INFO -   ✅ expect_column_values_to_be_between(CODE_POSTAL, lo=1000, hi=9999)  30,000/30,000  (100.0%)  threshold=99%
[2026-04-17T08:54:59.224+0000] {logging_mixin.py:188} INFO -   ✅ expect_column_values_to_match_regex(CIN_MF, '^\d{8}$')   22,454/30,000  (74.8%)  
[2026-04-17T08:54:59.225+0000] {logging_mixin.py:188} INFO -   ✅ expect_column_values_to_match_regex(EMAIL, '^[^@]+@[^@]+\.[^@]+$')  19,491/19,491  (100.0%)  
[2026-04-17T08:54:59.225+0000] {logging_mixin.py:188} INFO -   =================================================================
[2026-04-17T08:54:59.226+0000] {logging_mixin.py:188} INFO -   🔴 FAILED  —  7/9 expectations OK  (77.8%)
[2026-04-17T08:54:59.227+0000] {logging_mixin.py:188} INFO - ======================================================================
[2026-04-17T08:54:59.227+0000] {ge_pipeline.py:364} INFO - Report saved: ge_reports/***_dim_client_suite_20260417_085459.json
[2026-04-17T08:54:59.229+0000] {maghrebia_daily_pipeline.py:118} WARNING - ⚠️  Suite FAILED: dim_client (77.8%)
[2026-04-17T08:54:59.229+0000] {ge_pipeline.py:349} INFO - Loading /opt/airflow/data/raw/DIM_POLICE.csv …
[2026-04-17T08:54:59.415+0000] {logging_mixin.py:188} INFO - 
======================================================================
[2026-04-17T08:54:59.416+0000] {logging_mixin.py:188} INFO -   SUITE : ***_dim_police_suite
[2026-04-17T08:54:59.416+0000] {logging_mixin.py:188} INFO -   Table : 30,000 rows × 16 cols
[2026-04-17T08:54:59.417+0000] {logging_mixin.py:188} INFO -   =================================================================
[2026-04-17T08:54:59.417+0000] {logging_mixin.py:188} INFO -   ✅ expect_table_row_count_to_be_between(25000, 35000)       30,000/30,000  (100.0%)  
[2026-04-17T08:54:59.418+0000] {logging_mixin.py:188} INFO -   ✅ expect_column_values_to_not_be_null(ID_POLICE)           30,000/30,000  (100.0%)  
[2026-04-17T08:54:59.419+0000] {logging_mixin.py:188} INFO -   ✅ expect_column_values_to_be_unique(ID_POLICE)             30,000/30,000  (100.0%)  dups=0
[2026-04-17T08:54:59.419+0000] {logging_mixin.py:188} INFO -   ✅ expect_column_values_to_be_in_set(BRANCHE, ['AUTO', 'IRDS', 'SANTE'])  30,000/30,000  (100.0%)  invalid sample=[]
[2026-04-17T08:54:59.420+0000] {logging_mixin.py:188} INFO -   ✅ expect_column_values_to_be_in_set(SITUATION, ['A', 'R', 'S', 'T', 'V'])  30,000/30,000  (100.0%)  invalid sample=[]
[2026-04-17T08:54:59.420+0000] {logging_mixin.py:188} INFO -   ✅ expect_column_values_to_be_in_set(TYPE_POLICE, ['flotte', 'individuel'])  30,000/30,000  (100.0%)  invalid sample=[]
[2026-04-17T08:54:59.421+0000] {logging_mixin.py:188} INFO -   ✅ expect_column_values_to_be_between(CODE_PRODUIT, lo=17, hi=89)  30,000/30,000  (100.0%)  threshold=99%
[2026-04-17T08:54:59.421+0000] {logging_mixin.py:188} INFO -   ✅ expect_column_values_to_be_between(BONUS_MALUS, lo=1, hi=10)  20,000/20,000  (100.0%)  threshold=95%
[2026-04-17T08:54:59.422+0000] {logging_mixin.py:188} INFO -   =================================================================
[2026-04-17T08:54:59.422+0000] {logging_mixin.py:188} INFO -   ✅ PASSED  —  8/8 expectations OK  (100.0%)
[2026-04-17T08:54:59.423+0000] {logging_mixin.py:188} INFO - ======================================================================
[2026-04-17T08:54:59.425+0000] {ge_pipeline.py:364} INFO - Report saved: ge_reports/***_dim_police_suite_20260417_085459.json
[2026-04-17T08:54:59.430+0000] {maghrebia_daily_pipeline.py:120} INFO - ✅ Suite PASSED: dim_police (100.0%)
[2026-04-17T08:54:59.431+0000] {ge_pipeline.py:349} INFO - Loading /opt/airflow/data/raw/DWH_FACT_EMISSION.csv …
[2026-04-17T08:54:59.960+0000] {logging_mixin.py:188} INFO - 
======================================================================
[2026-04-17T08:54:59.962+0000] {logging_mixin.py:188} INFO -   SUITE : ***_fact_emission_suite
[2026-04-17T08:54:59.963+0000] {logging_mixin.py:188} INFO -   Table : 65,000 rows × 33 cols
[2026-04-17T08:54:59.963+0000] {logging_mixin.py:188} INFO -   =================================================================
[2026-04-17T08:54:59.966+0000] {logging_mixin.py:188} INFO -   ✅ expect_table_row_count_to_be_between(60000, 70000)       65,000/65,000  (100.0%)  
[2026-04-17T08:54:59.966+0000] {logging_mixin.py:188} INFO -   ✅ expect_column_values_to_not_be_null(NUM_QUITTANCE)       65,000/65,000  (100.0%)  
[2026-04-17T08:54:59.967+0000] {logging_mixin.py:188} INFO -   ✅ expect_column_values_to_be_unique(NUM_QUITTANCE)         65,000/65,000  (100.0%)  dups=0
[2026-04-17T08:54:59.969+0000] {logging_mixin.py:188} INFO -   ✅ expect_column_values_to_not_be_null(ID_POLICE)           65,000/65,000  (100.0%)  
[2026-04-17T08:54:59.969+0000] {logging_mixin.py:188} INFO -   ✅ expect_column_values_to_not_be_null(ID_AGENT)            65,000/65,000  (100.0%)  
[2026-04-17T08:54:59.969+0000] {logging_mixin.py:188} INFO -   🔴 expect_column_values_to_be_in_set(ETAT_QUIT, ['A', 'E', 'P'])  63,693/64,682  (98.5%)  invalid sample=['e', 'X', 'p']
[2026-04-17T08:54:59.970+0000] {logging_mixin.py:188} INFO -   ✅ expect_column_values_to_be_in_set(BRANCHE, ['AUTO', 'IRDS', 'SANTE'])  65,000/65,000  (100.0%)  invalid sample=[]
[2026-04-17T08:54:59.971+0000] {logging_mixin.py:188} INFO -   🔴 custom: ANNEE_ECHEANCE between 2015 and 2025             63,625/65,000  (97.9%)  threshold=98%
[2026-04-17T08:54:59.973+0000] {logging_mixin.py:188} INFO -   ✅ expect_column_values_to_be_between(MOIS_ECHEANCE, lo=1, hi=12)  65,000/65,000  (100.0%)  threshold=99%
[2026-04-17T08:54:59.974+0000] {logging_mixin.py:188} INFO -   ✅ custom: MT_PNET >= 0                                     64,336/65,000  (99.0%)  threshold=98%
[2026-04-17T08:54:59.977+0000] {logging_mixin.py:188} INFO -   ✅ custom: MT_FGA ≈ MT_RC × 0.25                            65,000/65,000  (100.0%)  threshold=90%
[2026-04-17T08:54:59.978+0000] {logging_mixin.py:188} INFO -   🔴 custom: MT_PTT = MT_PNET + MT_FGA + MT_TIMBRE + MT_TAXE  63,480/65,000  (97.7%)  threshold=98%
[2026-04-17T08:54:59.979+0000] {logging_mixin.py:188} INFO -   ✅ expect_column_values_to_be_between(MT_TIMBRE, lo=3, hi=20)  65,000/65,000  (100.0%)  threshold=95%
[2026-04-17T08:54:59.980+0000] {logging_mixin.py:188} INFO -   =================================================================
[2026-04-17T08:54:59.983+0000] {logging_mixin.py:188} INFO -   🔴 FAILED  —  10/13 expectations OK  (76.9%)
[2026-04-17T08:54:59.984+0000] {logging_mixin.py:188} INFO - ======================================================================
[2026-04-17T08:54:59.985+0000] {ge_pipeline.py:364} INFO - Report saved: ge_reports/***_fact_emission_suite_20260417_085459.json
[2026-04-17T08:54:59.990+0000] {maghrebia_daily_pipeline.py:118} WARNING - ⚠️  Suite FAILED: dwh_fact_emission (76.9%)
[2026-04-17T08:54:59.992+0000] {ge_pipeline.py:349} INFO - Loading /opt/airflow/data/raw/DWH_FACT_IMPAYE.csv …
[2026-04-17T08:55:00.006+0000] {logging_mixin.py:188} INFO - 
======================================================================
[2026-04-17T08:55:00.007+0000] {logging_mixin.py:188} INFO -   SUITE : ***_fact_impaye_suite
[2026-04-17T08:55:00.008+0000] {logging_mixin.py:188} INFO -   Table : 868 rows × 16 cols
[2026-04-17T08:55:00.008+0000] {logging_mixin.py:188} INFO -   =================================================================
[2026-04-17T08:55:00.010+0000] {logging_mixin.py:188} INFO -   ✅ expect_table_row_count_to_be_between(600, 900)              868/868     (100.0%)  
[2026-04-17T08:55:00.013+0000] {logging_mixin.py:188} INFO -   ✅ expect_column_values_to_not_be_null(NUM_QUITTANCE)          868/868     (100.0%)  
[2026-04-17T08:55:00.015+0000] {logging_mixin.py:188} INFO -   ✅ expect_column_values_to_not_be_null(ID_POLICE)              868/868     (100.0%)  
[2026-04-17T08:55:00.015+0000] {logging_mixin.py:188} INFO -   ✅ expect_column_values_to_not_be_null(ID_AGENT)               868/868     (100.0%)  
[2026-04-17T08:55:00.016+0000] {logging_mixin.py:188} INFO -   ✅ expect_column_values_to_be_in_set(BRANCHE, ['AUTO', 'IRDS', 'SANTE'])     868/868     (100.0%)  invalid sample=[]
[2026-04-17T08:55:00.017+0000] {logging_mixin.py:188} INFO -   🔴 expect_column_values_to_be_between(ANNEE_ECHEANCE, lo=2015, hi=2025)     840/868     (96.8%)  threshold=99%
[2026-04-17T08:55:00.017+0000] {logging_mixin.py:188} INFO -   ✅ expect_column_values_to_be_between(MOIS_ECHEANCE, lo=1, hi=12)     868/868     (100.0%)  threshold=99%
[2026-04-17T08:55:00.018+0000] {logging_mixin.py:188} INFO -   ✅ custom: MT_ACP >= 0                                         863/868     (99.4%)  threshold=98%
[2026-04-17T08:55:00.018+0000] {logging_mixin.py:188} INFO -   🔴 custom: MT_PTT >= 0                                         832/868     (95.9%)  threshold=98%
[2026-04-17T08:55:00.019+0000] {logging_mixin.py:188} INFO -   =================================================================
[2026-04-17T08:55:00.020+0000] {logging_mixin.py:188} INFO -   🔴 FAILED  —  7/9 expectations OK  (77.8%)
[2026-04-17T08:55:00.021+0000] {logging_mixin.py:188} INFO - ======================================================================
[2026-04-17T08:55:00.021+0000] {ge_pipeline.py:364} INFO - Report saved: ge_reports/***_fact_impaye_suite_20260417_085500.json
[2026-04-17T08:55:00.022+0000] {maghrebia_daily_pipeline.py:118} WARNING - ⚠️  Suite FAILED: dwh_fact_impaye (77.8%)
[2026-04-17T08:55:00.023+0000] {ge_pipeline.py:349} INFO - Loading /opt/airflow/data/raw/DWH_FACT_EMISSION_DETAIL.csv …
[2026-04-17T08:55:00.377+0000] {logging_mixin.py:188} INFO - 
======================================================================
[2026-04-17T08:55:00.378+0000] {logging_mixin.py:188} INFO -   SUITE : ***_fact_emission_detail_suite
[2026-04-17T08:55:00.378+0000] {logging_mixin.py:188} INFO -   Table : 208,290 rows × 9 cols
[2026-04-17T08:55:00.379+0000] {logging_mixin.py:188} INFO -   =================================================================
[2026-04-17T08:55:00.380+0000] {logging_mixin.py:188} INFO -   ✅ expect_table_row_count_to_be_between(190000, 220000)    208,290/208,290 (100.0%)  
[2026-04-17T08:55:00.380+0000] {logging_mixin.py:188} INFO -   ✅ expect_column_values_to_not_be_null(NUM_QUITTANCE)      208,290/208,290 (100.0%)  
[2026-04-17T08:55:00.381+0000] {logging_mixin.py:188} INFO -   ✅ expect_column_values_to_not_be_null(ID_POLICE)          208,290/208,290 (100.0%)  
[2026-04-17T08:55:00.382+0000] {logging_mixin.py:188} INFO -   ✅ expect_column_values_to_be_between(ID_GARANTIE, lo=1, hi=20) 208,290/208,290 (100.0%)  threshold=99%
[2026-04-17T08:55:00.382+0000] {logging_mixin.py:188} INFO -   🔴 expect_column_values_to_be_between(ANNEE_ECHEANCE, lo=2015, hi=2025) 203,879/208,290 (97.9%)  threshold=99%
[2026-04-17T08:55:00.383+0000] {logging_mixin.py:188} INFO -   ✅ custom: MT_PRIME >= 0                                   205,077/208,290 (98.5%)  threshold=98%
[2026-04-17T08:55:00.383+0000] {logging_mixin.py:188} INFO -   ✅ custom: MT_FRAIS >= 0                                   208,290/208,290 (100.0%)  threshold=98%
[2026-04-17T08:55:00.384+0000] {logging_mixin.py:188} INFO -   =================================================================
[2026-04-17T08:55:00.384+0000] {logging_mixin.py:188} INFO -   🔴 FAILED  —  6/7 expectations OK  (85.7%)
[2026-04-17T08:55:00.385+0000] {logging_mixin.py:188} INFO - ======================================================================
[2026-04-17T08:55:00.386+0000] {ge_pipeline.py:364} INFO - Report saved: ge_reports/***_fact_emission_detail_suite_20260417_085500.json
[2026-04-17T08:55:00.389+0000] {maghrebia_daily_pipeline.py:118} WARNING - ⚠️  Suite FAILED: dwh_fact_emission_detail (85.7%)
[2026-04-17T08:55:00.435+0000] {maghrebia_daily_pipeline.py:134} INFO - GE overall: 81.8% — Failed suites: ['dim_agent', 'dim_client', 'dwh_fact_emission', 'dwh_fact_impaye', 'dwh_fact_emission_detail']
[2026-04-17T08:55:00.436+0000] {python.py:237} INFO - Done. Returned value was: None
[2026-04-17T08:55:00.436+0000] {taskinstance.py:441} INFO - ::group::Post task execution logs
[2026-04-17T08:55:00.447+0000] {taskinstance.py:1206} INFO - Marking task as SUCCESS. dag_id=***_daily_pipeline, task_id=ge_data_quality, run_id=scheduled__2026-04-16T01:00:00+00:00, execution_date=20260416T010000, start_date=20260417T085457, end_date=20260417T085500
[2026-04-17T08:55:00.506+0000] {local_task_job_runner.py:240} INFO - Task exited with return code 0
[2026-04-17T08:55:00.532+0000] {taskinstance.py:3498} INFO - 1 downstream tasks scheduled from follow-on schedule check
[2026-04-17T08:55:00.535+0000] {local_task_job_runner.py:222} INFO - ::endgroup::
