[2026-04-07T07:04:49.871+0000] {local_task_job_runner.py:120} INFO - ::group::Pre task execution logs
[2026-04-07T07:04:49.906+0000] {taskinstance.py:2076} INFO - Dependencies all met for dep_context=non-requeueable deps ti=<TaskInstance: maghrebia_daily_pipeline.should_retrain_model scheduled__2026-04-06T01:00:00+00:00 [queued]>
[2026-04-07T07:04:49.915+0000] {taskinstance.py:2076} INFO - Dependencies all met for dep_context=requeueable deps ti=<TaskInstance: maghrebia_daily_pipeline.should_retrain_model scheduled__2026-04-06T01:00:00+00:00 [queued]>
[2026-04-07T07:04:49.916+0000] {taskinstance.py:2306} INFO - Starting attempt 1 of 2
[2026-04-07T07:04:49.929+0000] {taskinstance.py:2330} INFO - Executing <Task(BranchPythonOperator): should_retrain_model> on 2026-04-06 01:00:00+00:00
[2026-04-07T07:04:49.936+0000] {warnings.py:110} WARNING - /home/airflow/.local/lib/python3.12/site-packages/airflow/task/task_runner/standard_task_runner.py:61: DeprecationWarning: This process (pid=95) is multi-threaded, use of fork() may lead to deadlocks in the child.
  pid = os.fork()

[2026-04-07T07:04:49.938+0000] {standard_task_runner.py:63} INFO - Started process 100 to run task
[2026-04-07T07:04:49.937+0000] {standard_task_runner.py:90} INFO - Running: ['airflow', 'tasks', 'run', '***_daily_pipeline', 'should_retrain_model', 'scheduled__2026-04-06T01:00:00+00:00', '--job-id', '35', '--raw', '--subdir', 'DAGS_FOLDER/***_daily_pipeline.py', '--cfg-path', '/tmp/tmpmuxmxx02']
[2026-04-07T07:04:49.941+0000] {standard_task_runner.py:91} INFO - Job 35: Subtask should_retrain_model
[2026-04-07T07:04:49.990+0000] {task_command.py:426} INFO - Running <TaskInstance: maghrebia_daily_pipeline.should_retrain_model scheduled__2026-04-06T01:00:00+00:00 [running]> on host 3f2d9f108ce0
[2026-04-07T07:04:50.087+0000] {taskinstance.py:2648} INFO - Exporting env vars: AIRFLOW_CTX_DAG_OWNER='***-data' AIRFLOW_CTX_DAG_ID='***_daily_pipeline' AIRFLOW_CTX_TASK_ID='should_retrain_model' AIRFLOW_CTX_EXECUTION_DATE='2026-04-06T01:00:00+00:00' AIRFLOW_CTX_TRY_NUMBER='1' AIRFLOW_CTX_DAG_RUN_ID='scheduled__2026-04-06T01:00:00+00:00'
[2026-04-07T07:04:50.088+0000] {taskinstance.py:430} INFO - ::endgroup::
[2026-04-07T07:04:50.109+0000] {baseoperator.py:399} WARNING - BranchPythonOperator.execute cannot be called outside TaskInstance!
[2026-04-07T07:04:50.110+0000] {maghrebia_daily_pipeline.py:479} INFO -   Retrain ignoré (jour logique=6)
[2026-04-07T07:04:50.110+0000] {python.py:237} INFO - Done. Returned value was: skip_retrain_model
[2026-04-07T07:04:50.112+0000] {branch.py:36} INFO - Branch into skip_retrain_model
[2026-04-07T07:04:50.113+0000] {skipmixin.py:178} INFO - Following branch skip_retrain_model
[2026-04-07T07:04:50.136+0000] {skipmixin.py:246} INFO - Skipping tasks [('train_impaye_model', -1)]
[2026-04-07T07:04:50.163+0000] {taskinstance.py:441} INFO - ::group::Post task execution logs
[2026-04-07T07:04:50.190+0000] {taskinstance.py:1206} INFO - Marking task as SUCCESS. dag_id=***_daily_pipeline, task_id=should_retrain_model, run_id=scheduled__2026-04-06T01:00:00+00:00, execution_date=20260406T010000, start_date=20260407T070449, end_date=20260407T070450
[2026-04-07T07:04:50.235+0000] {local_task_job_runner.py:240} INFO - Task exited with return code 0
[2026-04-07T07:04:50.269+0000] {taskinstance.py:3498} INFO - 0 downstream tasks scheduled from follow-on schedule check
[2026-04-07T07:04:50.272+0000] {local_task_job_runner.py:222} INFO - ::endgroup::
