2026-04-02 14:07:20,580 [INFO] ======================================================================
2026-04-02 14:07:20,581 [INFO]   MAGHREBIA ASSURANCE — PIPELINE PHASE 2
2026-04-02 14:07:20,582 [INFO]   Start : 2026-04-02 14:07:20
2026-04-02 14:07:20,582 [INFO]   Mode  : PRODUCTION
2026-04-02 14:07:20,582 [INFO] ======================================================================
2026-04-02 14:07:20,583 [INFO] 
[0/5] Connexion PostgreSQL...
2026-04-02 14:07:20,643 [INFO]   ✅ Connexion OK
2026-04-02 14:07:20,646 [INFO] 
[1/5] EXTRACT — Lecture CSV bruts...
2026-04-02 14:07:20,660 [INFO]   Chargé : DIM_AGENT.csv → 200 lignes × 12 cols
2026-04-02 14:07:20,744 [INFO]   Chargé : DIM_CLIENT.csv → 30,000 lignes × 13 cols
2026-04-02 14:07:20,812 [INFO]   Chargé : DIM_POLICE.csv → 30,000 lignes × 16 cols
2026-04-02 14:07:20,871 [INFO]   Chargé : DIM_VEHICULE.csv → 20,000 lignes × 15 cols
2026-04-02 14:07:21,144 [INFO]   Chargé : DWH_FACT_EMISSION.csv → 65,000 lignes × 33 cols
2026-04-02 14:07:21,156 [INFO]   Chargé : DWH_FACT_ANNULATION.csv → 1,147 lignes × 22 cols
2026-04-02 14:07:21,167 [INFO]   Chargé : DWH_FACT_IMPAYE.csv → 764 lignes × 16 cols
2026-04-02 14:07:21,374 [INFO]   Chargé : DWH_FACT_EMISSION_DETAIL.csv → 208,290 lignes × 9 cols
2026-04-02 14:07:21,375 [INFO] 
[2/5] CLEAN — Application des 34 règles de nettoyage...
2026-04-02 14:07:21,375 [INFO]   → DIM_AGENT
2026-04-02 14:07:21,381 [INFO]   [DIM_AGENT] A4 - email_agent null rempli: 23 corrections
2026-04-02 14:07:21,388 [INFO]   [DIM_AGENT] A7 - ligne UNKNOWN agent (ID=0) ajoutée: 1 corrections
2026-04-02 14:07:21,389 [INFO]   → DIM_CLIENT
2026-04-02 14:07:21,400 [INFO]   [DIM_CLIENT] C2 - TYPE_PERSONNE invalide → P: 396 corrections
2026-04-02 14:07:21,409 [INFO]   [DIM_CLIENT] C3 - NOM null → INCONNU: 679 corrections
2026-04-02 14:07:22,316 [INFO]   [DIM_CLIENT] C9 - ligne UNKNOWN client (ID=0) ajoutée: 1 corrections
2026-04-02 14:07:22,329 [INFO]   → DIM_POLICE
2026-04-02 14:07:22,338 [INFO]   [DIM_POLICE] P2 - NUM_POLICE null → généré: 196 corrections
2026-04-02 14:07:24,535 [INFO]   [DIM_POLICE] P8 - BONUS_MALUS hors [0.5,3.5] → 1.0: 14,147 corrections
2026-04-02 14:07:24,549 [INFO]   [DIM_POLICE] P9 - POLRP orphelin → NaN: 2,404 corrections
2026-04-02 14:07:24,577 [INFO]   [DIM_POLICE] P11 - ligne UNKNOWN police (ID=0) ajoutée: 1 corrections
2026-04-02 14:07:24,583 [INFO]   → DIM_VEHICULE
2026-04-02 14:07:24,604 [INFO]   [DIM_VEHICULE] V3 - IMMATRICULATION null → INCONNU: 274 corrections
2026-04-02 14:07:25,341 [INFO]   [DIM_VEHICULE] V6 - VALEUR_A_NEUF invalide → NaN: 19,699 corrections
2026-04-02 14:07:25,344 [INFO]   → FACT_EMISSION
2026-04-02 14:07:25,372 [INFO]   [FACT_EMISSION] E2 - ETAT_QUIT invalide → E: 650 corrections
2026-04-02 14:07:32,347 [INFO]   [FACT_EMISSION] E5 - ANNEE_ECHEANCE invalide → imputation: 1,375 corrections
2026-04-02 14:07:32,354 [INFO]   [FACT_EMISSION] E6 - MT_PNET négatif → ABS: 256 corrections
2026-04-02 14:07:32,356 [INFO]   [FACT_EMISSION] E7 - MT_PNET null → 0.0: 408 corrections
2026-04-02 14:07:32,359 [INFO]   [FACT_EMISSION] E6 - MT_PTT négatif → ABS: 252 corrections
2026-04-02 14:07:32,361 [INFO]   [FACT_EMISSION] E7 - MT_PTT null → 0.0: 381 corrections
2026-04-02 14:07:32,363 [INFO]   [FACT_EMISSION] E7 - MT_COMMISSION null → 0.0: 1,324 corrections
2026-04-02 14:07:32,371 [INFO]   [FACT_EMISSION] E8 - MT_PNET > 109713 DT winsorisé: 65 corrections
2026-04-02 14:07:32,386 [INFO]   [FACT_EMISSION] E9 - MT_PNET recalculé (Σ garanties): 4,865 corrections
2026-04-02 14:07:32,408 [INFO]   [FACT_EMISSION] E11 - MT_PTT recalculé (PNET+FGA+TIMBRE+TAXE): 4,849 corrections
2026-04-02 14:07:32,448 [INFO]   → FACT_ANNULATION
2026-04-02 14:07:32,537 [INFO]   [FACT_ANNULATION] N5 - DATE_ANNULATION < DATE_EMISSION → swap: 277 corrections
2026-04-02 14:07:32,553 [INFO]   → FACT_IMPAYE
2026-04-02 14:07:32,555 [INFO]   [FACT_IMPAYE] I2 - MT_ACP > MT_PTT → plafonné: 13 corrections
2026-04-02 14:07:34,358 [INFO]   [FACT_EMISSION_DETAIL] D3 - ANNEE_ECHEANCE invalide → imputation: 4,411 corrections
2026-04-02 14:07:34,377 [INFO]   → FACT_EMISSION_DETAIL : 208,290 → 208,290 lignes (imputation sans suppression)
2026-04-02 14:07:34,379 [INFO] 
[3/5] VALIDATE — Great Expectations post-cleaning...
2026-04-02 14:07:34,381 [INFO]   GE ✅ FE: NUM_QUITTANCE unique
2026-04-02 14:07:34,383 [INFO]   GE ✅ FE: ETAT_QUIT ∈ {E,P,A}
2026-04-02 14:07:34,384 [INFO]   GE ✅ FE: BRANCHE ∈ {AUTO,IRDS,SANTE}
2026-04-02 14:07:34,386 [INFO]   GE ✅ FE: ANNEE_ECHEANCE ∈ [2018,2025]
2026-04-02 14:07:34,387 [INFO]   GE ✅ FE: MT_PNET ≥ 0
2026-04-02 14:07:34,388 [INFO]   GE ✅ FE: MT_PTT ≥ 0
2026-04-02 14:07:34,391 [INFO]   GE ✅ FE: MT_PTT = PNET+FGA+TIMBRE+TAXE (±0.5)
2026-04-02 14:07:34,392 [INFO]   GE ✅ FE: MT_FGA = MT_RC × 0.25 (±0.5)
2026-04-02 14:07:34,422 [INFO]   GE ✅ FE: ID_POLICE FK valide
2026-04-02 14:07:34,423 [INFO]   GE ✅ FE: ID_AGENT FK valide
2026-04-02 14:07:34,424 [INFO]   GE ✅ DP: ID_POLICE unique
2026-04-02 14:07:34,425 [INFO]   GE ✅ DP: SITUATION ∈ {V,R,T,S,A}
2026-04-02 14:07:34,426 [INFO]   GE ✅ DP: BRANCHE ∈ {AUTO,IRDS,SANTE}
2026-04-02 14:07:34,431 [INFO]   GE ✅ DP: BONUS_MALUS AUTO null < 5%
2026-04-02 14:07:34,432 [INFO]   GE ✅ DC: ID_CLIENT unique
2026-04-02 14:07:34,434 [INFO]   GE ✅ DC: TYPE_PERSONNE ∈ {P,M}
2026-04-02 14:07:34,434 [INFO]   GE ✅ FI: MT_ACP ≤ MT_PTT (acompte cohérent)
2026-04-02 14:07:34,435 [INFO]   GE ✅ FI: MT_PTT ≥ 0
2026-04-02 14:07:34,438 [INFO]   Score qualité : 100.0% (18/18 règles)
2026-04-02 14:07:34,439 [INFO]   ✅ Validation réussie
2026-04-02 14:07:34,439 [INFO] 
[4/5] LOAD — Chargement PostgreSQL...
2026-04-02 14:07:34,496 [INFO]   ✅ dim_agent : 201 lignes chargées (UPSERT)
2026-04-02 14:07:38,530 [INFO]   ✅ dim_client : 30,001 lignes chargées (UPSERT)
2026-04-02 14:07:42,861 [ERROR]   ❌ Erreur chargement : (psycopg2.errors.DatatypeMismatch) column "polrp" is of type integer but expression is of type text
LINE 3: ...e, duree, periodicite, date_effet, date_echeance, polrp, sit...
                                                             ^
HINT:  You will need to rewrite or cast the expression.

[SQL: 
        INSERT INTO dim_police (id_police, num_police, id_branche, code_produit, lib_produit, branche, id_agent, id_client, type_police, duree, periodicite, date_effet, date_echeance, polrp, situation, bonus_malus)
        SELECT id_police, num_police, id_branche, code_produit, lib_produit, branche, id_agent, id_client, type_police, duree, periodicite, date_effet, date_echeance, polrp, situation, bonus_malus FROM dim_police_staging
        ON CONFLICT (id_police) DO UPDATE SET num_police = EXCLUDED.num_police, id_branche = EXCLUDED.id_branche, code_produit = EXCLUDED.code_produit, lib_produit = EXCLUDED.lib_produit, branche = EXCLUDED.branche, id_agent = EXCLUDED.id_agent, id_client = EXCLUDED.id_client, type_police = EXCLUDED.type_police, duree = EXCLUDED.duree, periodicite = EXCLUDED.periodicite, date_effet = EXCLUDED.date_effet, date_echeance = EXCLUDED.date_echeance, polrp = EXCLUDED.polrp, situation = EXCLUDED.situation, bonus_malus = EXCLUDED.bonus_malus;
    ]
(Background on this error at: https://sqlalche.me/e/20/f405)
