2026-04-02 13:47:58,711 [INFO] ======================================================================
2026-04-02 13:47:58,711 [INFO]   MAGHREBIA ASSURANCE — PIPELINE PHASE 2
2026-04-02 13:47:58,712 [INFO]   Start : 2026-04-02 13:47:58
2026-04-02 13:47:58,712 [INFO]   Mode  : PRODUCTION
2026-04-02 13:47:58,713 [INFO] ======================================================================
2026-04-02 13:47:58,713 [INFO] 
[0/5] Connexion PostgreSQL...
2026-04-02 13:47:58,753 [INFO]   ✅ Connexion OK
2026-04-02 13:47:58,755 [INFO] 
[1/5] EXTRACT — Lecture CSV bruts...
2026-04-02 13:47:58,767 [INFO]   Chargé : DIM_AGENT.csv → 200 lignes × 12 cols
2026-04-02 13:47:58,843 [INFO]   Chargé : DIM_CLIENT.csv → 30,000 lignes × 13 cols
2026-04-02 13:47:58,913 [INFO]   Chargé : DIM_POLICE.csv → 30,000 lignes × 16 cols
2026-04-02 13:47:58,981 [INFO]   Chargé : DIM_VEHICULE.csv → 20,000 lignes × 15 cols
2026-04-02 13:47:59,250 [INFO]   Chargé : DWH_FACT_EMISSION.csv → 65,000 lignes × 33 cols
2026-04-02 13:47:59,262 [INFO]   Chargé : DWH_FACT_ANNULATION.csv → 1,147 lignes × 22 cols
2026-04-02 13:47:59,272 [INFO]   Chargé : DWH_FACT_IMPAYE.csv → 764 lignes × 16 cols
2026-04-02 13:47:59,506 [INFO]   Chargé : DWH_FACT_EMISSION_DETAIL.csv → 208,290 lignes × 9 cols
2026-04-02 13:47:59,507 [INFO] 
[2/5] CLEAN — Application des 34 règles de nettoyage...
2026-04-02 13:47:59,507 [INFO]   → DIM_AGENT
2026-04-02 13:47:59,510 [INFO]   [DIM_AGENT] A4 - email_agent null rempli: 23 corrections
2026-04-02 13:47:59,514 [INFO]   → DIM_CLIENT
2026-04-02 13:47:59,525 [INFO]   [DIM_CLIENT] C2 - TYPE_PERSONNE invalide → P: 396 corrections
2026-04-02 13:47:59,534 [INFO]   [DIM_CLIENT] C3 - NOM null → INCONNU: 679 corrections
2026-04-02 13:48:00,446 [INFO]   → DIM_POLICE
2026-04-02 13:48:00,455 [INFO]   [DIM_POLICE] P2 - NUM_POLICE null → généré: 196 corrections
2026-04-02 13:48:02,582 [INFO]   [DIM_POLICE] P8 - BONUS_MALUS hors [0.5,3.5] → 1.0: 14,147 corrections
2026-04-02 13:48:02,596 [INFO]   [DIM_POLICE] P9 - POLRP orphelin → NaN: 2,404 corrections
2026-04-02 13:48:02,628 [INFO]   → DIM_VEHICULE
2026-04-02 13:48:02,649 [INFO]   [DIM_VEHICULE] V3 - IMMATRICULATION null → INCONNU: 274 corrections
2026-04-02 13:48:03,333 [INFO]   [DIM_VEHICULE] V6 - VALEUR_A_NEUF invalide → NaN: 19,699 corrections
2026-04-02 13:48:03,337 [INFO]   → FACT_EMISSION
2026-04-02 13:48:03,372 [INFO]   [FACT_EMISSION] E2 - ETAT_QUIT invalide → E: 650 corrections
2026-04-02 13:48:03,420 [INFO]   [FACT_EMISSION] E5 - ANNEE_ECHEANCE invalide → suppression: 1,375 corrections
2026-04-02 13:48:03,438 [INFO]   [FACT_EMISSION] E6 - MT_PNET négatif → ABS: 256 corrections
2026-04-02 13:48:03,439 [INFO]   [FACT_EMISSION] E7 - MT_PNET null → 0.0: 408 corrections
2026-04-02 13:48:03,442 [INFO]   [FACT_EMISSION] E6 - MT_PTT négatif → ABS: 252 corrections
2026-04-02 13:48:03,443 [INFO]   [FACT_EMISSION] E7 - MT_PTT null → 0.0: 381 corrections
2026-04-02 13:48:03,444 [INFO]   [FACT_EMISSION] E7 - MT_COMMISSION null → 0.0: 1,324 corrections
2026-04-02 13:48:03,446 [INFO]   [FACT_EMISSION] E8 - MT_PNET > 109730 DT winsorisé: 64 corrections
2026-04-02 13:48:03,455 [INFO]   [FACT_EMISSION] E9 - MT_PNET recalculé (Σ garanties): 4,753 corrections
2026-04-02 13:48:03,473 [INFO]   [FACT_EMISSION] E11 - MT_PTT recalculé (PNET+FGA+TIMBRE+TAXE): 4,737 corrections
2026-04-02 13:48:10,104 [INFO]   → FACT_ANNULATION
2026-04-02 13:48:10,188 [INFO]   [FACT_ANNULATION] N5 - DATE_ANNULATION < DATE_EMISSION → swap: 277 corrections
2026-04-02 13:48:10,212 [INFO]   → FACT_IMPAYE
2026-04-02 13:48:10,216 [INFO]   [FACT_IMPAYE] I2 - MT_ACP > MT_PTT → plafonné: 13 corrections
2026-04-02 13:48:10,311 [INFO]   → FACT_EMISSION_DETAIL : 208,290 → 203,879 lignes (orphelins filtrés)
2026-04-02 13:48:10,314 [INFO] 
[3/5] VALIDATE — Great Expectations post-cleaning...
2026-04-02 13:48:10,316 [INFO]   GE ✅ FE: NUM_QUITTANCE unique
2026-04-02 13:48:10,318 [INFO]   GE ✅ FE: ETAT_QUIT ∈ {E,P,A}
2026-04-02 13:48:10,319 [INFO]   GE ✅ FE: BRANCHE ∈ {AUTO,IRDS,SANTE}
2026-04-02 13:48:10,320 [INFO]   GE ✅ FE: ANNEE_ECHEANCE ∈ [2018,2025]
2026-04-02 13:48:10,321 [INFO]   GE ✅ FE: MT_PNET ≥ 0
2026-04-02 13:48:10,321 [INFO]   GE ✅ FE: MT_PTT ≥ 0
2026-04-02 13:48:10,322 [INFO]   GE ✅ FE: MT_PTT = PNET+FGA+TIMBRE+TAXE (±0.5)
2026-04-02 13:48:10,323 [INFO]   GE ✅ FE: MT_FGA = MT_RC × 0.25 (±0.5)
2026-04-02 13:48:10,351 [INFO]   GE ✅ FE: ID_POLICE FK valide
2026-04-02 13:48:10,351 [INFO]   GE ✅ FE: ID_AGENT FK valide
2026-04-02 13:48:10,352 [INFO]   GE ✅ DP: ID_POLICE unique
2026-04-02 13:48:10,353 [INFO]   GE ✅ DP: SITUATION ∈ {V,R,T,S,A}
2026-04-02 13:48:10,354 [INFO]   GE ✅ DP: BRANCHE ∈ {AUTO,IRDS,SANTE}
2026-04-02 13:48:10,358 [INFO]   GE ✅ DP: BONUS_MALUS AUTO null < 5%
2026-04-02 13:48:10,358 [INFO]   GE ✅ DC: ID_CLIENT unique
2026-04-02 13:48:10,359 [INFO]   GE ✅ DC: TYPE_PERSONNE ∈ {P,M}
2026-04-02 13:48:10,360 [INFO]   GE ✅ FI: MT_ACP ≤ MT_PTT (acompte cohérent)
2026-04-02 13:48:10,360 [INFO]   GE ✅ FI: MT_PTT ≥ 0
2026-04-02 13:48:10,362 [INFO]   Score qualité : 100.0% (18/18 règles)
2026-04-02 13:48:10,363 [INFO]   ✅ Validation réussie
2026-04-02 13:48:10,363 [INFO] 
[4/5] LOAD — Chargement PostgreSQL...
2026-04-02 13:48:10,416 [INFO]   ✅ dim_agent : 200 lignes chargées (UPSERT)
2026-04-02 13:48:14,695 [INFO]   ✅ dim_client : 30,000 lignes chargées (UPSERT)
2026-04-02 13:48:19,595 [INFO]   ✅ dim_police : 30,000 lignes chargées (UPSERT)
2026-04-02 13:48:22,691 [INFO]   ✅ dim_vehicule : 20,000 lignes chargées (UPSERT)
2026-04-02 13:48:46,884 [INFO]   ✅ dwh_fact_emission : 63,625 lignes chargées (TRUNCATE+INSERT)
2026-04-02 13:49:08,841 [INFO]   ✅ dwh_fact_emission_detail : 203,879 lignes chargées (TRUNCATE+INSERT)
2026-04-02 13:49:09,110 [INFO]   ✅ dwh_fact_annulation : 1,147 lignes chargées (TRUNCATE+INSERT)
2026-04-02 13:49:09,244 [INFO]   ✅ dwh_fact_impaye : 764 lignes chargées (TRUNCATE+INSERT)
2026-04-02 13:49:09,245 [INFO] 
[5/5] REPORT — Génération rapport qualité JSON...
2026-04-02 13:49:09,246 [INFO] 
======================================================================
2026-04-02 13:49:09,246 [INFO]   RÉSUMÉ DES CORRECTIONS APPLIQUÉES
2026-04-02 13:49:09,247 [INFO] ======================================================================
2026-04-02 13:49:09,247 [INFO]   DIM_AGENT                      →     200 →     200  (−0 supprimés, 23 corrections)
2026-04-02 13:49:09,247 [INFO]   DIM_CLIENT                     →  30,000 →  30,000  (−0 supprimés, 1,075 corrections)
2026-04-02 13:49:09,248 [INFO]   DIM_POLICE                     →  30,000 →  30,000  (−0 supprimés, 16,747 corrections)
2026-04-02 13:49:09,248 [INFO]   DIM_VEHICULE                   →  20,000 →  20,000  (−0 supprimés, 19,973 corrections)
2026-04-02 13:49:09,249 [INFO]   FACT_EMISSION                  →  65,000 →  63,625  (−1,375 supprimés, 14,200 corrections)
2026-04-02 13:49:09,249 [INFO]   FACT_ANNULATION                →   1,147 →   1,147  (−0 supprimés, 277 corrections)
2026-04-02 13:49:09,250 [INFO]   FACT_IMPAYE                    →     764 →     764  (−0 supprimés, 13 corrections)
2026-04-02 13:49:09,250 [INFO] ----------------------------------------------------------------------
2026-04-02 13:49:09,250 [INFO]   TOTAL                             Total corrections : 52,308
2026-04-02 13:49:09,251 [INFO]                                     Total suppressions: 1,375
2026-04-02 13:49:09,251 [INFO] 
  Score GE post-nettoyage : 100.0%  (18/18 règles)
2026-04-02 13:49:09,251 [INFO] 
  Durée totale : 70.5s
2026-04-02 13:49:09,252 [INFO] ======================================================================
2026-04-02 13:49:09,260 [INFO] 
  💾 Rapport : /app/reports/data_quality/import_report_20260402_1347.json
2026-04-02 13:49:12,413 [INFO]   💾 CSV nettoyés : /app/data/clean/
