2026-04-16 09:13:22,316 [INFO] ======================================================================
2026-04-16 09:13:22,316 [INFO]   MAGHREBIA ASSURANCE — PIPELINE PHASE 2
2026-04-16 09:13:22,316 [INFO]   Start : 2026-04-16 09:13:22
2026-04-16 09:13:22,317 [INFO]   Mode  : PRODUCTION
2026-04-16 09:13:22,317 [INFO] ======================================================================
2026-04-16 09:13:22,317 [INFO] 
[0/5] Connexion PostgreSQL...
2026-04-16 09:13:22,352 [INFO]   ✅ Connexion OK
2026-04-16 09:13:22,362 [INFO] 
[1/5] EXTRACT — Lecture CSV bruts...
2026-04-16 09:13:22,371 [INFO]   Chargé : DIM_AGENT.csv → 200 lignes × 12 cols
2026-04-16 09:13:22,455 [INFO]   Chargé : DIM_CLIENT.csv → 30,000 lignes × 13 cols
2026-04-16 09:13:22,517 [INFO]   Chargé : DIM_POLICE.csv → 30,000 lignes × 16 cols
2026-04-16 09:13:22,623 [INFO]   Chargé : DIM_VEHICULE.csv → 20,000 lignes × 15 cols
2026-04-16 09:13:23,006 [INFO]   Chargé : DWH_FACT_EMISSION.csv → 65,000 lignes × 33 cols
2026-04-16 09:13:23,023 [INFO]   Chargé : DWH_FACT_ANNULATION.csv → 1,273 lignes × 22 cols
2026-04-16 09:13:23,028 [INFO]   Chargé : DWH_FACT_IMPAYE.csv → 868 lignes × 16 cols
2026-04-16 09:13:23,224 [INFO]   Chargé : DWH_FACT_EMISSION_DETAIL.csv → 208,290 lignes × 9 cols
2026-04-16 09:13:23,255 [INFO]   Chargé : DWH_FACT_SINISTRE.csv → 8,000 lignes × 16 cols
2026-04-16 09:13:23,255 [INFO] 
[2/5] CLEAN — Application des 34 règles de nettoyage...
2026-04-16 09:13:23,255 [INFO]   → DIM_AGENT
2026-04-16 09:13:23,259 [INFO]   [DIM_AGENT] A4 - email_agent null rempli: 23 corrections
2026-04-16 09:13:23,263 [INFO]   [DIM_AGENT] A7 - ligne UNKNOWN agent (ID=0) ajoutée: 1 corrections
2026-04-16 09:13:23,264 [INFO]   → DIM_CLIENT
2026-04-16 09:13:23,278 [INFO]   [DIM_CLIENT] C2 - TYPE_PERSONNE invalide → P: 396 corrections
2026-04-16 09:13:23,292 [INFO]   [DIM_CLIENT] C3 - NOM null → INCONNU: 679 corrections
2026-04-16 09:13:23,982 [INFO]   [DIM_CLIENT] C5b - DATE_NAISSANCE null → flag AGE_UNKNOWN & imputation: 7,546 corrections
2026-04-16 09:13:24,017 [INFO]   [DIM_CLIENT] C9 - ligne UNKNOWN client (ID=0) ajoutée: 1 corrections
2026-04-16 09:13:24,030 [INFO]   → DIM_POLICE
2026-04-16 09:13:24,039 [INFO]   [DIM_POLICE] P2 - NUM_POLICE null → généré: 196 corrections
2026-04-16 09:13:25,825 [INFO]   [DIM_POLICE] P8 - BONUS_MALUS hors [0.5,3.5] → 1.0: 14,147 corrections
2026-04-16 09:13:25,847 [INFO]   [DIM_POLICE] P9 - POLRP orphelin → NaN: 2,404 corrections
2026-04-16 09:13:25,891 [INFO]   [DIM_POLICE] P11 - ligne UNKNOWN police (ID=0) ajoutée: 1 corrections
2026-04-16 09:13:25,902 [INFO]   → DIM_VEHICULE
2026-04-16 09:13:25,930 [INFO]   [DIM_VEHICULE] V3 - IMMATRICULATION null → INCONNU: 274 corrections
2026-04-16 09:13:26,554 [INFO]   [DIM_VEHICULE] V6 - VALEUR_A_NEUF invalide → NaN: 19,699 corrections
2026-04-16 09:13:26,558 [INFO]   → FACT_EMISSION
2026-04-16 09:13:26,602 [INFO]   [FACT_EMISSION] E2 - ETAT_QUIT invalide → E: 650 corrections
2026-04-16 09:13:32,274 [INFO]   [FACT_EMISSION] E5 - ANNEE_ECHEANCE invalide → Suppression: 1,375 corrections
2026-04-16 09:13:32,301 [INFO]   [FACT_EMISSION] E6 - MT_PNET négatif → Suppression: 256 corrections
2026-04-16 09:13:32,331 [INFO]   [FACT_EMISSION] E6 - MT_PTT négatif → ABS: 252 corrections
2026-04-16 09:13:32,332 [INFO]   [FACT_EMISSION] E7 - MT_PTT null → 0.0: 381 corrections
2026-04-16 09:13:32,333 [INFO]   [FACT_EMISSION] E7 - MT_COMMISSION null → 0.0: 1,324 corrections
2026-04-16 09:13:32,336 [INFO]   [FACT_EMISSION] E8 - MT_PNET > 109788 DT winsorisé: 63 corrections
2026-04-16 09:13:32,346 [INFO]   [FACT_EMISSION] E9 - MT_PNET recalculé (Σ garanties): 4,354 corrections
2026-04-16 09:13:32,362 [INFO]   [FACT_EMISSION] E11 - MT_PTT recalculé (PNET+FGA+TIMBRE+TAXE): 4,703 corrections
2026-04-16 09:13:32,430 [INFO]   → FACT_ANNULATION
2026-04-16 09:13:32,509 [INFO]   [FACT_ANNULATION] N5 - DATE_ANNULATION < DATE_EMISSION → swap: 319 corrections
2026-04-16 09:13:32,527 [INFO]   → FACT_IMPAYE
2026-04-16 09:13:32,536 [INFO]   [FACT_IMPAYE] I2 - MT_ACP > MT_PTT → plafonné: 22 corrections
2026-04-16 09:13:32,621 [INFO]   → FACT_SINISTRE
2026-04-16 09:13:35,383 [INFO]   [FACT_EMISSION_DETAIL] D1 - NUM_QUITTANCE orphelin → imputation: 6,490 corrections
2026-04-16 09:13:35,495 [INFO]   [FACT_EMISSION_DETAIL] D3 - ANNEE_ECHEANCE invalide → imputation: 4,411 corrections
2026-04-16 09:13:35,517 [INFO]   → FACT_EMISSION_DETAIL : 208,290 → 208,290 lignes (imputation sans suppression)
2026-04-16 09:13:35,517 [INFO] 
[3/5] VALIDATE — Great Expectations post-cleaning...
2026-04-16 09:13:35,519 [INFO]   GE ✅ FE: NUM_QUITTANCE unique
2026-04-16 09:13:35,522 [INFO]   GE ✅ FE: ETAT_QUIT ∈ {E,P,A}
2026-04-16 09:13:35,524 [INFO]   GE ✅ FE: BRANCHE ∈ {AUTO,IRDS,SANTE}
2026-04-16 09:13:35,525 [INFO]   GE ✅ FE: ANNEE_ECHEANCE ∈ [2018,2025]
2026-04-16 09:13:35,526 [INFO]   GE ✅ FE: MT_PNET ≥ 0
2026-04-16 09:13:35,527 [INFO]   GE ✅ FE: MT_PTT ≥ 0
2026-04-16 09:13:35,528 [INFO]   GE ✅ FE: MT_PTT = PNET+FGA+TIMBRE+TAXE (±0.5)
2026-04-16 09:13:35,529 [INFO]   GE ✅ FE: MT_FGA = MT_RC × 0.25 (±0.5)
2026-04-16 09:13:35,585 [INFO]   GE ✅ FE: ID_POLICE FK valide
2026-04-16 09:13:35,586 [INFO]   GE ✅ FE: ID_AGENT FK valide
2026-04-16 09:13:35,586 [INFO]   GE ✅ DP: ID_POLICE unique
2026-04-16 09:13:35,587 [INFO]   GE ✅ DP: SITUATION ∈ {V,R,T,S,A}
2026-04-16 09:13:35,588 [INFO]   GE ✅ DP: BRANCHE ∈ {AUTO,IRDS,SANTE}
2026-04-16 09:13:35,592 [INFO]   GE ✅ DP: BONUS_MALUS AUTO null < 5%
2026-04-16 09:13:35,593 [INFO]   GE ✅ DC: ID_CLIENT unique
2026-04-16 09:13:35,594 [INFO]   GE ✅ DC: TYPE_PERSONNE ∈ {P,M}
2026-04-16 09:13:35,595 [INFO]   GE ✅ FI: MT_ACP ≤ MT_PTT (acompte cohérent)
2026-04-16 09:13:35,595 [INFO]   GE ✅ FI: MT_PTT ≥ 0
2026-04-16 09:13:35,597 [INFO]   Score qualité : 100.0% (18/18 règles)
2026-04-16 09:13:35,598 [INFO]   ✅ Validation réussie
2026-04-16 09:13:35,598 [INFO] 
[4/5] LOAD — Chargement PostgreSQL...
2026-04-16 09:13:35,662 [INFO]   ✅ dim_agent : 201 lignes chargées (UPSERT)
2026-04-16 09:13:40,218 [INFO]   ✅ dim_client : 30,001 lignes chargées (UPSERT)
2026-04-16 09:13:45,297 [INFO]   ✅ dim_police : 30,001 lignes chargées (UPSERT)
2026-04-16 09:13:48,572 [INFO]   ✅ dim_vehicule : 20,000 lignes chargées (UPSERT)
2026-04-16 09:14:13,071 [INFO]   ✅ dwh_fact_emission : 62,961 lignes chargées (TRUNCATE+INSERT)
2026-04-16 09:14:36,584 [INFO]   ✅ dwh_fact_emission_detail : 208,290 lignes chargées (TRUNCATE+INSERT)
2026-04-16 09:14:36,913 [INFO]   ✅ dwh_fact_annulation : 1,273 lignes chargées (TRUNCATE+INSERT)
2026-04-16 09:14:37,080 [INFO]   ✅ dwh_fact_impaye : 868 lignes chargées (TRUNCATE+INSERT)
2026-04-16 09:14:38,768 [INFO]   ✅ dwh_fact_sinistre : 8,000 lignes chargées (TRUNCATE+INSERT)
2026-04-16 09:14:38,773 [INFO] 
[5/5] REPORT — Génération rapport qualité JSON...
2026-04-16 09:14:38,774 [INFO] 
======================================================================
2026-04-16 09:14:38,775 [INFO]   RÉSUMÉ DES CORRECTIONS APPLIQUÉES
2026-04-16 09:14:38,776 [INFO] ======================================================================
2026-04-16 09:14:38,778 [INFO]   DIM_AGENT                      →     200 →     201  (−0 supprimés, +1 ajoutés, 24 corrections)
2026-04-16 09:14:38,779 [INFO]   DIM_CLIENT                     →  30,000 →  30,001  (−0 supprimés, +1 ajoutés, 8,622 corrections)
2026-04-16 09:14:38,784 [INFO]   DIM_POLICE                     →  30,000 →  30,001  (−0 supprimés, +1 ajoutés, 16,748 corrections)
2026-04-16 09:14:38,784 [INFO]   DIM_VEHICULE                   →  20,000 →  20,000  (−0 supprimés, +0 ajoutés, 19,973 corrections)
2026-04-16 09:14:38,785 [INFO]   FACT_EMISSION                  →  65,000 →  62,961  (−2,039 supprimés, +0 ajoutés, 13,358 corrections)
2026-04-16 09:14:38,785 [INFO]   FACT_ANNULATION                →   1,273 →   1,273  (−0 supprimés, +0 ajoutés, 319 corrections)
2026-04-16 09:14:38,786 [INFO]   FACT_IMPAYE                    →     868 →     868  (−0 supprimés, +0 ajoutés, 22 corrections)
2026-04-16 09:14:38,787 [INFO]   FACT_SINISTRE                  →   8,000 →   8,000  (−0 supprimés, +0 ajoutés, 0 corrections)
2026-04-16 09:14:38,787 [INFO]   FACT_EMISSION_DETAIL           → 208,290 → 208,290  (−0 supprimés, +0 ajoutés, 10,901 corrections)
2026-04-16 09:14:38,787 [INFO] ----------------------------------------------------------------------
2026-04-16 09:14:38,788 [INFO]   TOTAL                             Total corrections : 69,967
2026-04-16 09:14:38,788 [INFO]                                     Total suppressions: 2,039
2026-04-16 09:14:38,789 [INFO]                                     Total ajouts      : 3
2026-04-16 09:14:38,789 [INFO] 
  Score GE post-nettoyage : 100.0%  (18/18 règles)
2026-04-16 09:14:38,790 [INFO] 
  Durée totale : 76.5s
2026-04-16 09:14:38,790 [INFO] ======================================================================
2026-04-16 09:14:38,798 [INFO] 
  💾 Rapport : /opt/airflow/reports/data_quality/import_report_20260416_0913.json
2026-04-16 09:14:42,205 [INFO]   💾 CSV nettoyés : /opt/airflow/data/clean/
