2026-04-01 16:36:36,909 [INFO] ======================================================================
2026-04-01 16:36:36,909 [INFO]   MAGHREBIA ASSURANCE — PIPELINE PHASE 2
2026-04-01 16:36:36,909 [INFO]   Start : 2026-04-01 16:36:36
2026-04-01 16:36:36,909 [INFO]   Mode  : PRODUCTION
2026-04-01 16:36:36,909 [INFO] ======================================================================
2026-04-01 16:36:36,909 [INFO] 
[0/5] Connexion PostgreSQL...
2026-04-01 16:36:36,953 [INFO]   ✅ Connexion OK
2026-04-01 16:36:36,954 [INFO] 
[1/5] EXTRACT — Lecture CSV bruts...
2026-04-01 16:36:36,960 [INFO]   Chargé : DIM_AGENT.csv → 200 lignes × 12 cols
2026-04-01 16:36:36,998 [INFO]   Chargé : DIM_CLIENT.csv → 30,000 lignes × 13 cols
2026-04-01 16:36:37,034 [INFO]   Chargé : DIM_POLICE.csv → 30,000 lignes × 16 cols
2026-04-01 16:36:37,065 [INFO]   Chargé : DIM_VEHICULE.csv → 20,000 lignes × 15 cols
2026-04-01 16:36:37,222 [INFO]   Chargé : DWH_FACT_EMISSION.csv → 65,000 lignes × 33 cols
2026-04-01 16:36:37,226 [INFO]   Chargé : DWH_FACT_ANNULATION.csv → 1,147 lignes × 22 cols
2026-04-01 16:36:37,229 [INFO]   Chargé : DWH_FACT_IMPAYE.csv → 764 lignes × 16 cols
2026-04-01 16:36:37,344 [INFO]   Chargé : DWH_FACT_EMISSION_DETAIL.csv → 208,290 lignes × 9 cols
2026-04-01 16:36:37,344 [INFO] 
[2/5] CLEAN — Application des 34 règles de nettoyage...
2026-04-01 16:36:37,345 [INFO]   → DIM_AGENT
2026-04-01 16:36:37,347 [INFO]   [DIM_AGENT] A4 - email_agent null rempli: 23 corrections
2026-04-01 16:36:37,349 [INFO]   → DIM_CLIENT
2026-04-01 16:36:37,361 [INFO]   [DIM_CLIENT] C2 - TYPE_PERSONNE invalide → P: 396 corrections
2026-04-01 16:36:37,369 [INFO]   [DIM_CLIENT] C3 - NOM null → INCONNU: 679 corrections
2026-04-01 16:36:38,296 [INFO]   → DIM_POLICE
2026-04-01 16:36:38,304 [INFO]   [DIM_POLICE] P2 - NUM_POLICE null → généré: 196 corrections
2026-04-01 16:36:40,603 [INFO]   [DIM_POLICE] P8 - BONUS_MALUS hors [0.5,3.5] → 1.0: 14,147 corrections
2026-04-01 16:36:40,620 [INFO]   [DIM_POLICE] P9 - POLRP orphelin → NaN: 2,404 corrections
2026-04-01 16:36:40,652 [INFO]   → DIM_VEHICULE
2026-04-01 16:36:40,673 [INFO]   [DIM_VEHICULE] V3 - IMMATRICULATION null → INCONNU: 274 corrections
2026-04-01 16:36:41,423 [INFO]   [DIM_VEHICULE] V6 - VALEUR_A_NEUF invalide → NaN: 19,699 corrections
2026-04-01 16:36:41,427 [INFO]   → FACT_EMISSION
2026-04-01 16:36:41,460 [INFO]   [FACT_EMISSION] E2 - ETAT_QUIT invalide → E: 650 corrections
2026-04-01 16:36:41,506 [INFO]   [FACT_EMISSION] E5 - ANNEE_ECHEANCE invalide → suppression: 1,375 corrections
2026-04-01 16:36:41,522 [INFO]   [FACT_EMISSION] E6 - MT_PNET négatif → ABS: 256 corrections
2026-04-01 16:36:41,523 [INFO]   [FACT_EMISSION] E7 - MT_PNET null → 0.0: 408 corrections
2026-04-01 16:36:41,525 [INFO]   [FACT_EMISSION] E6 - MT_PTT négatif → ABS: 252 corrections
2026-04-01 16:36:41,525 [INFO]   [FACT_EMISSION] E7 - MT_PTT null → 0.0: 381 corrections
2026-04-01 16:36:41,526 [INFO]   [FACT_EMISSION] E7 - MT_COMMISSION null → 0.0: 1,324 corrections
2026-04-01 16:36:41,529 [INFO]   [FACT_EMISSION] E8 - MT_PNET > 109730 DT winsorisé: 64 corrections
2026-04-01 16:36:41,540 [INFO]   [FACT_EMISSION] E9 - MT_PNET recalculé (Σ garanties): 4,753 corrections
2026-04-01 16:36:41,567 [INFO]   [FACT_EMISSION] E11 - MT_PTT recalculé (PNET+FGA+TIMBRE+TAXE): 4,737 corrections
2026-04-01 16:36:48,698 [INFO]   → FACT_ANNULATION
2026-04-01 16:36:48,784 [INFO]   [FACT_ANNULATION] N5 - DATE_ANNULATION < DATE_EMISSION → swap: 277 corrections
2026-04-01 16:36:48,797 [INFO]   → FACT_IMPAYE
2026-04-01 16:36:48,799 [INFO]   [FACT_IMPAYE] I2 - MT_ACP > MT_PTT → plafonné: 13 corrections
2026-04-01 16:36:48,896 [INFO]   → FACT_EMISSION_DETAIL : 208,290 → 203,879 lignes (orphelins filtrés)
2026-04-01 16:36:48,902 [INFO] 
[3/5] VALIDATE — Great Expectations post-cleaning...
2026-04-01 16:36:48,904 [INFO]   GE ✅ FE: NUM_QUITTANCE unique
2026-04-01 16:36:48,905 [INFO]   GE ✅ FE: ETAT_QUIT ∈ {E,P,A}
2026-04-01 16:36:48,907 [INFO]   GE ✅ FE: BRANCHE ∈ {AUTO,IRDS,SANTE}
2026-04-01 16:36:48,907 [INFO]   GE ✅ FE: ANNEE_ECHEANCE ∈ [2018,2025]
2026-04-01 16:36:48,908 [INFO]   GE ✅ FE: MT_PNET ≥ 0
2026-04-01 16:36:48,908 [INFO]   GE ✅ FE: MT_PTT ≥ 0
2026-04-01 16:36:48,909 [INFO]   GE ✅ FE: MT_PTT = PNET+FGA+TIMBRE+TAXE (±0.5)
2026-04-01 16:36:48,910 [INFO]   GE ✅ FE: MT_FGA = MT_RC × 0.25 (±0.5)
2026-04-01 16:36:48,942 [INFO]   GE ✅ FE: ID_POLICE FK valide
2026-04-01 16:36:48,942 [INFO]   GE ✅ FE: ID_AGENT FK valide
2026-04-01 16:36:48,943 [INFO]   GE ✅ DP: ID_POLICE unique
2026-04-01 16:36:48,944 [INFO]   GE ✅ DP: SITUATION ∈ {V,R,T,S,A}
2026-04-01 16:36:48,945 [INFO]   GE ✅ DP: BRANCHE ∈ {AUTO,IRDS,SANTE}
2026-04-01 16:36:48,947 [INFO]   GE ✅ DP: BONUS_MALUS AUTO null < 5%
2026-04-01 16:36:48,948 [INFO]   GE ✅ DC: ID_CLIENT unique
2026-04-01 16:36:48,948 [INFO]   GE ✅ DC: TYPE_PERSONNE ∈ {P,M}
2026-04-01 16:36:48,949 [INFO]   GE ✅ FI: MT_ACP ≤ MT_PTT (acompte cohérent)
2026-04-01 16:36:48,949 [INFO]   GE ✅ FI: MT_PTT ≥ 0
2026-04-01 16:36:48,951 [INFO]   Score qualité : 100.0% (18/18 règles)
2026-04-01 16:36:48,951 [INFO]   ✅ Validation réussie
2026-04-01 16:36:48,951 [INFO] 
[4/5] LOAD — Chargement PostgreSQL...
2026-04-01 16:36:49,032 [INFO]   ✅ dim_agent : 200 lignes chargées (UPSERT)
2026-04-01 16:36:52,863 [INFO]   ✅ dim_client : 30,000 lignes chargées (UPSERT)
2026-04-01 16:36:57,214 [ERROR]   ❌ Erreur chargement : (psycopg2.errors.DatatypeMismatch) column "polrp" is of type integer but expression is of type text
LINE 3: ...e, duree, periodicite, date_effet, date_echeance, polrp, sit...
                                                             ^
HINT:  You will need to rewrite or cast the expression.

[SQL: 
        INSERT INTO dim_police (id_police, num_police, id_branche, code_produit, lib_produit, branche, id_agent, id_client, type_police, duree, periodicite, date_effet, date_echeance, polrp, situation, bonus_malus)
        SELECT id_police, num_police, id_branche, code_produit, lib_produit, branche, id_agent, id_client, type_police, duree, periodicite, date_effet, date_echeance, polrp, situation, bonus_malus FROM dim_police_staging
        ON CONFLICT (id_police) DO UPDATE SET num_police = EXCLUDED.num_police, id_branche = EXCLUDED.id_branche, code_produit = EXCLUDED.code_produit, lib_produit = EXCLUDED.lib_produit, branche = EXCLUDED.branche, id_agent = EXCLUDED.id_agent, id_client = EXCLUDED.id_client, type_police = EXCLUDED.type_police, duree = EXCLUDED.duree, periodicite = EXCLUDED.periodicite, date_effet = EXCLUDED.date_effet, date_echeance = EXCLUDED.date_echeance, polrp = EXCLUDED.polrp, situation = EXCLUDED.situation, bonus_malus = EXCLUDED.bonus_malus;
    ]
(Background on this error at: https://sqlalche.me/e/20/f405)
