2026-04-15 12:14:26,464 [INFO] ======================================================================
2026-04-15 12:14:26,464 [INFO]   MAGHREBIA ASSURANCE — PIPELINE PHASE 2
2026-04-15 12:14:26,465 [INFO]   Start : 2026-04-15 12:14:26
2026-04-15 12:14:26,465 [INFO]   Mode  : PRODUCTION
2026-04-15 12:14:26,465 [INFO] ======================================================================
2026-04-15 12:14:26,465 [INFO] 
[0/5] Connexion PostgreSQL...
2026-04-15 12:14:26,521 [INFO]   ✅ Connexion OK
2026-04-15 12:14:26,523 [INFO] 
[1/5] EXTRACT — Lecture CSV bruts...
2026-04-15 12:14:26,529 [INFO]   Chargé : DIM_AGENT.csv → 200 lignes × 12 cols
2026-04-15 12:14:26,571 [INFO]   Chargé : DIM_CLIENT.csv → 30,000 lignes × 13 cols
2026-04-15 12:14:26,607 [INFO]   Chargé : DIM_POLICE.csv → 30,000 lignes × 16 cols
2026-04-15 12:14:26,640 [INFO]   Chargé : DIM_VEHICULE.csv → 20,000 lignes × 15 cols
2026-04-15 12:14:26,781 [INFO]   Chargé : DWH_FACT_EMISSION.csv → 65,000 lignes × 33 cols
2026-04-15 12:14:26,784 [INFO]   Chargé : DWH_FACT_ANNULATION.csv → 1,273 lignes × 22 cols
2026-04-15 12:14:26,787 [INFO]   Chargé : DWH_FACT_IMPAYE.csv → 868 lignes × 16 cols
2026-04-15 12:14:26,944 [INFO]   Chargé : DWH_FACT_EMISSION_DETAIL.csv → 208,290 lignes × 9 cols
2026-04-15 12:14:26,957 [INFO]   Chargé : DWH_FACT_SINISTRE.csv → 8,000 lignes × 16 cols
2026-04-15 12:14:26,958 [INFO] 
[2/5] CLEAN — Application des 34 règles de nettoyage...
2026-04-15 12:14:26,958 [INFO]   → DIM_AGENT
2026-04-15 12:14:26,961 [INFO]   [DIM_AGENT] A4 - email_agent null rempli: 23 corrections
2026-04-15 12:14:26,964 [INFO]   [DIM_AGENT] A7 - ligne UNKNOWN agent (ID=0) ajoutée: 1 corrections
2026-04-15 12:14:26,965 [INFO]   → DIM_CLIENT
2026-04-15 12:14:26,977 [INFO]   [DIM_CLIENT] C2 - TYPE_PERSONNE invalide → P: 396 corrections
2026-04-15 12:14:26,984 [INFO]   [DIM_CLIENT] C3 - NOM null → INCONNU: 679 corrections
2026-04-15 12:14:27,888 [INFO]   [DIM_CLIENT] C5b - DATE_NAISSANCE null → flag AGE_UNKNOWN & imputation: 7,546 corrections
2026-04-15 12:14:27,912 [INFO]   [DIM_CLIENT] C9 - ligne UNKNOWN client (ID=0) ajoutée: 1 corrections
2026-04-15 12:14:27,918 [INFO]   → DIM_POLICE
2026-04-15 12:14:27,927 [INFO]   [DIM_POLICE] P2 - NUM_POLICE null → généré: 196 corrections
2026-04-15 12:14:30,227 [INFO]   [DIM_POLICE] P8 - BONUS_MALUS hors [0.5,3.5] → 1.0: 14,147 corrections
2026-04-15 12:14:30,243 [INFO]   [DIM_POLICE] P9 - POLRP orphelin → NaN: 2,404 corrections
2026-04-15 12:14:30,269 [INFO]   [DIM_POLICE] P11 - ligne UNKNOWN police (ID=0) ajoutée: 1 corrections
2026-04-15 12:14:30,281 [INFO]   → DIM_VEHICULE
2026-04-15 12:14:30,301 [INFO]   [DIM_VEHICULE] V3 - IMMATRICULATION null → INCONNU: 274 corrections
2026-04-15 12:14:31,048 [INFO]   [DIM_VEHICULE] V6 - VALEUR_A_NEUF invalide → NaN: 19,699 corrections
2026-04-15 12:14:31,052 [INFO]   → FACT_EMISSION
2026-04-15 12:14:31,082 [INFO]   [FACT_EMISSION] E2 - ETAT_QUIT invalide → E: 650 corrections
2026-04-15 12:14:38,705 [INFO]   [FACT_EMISSION] E5 - ANNEE_ECHEANCE invalide → Suppression: 1,375 corrections
2026-04-15 12:14:38,730 [INFO]   [FACT_EMISSION] E6 - MT_PNET négatif → Suppression: 256 corrections
2026-04-15 12:14:38,758 [INFO]   [FACT_EMISSION] E6 - MT_PTT négatif → ABS: 252 corrections
2026-04-15 12:14:38,759 [INFO]   [FACT_EMISSION] E7 - MT_PTT null → 0.0: 381 corrections
2026-04-15 12:14:38,760 [INFO]   [FACT_EMISSION] E7 - MT_COMMISSION null → 0.0: 1,324 corrections
2026-04-15 12:14:38,761 [INFO]   [FACT_EMISSION] E8 - MT_PNET > 109788 DT winsorisé: 63 corrections
2026-04-15 12:14:38,771 [INFO]   [FACT_EMISSION] E9 - MT_PNET recalculé (Σ garanties): 4,354 corrections
2026-04-15 12:14:38,794 [INFO]   [FACT_EMISSION] E11 - MT_PTT recalculé (PNET+FGA+TIMBRE+TAXE): 4,703 corrections
2026-04-15 12:14:38,841 [INFO]   → FACT_ANNULATION
2026-04-15 12:14:38,942 [INFO]   [FACT_ANNULATION] N5 - DATE_ANNULATION < DATE_EMISSION → swap: 319 corrections
2026-04-15 12:14:38,954 [INFO]   → FACT_IMPAYE
2026-04-15 12:14:38,957 [INFO]   [FACT_IMPAYE] I2 - MT_ACP > MT_PTT → plafonné: 22 corrections
2026-04-15 12:14:39,036 [INFO]   → FACT_SINISTRE
2026-04-15 12:14:41,458 [INFO]   [FACT_EMISSION_DETAIL] D1 - NUM_QUITTANCE orphelin → imputation: 6,490 corrections
2026-04-15 12:14:41,518 [INFO]   [FACT_EMISSION_DETAIL] D3 - ANNEE_ECHEANCE invalide → imputation: 4,411 corrections
2026-04-15 12:14:41,538 [INFO]   → FACT_EMISSION_DETAIL : 208,290 → 208,290 lignes (imputation sans suppression)
2026-04-15 12:14:41,538 [INFO] 
[3/5] VALIDATE — Great Expectations post-cleaning...
2026-04-15 12:14:41,541 [INFO]   GE ✅ FE: NUM_QUITTANCE unique
2026-04-15 12:14:41,542 [INFO]   GE ✅ FE: ETAT_QUIT ∈ {E,P,A}
2026-04-15 12:14:41,544 [INFO]   GE ✅ FE: BRANCHE ∈ {AUTO,IRDS,SANTE}
2026-04-15 12:14:41,545 [INFO]   GE ✅ FE: ANNEE_ECHEANCE ∈ [2018,2025]
2026-04-15 12:14:41,545 [INFO]   GE ✅ FE: MT_PNET ≥ 0
2026-04-15 12:14:41,546 [INFO]   GE ✅ FE: MT_PTT ≥ 0
2026-04-15 12:14:41,547 [INFO]   GE ✅ FE: MT_PTT = PNET+FGA+TIMBRE+TAXE (±0.5)
2026-04-15 12:14:41,547 [INFO]   GE ✅ FE: MT_FGA = MT_RC × 0.25 (±0.5)
2026-04-15 12:14:41,576 [INFO]   GE ✅ FE: ID_POLICE FK valide
2026-04-15 12:14:41,577 [INFO]   GE ✅ FE: ID_AGENT FK valide
2026-04-15 12:14:41,577 [INFO]   GE ✅ DP: ID_POLICE unique
2026-04-15 12:14:41,578 [INFO]   GE ✅ DP: SITUATION ∈ {V,R,T,S,A}
2026-04-15 12:14:41,578 [INFO]   GE ✅ DP: BRANCHE ∈ {AUTO,IRDS,SANTE}
2026-04-15 12:14:41,582 [INFO]   GE ✅ DP: BONUS_MALUS AUTO null < 5%
2026-04-15 12:14:41,583 [INFO]   GE ✅ DC: ID_CLIENT unique
2026-04-15 12:14:41,584 [INFO]   GE ✅ DC: TYPE_PERSONNE ∈ {P,M}
2026-04-15 12:14:41,584 [INFO]   GE ✅ FI: MT_ACP ≤ MT_PTT (acompte cohérent)
2026-04-15 12:14:41,584 [INFO]   GE ✅ FI: MT_PTT ≥ 0
2026-04-15 12:14:41,586 [INFO]   Score qualité : 100.0% (18/18 règles)
2026-04-15 12:14:41,586 [INFO]   ✅ Validation réussie
2026-04-15 12:14:41,587 [INFO] 
[4/5] LOAD — Chargement PostgreSQL...
2026-04-15 12:14:41,637 [INFO]   ✅ dim_agent : 201 lignes chargées (UPSERT)
2026-04-15 12:14:46,072 [INFO]   ✅ dim_client : 30,001 lignes chargées (UPSERT)
2026-04-15 12:14:50,935 [INFO]   ✅ dim_police : 30,001 lignes chargées (UPSERT)
2026-04-15 12:14:54,114 [INFO]   ✅ dim_vehicule : 20,000 lignes chargées (UPSERT)
2026-04-15 12:15:16,828 [INFO]   ✅ dwh_fact_emission : 62,961 lignes chargées (TRUNCATE+INSERT)
2026-04-15 12:15:39,944 [INFO]   ✅ dwh_fact_emission_detail : 208,290 lignes chargées (TRUNCATE+INSERT)
2026-04-15 12:15:40,270 [INFO]   ✅ dwh_fact_annulation : 1,273 lignes chargées (TRUNCATE+INSERT)
2026-04-15 12:15:40,445 [INFO]   ✅ dwh_fact_impaye : 868 lignes chargées (TRUNCATE+INSERT)
2026-04-15 12:15:42,044 [INFO]   ✅ dwh_fact_sinistre : 8,000 lignes chargées (TRUNCATE+INSERT)
2026-04-15 12:15:42,044 [INFO] 
[5/5] REPORT — Génération rapport qualité JSON...
2026-04-15 12:15:42,044 [INFO] 
======================================================================
2026-04-15 12:15:42,046 [INFO]   RÉSUMÉ DES CORRECTIONS APPLIQUÉES
2026-04-15 12:15:42,046 [INFO] ======================================================================
2026-04-15 12:15:42,046 [INFO]   DIM_AGENT                      →     200 →     201  (−0 supprimés, +1 ajoutés, 24 corrections)
2026-04-15 12:15:42,046 [INFO]   DIM_CLIENT                     →  30,000 →  30,001  (−0 supprimés, +1 ajoutés, 8,622 corrections)
2026-04-15 12:15:42,046 [INFO]   DIM_POLICE                     →  30,000 →  30,001  (−0 supprimés, +1 ajoutés, 16,748 corrections)
2026-04-15 12:15:42,046 [INFO]   DIM_VEHICULE                   →  20,000 →  20,000  (−0 supprimés, +0 ajoutés, 19,973 corrections)
2026-04-15 12:15:42,046 [INFO]   FACT_EMISSION                  →  65,000 →  62,961  (−2,039 supprimés, +0 ajoutés, 13,358 corrections)
2026-04-15 12:15:42,046 [INFO]   FACT_ANNULATION                →   1,273 →   1,273  (−0 supprimés, +0 ajoutés, 319 corrections)
2026-04-15 12:15:42,046 [INFO]   FACT_IMPAYE                    →     868 →     868  (−0 supprimés, +0 ajoutés, 22 corrections)
2026-04-15 12:15:42,046 [INFO]   FACT_SINISTRE                  →   8,000 →   8,000  (−0 supprimés, +0 ajoutés, 0 corrections)
2026-04-15 12:15:42,047 [INFO]   FACT_EMISSION_DETAIL           → 208,290 → 208,290  (−0 supprimés, +0 ajoutés, 10,901 corrections)
2026-04-15 12:15:42,047 [INFO] ----------------------------------------------------------------------
2026-04-15 12:15:42,047 [INFO]   TOTAL                             Total corrections : 69,967
2026-04-15 12:15:42,047 [INFO]                                     Total suppressions: 2,039
2026-04-15 12:15:42,047 [INFO]                                     Total ajouts      : 3
2026-04-15 12:15:42,047 [INFO] 
  Score GE post-nettoyage : 100.0%  (18/18 règles)
2026-04-15 12:15:42,048 [INFO] 
  Durée totale : 75.6s
2026-04-15 12:15:42,048 [INFO] ======================================================================
2026-04-15 12:15:42,049 [INFO] 
  💾 Rapport : maghrebia\reports\data_quality\import_report_20260415_1214.json
2026-04-15 12:15:43,217 [INFO]   💾 CSV nettoyés : C:\Users\LENOVO\Desktop\PFE_\maghrebia\data\clean/
