2026-04-15 10:08:41,342 [INFO] ======================================================================
2026-04-15 10:08:41,342 [INFO]   MAGHREBIA ASSURANCE — PIPELINE PHASE 2
2026-04-15 10:08:41,342 [INFO]   Start : 2026-04-15 10:08:41
2026-04-15 10:08:41,342 [INFO]   Mode  : PRODUCTION
2026-04-15 10:08:41,342 [INFO] ======================================================================
2026-04-15 10:08:41,342 [INFO] 
[0/5] Connexion PostgreSQL...
2026-04-15 10:08:41,392 [INFO]   ✅ Connexion OK
2026-04-15 10:08:41,393 [INFO] 
[1/5] EXTRACT — Lecture CSV bruts...
2026-04-15 10:08:41,399 [INFO]   Chargé : DIM_AGENT.csv → 200 lignes × 12 cols
2026-04-15 10:08:41,439 [INFO]   Chargé : DIM_CLIENT.csv → 30,000 lignes × 13 cols
2026-04-15 10:08:41,475 [INFO]   Chargé : DIM_POLICE.csv → 30,000 lignes × 16 cols
2026-04-15 10:08:41,507 [INFO]   Chargé : DIM_VEHICULE.csv → 20,000 lignes × 15 cols
2026-04-15 10:08:41,647 [INFO]   Chargé : DWH_FACT_EMISSION.csv → 65,000 lignes × 33 cols
2026-04-15 10:08:41,651 [INFO]   Chargé : DWH_FACT_ANNULATION.csv → 1,273 lignes × 22 cols
2026-04-15 10:08:41,653 [INFO]   Chargé : DWH_FACT_IMPAYE.csv → 868 lignes × 16 cols
2026-04-15 10:08:41,778 [INFO]   Chargé : DWH_FACT_EMISSION_DETAIL.csv → 208,290 lignes × 9 cols
2026-04-15 10:08:41,792 [INFO]   Chargé : DWH_FACT_SINISTRE.csv → 8,000 lignes × 16 cols
2026-04-15 10:08:41,792 [INFO] 
[2/5] CLEAN — Application des 34 règles de nettoyage...
2026-04-15 10:08:41,792 [INFO]   → DIM_AGENT
2026-04-15 10:08:41,794 [INFO]   [DIM_AGENT] A4 - email_agent null rempli: 23 corrections
2026-04-15 10:08:41,797 [INFO]   [DIM_AGENT] A7 - ligne UNKNOWN agent (ID=0) ajoutée: 1 corrections
2026-04-15 10:08:41,798 [INFO]   → DIM_CLIENT
2026-04-15 10:08:41,809 [INFO]   [DIM_CLIENT] C2 - TYPE_PERSONNE invalide → P: 396 corrections
2026-04-15 10:08:41,818 [INFO]   [DIM_CLIENT] C3 - NOM null → INCONNU: 679 corrections
2026-04-15 10:08:42,729 [INFO]   [DIM_CLIENT] C9 - ligne UNKNOWN client (ID=0) ajoutée: 1 corrections
2026-04-15 10:08:42,735 [INFO]   → DIM_POLICE
2026-04-15 10:08:42,742 [INFO]   [DIM_POLICE] P2 - NUM_POLICE null → généré: 196 corrections
2026-04-15 10:08:45,081 [INFO]   [DIM_POLICE] P8 - BONUS_MALUS hors [0.5,3.5] → 1.0: 14,147 corrections
2026-04-15 10:08:45,099 [INFO]   [DIM_POLICE] P9 - POLRP orphelin → NaN: 2,404 corrections
2026-04-15 10:08:45,127 [INFO]   [DIM_POLICE] P11 - ligne UNKNOWN police (ID=0) ajoutée: 1 corrections
2026-04-15 10:08:45,138 [INFO]   → DIM_VEHICULE
2026-04-15 10:08:45,159 [INFO]   [DIM_VEHICULE] V3 - IMMATRICULATION null → INCONNU: 274 corrections
2026-04-15 10:08:45,966 [INFO]   [DIM_VEHICULE] V6 - VALEUR_A_NEUF invalide → NaN: 19,699 corrections
2026-04-15 10:08:45,969 [INFO]   → FACT_EMISSION
2026-04-15 10:08:46,008 [INFO]   [FACT_EMISSION] E2 - ETAT_QUIT invalide → E: 650 corrections
2026-04-15 10:08:53,520 [INFO]   [FACT_EMISSION] E5 - ANNEE_ECHEANCE invalide → imputation: 1,375 corrections
2026-04-15 10:08:53,525 [INFO]   [FACT_EMISSION] E6 - MT_PNET négatif → ABS: 256 corrections
2026-04-15 10:08:53,526 [INFO]   [FACT_EMISSION] E7 - MT_PNET null → 0.0: 408 corrections
2026-04-15 10:08:53,527 [INFO]   [FACT_EMISSION] E6 - MT_PTT négatif → ABS: 252 corrections
2026-04-15 10:08:53,527 [INFO]   [FACT_EMISSION] E7 - MT_PTT null → 0.0: 381 corrections
2026-04-15 10:08:53,529 [INFO]   [FACT_EMISSION] E7 - MT_COMMISSION null → 0.0: 1,324 corrections
2026-04-15 10:08:53,531 [INFO]   [FACT_EMISSION] E8 - MT_PNET > 109713 DT winsorisé: 65 corrections
2026-04-15 10:08:53,541 [INFO]   [FACT_EMISSION] E9 - MT_PNET recalculé (Σ garanties): 4,865 corrections
2026-04-15 10:08:53,569 [INFO]   [FACT_EMISSION] E11 - MT_PTT recalculé (PNET+FGA+TIMBRE+TAXE): 4,849 corrections
2026-04-15 10:08:53,622 [INFO]   → FACT_ANNULATION
2026-04-15 10:08:53,722 [INFO]   [FACT_ANNULATION] N5 - DATE_ANNULATION < DATE_EMISSION → swap: 319 corrections
2026-04-15 10:08:53,736 [INFO]   → FACT_IMPAYE
2026-04-15 10:08:53,736 [INFO]   [FACT_IMPAYE] I2 - MT_ACP > MT_PTT → plafonné: 22 corrections
2026-04-15 10:08:53,832 [INFO]   → FACT_SINISTRE
2026-04-15 10:08:56,339 [INFO]   [FACT_EMISSION_DETAIL] D3 - ANNEE_ECHEANCE invalide → imputation: 4,411 corrections
2026-04-15 10:08:56,362 [INFO]   → FACT_EMISSION_DETAIL : 208,290 → 208,290 lignes (imputation sans suppression)
2026-04-15 10:08:56,363 [INFO] 
[3/5] VALIDATE — Great Expectations post-cleaning...
2026-04-15 10:08:56,364 [INFO]   GE ✅ FE: NUM_QUITTANCE unique
2026-04-15 10:08:56,368 [INFO]   GE ✅ FE: ETAT_QUIT ∈ {E,P,A}
2026-04-15 10:08:56,369 [INFO]   GE ✅ FE: BRANCHE ∈ {AUTO,IRDS,SANTE}
2026-04-15 10:08:56,370 [INFO]   GE ✅ FE: ANNEE_ECHEANCE ∈ [2018,2025]
2026-04-15 10:08:56,371 [INFO]   GE ✅ FE: MT_PNET ≥ 0
2026-04-15 10:08:56,371 [INFO]   GE ✅ FE: MT_PTT ≥ 0
2026-04-15 10:08:56,372 [INFO]   GE ✅ FE: MT_PTT = PNET+FGA+TIMBRE+TAXE (±0.5)
2026-04-15 10:08:56,373 [INFO]   GE ✅ FE: MT_FGA = MT_RC × 0.25 (±0.5)
2026-04-15 10:08:56,402 [INFO]   GE ✅ FE: ID_POLICE FK valide
2026-04-15 10:08:56,402 [INFO]   GE ✅ FE: ID_AGENT FK valide
2026-04-15 10:08:56,403 [INFO]   GE ✅ DP: ID_POLICE unique
2026-04-15 10:08:56,404 [INFO]   GE ✅ DP: SITUATION ∈ {V,R,T,S,A}
2026-04-15 10:08:56,404 [INFO]   GE ✅ DP: BRANCHE ∈ {AUTO,IRDS,SANTE}
2026-04-15 10:08:56,408 [INFO]   GE ✅ DP: BONUS_MALUS AUTO null < 5%
2026-04-15 10:08:56,408 [INFO]   GE ✅ DC: ID_CLIENT unique
2026-04-15 10:08:56,409 [INFO]   GE ✅ DC: TYPE_PERSONNE ∈ {P,M}
2026-04-15 10:08:56,409 [INFO]   GE ✅ FI: MT_ACP ≤ MT_PTT (acompte cohérent)
2026-04-15 10:08:56,410 [INFO]   GE ✅ FI: MT_PTT ≥ 0
2026-04-15 10:08:56,412 [INFO]   Score qualité : 100.0% (18/18 règles)
2026-04-15 10:08:56,412 [INFO]   ✅ Validation réussie
2026-04-15 10:08:56,412 [INFO] 
[4/5] LOAD — Chargement PostgreSQL...
2026-04-15 10:08:56,465 [INFO]   ✅ dim_agent : 201 lignes chargées (UPSERT)
2026-04-15 10:09:00,617 [INFO]   ✅ dim_client : 30,001 lignes chargées (UPSERT)
2026-04-15 10:09:05,690 [INFO]   ✅ dim_police : 30,001 lignes chargées (UPSERT)
2026-04-15 10:09:08,765 [INFO]   ✅ dim_vehicule : 20,000 lignes chargées (UPSERT)
2026-04-15 10:09:32,849 [INFO]   ✅ dwh_fact_emission : 65,000 lignes chargées (TRUNCATE+INSERT)
2026-04-15 10:09:55,464 [INFO]   ✅ dwh_fact_emission_detail : 208,290 lignes chargées (TRUNCATE+INSERT)
2026-04-15 10:09:55,800 [INFO]   ✅ dwh_fact_annulation : 1,273 lignes chargées (TRUNCATE+INSERT)
2026-04-15 10:09:55,962 [INFO]   ✅ dwh_fact_impaye : 868 lignes chargées (TRUNCATE+INSERT)
2026-04-15 10:09:55,966 [ERROR]   ❌ Erreur chargement : (psycopg2.errors.UndefinedTable) relation "dwh_fact_sinistre" does not exist

[SQL: TRUNCATE TABLE dwh_fact_sinistre CASCADE]
(Background on this error at: https://sqlalche.me/e/20/f405)
