2026-04-21 09:22:29,566 [INFO] ======================================================================
2026-04-21 09:22:29,566 [INFO]   MAGHREBIA ASSURANCE — PIPELINE PHASE 2
2026-04-21 09:22:29,566 [INFO]   Start : 2026-04-21 09:22:29
2026-04-21 09:22:29,567 [INFO]   Mode  : PRODUCTION
2026-04-21 09:22:29,567 [INFO] ======================================================================
2026-04-21 09:22:29,567 [INFO] 
[0/5] Connexion PostgreSQL...
2026-04-21 09:22:29,605 [INFO]   ✅ Connexion OK
2026-04-21 09:22:29,608 [INFO] 
[1/5] EXTRACT — Lecture CSV bruts...
2026-04-21 09:22:29,622 [INFO]   Chargé : DIM_AGENT.csv → 200 lignes × 12 cols
2026-04-21 09:22:29,695 [INFO]   Chargé : DIM_CLIENT.csv → 30,000 lignes × 13 cols
2026-04-21 09:22:29,772 [INFO]   Chargé : DIM_POLICE.csv → 30,000 lignes × 16 cols
2026-04-21 09:22:29,836 [INFO]   Chargé : DIM_VEHICULE.csv → 20,000 lignes × 15 cols
2026-04-21 09:22:30,135 [INFO]   Chargé : DWH_FACT_EMISSION.csv → 65,000 lignes × 33 cols
2026-04-21 09:22:30,151 [INFO]   Chargé : DWH_FACT_ANNULATION.csv → 1,273 lignes × 22 cols
2026-04-21 09:22:30,159 [INFO]   Chargé : DWH_FACT_IMPAYE.csv → 868 lignes × 16 cols
2026-04-21 09:22:30,338 [INFO]   Chargé : DWH_FACT_EMISSION_DETAIL.csv → 208,290 lignes × 9 cols
2026-04-21 09:22:30,364 [INFO]   Chargé : DWH_FACT_SINISTRE.csv → 8,000 lignes × 16 cols
2026-04-21 09:22:30,364 [INFO] 
[2/5] CLEAN — Application des 34 règles de nettoyage...
2026-04-21 09:22:30,364 [INFO]   → DIM_AGENT
2026-04-21 09:22:30,369 [INFO]   [DIM_AGENT] A4 - email_agent null rempli: 23 corrections
2026-04-21 09:22:30,375 [INFO]   [DIM_AGENT] A7 - ligne UNKNOWN agent (ID=0) ajoutée: 1 corrections
2026-04-21 09:22:30,376 [INFO]   → DIM_CLIENT
2026-04-21 09:22:30,391 [INFO]   [DIM_CLIENT] C2 - TYPE_PERSONNE invalide → P: 396 corrections
2026-04-21 09:22:30,405 [INFO]   [DIM_CLIENT] C3 - NOM null → INCONNU: 679 corrections
2026-04-21 09:22:31,070 [INFO]   [DIM_CLIENT] C5b - DATE_NAISSANCE null → flag AGE_UNKNOWN & imputation: 7,546 corrections
2026-04-21 09:22:31,102 [INFO]   [DIM_CLIENT] C9 - ligne UNKNOWN client (ID=0) ajoutée: 1 corrections
2026-04-21 09:22:31,116 [INFO]   → DIM_POLICE
2026-04-21 09:22:31,127 [INFO]   [DIM_POLICE] P2 - NUM_POLICE null → généré: 196 corrections
2026-04-21 09:22:32,880 [INFO]   [DIM_POLICE] P8 - BONUS_MALUS hors [0.5,3.5] → 1.0: 14,147 corrections
2026-04-21 09:22:32,903 [INFO]   [DIM_POLICE] P9 - POLRP orphelin → NaN: 2,404 corrections
2026-04-21 09:22:32,951 [INFO]   [DIM_POLICE] P11 - ligne UNKNOWN police (ID=0) ajoutée: 1 corrections
2026-04-21 09:22:32,963 [INFO]   → DIM_VEHICULE
2026-04-21 09:22:32,991 [INFO]   [DIM_VEHICULE] V3 - IMMATRICULATION null → INCONNU: 274 corrections
2026-04-21 09:22:33,579 [INFO]   [DIM_VEHICULE] V6 - VALEUR_A_NEUF invalide → NaN: 19,699 corrections
2026-04-21 09:22:33,583 [INFO]   → FACT_EMISSION
2026-04-21 09:22:33,636 [INFO]   [FACT_EMISSION] E2 - ETAT_QUIT invalide → E: 650 corrections
2026-04-21 09:22:39,838 [INFO]   [FACT_EMISSION] E5 - ANNEE_ECHEANCE invalide → Suppression: 1,375 corrections
2026-04-21 09:22:39,886 [INFO]   [FACT_EMISSION] E6 - MT_PNET négatif → Suppression: 256 corrections
2026-04-21 09:22:39,920 [INFO]   [FACT_EMISSION] E6 - MT_PTT négatif → ABS: 252 corrections
2026-04-21 09:22:39,921 [INFO]   [FACT_EMISSION] E7 - MT_PTT null → 0.0: 381 corrections
2026-04-21 09:22:39,922 [INFO]   [FACT_EMISSION] E7 - MT_COMMISSION null → 0.0: 1,324 corrections
2026-04-21 09:22:39,928 [INFO]   [FACT_EMISSION] E8 - MT_PNET > 109788 DT winsorisé: 63 corrections
2026-04-21 09:22:39,940 [INFO]   [FACT_EMISSION] E9 - MT_PNET recalculé (Σ garanties): 4,354 corrections
2026-04-21 09:22:39,954 [INFO]   [FACT_EMISSION] E11 - MT_PTT recalculé (PNET+FGA+TIMBRE+TAXE): 4,703 corrections
2026-04-21 09:22:40,027 [INFO]   → FACT_ANNULATION
2026-04-21 09:22:40,108 [INFO]   [FACT_ANNULATION] N5 - DATE_ANNULATION < DATE_EMISSION → swap: 319 corrections
2026-04-21 09:22:40,128 [INFO]   → FACT_IMPAYE
2026-04-21 09:22:40,130 [INFO]   [FACT_IMPAYE] I2 - MT_ACP > MT_PTT → plafonné: 22 corrections
2026-04-21 09:22:40,207 [INFO]   → FACT_SINISTRE
2026-04-21 09:22:43,059 [INFO]   [FACT_EMISSION_DETAIL] D1 - NUM_QUITTANCE orphelin → imputation: 6,490 corrections
2026-04-21 09:22:43,172 [INFO]   [FACT_EMISSION_DETAIL] D3 - ANNEE_ECHEANCE invalide → imputation: 4,411 corrections
2026-04-21 09:22:43,192 [INFO]   → FACT_EMISSION_DETAIL : 208,290 → 208,290 lignes (imputation sans suppression)
2026-04-21 09:22:43,193 [INFO] 
[3/5] VALIDATE — Great Expectations post-cleaning...
2026-04-21 09:22:43,195 [INFO]   GE ✅ FE: NUM_QUITTANCE unique
2026-04-21 09:22:43,197 [INFO]   GE ✅ FE: ETAT_QUIT ∈ {E,P,A}
2026-04-21 09:22:43,199 [INFO]   GE ✅ FE: BRANCHE ∈ {AUTO,IRDS,SANTE}
2026-04-21 09:22:43,199 [INFO]   GE ✅ FE: ANNEE_ECHEANCE ∈ [2018,2025]
2026-04-21 09:22:43,200 [INFO]   GE ✅ FE: MT_PNET ≥ 0
2026-04-21 09:22:43,201 [INFO]   GE ✅ FE: MT_PTT ≥ 0
2026-04-21 09:22:43,202 [INFO]   GE ✅ FE: MT_PTT = PNET+FGA+TIMBRE+TAXE (±0.5)
2026-04-21 09:22:43,203 [INFO]   GE ✅ FE: MT_FGA = MT_RC × 0.25 (±0.5)
2026-04-21 09:22:43,264 [INFO]   GE ✅ FE: ID_POLICE FK valide
2026-04-21 09:22:43,265 [INFO]   GE ✅ FE: ID_AGENT FK valide
2026-04-21 09:22:43,266 [INFO]   GE ✅ DP: ID_POLICE unique
2026-04-21 09:22:43,267 [INFO]   GE ✅ DP: SITUATION ∈ {V,R,T,S,A}
2026-04-21 09:22:43,268 [INFO]   GE ✅ DP: BRANCHE ∈ {AUTO,IRDS,SANTE}
2026-04-21 09:22:43,272 [INFO]   GE ✅ DP: BONUS_MALUS AUTO null < 5%
2026-04-21 09:22:43,273 [INFO]   GE ✅ DC: ID_CLIENT unique
2026-04-21 09:22:43,274 [INFO]   GE ✅ DC: TYPE_PERSONNE ∈ {P,M}
2026-04-21 09:22:43,275 [INFO]   GE ✅ FI: MT_ACP ≤ MT_PTT (acompte cohérent)
2026-04-21 09:22:43,276 [INFO]   GE ✅ FI: MT_PTT ≥ 0
2026-04-21 09:22:43,278 [INFO]   Score qualité : 100.0% (18/18 règles)
2026-04-21 09:22:43,280 [INFO]   ✅ Validation réussie
2026-04-21 09:22:43,282 [INFO] 
[4/5] LOAD — Chargement PostgreSQL...
2026-04-21 09:22:43,338 [INFO]   ✅ dim_agent : 201 lignes chargées (UPSERT)
2026-04-21 09:22:47,991 [INFO]   ✅ dim_client : 30,001 lignes chargées (UPSERT)
2026-04-21 09:22:53,117 [INFO]   ✅ dim_police : 30,001 lignes chargées (UPSERT)
2026-04-21 09:22:56,474 [INFO]   ✅ dim_vehicule : 20,000 lignes chargées (UPSERT)
2026-04-21 09:23:20,373 [INFO]   ✅ dwh_fact_emission : 62,961 lignes chargées (TRUNCATE+INSERT)
2026-04-21 09:23:43,294 [INFO]   ✅ dwh_fact_emission_detail : 208,290 lignes chargées (TRUNCATE+INSERT)
2026-04-21 09:23:43,607 [INFO]   ✅ dwh_fact_annulation : 1,273 lignes chargées (TRUNCATE+INSERT)
2026-04-21 09:23:43,762 [INFO]   ✅ dwh_fact_impaye : 868 lignes chargées (TRUNCATE+INSERT)
2026-04-21 09:23:45,439 [INFO]   ✅ dwh_fact_sinistre : 8,000 lignes chargées (TRUNCATE+INSERT)
2026-04-21 09:23:45,440 [INFO] 
[5/5] REPORT — Génération rapport qualité JSON...
2026-04-21 09:23:45,440 [INFO] 
======================================================================
2026-04-21 09:23:45,440 [INFO]   RÉSUMÉ DES CORRECTIONS APPLIQUÉES
2026-04-21 09:23:45,440 [INFO] ======================================================================
2026-04-21 09:23:45,440 [INFO]   DIM_AGENT                      →     200 →     201  (−0 supprimés, +1 ajoutés, 24 corrections)
2026-04-21 09:23:45,441 [INFO]   DIM_CLIENT                     →  30,000 →  30,001  (−0 supprimés, +1 ajoutés, 8,622 corrections)
2026-04-21 09:23:45,441 [INFO]   DIM_POLICE                     →  30,000 →  30,001  (−0 supprimés, +1 ajoutés, 16,748 corrections)
2026-04-21 09:23:45,441 [INFO]   DIM_VEHICULE                   →  20,000 →  20,000  (−0 supprimés, +0 ajoutés, 19,973 corrections)
2026-04-21 09:23:45,441 [INFO]   FACT_EMISSION                  →  65,000 →  62,961  (−2,039 supprimés, +0 ajoutés, 13,358 corrections)
2026-04-21 09:23:45,441 [INFO]   FACT_ANNULATION                →   1,273 →   1,273  (−0 supprimés, +0 ajoutés, 319 corrections)
2026-04-21 09:23:45,442 [INFO]   FACT_IMPAYE                    →     868 →     868  (−0 supprimés, +0 ajoutés, 22 corrections)
2026-04-21 09:23:45,442 [INFO]   FACT_SINISTRE                  →   8,000 →   8,000  (−0 supprimés, +0 ajoutés, 0 corrections)
2026-04-21 09:23:45,442 [INFO]   FACT_EMISSION_DETAIL           → 208,290 → 208,290  (−0 supprimés, +0 ajoutés, 10,901 corrections)
2026-04-21 09:23:45,442 [INFO] ----------------------------------------------------------------------
2026-04-21 09:23:45,442 [INFO]   TOTAL                             Total corrections : 69,967
2026-04-21 09:23:45,442 [INFO]                                     Total suppressions: 2,039
2026-04-21 09:23:45,443 [INFO]                                     Total ajouts      : 3
2026-04-21 09:23:45,443 [INFO] 
  Score GE post-nettoyage : 100.0%  (18/18 règles)
2026-04-21 09:23:45,443 [INFO] 
  Durée totale : 75.9s
2026-04-21 09:23:45,443 [INFO] ======================================================================
2026-04-21 09:23:45,446 [INFO] 
  💾 Rapport : /opt/airflow/reports/data_quality/import_report_20260421_0922.json
2026-04-21 09:23:48,390 [INFO]   💾 CSV nettoyés : /opt/airflow/data/clean/
