2026-04-15 12:12:04,686 [INFO] ======================================================================
2026-04-15 12:12:04,686 [INFO]   MAGHREBIA ASSURANCE — PIPELINE PHASE 2
2026-04-15 12:12:04,687 [INFO]   Start : 2026-04-15 12:12:04
2026-04-15 12:12:04,687 [INFO]   Mode  : PRODUCTION
2026-04-15 12:12:04,687 [INFO] ======================================================================
2026-04-15 12:12:04,687 [INFO] 
[0/5] Connexion PostgreSQL...
2026-04-15 12:12:04,791 [INFO]   ✅ Connexion OK
2026-04-15 12:12:04,796 [INFO] 
[1/5] EXTRACT — Lecture CSV bruts...
2026-04-15 12:12:04,800 [INFO]   Chargé : DIM_AGENT.csv → 200 lignes × 12 cols
2026-04-15 12:12:04,846 [INFO]   Chargé : DIM_CLIENT.csv → 30,000 lignes × 13 cols
2026-04-15 12:12:04,881 [INFO]   Chargé : DIM_POLICE.csv → 30,000 lignes × 16 cols
2026-04-15 12:12:04,913 [INFO]   Chargé : DIM_VEHICULE.csv → 20,000 lignes × 15 cols
2026-04-15 12:12:05,055 [INFO]   Chargé : DWH_FACT_EMISSION.csv → 65,000 lignes × 33 cols
2026-04-15 12:12:05,060 [INFO]   Chargé : DWH_FACT_ANNULATION.csv → 1,273 lignes × 22 cols
2026-04-15 12:12:05,063 [INFO]   Chargé : DWH_FACT_IMPAYE.csv → 868 lignes × 16 cols
2026-04-15 12:12:05,181 [INFO]   Chargé : DWH_FACT_EMISSION_DETAIL.csv → 208,290 lignes × 9 cols
2026-04-15 12:12:05,193 [INFO]   Chargé : DWH_FACT_SINISTRE.csv → 8,000 lignes × 16 cols
2026-04-15 12:12:05,193 [INFO] 
[2/5] CLEAN — Application des 34 règles de nettoyage...
2026-04-15 12:12:05,193 [INFO]   → DIM_AGENT
2026-04-15 12:12:05,195 [INFO]   [DIM_AGENT] A4 - email_agent null rempli: 23 corrections
2026-04-15 12:12:05,199 [INFO]   [DIM_AGENT] A7 - ligne UNKNOWN agent (ID=0) ajoutée: 1 corrections
2026-04-15 12:12:05,200 [INFO]   → DIM_CLIENT
2026-04-15 12:12:05,211 [INFO]   [DIM_CLIENT] C2 - TYPE_PERSONNE invalide → P: 396 corrections
2026-04-15 12:12:05,219 [INFO]   [DIM_CLIENT] C3 - NOM null → INCONNU: 679 corrections
2026-04-15 12:12:06,115 [INFO]   [DIM_CLIENT] C5b - DATE_NAISSANCE null → flag AGE_UNKNOWN & imputation: 7,546 corrections
2026-04-15 12:12:06,139 [INFO]   [DIM_CLIENT] C9 - ligne UNKNOWN client (ID=0) ajoutée: 1 corrections
2026-04-15 12:12:06,146 [INFO]   → DIM_POLICE
2026-04-15 12:12:06,154 [INFO]   [DIM_POLICE] P2 - NUM_POLICE null → généré: 196 corrections
2026-04-15 12:12:08,532 [INFO]   [DIM_POLICE] P8 - BONUS_MALUS hors [0.5,3.5] → 1.0: 14,147 corrections
2026-04-15 12:12:08,548 [INFO]   [DIM_POLICE] P9 - POLRP orphelin → NaN: 2,404 corrections
2026-04-15 12:12:08,575 [INFO]   [DIM_POLICE] P11 - ligne UNKNOWN police (ID=0) ajoutée: 1 corrections
2026-04-15 12:12:08,584 [INFO]   → DIM_VEHICULE
2026-04-15 12:12:08,604 [INFO]   [DIM_VEHICULE] V3 - IMMATRICULATION null → INCONNU: 274 corrections
2026-04-15 12:12:09,405 [INFO]   [DIM_VEHICULE] V6 - VALEUR_A_NEUF invalide → NaN: 19,699 corrections
2026-04-15 12:12:09,409 [INFO]   → FACT_EMISSION
2026-04-15 12:12:09,441 [INFO]   [FACT_EMISSION] E2 - ETAT_QUIT invalide → E: 650 corrections
2026-04-15 12:12:17,160 [INFO]   [FACT_EMISSION] E5 - ANNEE_ECHEANCE invalide → Suppression: 1,375 corrections
2026-04-15 12:12:17,185 [INFO]   [FACT_EMISSION] E6 - MT_PNET négatif → Suppression: 256 corrections
2026-04-15 12:12:17,216 [INFO]   [FACT_EMISSION] E6 - MT_PTT négatif → ABS: 252 corrections
2026-04-15 12:12:17,217 [INFO]   [FACT_EMISSION] E7 - MT_PTT null → 0.0: 381 corrections
2026-04-15 12:12:17,218 [INFO]   [FACT_EMISSION] E7 - MT_COMMISSION null → 0.0: 1,324 corrections
2026-04-15 12:12:17,219 [INFO]   [FACT_EMISSION] E8 - MT_PNET > 109788 DT winsorisé: 63 corrections
2026-04-15 12:12:17,228 [INFO]   [FACT_EMISSION] E9 - MT_PNET recalculé (Σ garanties): 4,354 corrections
2026-04-15 12:12:17,251 [INFO]   [FACT_EMISSION] E11 - MT_PTT recalculé (PNET+FGA+TIMBRE+TAXE): 4,703 corrections
2026-04-15 12:12:17,297 [INFO]   → FACT_ANNULATION
2026-04-15 12:12:17,401 [INFO]   [FACT_ANNULATION] N5 - DATE_ANNULATION < DATE_EMISSION → swap: 319 corrections
2026-04-15 12:12:17,415 [INFO]   → FACT_IMPAYE
2026-04-15 12:12:17,416 [INFO]   [FACT_IMPAYE] I2 - MT_ACP > MT_PTT → plafonné: 22 corrections
2026-04-15 12:12:17,504 [INFO]   → FACT_SINISTRE
2026-04-15 12:12:19,968 [INFO]   [FACT_EMISSION_DETAIL] D1 - NUM_QUITTANCE orphelin → imputation: 6,490 corrections
2026-04-15 12:12:20,029 [INFO]   [FACT_EMISSION_DETAIL] D3 - ANNEE_ECHEANCE invalide → imputation: 4,411 corrections
2026-04-15 12:12:20,048 [INFO]   → FACT_EMISSION_DETAIL : 208,290 → 208,290 lignes (imputation sans suppression)
2026-04-15 12:12:20,048 [INFO] 
[3/5] VALIDATE — Great Expectations post-cleaning...
2026-04-15 12:12:20,050 [INFO]   GE ✅ FE: NUM_QUITTANCE unique
2026-04-15 12:12:20,052 [INFO]   GE ✅ FE: ETAT_QUIT ∈ {E,P,A}
2026-04-15 12:12:20,053 [INFO]   GE ✅ FE: BRANCHE ∈ {AUTO,IRDS,SANTE}
2026-04-15 12:12:20,054 [INFO]   GE ✅ FE: ANNEE_ECHEANCE ∈ [2018,2025]
2026-04-15 12:12:20,054 [INFO]   GE ✅ FE: MT_PNET ≥ 0
2026-04-15 12:12:20,054 [INFO]   GE ✅ FE: MT_PTT ≥ 0
2026-04-15 12:12:20,055 [INFO]   GE ✅ FE: MT_PTT = PNET+FGA+TIMBRE+TAXE (±0.5)
2026-04-15 12:12:20,056 [INFO]   GE ✅ FE: MT_FGA = MT_RC × 0.25 (±0.5)
2026-04-15 12:12:20,086 [INFO]   GE ✅ FE: ID_POLICE FK valide
2026-04-15 12:12:20,086 [INFO]   GE ✅ FE: ID_AGENT FK valide
2026-04-15 12:12:20,087 [INFO]   GE ✅ DP: ID_POLICE unique
2026-04-15 12:12:20,088 [INFO]   GE ✅ DP: SITUATION ∈ {V,R,T,S,A}
2026-04-15 12:12:20,088 [INFO]   GE ✅ DP: BRANCHE ∈ {AUTO,IRDS,SANTE}
2026-04-15 12:12:20,092 [INFO]   GE ✅ DP: BONUS_MALUS AUTO null < 5%
2026-04-15 12:12:20,092 [INFO]   GE ✅ DC: ID_CLIENT unique
2026-04-15 12:12:20,093 [INFO]   GE ✅ DC: TYPE_PERSONNE ∈ {P,M}
2026-04-15 12:12:20,093 [INFO]   GE ✅ FI: MT_ACP ≤ MT_PTT (acompte cohérent)
2026-04-15 12:12:20,094 [INFO]   GE ✅ FI: MT_PTT ≥ 0
2026-04-15 12:12:20,095 [INFO]   Score qualité : 100.0% (18/18 règles)
2026-04-15 12:12:20,097 [INFO]   ✅ Validation réussie
2026-04-15 12:12:20,097 [INFO] 
[4/5] LOAD — Chargement PostgreSQL...
2026-04-15 12:12:20,205 [INFO]   ✅ dim_agent : 201 lignes chargées (UPSERT)
2026-04-15 12:12:24,013 [ERROR]   ❌ Erreur chargement : (psycopg2.errors.UndefinedColumn) column "age_unknown" of relation "dim_client" does not exist
LINE 2: ...postal, ville, sexe, date_naissance, natp, email, age_unknow...
                                                             ^

[SQL: 
        INSERT INTO dim_client (id_client, code_client, cin_mf, type_personne, nom, prenom, adresse, code_postal, ville, sexe, date_naissance, natp, email, age_unknown)
        SELECT id_client, code_client, cin_mf, type_personne, nom, prenom, adresse, code_postal, ville, sexe, date_naissance, natp, email, age_unknown FROM dim_client_staging
        ON CONFLICT (id_client) DO UPDATE SET code_client = EXCLUDED.code_client, cin_mf = EXCLUDED.cin_mf, type_personne = EXCLUDED.type_personne, nom = EXCLUDED.nom, prenom = EXCLUDED.prenom, adresse = EXCLUDED.adresse, code_postal = EXCLUDED.code_postal, ville = EXCLUDED.ville, sexe = EXCLUDED.sexe, date_naissance = EXCLUDED.date_naissance, natp = EXCLUDED.natp, email = EXCLUDED.email, age_unknown = EXCLUDED.age_unknown;
    ]
(Background on this error at: https://sqlalche.me/e/20/f405)
