2026-04-01 16:34:47,575 [INFO] ======================================================================
2026-04-01 16:34:47,575 [INFO]   MAGHREBIA ASSURANCE — PIPELINE PHASE 2
2026-04-01 16:34:47,576 [INFO]   Start : 2026-04-01 16:34:47
2026-04-01 16:34:47,576 [INFO]   Mode  : PRODUCTION
2026-04-01 16:34:47,576 [INFO] ======================================================================
2026-04-01 16:34:47,576 [INFO] 
[0/5] Connexion PostgreSQL...
2026-04-01 16:34:47,626 [INFO]   ✅ Connexion OK
2026-04-01 16:34:47,630 [WARNING]   [BOOTSTRAP] Table dim_agent absente, initialisation du schéma via C:\Users\LENOVO\Desktop\PFE_\maghrebia\sql\init_schema.sql
2026-04-01 16:34:47,787 [INFO]   [BOOTSTRAP] Schéma PostgreSQL initialisé
2026-04-01 16:34:47,787 [INFO] 
[1/5] EXTRACT — Lecture CSV bruts...
2026-04-01 16:34:47,791 [INFO]   Chargé : DIM_AGENT.csv → 200 lignes × 12 cols
2026-04-01 16:34:47,838 [INFO]   Chargé : DIM_CLIENT.csv → 30,000 lignes × 13 cols
2026-04-01 16:34:47,872 [INFO]   Chargé : DIM_POLICE.csv → 30,000 lignes × 16 cols
2026-04-01 16:34:47,904 [INFO]   Chargé : DIM_VEHICULE.csv → 20,000 lignes × 15 cols
2026-04-01 16:34:48,034 [INFO]   Chargé : DWH_FACT_EMISSION.csv → 65,000 lignes × 33 cols
2026-04-01 16:34:48,039 [INFO]   Chargé : DWH_FACT_ANNULATION.csv → 1,147 lignes × 22 cols
2026-04-01 16:34:48,041 [INFO]   Chargé : DWH_FACT_IMPAYE.csv → 764 lignes × 16 cols
2026-04-01 16:34:48,151 [INFO]   Chargé : DWH_FACT_EMISSION_DETAIL.csv → 208,290 lignes × 9 cols
2026-04-01 16:34:48,152 [INFO] 
[2/5] CLEAN — Application des 34 règles de nettoyage...
2026-04-01 16:34:48,152 [INFO]   → DIM_AGENT
2026-04-01 16:34:48,155 [INFO]   [DIM_AGENT] A4 - email_agent null rempli: 23 corrections
2026-04-01 16:34:48,157 [INFO]   → DIM_CLIENT
2026-04-01 16:34:48,168 [INFO]   [DIM_CLIENT] C2 - TYPE_PERSONNE invalide → P: 396 corrections
2026-04-01 16:34:48,176 [INFO]   [DIM_CLIENT] C3 - NOM null → INCONNU: 679 corrections
2026-04-01 16:34:49,081 [INFO]   → DIM_POLICE
2026-04-01 16:34:49,090 [INFO]   [DIM_POLICE] P2 - NUM_POLICE null → généré: 196 corrections
2026-04-01 16:34:51,344 [INFO]   [DIM_POLICE] P8 - BONUS_MALUS hors [0.5,3.5] → 1.0: 14,147 corrections
2026-04-01 16:34:51,360 [INFO]   [DIM_POLICE] P9 - POLRP orphelin → NaN: 2,404 corrections
2026-04-01 16:34:51,386 [INFO]   → DIM_VEHICULE
2026-04-01 16:34:51,404 [INFO]   [DIM_VEHICULE] V3 - IMMATRICULATION null → INCONNU: 274 corrections
2026-04-01 16:34:52,115 [INFO]   [DIM_VEHICULE] V6 - VALEUR_A_NEUF invalide → NaN: 19,699 corrections
2026-04-01 16:34:52,118 [INFO]   → FACT_EMISSION
2026-04-01 16:34:52,148 [INFO]   [FACT_EMISSION] E2 - ETAT_QUIT invalide → E: 650 corrections
2026-04-01 16:34:52,189 [INFO]   [FACT_EMISSION] E5 - ANNEE_ECHEANCE invalide → suppression: 1,375 corrections
2026-04-01 16:34:52,201 [INFO]   [FACT_EMISSION] E6 - MT_PNET négatif → ABS: 256 corrections
2026-04-01 16:34:52,202 [INFO]   [FACT_EMISSION] E7 - MT_PNET null → 0.0: 408 corrections
2026-04-01 16:34:52,204 [INFO]   [FACT_EMISSION] E6 - MT_PTT négatif → ABS: 252 corrections
2026-04-01 16:34:52,205 [INFO]   [FACT_EMISSION] E7 - MT_PTT null → 0.0: 381 corrections
2026-04-01 16:34:52,206 [INFO]   [FACT_EMISSION] E7 - MT_COMMISSION null → 0.0: 1,324 corrections
2026-04-01 16:34:52,207 [INFO]   [FACT_EMISSION] E8 - MT_PNET > 109730 DT winsorisé: 64 corrections
2026-04-01 16:34:52,227 [INFO]   [FACT_EMISSION] E9 - MT_PNET recalculé (Σ garanties): 4,753 corrections
2026-04-01 16:34:52,263 [INFO]   [FACT_EMISSION] E11 - MT_PTT recalculé (PNET+FGA+TIMBRE+TAXE): 4,737 corrections
2026-04-01 16:34:59,445 [INFO]   → FACT_ANNULATION
2026-04-01 16:34:59,532 [INFO]   [FACT_ANNULATION] N5 - DATE_ANNULATION < DATE_EMISSION → swap: 277 corrections
2026-04-01 16:34:59,545 [INFO]   → FACT_IMPAYE
2026-04-01 16:34:59,545 [INFO]   [FACT_IMPAYE] I2 - MT_ACP > MT_PTT → plafonné: 13 corrections
2026-04-01 16:34:59,647 [INFO]   → FACT_EMISSION_DETAIL : 208,290 → 203,879 lignes (orphelins filtrés)
2026-04-01 16:34:59,651 [INFO] 
[3/5] VALIDATE — Skip (--skip-validate)
2026-04-01 16:34:59,651 [INFO] 
[4/5] LOAD — Chargement PostgreSQL...
2026-04-01 16:34:59,810 [INFO]   ✅ dim_agent : 200 lignes chargées (UPSERT)
2026-04-01 16:34:59,810 [INFO] 
[5/5] REPORT — Génération rapport qualité JSON...
2026-04-01 16:34:59,811 [INFO] 
======================================================================
2026-04-01 16:34:59,811 [INFO]   RÉSUMÉ DES CORRECTIONS APPLIQUÉES
2026-04-01 16:34:59,811 [INFO] ======================================================================
2026-04-01 16:34:59,811 [INFO]   DIM_AGENT                      →     200 →     200  (−0 supprimés, 23 corrections)
2026-04-01 16:34:59,811 [INFO]   DIM_CLIENT                     →  30,000 →  30,000  (−0 supprimés, 1,075 corrections)
2026-04-01 16:34:59,811 [INFO]   DIM_POLICE                     →  30,000 →  30,000  (−0 supprimés, 16,747 corrections)
2026-04-01 16:34:59,811 [INFO]   DIM_VEHICULE                   →  20,000 →  20,000  (−0 supprimés, 19,973 corrections)
2026-04-01 16:34:59,811 [INFO]   FACT_EMISSION                  →  65,000 →  63,625  (−1,375 supprimés, 14,200 corrections)
2026-04-01 16:34:59,811 [INFO]   FACT_ANNULATION                →   1,147 →   1,147  (−0 supprimés, 277 corrections)
2026-04-01 16:34:59,811 [INFO]   FACT_IMPAYE                    →     764 →     764  (−0 supprimés, 13 corrections)
2026-04-01 16:34:59,811 [INFO] ----------------------------------------------------------------------
2026-04-01 16:34:59,812 [INFO]   TOTAL                             Total corrections : 52,308
2026-04-01 16:34:59,812 [INFO]                                     Total suppressions: 1,375
2026-04-01 16:34:59,812 [INFO] 
  Durée totale : 12.2s
2026-04-01 16:34:59,812 [INFO] ======================================================================
2026-04-01 16:34:59,813 [INFO] 
  💾 Rapport : maghrebia\reports\data_quality\import_report_20260401_1634.json
2026-04-01 16:35:00,967 [INFO]   💾 CSV nettoyés : maghrebia\data\clean/
