2026-04-15 12:06:13,950 [INFO] ======================================================================
2026-04-15 12:06:13,950 [INFO]   MAGHREBIA ASSURANCE — PIPELINE PHASE 2
2026-04-15 12:06:13,950 [INFO]   Start : 2026-04-15 12:06:13
2026-04-15 12:06:13,950 [INFO]   Mode  : DRY-RUN (pas d écriture DB)
2026-04-15 12:06:13,950 [INFO] ======================================================================
2026-04-15 12:06:13,950 [INFO] 
[1/5] EXTRACT — Lecture CSV bruts...
2026-04-15 12:06:13,955 [INFO]   Chargé : DIM_AGENT.csv → 200 lignes × 12 cols
2026-04-15 12:06:13,999 [INFO]   Chargé : DIM_CLIENT.csv → 30,000 lignes × 13 cols
2026-04-15 12:06:14,036 [INFO]   Chargé : DIM_POLICE.csv → 30,000 lignes × 16 cols
2026-04-15 12:06:14,069 [INFO]   Chargé : DIM_VEHICULE.csv → 20,000 lignes × 15 cols
2026-04-15 12:06:14,221 [INFO]   Chargé : DWH_FACT_EMISSION.csv → 65,000 lignes × 33 cols
2026-04-15 12:06:14,228 [INFO]   Chargé : DWH_FACT_ANNULATION.csv → 1,273 lignes × 22 cols
2026-04-15 12:06:14,231 [INFO]   Chargé : DWH_FACT_IMPAYE.csv → 868 lignes × 16 cols
2026-04-15 12:06:14,353 [INFO]   Chargé : DWH_FACT_EMISSION_DETAIL.csv → 208,290 lignes × 9 cols
2026-04-15 12:06:14,370 [INFO]   Chargé : DWH_FACT_SINISTRE.csv → 8,000 lignes × 16 cols
2026-04-15 12:06:14,371 [INFO] 
[2/5] CLEAN — Application des 34 règles de nettoyage...
2026-04-15 12:06:14,371 [INFO]   → DIM_AGENT
2026-04-15 12:06:14,374 [INFO]   [DIM_AGENT] A4 - email_agent null rempli: 23 corrections
2026-04-15 12:06:14,379 [INFO]   [DIM_AGENT] A7 - ligne UNKNOWN agent (ID=0) ajoutée: 1 corrections
2026-04-15 12:06:14,382 [INFO]   → DIM_CLIENT
2026-04-15 12:06:14,393 [INFO]   [DIM_CLIENT] C2 - TYPE_PERSONNE invalide → P: 396 corrections
2026-04-15 12:06:14,403 [INFO]   [DIM_CLIENT] C3 - NOM null → INCONNU: 679 corrections
2026-04-15 12:06:15,311 [INFO]   [DIM_CLIENT] C5b - DATE_NAISSANCE null → flag AGE_UNKNOWN & imputation: 7,546 corrections
2026-04-15 12:06:15,337 [INFO]   [DIM_CLIENT] C9 - ligne UNKNOWN client (ID=0) ajoutée: 1 corrections
2026-04-15 12:06:15,344 [INFO]   → DIM_POLICE
2026-04-15 12:06:15,352 [INFO]   [DIM_POLICE] P2 - NUM_POLICE null → généré: 196 corrections
2026-04-15 12:06:17,752 [INFO]   [DIM_POLICE] P8 - BONUS_MALUS hors [0.5,3.5] → 1.0: 14,147 corrections
2026-04-15 12:06:17,767 [INFO]   [DIM_POLICE] P9 - POLRP orphelin → NaN: 2,404 corrections
2026-04-15 12:06:17,797 [INFO]   [DIM_POLICE] P11 - ligne UNKNOWN police (ID=0) ajoutée: 1 corrections
2026-04-15 12:06:17,808 [INFO]   → DIM_VEHICULE
2026-04-15 12:06:17,827 [INFO]   [DIM_VEHICULE] V3 - IMMATRICULATION null → INCONNU: 274 corrections
2026-04-15 12:06:18,588 [INFO]   [DIM_VEHICULE] V6 - VALEUR_A_NEUF invalide → NaN: 19,699 corrections
2026-04-15 12:06:18,593 [INFO]   → FACT_EMISSION
2026-04-15 12:06:18,626 [INFO]   [FACT_EMISSION] E2 - ETAT_QUIT invalide → E: 650 corrections
2026-04-15 12:06:26,312 [INFO]   [FACT_EMISSION] E5 - ANNEE_ECHEANCE invalide → Suppression: 1,375 corrections
2026-04-15 12:06:26,350 [INFO]   [FACT_EMISSION] E6 - MT_PNET négatif → Suppression: 256 corrections
2026-04-15 12:06:26,385 [INFO]   [FACT_EMISSION] E6 - MT_PTT négatif → ABS: 252 corrections
2026-04-15 12:06:26,386 [INFO]   [FACT_EMISSION] E7 - MT_PTT null → 0.0: 381 corrections
2026-04-15 12:06:26,387 [INFO]   [FACT_EMISSION] E7 - MT_COMMISSION null → 0.0: 1,324 corrections
2026-04-15 12:06:26,389 [INFO]   [FACT_EMISSION] E8 - MT_PNET > 109788 DT winsorisé: 63 corrections
2026-04-15 12:06:26,406 [INFO]   [FACT_EMISSION] E9 - MT_PNET recalculé (Σ garanties): 4,354 corrections
2026-04-15 12:06:26,444 [INFO]   [FACT_EMISSION] E11 - MT_PTT recalculé (PNET+FGA+TIMBRE+TAXE): 4,703 corrections
2026-04-15 12:06:26,506 [INFO]   → FACT_ANNULATION
2026-04-15 12:06:26,608 [INFO]   [FACT_ANNULATION] N5 - DATE_ANNULATION < DATE_EMISSION → swap: 319 corrections
2026-04-15 12:06:26,624 [INFO]   → FACT_IMPAYE
2026-04-15 12:06:26,625 [INFO]   [FACT_IMPAYE] I2 - MT_ACP > MT_PTT → plafonné: 22 corrections
2026-04-15 12:06:26,708 [INFO]   → FACT_SINISTRE
2026-04-15 12:06:29,131 [INFO]   [FACT_EMISSION_DETAIL] D1 - NUM_QUITTANCE orphelin → imputation: 6,490 corrections
2026-04-15 12:06:29,197 [INFO]   [FACT_EMISSION_DETAIL] D3 - ANNEE_ECHEANCE invalide → imputation: 4,411 corrections
2026-04-15 12:06:29,218 [INFO]   → FACT_EMISSION_DETAIL : 208,290 → 208,290 lignes (imputation sans suppression)
2026-04-15 12:06:29,219 [INFO] 
[3/5] VALIDATE — Great Expectations post-cleaning...
2026-04-15 12:06:29,220 [INFO]   GE ✅ FE: NUM_QUITTANCE unique
2026-04-15 12:06:29,222 [INFO]   GE ✅ FE: ETAT_QUIT ∈ {E,P,A}
2026-04-15 12:06:29,223 [INFO]   GE ✅ FE: BRANCHE ∈ {AUTO,IRDS,SANTE}
2026-04-15 12:06:29,223 [INFO]   GE ✅ FE: ANNEE_ECHEANCE ∈ [2018,2025]
2026-04-15 12:06:29,224 [INFO]   GE ✅ FE: MT_PNET ≥ 0
2026-04-15 12:06:29,224 [INFO]   GE ✅ FE: MT_PTT ≥ 0
2026-04-15 12:06:29,226 [INFO]   GE ✅ FE: MT_PTT = PNET+FGA+TIMBRE+TAXE (±0.5)
2026-04-15 12:06:29,227 [INFO]   GE ✅ FE: MT_FGA = MT_RC × 0.25 (±0.5)
2026-04-15 12:06:29,257 [INFO]   GE ✅ FE: ID_POLICE FK valide
2026-04-15 12:06:29,257 [INFO]   GE ✅ FE: ID_AGENT FK valide
2026-04-15 12:06:29,258 [INFO]   GE ✅ DP: ID_POLICE unique
2026-04-15 12:06:29,259 [INFO]   GE ✅ DP: SITUATION ∈ {V,R,T,S,A}
2026-04-15 12:06:29,259 [INFO]   GE ✅ DP: BRANCHE ∈ {AUTO,IRDS,SANTE}
2026-04-15 12:06:29,262 [INFO]   GE ✅ DP: BONUS_MALUS AUTO null < 5%
2026-04-15 12:06:29,263 [INFO]   GE ✅ DC: ID_CLIENT unique
2026-04-15 12:06:29,264 [INFO]   GE ✅ DC: TYPE_PERSONNE ∈ {P,M}
2026-04-15 12:06:29,264 [INFO]   GE ✅ FI: MT_ACP ≤ MT_PTT (acompte cohérent)
2026-04-15 12:06:29,264 [INFO]   GE ✅ FI: MT_PTT ≥ 0
2026-04-15 12:06:29,266 [INFO]   Score qualité : 100.0% (18/18 règles)
2026-04-15 12:06:29,266 [INFO]   ✅ Validation réussie
2026-04-15 12:06:29,266 [INFO] 
[4/5] LOAD — DRY-RUN, aucune écriture DB
2026-04-15 12:06:29,266 [INFO]   [DRY] DIM_AGENT : 201 lignes prêtes
2026-04-15 12:06:29,267 [INFO]   [DRY] DIM_CLIENT : 30,001 lignes prêtes
2026-04-15 12:06:29,267 [INFO]   [DRY] DIM_POLICE : 30,001 lignes prêtes
2026-04-15 12:06:29,267 [INFO]   [DRY] DIM_VEHICULE : 20,000 lignes prêtes
2026-04-15 12:06:29,267 [INFO]   [DRY] FACT_EMISSION : 62,961 lignes prêtes
2026-04-15 12:06:29,267 [INFO]   [DRY] FACT_ANNULATION : 1,273 lignes prêtes
2026-04-15 12:06:29,267 [INFO]   [DRY] FACT_IMPAYE : 868 lignes prêtes
2026-04-15 12:06:29,267 [INFO]   [DRY] FACT_SINISTRE : 8,000 lignes prêtes
2026-04-15 12:06:29,268 [INFO]   [DRY] FACT_EMISSION_DETAIL : 208,290 lignes prêtes
2026-04-15 12:06:29,268 [INFO] 
[5/5] REPORT — Génération rapport qualité JSON...
2026-04-15 12:06:29,268 [INFO] 
======================================================================
2026-04-15 12:06:29,268 [INFO]   RÉSUMÉ DES CORRECTIONS APPLIQUÉES
2026-04-15 12:06:29,268 [INFO] ======================================================================
2026-04-15 12:06:29,268 [INFO]   DIM_AGENT                      →     200 →     201  (−0 supprimés, +1 ajoutés, 24 corrections)
2026-04-15 12:06:29,268 [INFO]   DIM_CLIENT                     →  30,000 →  30,001  (−0 supprimés, +1 ajoutés, 8,622 corrections)
2026-04-15 12:06:29,268 [INFO]   DIM_POLICE                     →  30,000 →  30,001  (−0 supprimés, +1 ajoutés, 16,748 corrections)
2026-04-15 12:06:29,268 [INFO]   DIM_VEHICULE                   →  20,000 →  20,000  (−0 supprimés, +0 ajoutés, 19,973 corrections)
2026-04-15 12:06:29,268 [INFO]   FACT_EMISSION                  →  65,000 →  62,961  (−2,039 supprimés, +0 ajoutés, 13,358 corrections)
2026-04-15 12:06:29,268 [INFO]   FACT_ANNULATION                →   1,273 →   1,273  (−0 supprimés, +0 ajoutés, 319 corrections)
2026-04-15 12:06:29,269 [INFO]   FACT_IMPAYE                    →     868 →     868  (−0 supprimés, +0 ajoutés, 22 corrections)
2026-04-15 12:06:29,269 [INFO]   FACT_SINISTRE                  →   8,000 →   8,000  (−0 supprimés, +0 ajoutés, 0 corrections)
2026-04-15 12:06:29,269 [INFO]   FACT_EMISSION_DETAIL           → 208,290 → 208,290  (−0 supprimés, +0 ajoutés, 10,901 corrections)
2026-04-15 12:06:29,269 [INFO] ----------------------------------------------------------------------
2026-04-15 12:06:29,269 [INFO]   TOTAL                             Total corrections : 69,967
2026-04-15 12:06:29,269 [INFO]                                     Total suppressions: 2,039
2026-04-15 12:06:29,269 [INFO]                                     Total ajouts      : 3
2026-04-15 12:06:29,269 [INFO] 
  Score GE post-nettoyage : 100.0%  (18/18 règles)
2026-04-15 12:06:29,269 [INFO] 
  Durée totale : 15.3s
2026-04-15 12:06:29,269 [INFO] ======================================================================
2026-04-15 12:06:29,270 [INFO] 
  💾 Rapport : maghrebia\reports\data_quality\import_report_20260415_1206.json
2026-04-15 12:06:30,449 [INFO]   💾 CSV nettoyés : C:\Users\LENOVO\Desktop\PFE_\maghrebia\data\clean/
