2026-04-02 14:12:00,843 [INFO] ======================================================================
2026-04-02 14:12:00,844 [INFO]   MAGHREBIA ASSURANCE — PIPELINE PHASE 2
2026-04-02 14:12:00,844 [INFO]   Start : 2026-04-02 14:12:00
2026-04-02 14:12:00,844 [INFO]   Mode  : PRODUCTION
2026-04-02 14:12:00,845 [INFO] ======================================================================
2026-04-02 14:12:00,845 [INFO] 
[0/5] Connexion PostgreSQL...
2026-04-02 14:12:00,888 [INFO]   ✅ Connexion OK
2026-04-02 14:12:00,891 [INFO] 
[1/5] EXTRACT — Lecture CSV bruts...
2026-04-02 14:12:00,905 [INFO]   Chargé : DIM_AGENT.csv → 200 lignes × 12 cols
2026-04-02 14:12:00,994 [INFO]   Chargé : DIM_CLIENT.csv → 30,000 lignes × 13 cols
2026-04-02 14:12:01,071 [INFO]   Chargé : DIM_POLICE.csv → 30,000 lignes × 16 cols
2026-04-02 14:12:01,138 [INFO]   Chargé : DIM_VEHICULE.csv → 20,000 lignes × 15 cols
2026-04-02 14:12:01,418 [INFO]   Chargé : DWH_FACT_EMISSION.csv → 65,000 lignes × 33 cols
2026-04-02 14:12:01,430 [INFO]   Chargé : DWH_FACT_ANNULATION.csv → 1,147 lignes × 22 cols
2026-04-02 14:12:01,443 [INFO]   Chargé : DWH_FACT_IMPAYE.csv → 764 lignes × 16 cols
2026-04-02 14:12:01,663 [INFO]   Chargé : DWH_FACT_EMISSION_DETAIL.csv → 208,290 lignes × 9 cols
2026-04-02 14:12:01,664 [INFO] 
[2/5] CLEAN — Application des 34 règles de nettoyage...
2026-04-02 14:12:01,664 [INFO]   → DIM_AGENT
2026-04-02 14:12:01,668 [INFO]   [DIM_AGENT] A4 - email_agent null rempli: 23 corrections
2026-04-02 14:12:01,674 [INFO]   [DIM_AGENT] A7 - ligne UNKNOWN agent (ID=0) ajoutée: 1 corrections
2026-04-02 14:12:01,675 [INFO]   → DIM_CLIENT
2026-04-02 14:12:01,687 [INFO]   [DIM_CLIENT] C2 - TYPE_PERSONNE invalide → P: 396 corrections
2026-04-02 14:12:01,697 [INFO]   [DIM_CLIENT] C3 - NOM null → INCONNU: 679 corrections
2026-04-02 14:12:02,696 [INFO]   [DIM_CLIENT] C9 - ligne UNKNOWN client (ID=0) ajoutée: 1 corrections
2026-04-02 14:12:02,708 [INFO]   → DIM_POLICE
2026-04-02 14:12:02,719 [INFO]   [DIM_POLICE] P2 - NUM_POLICE null → généré: 196 corrections
2026-04-02 14:12:04,871 [INFO]   [DIM_POLICE] P8 - BONUS_MALUS hors [0.5,3.5] → 1.0: 14,147 corrections
2026-04-02 14:12:04,885 [INFO]   [DIM_POLICE] P9 - POLRP orphelin → NaN: 2,404 corrections
2026-04-02 14:12:04,913 [INFO]   [DIM_POLICE] P11 - ligne UNKNOWN police (ID=0) ajoutée: 1 corrections
2026-04-02 14:12:04,923 [INFO]   → DIM_VEHICULE
2026-04-02 14:12:04,946 [INFO]   [DIM_VEHICULE] V3 - IMMATRICULATION null → INCONNU: 274 corrections
2026-04-02 14:12:05,649 [INFO]   [DIM_VEHICULE] V6 - VALEUR_A_NEUF invalide → NaN: 19,699 corrections
2026-04-02 14:12:05,652 [INFO]   → FACT_EMISSION
2026-04-02 14:12:05,687 [INFO]   [FACT_EMISSION] E2 - ETAT_QUIT invalide → E: 650 corrections
2026-04-02 14:12:12,484 [INFO]   [FACT_EMISSION] E5 - ANNEE_ECHEANCE invalide → imputation: 1,375 corrections
2026-04-02 14:12:12,492 [INFO]   [FACT_EMISSION] E6 - MT_PNET négatif → ABS: 256 corrections
2026-04-02 14:12:12,493 [INFO]   [FACT_EMISSION] E7 - MT_PNET null → 0.0: 408 corrections
2026-04-02 14:12:12,495 [INFO]   [FACT_EMISSION] E6 - MT_PTT négatif → ABS: 252 corrections
2026-04-02 14:12:12,496 [INFO]   [FACT_EMISSION] E7 - MT_PTT null → 0.0: 381 corrections
2026-04-02 14:12:12,497 [INFO]   [FACT_EMISSION] E7 - MT_COMMISSION null → 0.0: 1,324 corrections
2026-04-02 14:12:12,499 [INFO]   [FACT_EMISSION] E8 - MT_PNET > 109713 DT winsorisé: 65 corrections
2026-04-02 14:12:12,511 [INFO]   [FACT_EMISSION] E9 - MT_PNET recalculé (Σ garanties): 4,865 corrections
2026-04-02 14:12:12,535 [INFO]   [FACT_EMISSION] E11 - MT_PTT recalculé (PNET+FGA+TIMBRE+TAXE): 4,849 corrections
2026-04-02 14:12:12,577 [INFO]   → FACT_ANNULATION
2026-04-02 14:12:12,660 [INFO]   [FACT_ANNULATION] N5 - DATE_ANNULATION < DATE_EMISSION → swap: 277 corrections
2026-04-02 14:12:12,679 [INFO]   → FACT_IMPAYE
2026-04-02 14:12:12,685 [INFO]   [FACT_IMPAYE] I2 - MT_ACP > MT_PTT → plafonné: 13 corrections
2026-04-02 14:12:14,489 [INFO]   [FACT_EMISSION_DETAIL] D3 - ANNEE_ECHEANCE invalide → imputation: 4,411 corrections
2026-04-02 14:12:14,508 [INFO]   → FACT_EMISSION_DETAIL : 208,290 → 208,290 lignes (imputation sans suppression)
2026-04-02 14:12:14,509 [INFO] 
[3/5] VALIDATE — Great Expectations post-cleaning...
2026-04-02 14:12:14,511 [INFO]   GE ✅ FE: NUM_QUITTANCE unique
2026-04-02 14:12:14,513 [INFO]   GE ✅ FE: ETAT_QUIT ∈ {E,P,A}
2026-04-02 14:12:14,515 [INFO]   GE ✅ FE: BRANCHE ∈ {AUTO,IRDS,SANTE}
2026-04-02 14:12:14,516 [INFO]   GE ✅ FE: ANNEE_ECHEANCE ∈ [2018,2025]
2026-04-02 14:12:14,517 [INFO]   GE ✅ FE: MT_PNET ≥ 0
2026-04-02 14:12:14,517 [INFO]   GE ✅ FE: MT_PTT ≥ 0
2026-04-02 14:12:14,518 [INFO]   GE ✅ FE: MT_PTT = PNET+FGA+TIMBRE+TAXE (±0.5)
2026-04-02 14:12:14,519 [INFO]   GE ✅ FE: MT_FGA = MT_RC × 0.25 (±0.5)
2026-04-02 14:12:14,549 [INFO]   GE ✅ FE: ID_POLICE FK valide
2026-04-02 14:12:14,550 [INFO]   GE ✅ FE: ID_AGENT FK valide
2026-04-02 14:12:14,551 [INFO]   GE ✅ DP: ID_POLICE unique
2026-04-02 14:12:14,553 [INFO]   GE ✅ DP: SITUATION ∈ {V,R,T,S,A}
2026-04-02 14:12:14,554 [INFO]   GE ✅ DP: BRANCHE ∈ {AUTO,IRDS,SANTE}
2026-04-02 14:12:14,557 [INFO]   GE ✅ DP: BONUS_MALUS AUTO null < 5%
2026-04-02 14:12:14,558 [INFO]   GE ✅ DC: ID_CLIENT unique
2026-04-02 14:12:14,560 [INFO]   GE ✅ DC: TYPE_PERSONNE ∈ {P,M}
2026-04-02 14:12:14,560 [INFO]   GE ✅ FI: MT_ACP ≤ MT_PTT (acompte cohérent)
2026-04-02 14:12:14,561 [INFO]   GE ✅ FI: MT_PTT ≥ 0
2026-04-02 14:12:14,563 [INFO]   Score qualité : 100.0% (18/18 règles)
2026-04-02 14:12:14,563 [INFO]   ✅ Validation réussie
2026-04-02 14:12:14,563 [INFO] 
[4/5] LOAD — Chargement PostgreSQL...
2026-04-02 14:12:14,609 [INFO]   ✅ dim_agent : 201 lignes chargées (UPSERT)
2026-04-02 14:12:18,539 [INFO]   ✅ dim_client : 30,001 lignes chargées (UPSERT)
2026-04-02 14:12:23,262 [INFO]   ✅ dim_police : 30,001 lignes chargées (UPSERT)
2026-04-02 14:12:26,270 [INFO]   ✅ dim_vehicule : 20,000 lignes chargées (UPSERT)
2026-04-02 14:12:50,790 [INFO]   ✅ dwh_fact_emission : 65,000 lignes chargées (TRUNCATE+INSERT)
2026-04-02 14:13:13,502 [INFO]   ✅ dwh_fact_emission_detail : 208,290 lignes chargées (TRUNCATE+INSERT)
2026-04-02 14:13:13,776 [INFO]   ✅ dwh_fact_annulation : 1,147 lignes chargées (TRUNCATE+INSERT)
2026-04-02 14:13:13,910 [INFO]   ✅ dwh_fact_impaye : 764 lignes chargées (TRUNCATE+INSERT)
2026-04-02 14:13:13,911 [INFO] 
[5/5] REPORT — Génération rapport qualité JSON...
2026-04-02 14:13:13,911 [INFO] 
======================================================================
2026-04-02 14:13:13,912 [INFO]   RÉSUMÉ DES CORRECTIONS APPLIQUÉES
2026-04-02 14:13:13,912 [INFO] ======================================================================
2026-04-02 14:13:13,913 [INFO]   DIM_AGENT                      →     200 →     201  (−0 supprimés, +1 ajoutés, 24 corrections)
2026-04-02 14:13:13,913 [INFO]   DIM_CLIENT                     →  30,000 →  30,001  (−0 supprimés, +1 ajoutés, 1,076 corrections)
2026-04-02 14:13:13,913 [INFO]   DIM_POLICE                     →  30,000 →  30,001  (−0 supprimés, +1 ajoutés, 16,748 corrections)
2026-04-02 14:13:13,914 [INFO]   DIM_VEHICULE                   →  20,000 →  20,000  (−0 supprimés, +0 ajoutés, 19,973 corrections)
2026-04-02 14:13:13,914 [INFO]   FACT_EMISSION                  →  65,000 →  65,000  (−0 supprimés, +0 ajoutés, 14,425 corrections)
2026-04-02 14:13:13,915 [INFO]   FACT_ANNULATION                →   1,147 →   1,147  (−0 supprimés, +0 ajoutés, 277 corrections)
2026-04-02 14:13:13,915 [INFO]   FACT_IMPAYE                    →     764 →     764  (−0 supprimés, +0 ajoutés, 13 corrections)
2026-04-02 14:13:13,916 [INFO]   FACT_EMISSION_DETAIL           → 208,290 → 208,290  (−0 supprimés, +0 ajoutés, 4,411 corrections)
2026-04-02 14:13:13,916 [INFO] ----------------------------------------------------------------------
2026-04-02 14:13:13,917 [INFO]   TOTAL                             Total corrections : 56,947
2026-04-02 14:13:13,917 [INFO]                                     Total suppressions: 0
2026-04-02 14:13:13,918 [INFO]                                     Total ajouts      : 3
2026-04-02 14:13:13,918 [INFO] 
  Score GE post-nettoyage : 100.0%  (18/18 règles)
2026-04-02 14:13:13,918 [INFO] 
  Durée totale : 73.1s
2026-04-02 14:13:13,919 [INFO] ======================================================================
2026-04-02 14:13:13,924 [INFO] 
  💾 Rapport : /app/reports/data_quality/import_report_20260402_1412.json
2026-04-02 14:13:16,789 [INFO]   💾 CSV nettoyés : /app/data/clean/
