2026-04-07 07:03:25,556 [INFO] ======================================================================
2026-04-07 07:03:25,556 [INFO]   MAGHREBIA ASSURANCE — PIPELINE PHASE 2
2026-04-07 07:03:25,557 [INFO]   Start : 2026-04-07 07:03:25
2026-04-07 07:03:25,558 [INFO]   Mode  : PRODUCTION
2026-04-07 07:03:25,558 [INFO] ======================================================================
2026-04-07 07:03:25,559 [INFO] 
[0/5] Connexion PostgreSQL...
2026-04-07 07:03:25,599 [INFO]   ✅ Connexion OK
2026-04-07 07:03:25,602 [INFO] 
[1/5] EXTRACT — Lecture CSV bruts...
2026-04-07 07:03:25,614 [INFO]   Chargé : DIM_AGENT.csv → 200 lignes × 12 cols
2026-04-07 07:03:25,712 [INFO]   Chargé : DIM_CLIENT.csv → 30,000 lignes × 13 cols
2026-04-07 07:03:25,787 [INFO]   Chargé : DIM_POLICE.csv → 30,000 lignes × 16 cols
2026-04-07 07:03:25,854 [INFO]   Chargé : DIM_VEHICULE.csv → 20,000 lignes × 15 cols
2026-04-07 07:03:26,138 [INFO]   Chargé : DWH_FACT_EMISSION.csv → 65,000 lignes × 33 cols
2026-04-07 07:03:26,155 [INFO]   Chargé : DWH_FACT_ANNULATION.csv → 1,147 lignes × 22 cols
2026-04-07 07:03:26,166 [INFO]   Chargé : DWH_FACT_IMPAYE.csv → 764 lignes × 16 cols
2026-04-07 07:03:26,370 [INFO]   Chargé : DWH_FACT_EMISSION_DETAIL.csv → 208,290 lignes × 9 cols
2026-04-07 07:03:26,370 [INFO] 
[2/5] CLEAN — Application des 34 règles de nettoyage...
2026-04-07 07:03:26,370 [INFO]   → DIM_AGENT
2026-04-07 07:03:26,374 [INFO]   [DIM_AGENT] A4 - email_agent null rempli: 23 corrections
2026-04-07 07:03:26,379 [INFO]   [DIM_AGENT] A7 - ligne UNKNOWN agent (ID=0) ajoutée: 1 corrections
2026-04-07 07:03:26,380 [INFO]   → DIM_CLIENT
2026-04-07 07:03:26,395 [INFO]   [DIM_CLIENT] C2 - TYPE_PERSONNE invalide → P: 396 corrections
2026-04-07 07:03:26,411 [INFO]   [DIM_CLIENT] C3 - NOM null → INCONNU: 679 corrections
2026-04-07 07:03:27,133 [INFO]   [DIM_CLIENT] C9 - ligne UNKNOWN client (ID=0) ajoutée: 1 corrections
2026-04-07 07:03:27,147 [INFO]   → DIM_POLICE
2026-04-07 07:03:27,158 [INFO]   [DIM_POLICE] P2 - NUM_POLICE null → généré: 196 corrections
2026-04-07 07:03:29,191 [INFO]   [DIM_POLICE] P8 - BONUS_MALUS hors [0.5,3.5] → 1.0: 14,147 corrections
2026-04-07 07:03:29,214 [INFO]   [DIM_POLICE] P9 - POLRP orphelin → NaN: 2,404 corrections
2026-04-07 07:03:29,258 [INFO]   [DIM_POLICE] P11 - ligne UNKNOWN police (ID=0) ajoutée: 1 corrections
2026-04-07 07:03:29,269 [INFO]   → DIM_VEHICULE
2026-04-07 07:03:29,297 [INFO]   [DIM_VEHICULE] V3 - IMMATRICULATION null → INCONNU: 274 corrections
2026-04-07 07:03:29,959 [INFO]   [DIM_VEHICULE] V6 - VALEUR_A_NEUF invalide → NaN: 19,699 corrections
2026-04-07 07:03:29,964 [INFO]   → FACT_EMISSION
2026-04-07 07:03:30,008 [INFO]   [FACT_EMISSION] E2 - ETAT_QUIT invalide → E: 650 corrections
2026-04-07 07:03:36,101 [INFO]   [FACT_EMISSION] E5 - ANNEE_ECHEANCE invalide → imputation: 1,375 corrections
2026-04-07 07:03:36,106 [INFO]   [FACT_EMISSION] E6 - MT_PNET négatif → ABS: 256 corrections
2026-04-07 07:03:36,107 [INFO]   [FACT_EMISSION] E7 - MT_PNET null → 0.0: 408 corrections
2026-04-07 07:03:36,110 [INFO]   [FACT_EMISSION] E6 - MT_PTT négatif → ABS: 252 corrections
2026-04-07 07:03:36,111 [INFO]   [FACT_EMISSION] E7 - MT_PTT null → 0.0: 381 corrections
2026-04-07 07:03:36,112 [INFO]   [FACT_EMISSION] E7 - MT_COMMISSION null → 0.0: 1,324 corrections
2026-04-07 07:03:36,119 [INFO]   [FACT_EMISSION] E8 - MT_PNET > 109713 DT winsorisé: 65 corrections
2026-04-07 07:03:36,132 [INFO]   [FACT_EMISSION] E9 - MT_PNET recalculé (Σ garanties): 4,865 corrections
2026-04-07 07:03:36,148 [INFO]   [FACT_EMISSION] E11 - MT_PTT recalculé (PNET+FGA+TIMBRE+TAXE): 4,849 corrections
2026-04-07 07:03:36,222 [INFO]   → FACT_ANNULATION
2026-04-07 07:03:36,298 [INFO]   [FACT_ANNULATION] N5 - DATE_ANNULATION < DATE_EMISSION → swap: 277 corrections
2026-04-07 07:03:36,318 [INFO]   → FACT_IMPAYE
2026-04-07 07:03:36,320 [INFO]   [FACT_IMPAYE] I2 - MT_ACP > MT_PTT → plafonné: 13 corrections
2026-04-07 07:03:38,893 [INFO]   [FACT_EMISSION_DETAIL] D3 - ANNEE_ECHEANCE invalide → imputation: 4,411 corrections
2026-04-07 07:03:38,920 [INFO]   → FACT_EMISSION_DETAIL : 208,290 → 208,290 lignes (imputation sans suppression)
2026-04-07 07:03:38,920 [INFO] 
[3/5] VALIDATE — Great Expectations post-cleaning...
2026-04-07 07:03:38,924 [INFO]   GE ✅ FE: NUM_QUITTANCE unique
2026-04-07 07:03:38,927 [INFO]   GE ✅ FE: ETAT_QUIT ∈ {E,P,A}
2026-04-07 07:03:38,930 [INFO]   GE ✅ FE: BRANCHE ∈ {AUTO,IRDS,SANTE}
2026-04-07 07:03:38,932 [INFO]   GE ✅ FE: ANNEE_ECHEANCE ∈ [2018,2025]
2026-04-07 07:03:38,933 [INFO]   GE ✅ FE: MT_PNET ≥ 0
2026-04-07 07:03:38,934 [INFO]   GE ✅ FE: MT_PTT ≥ 0
2026-04-07 07:03:38,937 [INFO]   GE ✅ FE: MT_PTT = PNET+FGA+TIMBRE+TAXE (±0.5)
2026-04-07 07:03:38,939 [INFO]   GE ✅ FE: MT_FGA = MT_RC × 0.25 (±0.5)
2026-04-07 07:03:38,999 [INFO]   GE ✅ FE: ID_POLICE FK valide
2026-04-07 07:03:39,004 [INFO]   GE ✅ FE: ID_AGENT FK valide
2026-04-07 07:03:39,006 [INFO]   GE ✅ DP: ID_POLICE unique
2026-04-07 07:03:39,009 [INFO]   GE ✅ DP: SITUATION ∈ {V,R,T,S,A}
2026-04-07 07:03:39,011 [INFO]   GE ✅ DP: BRANCHE ∈ {AUTO,IRDS,SANTE}
2026-04-07 07:03:39,015 [INFO]   GE ✅ DP: BONUS_MALUS AUTO null < 5%
2026-04-07 07:03:39,015 [INFO]   GE ✅ DC: ID_CLIENT unique
2026-04-07 07:03:39,017 [INFO]   GE ✅ DC: TYPE_PERSONNE ∈ {P,M}
2026-04-07 07:03:39,017 [INFO]   GE ✅ FI: MT_ACP ≤ MT_PTT (acompte cohérent)
2026-04-07 07:03:39,018 [INFO]   GE ✅ FI: MT_PTT ≥ 0
2026-04-07 07:03:39,021 [INFO]   Score qualité : 100.0% (18/18 règles)
2026-04-07 07:03:39,021 [INFO]   ✅ Validation réussie
2026-04-07 07:03:39,022 [INFO] 
[4/5] LOAD — Chargement PostgreSQL...
2026-04-07 07:03:39,082 [INFO]   ✅ dim_agent : 201 lignes chargées (UPSERT)
2026-04-07 07:03:43,671 [INFO]   ✅ dim_client : 30,001 lignes chargées (UPSERT)
2026-04-07 07:03:48,900 [INFO]   ✅ dim_police : 30,001 lignes chargées (UPSERT)
2026-04-07 07:03:52,280 [INFO]   ✅ dim_vehicule : 20,000 lignes chargées (UPSERT)
2026-04-07 07:04:19,282 [INFO]   ✅ dwh_fact_emission : 65,000 lignes chargées (TRUNCATE+INSERT)
2026-04-07 07:04:43,654 [INFO]   ✅ dwh_fact_emission_detail : 208,290 lignes chargées (TRUNCATE+INSERT)
2026-04-07 07:04:43,943 [INFO]   ✅ dwh_fact_annulation : 1,147 lignes chargées (TRUNCATE+INSERT)
2026-04-07 07:04:44,081 [INFO]   ✅ dwh_fact_impaye : 764 lignes chargées (TRUNCATE+INSERT)
2026-04-07 07:04:44,082 [INFO] 
[5/5] REPORT — Génération rapport qualité JSON...
2026-04-07 07:04:44,082 [INFO] 
======================================================================
2026-04-07 07:04:44,083 [INFO]   RÉSUMÉ DES CORRECTIONS APPLIQUÉES
2026-04-07 07:04:44,083 [INFO] ======================================================================
2026-04-07 07:04:44,083 [INFO]   DIM_AGENT                      →     200 →     201  (−0 supprimés, +1 ajoutés, 24 corrections)
2026-04-07 07:04:44,083 [INFO]   DIM_CLIENT                     →  30,000 →  30,001  (−0 supprimés, +1 ajoutés, 1,076 corrections)
2026-04-07 07:04:44,084 [INFO]   DIM_POLICE                     →  30,000 →  30,001  (−0 supprimés, +1 ajoutés, 16,748 corrections)
2026-04-07 07:04:44,086 [INFO]   DIM_VEHICULE                   →  20,000 →  20,000  (−0 supprimés, +0 ajoutés, 19,973 corrections)
2026-04-07 07:04:44,086 [INFO]   FACT_EMISSION                  →  65,000 →  65,000  (−0 supprimés, +0 ajoutés, 14,425 corrections)
2026-04-07 07:04:44,086 [INFO]   FACT_ANNULATION                →   1,147 →   1,147  (−0 supprimés, +0 ajoutés, 277 corrections)
2026-04-07 07:04:44,086 [INFO]   FACT_IMPAYE                    →     764 →     764  (−0 supprimés, +0 ajoutés, 13 corrections)
2026-04-07 07:04:44,087 [INFO]   FACT_EMISSION_DETAIL           → 208,290 → 208,290  (−0 supprimés, +0 ajoutés, 4,411 corrections)
2026-04-07 07:04:44,087 [INFO] ----------------------------------------------------------------------
2026-04-07 07:04:44,087 [INFO]   TOTAL                             Total corrections : 56,947
2026-04-07 07:04:44,088 [INFO]                                     Total suppressions: 0
2026-04-07 07:04:44,088 [INFO]                                     Total ajouts      : 3
2026-04-07 07:04:44,088 [INFO] 
  Score GE post-nettoyage : 100.0%  (18/18 règles)
2026-04-07 07:04:44,088 [INFO] 
  Durée totale : 78.5s
2026-04-07 07:04:44,089 [INFO] ======================================================================
2026-04-07 07:04:44,092 [INFO] 
  💾 Rapport : /opt/airflow/reports/data_quality/import_report_20260407_0703.json
2026-04-07 07:04:47,439 [INFO]   💾 CSV nettoyés : /opt/airflow/data/clean/
