2026-04-02 14:09:24,294 [INFO] ======================================================================
2026-04-02 14:09:24,295 [INFO]   MAGHREBIA ASSURANCE — PIPELINE PHASE 2
2026-04-02 14:09:24,295 [INFO]   Start : 2026-04-02 14:09:24
2026-04-02 14:09:24,296 [INFO]   Mode  : PRODUCTION
2026-04-02 14:09:24,296 [INFO] ======================================================================
2026-04-02 14:09:24,296 [INFO] 
[0/5] Connexion PostgreSQL...
2026-04-02 14:09:24,336 [INFO]   ✅ Connexion OK
2026-04-02 14:09:24,339 [INFO] 
[1/5] EXTRACT — Lecture CSV bruts...
2026-04-02 14:09:24,352 [INFO]   Chargé : DIM_AGENT.csv → 200 lignes × 12 cols
2026-04-02 14:09:24,431 [INFO]   Chargé : DIM_CLIENT.csv → 30,000 lignes × 13 cols
2026-04-02 14:09:24,503 [INFO]   Chargé : DIM_POLICE.csv → 30,000 lignes × 16 cols
2026-04-02 14:09:24,571 [INFO]   Chargé : DIM_VEHICULE.csv → 20,000 lignes × 15 cols
2026-04-02 14:09:24,876 [INFO]   Chargé : DWH_FACT_EMISSION.csv → 65,000 lignes × 33 cols
2026-04-02 14:09:24,891 [INFO]   Chargé : DWH_FACT_ANNULATION.csv → 1,147 lignes × 22 cols
2026-04-02 14:09:24,903 [INFO]   Chargé : DWH_FACT_IMPAYE.csv → 764 lignes × 16 cols
2026-04-02 14:09:25,125 [INFO]   Chargé : DWH_FACT_EMISSION_DETAIL.csv → 208,290 lignes × 9 cols
2026-04-02 14:09:25,126 [INFO] 
[2/5] CLEAN — Application des 34 règles de nettoyage...
2026-04-02 14:09:25,126 [INFO]   → DIM_AGENT
2026-04-02 14:09:25,130 [INFO]   [DIM_AGENT] A4 - email_agent null rempli: 23 corrections
2026-04-02 14:09:25,133 [INFO]   [DIM_AGENT] A7 - ligne UNKNOWN agent (ID=0) ajoutée: 1 corrections
2026-04-02 14:09:25,134 [INFO]   → DIM_CLIENT
2026-04-02 14:09:25,146 [INFO]   [DIM_CLIENT] C2 - TYPE_PERSONNE invalide → P: 396 corrections
2026-04-02 14:09:25,154 [INFO]   [DIM_CLIENT] C3 - NOM null → INCONNU: 679 corrections
2026-04-02 14:09:26,034 [INFO]   [DIM_CLIENT] C9 - ligne UNKNOWN client (ID=0) ajoutée: 1 corrections
2026-04-02 14:09:26,044 [INFO]   → DIM_POLICE
2026-04-02 14:09:26,052 [INFO]   [DIM_POLICE] P2 - NUM_POLICE null → généré: 196 corrections
2026-04-02 14:09:28,270 [INFO]   [DIM_POLICE] P8 - BONUS_MALUS hors [0.5,3.5] → 1.0: 14,147 corrections
2026-04-02 14:09:28,284 [INFO]   [DIM_POLICE] P9 - POLRP orphelin → NaN: 2,404 corrections
2026-04-02 14:09:28,310 [INFO]   [DIM_POLICE] P11 - ligne UNKNOWN police (ID=0) ajoutée: 1 corrections
2026-04-02 14:09:28,321 [INFO]   → DIM_VEHICULE
2026-04-02 14:09:28,339 [INFO]   [DIM_VEHICULE] V3 - IMMATRICULATION null → INCONNU: 274 corrections
2026-04-02 14:09:29,022 [INFO]   [DIM_VEHICULE] V6 - VALEUR_A_NEUF invalide → NaN: 19,699 corrections
2026-04-02 14:09:29,026 [INFO]   → FACT_EMISSION
2026-04-02 14:09:29,055 [INFO]   [FACT_EMISSION] E2 - ETAT_QUIT invalide → E: 650 corrections
2026-04-02 14:09:35,901 [INFO]   [FACT_EMISSION] E5 - ANNEE_ECHEANCE invalide → imputation: 1,375 corrections
2026-04-02 14:09:35,908 [INFO]   [FACT_EMISSION] E6 - MT_PNET négatif → ABS: 256 corrections
2026-04-02 14:09:35,910 [INFO]   [FACT_EMISSION] E7 - MT_PNET null → 0.0: 408 corrections
2026-04-02 14:09:35,912 [INFO]   [FACT_EMISSION] E6 - MT_PTT négatif → ABS: 252 corrections
2026-04-02 14:09:35,913 [INFO]   [FACT_EMISSION] E7 - MT_PTT null → 0.0: 381 corrections
2026-04-02 14:09:35,914 [INFO]   [FACT_EMISSION] E7 - MT_COMMISSION null → 0.0: 1,324 corrections
2026-04-02 14:09:35,915 [INFO]   [FACT_EMISSION] E8 - MT_PNET > 109713 DT winsorisé: 65 corrections
2026-04-02 14:09:35,925 [INFO]   [FACT_EMISSION] E9 - MT_PNET recalculé (Σ garanties): 4,865 corrections
2026-04-02 14:09:35,945 [INFO]   [FACT_EMISSION] E11 - MT_PTT recalculé (PNET+FGA+TIMBRE+TAXE): 4,849 corrections
2026-04-02 14:09:35,990 [INFO]   → FACT_ANNULATION
2026-04-02 14:09:36,076 [INFO]   [FACT_ANNULATION] N5 - DATE_ANNULATION < DATE_EMISSION → swap: 277 corrections
2026-04-02 14:09:36,089 [INFO]   → FACT_IMPAYE
2026-04-02 14:09:36,090 [INFO]   [FACT_IMPAYE] I2 - MT_ACP > MT_PTT → plafonné: 13 corrections
2026-04-02 14:09:37,895 [INFO]   [FACT_EMISSION_DETAIL] D3 - ANNEE_ECHEANCE invalide → imputation: 4,411 corrections
2026-04-02 14:09:37,912 [INFO]   → FACT_EMISSION_DETAIL : 208,290 → 208,290 lignes (imputation sans suppression)
2026-04-02 14:09:37,913 [INFO] 
[3/5] VALIDATE — Great Expectations post-cleaning...
2026-04-02 14:09:37,915 [INFO]   GE ✅ FE: NUM_QUITTANCE unique
2026-04-02 14:09:37,917 [INFO]   GE ✅ FE: ETAT_QUIT ∈ {E,P,A}
2026-04-02 14:09:37,919 [INFO]   GE ✅ FE: BRANCHE ∈ {AUTO,IRDS,SANTE}
2026-04-02 14:09:37,920 [INFO]   GE ✅ FE: ANNEE_ECHEANCE ∈ [2018,2025]
2026-04-02 14:09:37,921 [INFO]   GE ✅ FE: MT_PNET ≥ 0
2026-04-02 14:09:37,922 [INFO]   GE ✅ FE: MT_PTT ≥ 0
2026-04-02 14:09:37,923 [INFO]   GE ✅ FE: MT_PTT = PNET+FGA+TIMBRE+TAXE (±0.5)
2026-04-02 14:09:37,924 [INFO]   GE ✅ FE: MT_FGA = MT_RC × 0.25 (±0.5)
2026-04-02 14:09:37,953 [INFO]   GE ✅ FE: ID_POLICE FK valide
2026-04-02 14:09:37,954 [INFO]   GE ✅ FE: ID_AGENT FK valide
2026-04-02 14:09:37,954 [INFO]   GE ✅ DP: ID_POLICE unique
2026-04-02 14:09:37,955 [INFO]   GE ✅ DP: SITUATION ∈ {V,R,T,S,A}
2026-04-02 14:09:37,956 [INFO]   GE ✅ DP: BRANCHE ∈ {AUTO,IRDS,SANTE}
2026-04-02 14:09:37,960 [INFO]   GE ✅ DP: BONUS_MALUS AUTO null < 5%
2026-04-02 14:09:37,961 [INFO]   GE ✅ DC: ID_CLIENT unique
2026-04-02 14:09:37,963 [INFO]   GE ✅ DC: TYPE_PERSONNE ∈ {P,M}
2026-04-02 14:09:37,963 [INFO]   GE ✅ FI: MT_ACP ≤ MT_PTT (acompte cohérent)
2026-04-02 14:09:37,964 [INFO]   GE ✅ FI: MT_PTT ≥ 0
2026-04-02 14:09:37,966 [INFO]   Score qualité : 100.0% (18/18 règles)
2026-04-02 14:09:37,966 [INFO]   ✅ Validation réussie
2026-04-02 14:09:37,966 [INFO] 
[4/5] LOAD — Chargement PostgreSQL...
2026-04-02 14:09:38,016 [INFO]   ✅ dim_agent : 201 lignes chargées (UPSERT)
2026-04-02 14:09:42,028 [INFO]   ✅ dim_client : 30,001 lignes chargées (UPSERT)
2026-04-02 14:09:47,073 [INFO]   ✅ dim_police : 30,001 lignes chargées (UPSERT)
2026-04-02 14:09:50,248 [INFO]   ✅ dim_vehicule : 20,000 lignes chargées (UPSERT)
2026-04-02 14:10:14,985 [INFO]   ✅ dwh_fact_emission : 65,000 lignes chargées (TRUNCATE+INSERT)
2026-04-02 14:10:38,054 [INFO]   ✅ dwh_fact_emission_detail : 208,290 lignes chargées (TRUNCATE+INSERT)
2026-04-02 14:10:38,308 [INFO]   ✅ dwh_fact_annulation : 1,147 lignes chargées (TRUNCATE+INSERT)
2026-04-02 14:10:38,466 [INFO]   ✅ dwh_fact_impaye : 764 lignes chargées (TRUNCATE+INSERT)
2026-04-02 14:10:38,467 [INFO] 
[5/5] REPORT — Génération rapport qualité JSON...
2026-04-02 14:10:38,468 [INFO] 
======================================================================
2026-04-02 14:10:38,468 [INFO]   RÉSUMÉ DES CORRECTIONS APPLIQUÉES
2026-04-02 14:10:38,469 [INFO] ======================================================================
2026-04-02 14:10:38,470 [INFO]   DIM_AGENT                      →     200 →     201  (−-1 supprimés, 24 corrections)
2026-04-02 14:10:38,470 [INFO]   DIM_CLIENT                     →  30,000 →  30,001  (−-1 supprimés, 1,076 corrections)
2026-04-02 14:10:38,471 [INFO]   DIM_POLICE                     →  30,000 →  30,001  (−-1 supprimés, 16,748 corrections)
2026-04-02 14:10:38,472 [INFO]   DIM_VEHICULE                   →  20,000 →  20,000  (−0 supprimés, 19,973 corrections)
2026-04-02 14:10:38,472 [INFO]   FACT_EMISSION                  →  65,000 →  65,000  (−0 supprimés, 14,425 corrections)
2026-04-02 14:10:38,472 [INFO]   FACT_ANNULATION                →   1,147 →   1,147  (−0 supprimés, 277 corrections)
2026-04-02 14:10:38,473 [INFO]   FACT_IMPAYE                    →     764 →     764  (−0 supprimés, 13 corrections)
2026-04-02 14:10:38,474 [INFO]   FACT_EMISSION_DETAIL           → 208,290 → 208,290  (−0 supprimés, 4,411 corrections)
2026-04-02 14:10:38,475 [INFO] ----------------------------------------------------------------------
2026-04-02 14:10:38,477 [INFO]   TOTAL                             Total corrections : 56,947
2026-04-02 14:10:38,477 [INFO]                                     Total suppressions: -3
2026-04-02 14:10:38,478 [INFO] 
  Score GE post-nettoyage : 100.0%  (18/18 règles)
2026-04-02 14:10:38,478 [INFO] 
  Durée totale : 74.2s
2026-04-02 14:10:38,479 [INFO] ======================================================================
2026-04-02 14:10:38,484 [INFO] 
  💾 Rapport : /app/reports/data_quality/import_report_20260402_1409.json
2026-04-02 14:10:41,470 [INFO]   💾 CSV nettoyés : /app/data/clean/
