2026-04-03 16:04:22,470 [INFO] ======================================================================
2026-04-03 16:04:22,470 [INFO]   MAGHREBIA ASSURANCE — PIPELINE PHASE 2
2026-04-03 16:04:22,471 [INFO]   Start : 2026-04-03 16:04:22
2026-04-03 16:04:22,471 [INFO]   Mode  : PRODUCTION
2026-04-03 16:04:22,471 [INFO] ======================================================================
2026-04-03 16:04:22,471 [INFO] 
[0/5] Connexion PostgreSQL...
2026-04-03 16:04:22,543 [INFO]   ✅ Connexion OK
2026-04-03 16:04:22,546 [INFO] 
[1/5] EXTRACT — Lecture CSV bruts...
2026-04-03 16:04:22,556 [INFO]   Chargé : DIM_AGENT.csv → 200 lignes × 12 cols
2026-04-03 16:04:22,642 [INFO]   Chargé : DIM_CLIENT.csv → 30,000 lignes × 13 cols
2026-04-03 16:04:22,716 [INFO]   Chargé : DIM_POLICE.csv → 30,000 lignes × 16 cols
2026-04-03 16:04:22,783 [INFO]   Chargé : DIM_VEHICULE.csv → 20,000 lignes × 15 cols
2026-04-03 16:04:23,165 [INFO]   Chargé : DWH_FACT_EMISSION.csv → 65,000 lignes × 33 cols
2026-04-03 16:04:23,181 [INFO]   Chargé : DWH_FACT_ANNULATION.csv → 1,147 lignes × 22 cols
2026-04-03 16:04:23,192 [INFO]   Chargé : DWH_FACT_IMPAYE.csv → 764 lignes × 16 cols
2026-04-03 16:04:23,513 [INFO]   Chargé : DWH_FACT_EMISSION_DETAIL.csv → 208,290 lignes × 9 cols
2026-04-03 16:04:23,513 [INFO] 
[2/5] CLEAN — Application des 34 règles de nettoyage...
2026-04-03 16:04:23,514 [INFO]   → DIM_AGENT
2026-04-03 16:04:23,521 [INFO]   [DIM_AGENT] A4 - email_agent null rempli: 23 corrections
2026-04-03 16:04:23,532 [INFO]   [DIM_AGENT] A7 - ligne UNKNOWN agent (ID=0) ajoutée: 1 corrections
2026-04-03 16:04:23,534 [INFO]   → DIM_CLIENT
2026-04-03 16:04:23,558 [INFO]   [DIM_CLIENT] C2 - TYPE_PERSONNE invalide → P: 396 corrections
2026-04-03 16:04:23,574 [INFO]   [DIM_CLIENT] C3 - NOM null → INCONNU: 679 corrections
2026-04-03 16:04:24,365 [INFO]   [DIM_CLIENT] C9 - ligne UNKNOWN client (ID=0) ajoutée: 1 corrections
2026-04-03 16:04:24,385 [INFO]   → DIM_POLICE
2026-04-03 16:04:24,397 [INFO]   [DIM_POLICE] P2 - NUM_POLICE null → généré: 196 corrections
2026-04-03 16:04:26,342 [INFO]   [DIM_POLICE] P8 - BONUS_MALUS hors [0.5,3.5] → 1.0: 14,147 corrections
2026-04-03 16:04:26,363 [INFO]   [DIM_POLICE] P9 - POLRP orphelin → NaN: 2,404 corrections
2026-04-03 16:04:26,421 [INFO]   [DIM_POLICE] P11 - ligne UNKNOWN police (ID=0) ajoutée: 1 corrections
2026-04-03 16:04:26,435 [INFO]   → DIM_VEHICULE
2026-04-03 16:04:26,468 [INFO]   [DIM_VEHICULE] V3 - IMMATRICULATION null → INCONNU: 274 corrections
2026-04-03 16:04:27,100 [INFO]   [DIM_VEHICULE] V6 - VALEUR_A_NEUF invalide → NaN: 19,699 corrections
2026-04-03 16:04:27,103 [INFO]   → FACT_EMISSION
2026-04-03 16:04:27,157 [INFO]   [FACT_EMISSION] E2 - ETAT_QUIT invalide → E: 650 corrections
2026-04-03 16:04:33,608 [INFO]   [FACT_EMISSION] E5 - ANNEE_ECHEANCE invalide → imputation: 1,375 corrections
2026-04-03 16:04:33,616 [INFO]   [FACT_EMISSION] E6 - MT_PNET négatif → ABS: 256 corrections
2026-04-03 16:04:33,617 [INFO]   [FACT_EMISSION] E7 - MT_PNET null → 0.0: 408 corrections
2026-04-03 16:04:33,619 [INFO]   [FACT_EMISSION] E6 - MT_PTT négatif → ABS: 252 corrections
2026-04-03 16:04:33,620 [INFO]   [FACT_EMISSION] E7 - MT_PTT null → 0.0: 381 corrections
2026-04-03 16:04:33,621 [INFO]   [FACT_EMISSION] E7 - MT_COMMISSION null → 0.0: 1,324 corrections
2026-04-03 16:04:33,625 [INFO]   [FACT_EMISSION] E8 - MT_PNET > 109713 DT winsorisé: 65 corrections
2026-04-03 16:04:33,642 [INFO]   [FACT_EMISSION] E9 - MT_PNET recalculé (Σ garanties): 4,865 corrections
2026-04-03 16:04:33,661 [INFO]   [FACT_EMISSION] E11 - MT_PTT recalculé (PNET+FGA+TIMBRE+TAXE): 4,849 corrections
2026-04-03 16:04:33,738 [INFO]   → FACT_ANNULATION
2026-04-03 16:04:33,810 [INFO]   [FACT_ANNULATION] N5 - DATE_ANNULATION < DATE_EMISSION → swap: 277 corrections
2026-04-03 16:04:33,829 [INFO]   → FACT_IMPAYE
2026-04-03 16:04:33,831 [INFO]   [FACT_IMPAYE] I2 - MT_ACP > MT_PTT → plafonné: 13 corrections
2026-04-03 16:04:36,308 [INFO]   [FACT_EMISSION_DETAIL] D3 - ANNEE_ECHEANCE invalide → imputation: 4,411 corrections
2026-04-03 16:04:36,335 [INFO]   → FACT_EMISSION_DETAIL : 208,290 → 208,290 lignes (imputation sans suppression)
2026-04-03 16:04:36,336 [INFO] 
[3/5] VALIDATE — Great Expectations post-cleaning...
2026-04-03 16:04:36,338 [INFO]   GE ✅ FE: NUM_QUITTANCE unique
2026-04-03 16:04:36,340 [INFO]   GE ✅ FE: ETAT_QUIT ∈ {E,P,A}
2026-04-03 16:04:36,341 [INFO]   GE ✅ FE: BRANCHE ∈ {AUTO,IRDS,SANTE}
2026-04-03 16:04:36,342 [INFO]   GE ✅ FE: ANNEE_ECHEANCE ∈ [2018,2025]
2026-04-03 16:04:36,343 [INFO]   GE ✅ FE: MT_PNET ≥ 0
2026-04-03 16:04:36,344 [INFO]   GE ✅ FE: MT_PTT ≥ 0
2026-04-03 16:04:36,345 [INFO]   GE ✅ FE: MT_PTT = PNET+FGA+TIMBRE+TAXE (±0.5)
2026-04-03 16:04:36,346 [INFO]   GE ✅ FE: MT_FGA = MT_RC × 0.25 (±0.5)
2026-04-03 16:04:36,411 [INFO]   GE ✅ FE: ID_POLICE FK valide
2026-04-03 16:04:36,412 [INFO]   GE ✅ FE: ID_AGENT FK valide
2026-04-03 16:04:36,413 [INFO]   GE ✅ DP: ID_POLICE unique
2026-04-03 16:04:36,414 [INFO]   GE ✅ DP: SITUATION ∈ {V,R,T,S,A}
2026-04-03 16:04:36,415 [INFO]   GE ✅ DP: BRANCHE ∈ {AUTO,IRDS,SANTE}
2026-04-03 16:04:36,420 [INFO]   GE ✅ DP: BONUS_MALUS AUTO null < 5%
2026-04-03 16:04:36,421 [INFO]   GE ✅ DC: ID_CLIENT unique
2026-04-03 16:04:36,423 [INFO]   GE ✅ DC: TYPE_PERSONNE ∈ {P,M}
2026-04-03 16:04:36,424 [INFO]   GE ✅ FI: MT_ACP ≤ MT_PTT (acompte cohérent)
2026-04-03 16:04:36,424 [INFO]   GE ✅ FI: MT_PTT ≥ 0
2026-04-03 16:04:36,426 [INFO]   Score qualité : 100.0% (18/18 règles)
2026-04-03 16:04:36,427 [INFO]   ✅ Validation réussie
2026-04-03 16:04:36,427 [INFO] 
[4/5] LOAD — Chargement PostgreSQL...
2026-04-03 16:04:36,509 [INFO]   ✅ dim_agent : 201 lignes chargées (UPSERT)
2026-04-03 16:04:41,442 [INFO]   ✅ dim_client : 30,001 lignes chargées (UPSERT)
2026-04-03 16:04:46,971 [INFO]   ✅ dim_police : 30,001 lignes chargées (UPSERT)
2026-04-03 16:04:50,539 [INFO]   ✅ dim_vehicule : 20,000 lignes chargées (UPSERT)
2026-04-03 16:05:17,826 [INFO]   ✅ dwh_fact_emission : 65,000 lignes chargées (TRUNCATE+INSERT)
2026-04-03 16:05:42,110 [INFO]   ✅ dwh_fact_emission_detail : 208,290 lignes chargées (TRUNCATE+INSERT)
2026-04-03 16:05:42,405 [INFO]   ✅ dwh_fact_annulation : 1,147 lignes chargées (TRUNCATE+INSERT)
2026-04-03 16:05:42,550 [INFO]   ✅ dwh_fact_impaye : 764 lignes chargées (TRUNCATE+INSERT)
2026-04-03 16:05:42,550 [INFO] 
[5/5] REPORT — Génération rapport qualité JSON...
2026-04-03 16:05:42,551 [INFO] 
======================================================================
2026-04-03 16:05:42,551 [INFO]   RÉSUMÉ DES CORRECTIONS APPLIQUÉES
2026-04-03 16:05:42,551 [INFO] ======================================================================
2026-04-03 16:05:42,552 [INFO]   DIM_AGENT                      →     200 →     201  (−0 supprimés, +1 ajoutés, 24 corrections)
2026-04-03 16:05:42,552 [INFO]   DIM_CLIENT                     →  30,000 →  30,001  (−0 supprimés, +1 ajoutés, 1,076 corrections)
2026-04-03 16:05:42,552 [INFO]   DIM_POLICE                     →  30,000 →  30,001  (−0 supprimés, +1 ajoutés, 16,748 corrections)
2026-04-03 16:05:42,552 [INFO]   DIM_VEHICULE                   →  20,000 →  20,000  (−0 supprimés, +0 ajoutés, 19,973 corrections)
2026-04-03 16:05:42,552 [INFO]   FACT_EMISSION                  →  65,000 →  65,000  (−0 supprimés, +0 ajoutés, 14,425 corrections)
2026-04-03 16:05:42,553 [INFO]   FACT_ANNULATION                →   1,147 →   1,147  (−0 supprimés, +0 ajoutés, 277 corrections)
2026-04-03 16:05:42,553 [INFO]   FACT_IMPAYE                    →     764 →     764  (−0 supprimés, +0 ajoutés, 13 corrections)
2026-04-03 16:05:42,553 [INFO]   FACT_EMISSION_DETAIL           → 208,290 → 208,290  (−0 supprimés, +0 ajoutés, 4,411 corrections)
2026-04-03 16:05:42,553 [INFO] ----------------------------------------------------------------------
2026-04-03 16:05:42,553 [INFO]   TOTAL                             Total corrections : 56,947
2026-04-03 16:05:42,553 [INFO]                                     Total suppressions: 0
2026-04-03 16:05:42,554 [INFO]                                     Total ajouts      : 3
2026-04-03 16:05:42,554 [INFO] 
  Score GE post-nettoyage : 100.0%  (18/18 règles)
2026-04-03 16:05:42,554 [INFO] 
  Durée totale : 80.1s
2026-04-03 16:05:42,554 [INFO] ======================================================================
2026-04-03 16:05:42,557 [INFO] 
  💾 Rapport : /opt/airflow/reports/data_quality/import_report_20260403_1604.json
2026-04-03 16:05:45,692 [INFO]   💾 CSV nettoyés : /opt/airflow/data/clean/
