[2026-04-16T09:13:21.256+0000] {local_task_job_runner.py:120} INFO - ::group::Pre task execution logs
[2026-04-16T09:13:21.275+0000] {taskinstance.py:2076} INFO - Dependencies all met for dep_context=non-requeueable deps ti=<TaskInstance: maghrebia_daily_pipeline.import_data scheduled__2026-04-15T01:00:00+00:00 [queued]>
[2026-04-16T09:13:21.281+0000] {taskinstance.py:2076} INFO - Dependencies all met for dep_context=requeueable deps ti=<TaskInstance: maghrebia_daily_pipeline.import_data scheduled__2026-04-15T01:00:00+00:00 [queued]>
[2026-04-16T09:13:21.282+0000] {taskinstance.py:2306} INFO - Starting attempt 1 of 2
[2026-04-16T09:13:21.293+0000] {taskinstance.py:2330} INFO - Executing <Task(PythonOperator): import_data> on 2026-04-15 01:00:00+00:00
[2026-04-16T09:13:21.299+0000] {warnings.py:110} WARNING - /home/airflow/.local/lib/python3.12/site-packages/airflow/task/task_runner/standard_task_runner.py:61: DeprecationWarning: This process (pid=65) is multi-threaded, use of fork() may lead to deadlocks in the child.
  pid = os.fork()

[2026-04-16T09:13:21.300+0000] {standard_task_runner.py:63} INFO - Started process 66 to run task
[2026-04-16T09:13:21.301+0000] {standard_task_runner.py:90} INFO - Running: ['airflow', 'tasks', 'run', '***_daily_pipeline', 'import_data', 'scheduled__2026-04-15T01:00:00+00:00', '--job-id', '100', '--raw', '--subdir', 'DAGS_FOLDER/***_daily_pipeline.py', '--cfg-path', '/tmp/tmpie58fx5q']
[2026-04-16T09:13:21.302+0000] {standard_task_runner.py:91} INFO - Job 100: Subtask import_data
[2026-04-16T09:13:21.349+0000] {task_command.py:426} INFO - Running <TaskInstance: maghrebia_daily_pipeline.import_data scheduled__2026-04-15T01:00:00+00:00 [running]> on host 5bc22fe5c450
[2026-04-16T09:13:21.431+0000] {taskinstance.py:2648} INFO - Exporting env vars: AIRFLOW_CTX_DAG_OWNER='***-data' AIRFLOW_CTX_DAG_ID='***_daily_pipeline' AIRFLOW_CTX_TASK_ID='import_data' AIRFLOW_CTX_EXECUTION_DATE='2026-04-15T01:00:00+00:00' AIRFLOW_CTX_TRY_NUMBER='1' AIRFLOW_CTX_DAG_RUN_ID='scheduled__2026-04-15T01:00:00+00:00'
[2026-04-16T09:13:21.432+0000] {taskinstance.py:430} INFO - ::endgroup::
[2026-04-16T09:14:42.325+0000] {maghrebia_daily_pipeline.py:175} INFO - on: 1,375 corrections
2026-04-16 09:13:32,301 [INFO]   [FACT_EMISSION] E6 - MT_PNET négatif → Suppression: 256 corrections
2026-04-16 09:13:32,331 [INFO]   [FACT_EMISSION] E6 - MT_PTT négatif → ABS: 252 corrections
2026-04-16 09:13:32,332 [INFO]   [FACT_EMISSION] E7 - MT_PTT null → 0.0: 381 corrections
2026-04-16 09:13:32,333 [INFO]   [FACT_EMISSION] E7 - MT_COMMISSION null → 0.0: 1,324 corrections
2026-04-16 09:13:32,336 [INFO]   [FACT_EMISSION] E8 - MT_PNET > 109788 DT winsorisé: 63 corrections
2026-04-16 09:13:32,346 [INFO]   [FACT_EMISSION] E9 - MT_PNET recalculé (Σ garanties): 4,354 corrections
2026-04-16 09:13:32,362 [INFO]   [FACT_EMISSION] E11 - MT_PTT recalculé (PNET+FGA+TIMBRE+TAXE): 4,703 corrections
2026-04-16 09:13:32,430 [INFO]   → FACT_ANNULATION
2026-04-16 09:13:32,509 [INFO]   [FACT_ANNULATION] N5 - DATE_ANNULATION < DATE_EMISSION → swap: 319 corrections
2026-04-16 09:13:32,527 [INFO]   → FACT_IMPAYE
2026-04-16 09:13:32,536 [INFO]   [FACT_IMPAYE] I2 - MT_ACP > MT_PTT → plafonné: 22 corrections
2026-04-16 09:13:32,621 [INFO]   → FACT_SINISTRE
2026-04-16 09:13:35,383 [INFO]   [FACT_EMISSION_DETAIL] D1 - NUM_QUITTANCE orphelin → imputation: 6,490 corrections
2026-04-16 09:13:35,495 [INFO]   [FACT_EMISSION_DETAIL] D3 - ANNEE_ECHEANCE invalide → imputation: 4,411 corrections
2026-04-16 09:13:35,517 [INFO]   → FACT_EMISSION_DETAIL : 208,290 → 208,290 lignes (imputation sans suppression)
2026-04-16 09:13:35,517 [INFO] 
[3/5] VALIDATE — Great Expectations post-cleaning...
2026-04-16 09:13:35,519 [INFO]   GE ✅ FE: NUM_QUITTANCE unique
2026-04-16 09:13:35,522 [INFO]   GE ✅ FE: ETAT_QUIT ∈ {E,P,A}
2026-04-16 09:13:35,524 [INFO]   GE ✅ FE: BRANCHE ∈ {AUTO,IRDS,SANTE}
2026-04-16 09:13:35,525 [INFO]   GE ✅ FE: ANNEE_ECHEANCE ∈ [2018,2025]
2026-04-16 09:13:35,526 [INFO]   GE ✅ FE: MT_PNET ≥ 0
2026-04-16 09:13:35,527 [INFO]   GE ✅ FE: MT_PTT ≥ 0
2026-04-16 09:13:35,528 [INFO]   GE ✅ FE: MT_PTT = PNET+FGA+TIMBRE+TAXE (±0.5)
2026-04-16 09:13:35,529 [INFO]   GE ✅ FE: MT_FGA = MT_RC × 0.25 (±0.5)
2026-04-16 09:13:35,585 [INFO]   GE ✅ FE: ID_POLICE FK valide
2026-04-16 09:13:35,586 [INFO]   GE ✅ FE: ID_AGENT FK valide
2026-04-16 09:13:35,586 [INFO]   GE ✅ DP: ID_POLICE unique
2026-04-16 09:13:35,587 [INFO]   GE ✅ DP: SITUATION ∈ {V,R,T,S,A}
2026-04-16 09:13:35,588 [INFO]   GE ✅ DP: BRANCHE ∈ {AUTO,IRDS,SANTE}
2026-04-16 09:13:35,592 [INFO]   GE ✅ DP: BONUS_MALUS AUTO null < 5%
2026-04-16 09:13:35,593 [INFO]   GE ✅ DC: ID_CLIENT unique
2026-04-16 09:13:35,594 [INFO]   GE ✅ DC: TYPE_PERSONNE ∈ {P,M}
2026-04-16 09:13:35,595 [INFO]   GE ✅ FI: MT_ACP ≤ MT_PTT (acompte cohérent)
2026-04-16 09:13:35,595 [INFO]   GE ✅ FI: MT_PTT ≥ 0
2026-04-16 09:13:35,597 [INFO]   Score qualité : 100.0% (18/18 règles)
2026-04-16 09:13:35,598 [INFO]   ✅ Validation réussie
2026-04-16 09:13:35,598 [INFO] 
[4/5] LOAD — Chargement PostgreSQL...
2026-04-16 09:13:35,662 [INFO]   ✅ dim_agent : 201 lignes chargées (UPSERT)
2026-04-16 09:13:40,218 [INFO]   ✅ dim_client : 30,001 lignes chargées (UPSERT)
2026-04-16 09:13:45,297 [INFO]   ✅ dim_police : 30,001 lignes chargées (UPSERT)
2026-04-16 09:13:48,572 [INFO]   ✅ dim_vehicule : 20,000 lignes chargées (UPSERT)
2026-04-16 09:14:13,071 [INFO]   ✅ dwh_fact_emission : 62,961 lignes chargées (TRUNCATE+INSERT)
2026-04-16 09:14:36,584 [INFO]   ✅ dwh_fact_emission_detail : 208,290 lignes chargées (TRUNCATE+INSERT)
2026-04-16 09:14:36,913 [INFO]   ✅ dwh_fact_annulation : 1,273 lignes chargées (TRUNCATE+INSERT)
2026-04-16 09:14:37,080 [INFO]   ✅ dwh_fact_impaye : 868 lignes chargées (TRUNCATE+INSERT)
2026-04-16 09:14:38,768 [INFO]   ✅ dwh_fact_sinistre : 8,000 lignes chargées (TRUNCATE+INSERT)
2026-04-16 09:14:38,773 [INFO] 
[5/5] REPORT — Génération rapport qualité JSON...
2026-04-16 09:14:38,774 [INFO] 
======================================================================
2026-04-16 09:14:38,775 [INFO]   RÉSUMÉ DES CORRECTIONS APPLIQUÉES
2026-04-16 09:14:38,776 [INFO] ======================================================================
2026-04-16 09:14:38,778 [INFO]   DIM_AGENT                      →     200 →     201  (−0 supprimés, +1 ajoutés, 24 corrections)
2026-04-16 09:14:38,779 [INFO]   DIM_CLIENT                     →  30,000 →  30,001  (−0 supprimés, +1 ajoutés, 8,622 corrections)
2026-04-16 09:14:38,784 [INFO]   DIM_POLICE                     →  30,000 →  30,001  (−0 supprimés, +1 ajoutés, 16,748 corrections)
2026-04-16 09:14:38,784 [INFO]   DIM_VEHICULE                   →  20,000 →  20,000  (−0 supprimés, +0 ajoutés, 19,973 corrections)
2026-04-16 09:14:38,785 [INFO]   FACT_EMISSION                  →  65,000 →  62,961  (−2,039 supprimés, +0 ajoutés, 13,358 corrections)
2026-04-16 09:14:38,785 [INFO]   FACT_ANNULATION                →   1,273 →   1,273  (−0 supprimés, +0 ajoutés, 319 corrections)
2026-04-16 09:14:38,786 [INFO]   FACT_IMPAYE                    →     868 →     868  (−0 supprimés, +0 ajoutés, 22 corrections)
2026-04-16 09:14:38,787 [INFO]   FACT_SINISTRE                  →   8,000 →   8,000  (−0 supprimés, +0 ajoutés, 0 corrections)
2026-04-16 09:14:38,787 [INFO]   FACT_EMISSION_DETAIL           → 208,290 → 208,290  (−0 supprimés, +0 ajoutés, 10,901 corrections)
2026-04-16 09:14:38,787 [INFO] ----------------------------------------------------------------------
2026-04-16 09:14:38,788 [INFO]   TOTAL                             Total corrections : 69,967
2026-04-16 09:14:38,788 [INFO]                                     Total suppressions: 2,039
2026-04-16 09:14:38,789 [INFO]                                     Total ajouts      : 3
2026-04-16 09:14:38,789 [INFO] 
  Score GE post-nettoyage : 100.0%  (18/18 règles)
2026-04-16 09:14:38,790 [INFO] 
  Durée totale : 76.5s
2026-04-16 09:14:38,790 [INFO] ======================================================================
2026-04-16 09:14:38,798 [INFO] 
  💾 Rapport : /opt/airflow/reports/data_quality/import_report_20260416_0913.json
2026-04-16 09:14:42,205 [INFO]   💾 CSV nettoyés : /opt/airflow/data/clean/

[2026-04-16T09:14:42.330+0000] {maghrebia_daily_pipeline.py:177} WARNING - /opt/airflow/tdsp_dags/import_data.py:215: FutureWarning: The behavior of DataFrame concatenation with empty or all-NA entries is deprecated. In a future version, this will no longer exclude empty or all-NA columns when determining the result dtypes. To retain the old behavior, exclude the relevant entries before the concat operation.
  return pd.concat([df, pd.DataFrame([row])], ignore_index=True)

[2026-04-16T09:14:42.417+0000] {python.py:237} INFO - Done. Returned value was: None
[2026-04-16T09:14:42.418+0000] {taskinstance.py:441} INFO - ::group::Post task execution logs
[2026-04-16T09:14:42.428+0000] {taskinstance.py:1206} INFO - Marking task as SUCCESS. dag_id=***_daily_pipeline, task_id=import_data, run_id=scheduled__2026-04-15T01:00:00+00:00, execution_date=20260415T010000, start_date=20260416T091321, end_date=20260416T091442
[2026-04-16T09:14:42.471+0000] {local_task_job_runner.py:240} INFO - Task exited with return code 0
[2026-04-16T09:14:42.494+0000] {taskinstance.py:3498} INFO - 1 downstream tasks scheduled from follow-on schedule check
[2026-04-16T09:14:42.498+0000] {local_task_job_runner.py:222} INFO - ::endgroup::
