[2026-04-20T09:00:14.283+0000] {local_task_job_runner.py:120} INFO - ::group::Pre task execution logs
[2026-04-20T09:00:14.315+0000] {taskinstance.py:2076} INFO - Dependencies all met for dep_context=non-requeueable deps ti=<TaskInstance: maghrebia_daily_pipeline.health_check scheduled__2026-04-19T01:00:00+00:00 [queued]>
[2026-04-20T09:00:14.323+0000] {taskinstance.py:2076} INFO - Dependencies all met for dep_context=requeueable deps ti=<TaskInstance: maghrebia_daily_pipeline.health_check scheduled__2026-04-19T01:00:00+00:00 [queued]>
[2026-04-20T09:00:14.324+0000] {taskinstance.py:2306} INFO - Starting attempt 1 of 2
[2026-04-20T09:00:14.341+0000] {taskinstance.py:2330} INFO - Executing <Task(PythonOperator): health_check> on 2026-04-19 01:00:00+00:00
[2026-04-20T09:00:14.350+0000] {warnings.py:110} WARNING - /home/airflow/.local/lib/python3.12/site-packages/airflow/task/task_runner/standard_task_runner.py:61: DeprecationWarning: This process (pid=60) is multi-threaded, use of fork() may lead to deadlocks in the child.
  pid = os.fork()

[2026-04-20T09:00:14.353+0000] {standard_task_runner.py:63} INFO - Started process 61 to run task
[2026-04-20T09:00:14.353+0000] {standard_task_runner.py:90} INFO - Running: ['airflow', 'tasks', 'run', '***_daily_pipeline', 'health_check', 'scheduled__2026-04-19T01:00:00+00:00', '--job-id', '130', '--raw', '--subdir', 'DAGS_FOLDER/***_daily_pipeline.py', '--cfg-path', '/tmp/tmplfir3ad7']
[2026-04-20T09:00:14.355+0000] {standard_task_runner.py:91} INFO - Job 130: Subtask health_check
[2026-04-20T09:00:14.482+0000] {task_command.py:426} INFO - Running <TaskInstance: maghrebia_daily_pipeline.health_check scheduled__2026-04-19T01:00:00+00:00 [running]> on host 7bf32ae3b5cb
[2026-04-20T09:00:14.579+0000] {taskinstance.py:2648} INFO - Exporting env vars: AIRFLOW_CTX_DAG_OWNER='***-data' AIRFLOW_CTX_DAG_ID='***_daily_pipeline' AIRFLOW_CTX_TASK_ID='health_check' AIRFLOW_CTX_EXECUTION_DATE='2026-04-19T01:00:00+00:00' AIRFLOW_CTX_TRY_NUMBER='1' AIRFLOW_CTX_DAG_RUN_ID='scheduled__2026-04-19T01:00:00+00:00'
[2026-04-20T09:00:14.582+0000] {taskinstance.py:430} INFO - ::endgroup::
[2026-04-20T09:00:14.616+0000] {maghrebia_daily_pipeline.py:81} INFO - ✅ PostgreSQL OK
[2026-04-20T09:00:14.661+0000] {maghrebia_daily_pipeline.py:91} INFO - ✅ Qdrant OK
[2026-04-20T09:00:14.680+0000] {maghrebia_daily_pipeline.py:97} INFO - Health check complete: {'postgres': 'OK', 'qdrant': 'OK'}
[2026-04-20T09:00:14.681+0000] {python.py:237} INFO - Done. Returned value was: None
[2026-04-20T09:00:14.683+0000] {taskinstance.py:441} INFO - ::group::Post task execution logs
[2026-04-20T09:00:14.697+0000] {taskinstance.py:1206} INFO - Marking task as SUCCESS. dag_id=***_daily_pipeline, task_id=health_check, run_id=scheduled__2026-04-19T01:00:00+00:00, execution_date=20260419T010000, start_date=20260420T090014, end_date=20260420T090014
[2026-04-20T09:00:14.728+0000] {local_task_job_runner.py:240} INFO - Task exited with return code 0
[2026-04-20T09:00:14.760+0000] {taskinstance.py:3498} INFO - 1 downstream tasks scheduled from follow-on schedule check
[2026-04-20T09:00:14.762+0000] {local_task_job_runner.py:222} INFO - ::endgroup::
