[2026-04-24T12:33:47.575+0000] {local_task_job_runner.py:120} INFO - ::group::Pre task execution logs
[2026-04-24T12:33:47.597+0000] {taskinstance.py:2076} INFO - Dependencies all met for dep_context=non-requeueable deps ti=<TaskInstance: maghrebia_daily_pipeline.drift_check scheduled__2026-04-23T01:00:00+00:00 [queued]>
[2026-04-24T12:33:47.606+0000] {taskinstance.py:2076} INFO - Dependencies all met for dep_context=requeueable deps ti=<TaskInstance: maghrebia_daily_pipeline.drift_check scheduled__2026-04-23T01:00:00+00:00 [queued]>
[2026-04-24T12:33:47.610+0000] {taskinstance.py:2306} INFO - Starting attempt 1 of 2
[2026-04-24T12:33:47.627+0000] {taskinstance.py:2330} INFO - Executing <Task(PythonOperator): drift_check> on 2026-04-23 01:00:00+00:00
[2026-04-24T12:33:47.632+0000] {warnings.py:110} WARNING - /home/airflow/.local/lib/python3.12/site-packages/airflow/task/task_runner/standard_task_runner.py:61: DeprecationWarning: This process (pid=90) is multi-threaded, use of fork() may lead to deadlocks in the child.
  pid = os.fork()

[2026-04-24T12:33:47.633+0000] {standard_task_runner.py:63} INFO - Started process 94 to run task
[2026-04-24T12:33:47.633+0000] {standard_task_runner.py:90} INFO - Running: ['airflow', 'tasks', 'run', '***_daily_pipeline', 'drift_check', 'scheduled__2026-04-23T01:00:00+00:00', '--job-id', '259', '--raw', '--subdir', 'DAGS_FOLDER/***_daily_pipeline.py', '--cfg-path', '/tmp/tmpp373wfuw']
[2026-04-24T12:33:47.635+0000] {standard_task_runner.py:91} INFO - Job 259: Subtask drift_check
[2026-04-24T12:33:47.686+0000] {task_command.py:426} INFO - Running <TaskInstance: maghrebia_daily_pipeline.drift_check scheduled__2026-04-23T01:00:00+00:00 [running]> on host 205a53e44796
[2026-04-24T12:33:47.772+0000] {taskinstance.py:2648} INFO - Exporting env vars: AIRFLOW_CTX_DAG_OWNER='***-data' AIRFLOW_CTX_DAG_ID='***_daily_pipeline' AIRFLOW_CTX_TASK_ID='drift_check' AIRFLOW_CTX_EXECUTION_DATE='2026-04-23T01:00:00+00:00' AIRFLOW_CTX_TRY_NUMBER='1' AIRFLOW_CTX_DAG_RUN_ID='scheduled__2026-04-23T01:00:00+00:00'
[2026-04-24T12:33:47.773+0000] {taskinstance.py:430} INFO - ::endgroup::
[2026-04-24T12:33:47.782+0000] {maghrebia_daily_pipeline.py:422} INFO -   Drift check ignoré (jour=24, uniquement le 1er du mois)
[2026-04-24T12:33:47.798+0000] {python.py:237} INFO - Done. Returned value was: None
[2026-04-24T12:33:47.799+0000] {taskinstance.py:441} INFO - ::group::Post task execution logs
[2026-04-24T12:33:47.809+0000] {taskinstance.py:1206} INFO - Marking task as SUCCESS. dag_id=***_daily_pipeline, task_id=drift_check, run_id=scheduled__2026-04-23T01:00:00+00:00, execution_date=20260423T010000, start_date=20260424T123347, end_date=20260424T123347
[2026-04-24T12:33:47.847+0000] {local_task_job_runner.py:240} INFO - Task exited with return code 0
[2026-04-24T12:33:47.868+0000] {taskinstance.py:3498} INFO - 0 downstream tasks scheduled from follow-on schedule check
[2026-04-24T12:33:47.870+0000] {local_task_job_runner.py:222} INFO - ::endgroup::
