[2026-04-03T16:05:48.216+0000] {local_task_job_runner.py:120} INFO - ::group::Pre task execution logs
[2026-04-03T16:05:48.246+0000] {taskinstance.py:2076} INFO - Dependencies all met for dep_context=non-requeueable deps ti=<TaskInstance: maghrebia_daily_pipeline.drift_check scheduled__2026-04-02T01:00:00+00:00 [queued]>
[2026-04-03T16:05:48.260+0000] {taskinstance.py:2076} INFO - Dependencies all met for dep_context=requeueable deps ti=<TaskInstance: maghrebia_daily_pipeline.drift_check scheduled__2026-04-02T01:00:00+00:00 [queued]>
[2026-04-03T16:05:48.261+0000] {taskinstance.py:2306} INFO - Starting attempt 1 of 2
[2026-04-03T16:05:48.276+0000] {taskinstance.py:2330} INFO - Executing <Task(PythonOperator): drift_check> on 2026-04-02 01:00:00+00:00
[2026-04-03T16:05:48.282+0000] {warnings.py:110} WARNING - /home/airflow/.local/lib/python3.12/site-packages/airflow/task/task_runner/standard_task_runner.py:61: DeprecationWarning: This process (pid=90) is multi-threaded, use of fork() may lead to deadlocks in the child.
  pid = os.fork()

[2026-04-03T16:05:48.284+0000] {standard_task_runner.py:63} INFO - Started process 92 to run task
[2026-04-03T16:05:48.285+0000] {standard_task_runner.py:90} INFO - Running: ['airflow', 'tasks', 'run', '***_daily_pipeline', 'drift_check', 'scheduled__2026-04-02T01:00:00+00:00', '--job-id', '11', '--raw', '--subdir', 'DAGS_FOLDER/***_daily_pipeline.py', '--cfg-path', '/tmp/tmpabmf83jl']
[2026-04-03T16:05:48.286+0000] {standard_task_runner.py:91} INFO - Job 11: Subtask drift_check
[2026-04-03T16:05:48.350+0000] {task_command.py:426} INFO - Running <TaskInstance: maghrebia_daily_pipeline.drift_check scheduled__2026-04-02T01:00:00+00:00 [running]> on host a420dcff4290
[2026-04-03T16:05:48.435+0000] {taskinstance.py:2648} INFO - Exporting env vars: AIRFLOW_CTX_DAG_OWNER='***-data' AIRFLOW_CTX_DAG_ID='***_daily_pipeline' AIRFLOW_CTX_TASK_ID='drift_check' AIRFLOW_CTX_EXECUTION_DATE='2026-04-02T01:00:00+00:00' AIRFLOW_CTX_TRY_NUMBER='1' AIRFLOW_CTX_DAG_RUN_ID='scheduled__2026-04-02T01:00:00+00:00'
[2026-04-03T16:05:48.436+0000] {taskinstance.py:430} INFO - ::endgroup::
[2026-04-03T16:05:48.446+0000] {maghrebia_daily_pipeline.py:422} INFO -   Drift check ignoré (jour=3, uniquement le 1er du mois)
[2026-04-03T16:05:48.461+0000] {python.py:237} INFO - Done. Returned value was: None
[2026-04-03T16:05:48.462+0000] {taskinstance.py:441} INFO - ::group::Post task execution logs
[2026-04-03T16:05:48.475+0000] {taskinstance.py:1206} INFO - Marking task as SUCCESS. dag_id=***_daily_pipeline, task_id=drift_check, run_id=scheduled__2026-04-02T01:00:00+00:00, execution_date=20260402T010000, start_date=20260403T160548, end_date=20260403T160548
[2026-04-03T16:05:48.498+0000] {local_task_job_runner.py:240} INFO - Task exited with return code 0
[2026-04-03T16:05:48.523+0000] {taskinstance.py:3498} INFO - 0 downstream tasks scheduled from follow-on schedule check
[2026-04-03T16:05:48.525+0000] {local_task_job_runner.py:222} INFO - ::endgroup::
