[2026-04-10T08:04:09.888+0000] {local_task_job_runner.py:120} INFO - ::group::Pre task execution logs
[2026-04-10T08:04:09.909+0000] {taskinstance.py:2076} INFO - Dependencies all met for dep_context=non-requeueable deps ti=<TaskInstance: maghrebia_daily_pipeline.health_check scheduled__2026-04-09T01:00:00+00:00 [queued]>
[2026-04-10T08:04:09.916+0000] {taskinstance.py:2076} INFO - Dependencies all met for dep_context=requeueable deps ti=<TaskInstance: maghrebia_daily_pipeline.health_check scheduled__2026-04-09T01:00:00+00:00 [queued]>
[2026-04-10T08:04:09.917+0000] {taskinstance.py:2306} INFO - Starting attempt 1 of 2
[2026-04-10T08:04:09.929+0000] {taskinstance.py:2330} INFO - Executing <Task(PythonOperator): health_check> on 2026-04-09 01:00:00+00:00
[2026-04-10T08:04:09.944+0000] {warnings.py:110} WARNING - /home/airflow/.local/lib/python3.12/site-packages/airflow/task/task_runner/standard_task_runner.py:61: DeprecationWarning: This process (pid=60) is multi-threaded, use of fork() may lead to deadlocks in the child.
  pid = os.fork()

[2026-04-10T08:04:09.947+0000] {standard_task_runner.py:90} INFO - Running: ['airflow', 'tasks', 'run', '***_daily_pipeline', 'health_check', 'scheduled__2026-04-09T01:00:00+00:00', '--job-id', '52', '--raw', '--subdir', 'DAGS_FOLDER/***_daily_pipeline.py', '--cfg-path', '/tmp/tmpiwnkazgb']
[2026-04-10T08:04:09.951+0000] {standard_task_runner.py:63} INFO - Started process 61 to run task
[2026-04-10T08:04:09.952+0000] {standard_task_runner.py:91} INFO - Job 52: Subtask health_check
[2026-04-10T08:04:10.014+0000] {task_command.py:426} INFO - Running <TaskInstance: maghrebia_daily_pipeline.health_check scheduled__2026-04-09T01:00:00+00:00 [running]> on host ec4c791dfcc5
[2026-04-10T08:04:10.116+0000] {taskinstance.py:2648} INFO - Exporting env vars: AIRFLOW_CTX_DAG_OWNER='***-data' AIRFLOW_CTX_DAG_ID='***_daily_pipeline' AIRFLOW_CTX_TASK_ID='health_check' AIRFLOW_CTX_EXECUTION_DATE='2026-04-09T01:00:00+00:00' AIRFLOW_CTX_TRY_NUMBER='1' AIRFLOW_CTX_DAG_RUN_ID='scheduled__2026-04-09T01:00:00+00:00'
[2026-04-10T08:04:10.123+0000] {taskinstance.py:430} INFO - ::endgroup::
[2026-04-10T08:04:10.155+0000] {maghrebia_daily_pipeline.py:81} INFO - ✅ PostgreSQL OK
[2026-04-10T08:04:10.184+0000] {maghrebia_daily_pipeline.py:91} INFO - ✅ Qdrant OK
[2026-04-10T08:04:10.201+0000] {maghrebia_daily_pipeline.py:97} INFO - Health check complete: {'postgres': 'OK', 'qdrant': 'OK'}
[2026-04-10T08:04:10.202+0000] {python.py:237} INFO - Done. Returned value was: None
[2026-04-10T08:04:10.207+0000] {taskinstance.py:441} INFO - ::group::Post task execution logs
[2026-04-10T08:04:10.225+0000] {taskinstance.py:1206} INFO - Marking task as SUCCESS. dag_id=***_daily_pipeline, task_id=health_check, run_id=scheduled__2026-04-09T01:00:00+00:00, execution_date=20260409T010000, start_date=20260410T080409, end_date=20260410T080410
[2026-04-10T08:04:10.254+0000] {local_task_job_runner.py:240} INFO - Task exited with return code 0
[2026-04-10T08:04:10.279+0000] {taskinstance.py:3498} INFO - 1 downstream tasks scheduled from follow-on schedule check
[2026-04-10T08:04:10.281+0000] {local_task_job_runner.py:222} INFO - ::endgroup::
