[2026-04-15T07:27:27.478+0000] {local_task_job_runner.py:120} INFO - ::group::Pre task execution logs
[2026-04-15T07:27:27.502+0000] {taskinstance.py:2076} INFO - Dependencies all met for dep_context=non-requeueable deps ti=<TaskInstance: maghrebia_daily_pipeline.detect_events scheduled__2026-04-14T01:00:00+00:00 [queued]>
[2026-04-15T07:27:27.510+0000] {taskinstance.py:2076} INFO - Dependencies all met for dep_context=requeueable deps ti=<TaskInstance: maghrebia_daily_pipeline.detect_events scheduled__2026-04-14T01:00:00+00:00 [queued]>
[2026-04-15T07:27:27.510+0000] {taskinstance.py:2306} INFO - Starting attempt 1 of 2
[2026-04-15T07:27:27.521+0000] {taskinstance.py:2330} INFO - Executing <Task(PythonOperator): detect_events> on 2026-04-14 01:00:00+00:00
[2026-04-15T07:27:27.527+0000] {warnings.py:110} WARNING - /home/airflow/.local/lib/python3.12/site-packages/airflow/task/task_runner/standard_task_runner.py:61: DeprecationWarning: This process (pid=88) is multi-threaded, use of fork() may lead to deadlocks in the child.
  pid = os.fork()

[2026-04-15T07:27:27.528+0000] {standard_task_runner.py:63} INFO - Started process 92 to run task
[2026-04-15T07:27:27.528+0000] {standard_task_runner.py:90} INFO - Running: ['airflow', 'tasks', 'run', '***_daily_pipeline', 'detect_events', 'scheduled__2026-04-14T01:00:00+00:00', '--job-id', '92', '--raw', '--subdir', 'DAGS_FOLDER/***_daily_pipeline.py', '--cfg-path', '/tmp/tmprdoku_lu']
[2026-04-15T07:27:27.529+0000] {standard_task_runner.py:91} INFO - Job 92: Subtask detect_events
[2026-04-15T07:27:27.579+0000] {task_command.py:426} INFO - Running <TaskInstance: maghrebia_daily_pipeline.detect_events scheduled__2026-04-14T01:00:00+00:00 [running]> on host 4ebb8db27ef0
[2026-04-15T07:27:27.666+0000] {taskinstance.py:2648} INFO - Exporting env vars: AIRFLOW_CTX_DAG_OWNER='***-data' AIRFLOW_CTX_DAG_ID='***_daily_pipeline' AIRFLOW_CTX_TASK_ID='detect_events' AIRFLOW_CTX_EXECUTION_DATE='2026-04-14T01:00:00+00:00' AIRFLOW_CTX_TRY_NUMBER='1' AIRFLOW_CTX_DAG_RUN_ID='scheduled__2026-04-14T01:00:00+00:00'
[2026-04-15T07:27:27.667+0000] {taskinstance.py:430} INFO - ::endgroup::
[2026-04-15T07:27:27.823+0000] {maghrebia_daily_pipeline.py:344} INFO - ✅ 10 alertes insérées dans MongoDB
[2026-04-15T07:27:27.855+0000] {python.py:237} INFO - Done. Returned value was: None
[2026-04-15T07:27:27.856+0000] {taskinstance.py:441} INFO - ::group::Post task execution logs
[2026-04-15T07:27:27.867+0000] {taskinstance.py:1206} INFO - Marking task as SUCCESS. dag_id=***_daily_pipeline, task_id=detect_events, run_id=scheduled__2026-04-14T01:00:00+00:00, execution_date=20260414T010000, start_date=20260415T072727, end_date=20260415T072727
[2026-04-15T07:27:27.902+0000] {local_task_job_runner.py:240} INFO - Task exited with return code 0
[2026-04-15T07:27:27.923+0000] {taskinstance.py:3498} INFO - 0 downstream tasks scheduled from follow-on schedule check
[2026-04-15T07:27:27.926+0000] {local_task_job_runner.py:222} INFO - ::endgroup::
