[2026-04-22T07:04:19.189+0000] {local_task_job_runner.py:120} INFO - ::group::Pre task execution logs
[2026-04-22T07:04:19.211+0000] {taskinstance.py:2076} INFO - Dependencies all met for dep_context=non-requeueable deps ti=<TaskInstance: maghrebia_daily_pipeline.health_check scheduled__2026-04-21T01:00:00+00:00 [queued]>
[2026-04-22T07:04:19.219+0000] {taskinstance.py:2076} INFO - Dependencies all met for dep_context=requeueable deps ti=<TaskInstance: maghrebia_daily_pipeline.health_check scheduled__2026-04-21T01:00:00+00:00 [queued]>
[2026-04-22T07:04:19.219+0000] {taskinstance.py:2306} INFO - Starting attempt 1 of 2
[2026-04-22T07:04:19.231+0000] {taskinstance.py:2330} INFO - Executing <Task(PythonOperator): health_check> on 2026-04-21 01:00:00+00:00
[2026-04-22T07:04:19.235+0000] {warnings.py:110} WARNING - /home/airflow/.local/lib/python3.12/site-packages/airflow/task/task_runner/standard_task_runner.py:61: DeprecationWarning: This process (pid=60) is multi-threaded, use of fork() may lead to deadlocks in the child.
  pid = os.fork()

[2026-04-22T07:04:19.237+0000] {standard_task_runner.py:63} INFO - Started process 61 to run task
[2026-04-22T07:04:19.237+0000] {standard_task_runner.py:90} INFO - Running: ['airflow', 'tasks', 'run', '***_daily_pipeline', 'health_check', 'scheduled__2026-04-21T01:00:00+00:00', '--job-id', '210', '--raw', '--subdir', 'DAGS_FOLDER/***_daily_pipeline.py', '--cfg-path', '/tmp/tmprl0qt555']
[2026-04-22T07:04:19.240+0000] {standard_task_runner.py:91} INFO - Job 210: Subtask health_check
[2026-04-22T07:04:19.312+0000] {task_command.py:426} INFO - Running <TaskInstance: maghrebia_daily_pipeline.health_check scheduled__2026-04-21T01:00:00+00:00 [running]> on host 4b4a20d7fe86
[2026-04-22T07:04:19.398+0000] {taskinstance.py:2648} INFO - Exporting env vars: AIRFLOW_CTX_DAG_OWNER='***-data' AIRFLOW_CTX_DAG_ID='***_daily_pipeline' AIRFLOW_CTX_TASK_ID='health_check' AIRFLOW_CTX_EXECUTION_DATE='2026-04-21T01:00:00+00:00' AIRFLOW_CTX_TRY_NUMBER='1' AIRFLOW_CTX_DAG_RUN_ID='scheduled__2026-04-21T01:00:00+00:00'
[2026-04-22T07:04:19.398+0000] {taskinstance.py:430} INFO - ::endgroup::
[2026-04-22T07:04:19.426+0000] {maghrebia_daily_pipeline.py:81} INFO - ✅ PostgreSQL OK
[2026-04-22T07:04:19.476+0000] {maghrebia_daily_pipeline.py:91} INFO - ✅ Qdrant OK
[2026-04-22T07:04:19.497+0000] {maghrebia_daily_pipeline.py:97} INFO - Health check complete: {'postgres': 'OK', 'qdrant': 'OK'}
[2026-04-22T07:04:19.497+0000] {python.py:237} INFO - Done. Returned value was: None
[2026-04-22T07:04:19.499+0000] {taskinstance.py:441} INFO - ::group::Post task execution logs
[2026-04-22T07:04:19.511+0000] {taskinstance.py:1206} INFO - Marking task as SUCCESS. dag_id=***_daily_pipeline, task_id=health_check, run_id=scheduled__2026-04-21T01:00:00+00:00, execution_date=20260421T010000, start_date=20260422T070419, end_date=20260422T070419
[2026-04-22T07:04:19.533+0000] {local_task_job_runner.py:240} INFO - Task exited with return code 0
[2026-04-22T07:04:19.557+0000] {taskinstance.py:3498} INFO - 1 downstream tasks scheduled from follow-on schedule check
[2026-04-22T07:04:19.559+0000] {local_task_job_runner.py:222} INFO - ::endgroup::
