[2026-04-14T09:35:00.947+0000] {local_task_job_runner.py:120} INFO - ::group::Pre task execution logs
[2026-04-14T09:35:00.969+0000] {taskinstance.py:2076} INFO - Dependencies all met for dep_context=non-requeueable deps ti=<TaskInstance: maghrebia_daily_pipeline.refresh_kpi_views scheduled__2026-04-13T01:00:00+00:00 [queued]>
[2026-04-14T09:35:00.977+0000] {taskinstance.py:2076} INFO - Dependencies all met for dep_context=requeueable deps ti=<TaskInstance: maghrebia_daily_pipeline.refresh_kpi_views scheduled__2026-04-13T01:00:00+00:00 [queued]>
[2026-04-14T09:35:00.978+0000] {taskinstance.py:2306} INFO - Starting attempt 1 of 2
[2026-04-14T09:35:00.990+0000] {taskinstance.py:2330} INFO - Executing <Task(PythonOperator): refresh_kpi_views> on 2026-04-13 01:00:00+00:00
[2026-04-14T09:35:00.994+0000] {warnings.py:110} WARNING - /home/airflow/.local/lib/python3.12/site-packages/airflow/task/task_runner/standard_task_runner.py:61: DeprecationWarning: This process (pid=88) is multi-threaded, use of fork() may lead to deadlocks in the child.
  pid = os.fork()

[2026-04-14T09:35:00.996+0000] {standard_task_runner.py:63} INFO - Started process 89 to run task
[2026-04-14T09:35:00.996+0000] {standard_task_runner.py:90} INFO - Running: ['airflow', 'tasks', 'run', '***_daily_pipeline', 'refresh_kpi_views', 'scheduled__2026-04-13T01:00:00+00:00', '--job-id', '76', '--raw', '--subdir', 'DAGS_FOLDER/***_daily_pipeline.py', '--cfg-path', '/tmp/tmpgk3l9_c8']
[2026-04-14T09:35:00.997+0000] {standard_task_runner.py:91} INFO - Job 76: Subtask refresh_kpi_views
[2026-04-14T09:35:01.048+0000] {task_command.py:426} INFO - Running <TaskInstance: maghrebia_daily_pipeline.refresh_kpi_views scheduled__2026-04-13T01:00:00+00:00 [running]> on host c23549a54765
[2026-04-14T09:35:01.131+0000] {taskinstance.py:2648} INFO - Exporting env vars: AIRFLOW_CTX_DAG_OWNER='***-data' AIRFLOW_CTX_DAG_ID='***_daily_pipeline' AIRFLOW_CTX_TASK_ID='refresh_kpi_views' AIRFLOW_CTX_EXECUTION_DATE='2026-04-13T01:00:00+00:00' AIRFLOW_CTX_TRY_NUMBER='1' AIRFLOW_CTX_DAG_RUN_ID='scheduled__2026-04-13T01:00:00+00:00'
[2026-04-14T09:35:01.132+0000] {taskinstance.py:430} INFO - ::endgroup::
[2026-04-14T09:35:01.147+0000] {maghrebia_daily_pipeline.py:224} INFO -   REFRESH MATERIALIZED VIEW mv_kpi_production_annuelle …
[2026-04-14T09:35:01.179+0000] {maghrebia_daily_pipeline.py:224} INFO -   REFRESH MATERIALIZED VIEW mv_kpi_agent_performance …
[2026-04-14T09:35:01.280+0000] {maghrebia_daily_pipeline.py:224} INFO -   REFRESH MATERIALIZED VIEW mv_kpi_portefeuille …
[2026-04-14T09:35:01.293+0000] {maghrebia_daily_pipeline.py:229} INFO - ✅ KPI views refreshed
[2026-04-14T09:35:01.294+0000] {python.py:237} INFO - Done. Returned value was: None
[2026-04-14T09:35:01.295+0000] {taskinstance.py:441} INFO - ::group::Post task execution logs
[2026-04-14T09:35:01.308+0000] {taskinstance.py:1206} INFO - Marking task as SUCCESS. dag_id=***_daily_pipeline, task_id=refresh_kpi_views, run_id=scheduled__2026-04-13T01:00:00+00:00, execution_date=20260413T010000, start_date=20260414T093500, end_date=20260414T093501
[2026-04-14T09:35:01.330+0000] {local_task_job_runner.py:240} INFO - Task exited with return code 0
[2026-04-14T09:35:01.355+0000] {taskinstance.py:3498} INFO - 4 downstream tasks scheduled from follow-on schedule check
[2026-04-14T09:35:01.358+0000] {local_task_job_runner.py:222} INFO - ::endgroup::
