[2026-04-03T16:05:49.463+0000] {local_task_job_runner.py:120} INFO - ::group::Pre task execution logs
[2026-04-03T16:05:49.521+0000] {taskinstance.py:2076} INFO - Dependencies all met for dep_context=non-requeueable deps ti=<TaskInstance: maghrebia_daily_pipeline.detect_events scheduled__2026-04-02T01:00:00+00:00 [queued]>
[2026-04-03T16:05:49.541+0000] {taskinstance.py:2076} INFO - Dependencies all met for dep_context=requeueable deps ti=<TaskInstance: maghrebia_daily_pipeline.detect_events scheduled__2026-04-02T01:00:00+00:00 [queued]>
[2026-04-03T16:05:49.542+0000] {taskinstance.py:2306} INFO - Starting attempt 1 of 2
[2026-04-03T16:05:49.559+0000] {taskinstance.py:2330} INFO - Executing <Task(PythonOperator): detect_events> on 2026-04-02 01:00:00+00:00
[2026-04-03T16:05:49.564+0000] {warnings.py:110} WARNING - /home/airflow/.local/lib/python3.12/site-packages/airflow/task/task_runner/standard_task_runner.py:61: DeprecationWarning: This process (pid=93) is multi-threaded, use of fork() may lead to deadlocks in the child.
  pid = os.fork()

[2026-04-03T16:05:49.565+0000] {standard_task_runner.py:63} INFO - Started process 96 to run task
[2026-04-03T16:05:49.565+0000] {standard_task_runner.py:90} INFO - Running: ['airflow', 'tasks', 'run', '***_daily_pipeline', 'detect_events', 'scheduled__2026-04-02T01:00:00+00:00', '--job-id', '13', '--raw', '--subdir', 'DAGS_FOLDER/***_daily_pipeline.py', '--cfg-path', '/tmp/tmpvwyj8uc7']
[2026-04-03T16:05:49.568+0000] {standard_task_runner.py:91} INFO - Job 13: Subtask detect_events
[2026-04-03T16:05:49.620+0000] {task_command.py:426} INFO - Running <TaskInstance: maghrebia_daily_pipeline.detect_events scheduled__2026-04-02T01:00:00+00:00 [running]> on host a420dcff4290
[2026-04-03T16:05:49.712+0000] {taskinstance.py:2648} INFO - Exporting env vars: AIRFLOW_CTX_DAG_OWNER='***-data' AIRFLOW_CTX_DAG_ID='***_daily_pipeline' AIRFLOW_CTX_TASK_ID='detect_events' AIRFLOW_CTX_EXECUTION_DATE='2026-04-02T01:00:00+00:00' AIRFLOW_CTX_TRY_NUMBER='1' AIRFLOW_CTX_DAG_RUN_ID='scheduled__2026-04-02T01:00:00+00:00'
[2026-04-03T16:05:49.714+0000] {taskinstance.py:430} INFO - ::endgroup::
[2026-04-03T16:05:50.121+0000] {maghrebia_daily_pipeline.py:344} INFO - ✅ 10 alertes insérées dans MongoDB
[2026-04-03T16:05:50.152+0000] {python.py:237} INFO - Done. Returned value was: None
[2026-04-03T16:05:50.152+0000] {taskinstance.py:441} INFO - ::group::Post task execution logs
[2026-04-03T16:05:50.162+0000] {taskinstance.py:1206} INFO - Marking task as SUCCESS. dag_id=***_daily_pipeline, task_id=detect_events, run_id=scheduled__2026-04-02T01:00:00+00:00, execution_date=20260402T010000, start_date=20260403T160549, end_date=20260403T160550
[2026-04-03T16:05:50.188+0000] {local_task_job_runner.py:240} INFO - Task exited with return code 0
[2026-04-03T16:05:50.211+0000] {taskinstance.py:3498} INFO - 0 downstream tasks scheduled from follow-on schedule check
[2026-04-03T16:05:50.213+0000] {local_task_job_runner.py:222} INFO - ::endgroup::
