[2026-04-07T07:03:24.406+0000] {local_task_job_runner.py:120} INFO - ::group::Pre task execution logs
[2026-04-07T07:03:24.428+0000] {taskinstance.py:2076} INFO - Dependencies all met for dep_context=non-requeueable deps ti=<TaskInstance: maghrebia_daily_pipeline.import_data scheduled__2026-04-06T01:00:00+00:00 [queued]>
[2026-04-07T07:03:24.436+0000] {taskinstance.py:2076} INFO - Dependencies all met for dep_context=requeueable deps ti=<TaskInstance: maghrebia_daily_pipeline.import_data scheduled__2026-04-06T01:00:00+00:00 [queued]>
[2026-04-07T07:03:24.437+0000] {taskinstance.py:2306} INFO - Starting attempt 1 of 2
[2026-04-07T07:03:24.450+0000] {taskinstance.py:2330} INFO - Executing <Task(PythonOperator): import_data> on 2026-04-06 01:00:00+00:00
[2026-04-07T07:03:24.457+0000] {warnings.py:110} WARNING - /home/airflow/.local/lib/python3.12/site-packages/airflow/task/task_runner/standard_task_runner.py:61: DeprecationWarning: This process (pid=65) is multi-threaded, use of fork() may lead to deadlocks in the child.
  pid = os.fork()

[2026-04-07T07:03:24.458+0000] {standard_task_runner.py:63} INFO - Started process 66 to run task
[2026-04-07T07:03:24.458+0000] {standard_task_runner.py:90} INFO - Running: ['airflow', 'tasks', 'run', '***_daily_pipeline', 'import_data', 'scheduled__2026-04-06T01:00:00+00:00', '--job-id', '30', '--raw', '--subdir', 'DAGS_FOLDER/***_daily_pipeline.py', '--cfg-path', '/tmp/tmpn29l4tih']
[2026-04-07T07:03:24.459+0000] {standard_task_runner.py:91} INFO - Job 30: Subtask import_data
[2026-04-07T07:03:24.518+0000] {task_command.py:426} INFO - Running <TaskInstance: maghrebia_daily_pipeline.import_data scheduled__2026-04-06T01:00:00+00:00 [running]> on host 3f2d9f108ce0
[2026-04-07T07:03:24.616+0000] {taskinstance.py:2648} INFO - Exporting env vars: AIRFLOW_CTX_DAG_OWNER='***-data' AIRFLOW_CTX_DAG_ID='***_daily_pipeline' AIRFLOW_CTX_TASK_ID='import_data' AIRFLOW_CTX_EXECUTION_DATE='2026-04-06T01:00:00+00:00' AIRFLOW_CTX_TRY_NUMBER='1' AIRFLOW_CTX_DAG_RUN_ID='scheduled__2026-04-06T01:00:00+00:00'
[2026-04-07T07:03:24.617+0000] {taskinstance.py:430} INFO - ::endgroup::
[2026-04-07T07:04:47.559+0000] {maghrebia_daily_pipeline.py:175} INFO - ,959 [INFO]   [DIM_VEHICULE] V6 - VALEUR_A_NEUF invalide → NaN: 19,699 corrections
2026-04-07 07:03:29,964 [INFO]   → FACT_EMISSION
2026-04-07 07:03:30,008 [INFO]   [FACT_EMISSION] E2 - ETAT_QUIT invalide → E: 650 corrections
2026-04-07 07:03:36,101 [INFO]   [FACT_EMISSION] E5 - ANNEE_ECHEANCE invalide → imputation: 1,375 corrections
2026-04-07 07:03:36,106 [INFO]   [FACT_EMISSION] E6 - MT_PNET négatif → ABS: 256 corrections
2026-04-07 07:03:36,107 [INFO]   [FACT_EMISSION] E7 - MT_PNET null → 0.0: 408 corrections
2026-04-07 07:03:36,110 [INFO]   [FACT_EMISSION] E6 - MT_PTT négatif → ABS: 252 corrections
2026-04-07 07:03:36,111 [INFO]   [FACT_EMISSION] E7 - MT_PTT null → 0.0: 381 corrections
2026-04-07 07:03:36,112 [INFO]   [FACT_EMISSION] E7 - MT_COMMISSION null → 0.0: 1,324 corrections
2026-04-07 07:03:36,119 [INFO]   [FACT_EMISSION] E8 - MT_PNET > 109713 DT winsorisé: 65 corrections
2026-04-07 07:03:36,132 [INFO]   [FACT_EMISSION] E9 - MT_PNET recalculé (Σ garanties): 4,865 corrections
2026-04-07 07:03:36,148 [INFO]   [FACT_EMISSION] E11 - MT_PTT recalculé (PNET+FGA+TIMBRE+TAXE): 4,849 corrections
2026-04-07 07:03:36,222 [INFO]   → FACT_ANNULATION
2026-04-07 07:03:36,298 [INFO]   [FACT_ANNULATION] N5 - DATE_ANNULATION < DATE_EMISSION → swap: 277 corrections
2026-04-07 07:03:36,318 [INFO]   → FACT_IMPAYE
2026-04-07 07:03:36,320 [INFO]   [FACT_IMPAYE] I2 - MT_ACP > MT_PTT → plafonné: 13 corrections
2026-04-07 07:03:38,893 [INFO]   [FACT_EMISSION_DETAIL] D3 - ANNEE_ECHEANCE invalide → imputation: 4,411 corrections
2026-04-07 07:03:38,920 [INFO]   → FACT_EMISSION_DETAIL : 208,290 → 208,290 lignes (imputation sans suppression)
2026-04-07 07:03:38,920 [INFO] 
[3/5] VALIDATE — Great Expectations post-cleaning...
2026-04-07 07:03:38,924 [INFO]   GE ✅ FE: NUM_QUITTANCE unique
2026-04-07 07:03:38,927 [INFO]   GE ✅ FE: ETAT_QUIT ∈ {E,P,A}
2026-04-07 07:03:38,930 [INFO]   GE ✅ FE: BRANCHE ∈ {AUTO,IRDS,SANTE}
2026-04-07 07:03:38,932 [INFO]   GE ✅ FE: ANNEE_ECHEANCE ∈ [2018,2025]
2026-04-07 07:03:38,933 [INFO]   GE ✅ FE: MT_PNET ≥ 0
2026-04-07 07:03:38,934 [INFO]   GE ✅ FE: MT_PTT ≥ 0
2026-04-07 07:03:38,937 [INFO]   GE ✅ FE: MT_PTT = PNET+FGA+TIMBRE+TAXE (±0.5)
2026-04-07 07:03:38,939 [INFO]   GE ✅ FE: MT_FGA = MT_RC × 0.25 (±0.5)
2026-04-07 07:03:38,999 [INFO]   GE ✅ FE: ID_POLICE FK valide
2026-04-07 07:03:39,004 [INFO]   GE ✅ FE: ID_AGENT FK valide
2026-04-07 07:03:39,006 [INFO]   GE ✅ DP: ID_POLICE unique
2026-04-07 07:03:39,009 [INFO]   GE ✅ DP: SITUATION ∈ {V,R,T,S,A}
2026-04-07 07:03:39,011 [INFO]   GE ✅ DP: BRANCHE ∈ {AUTO,IRDS,SANTE}
2026-04-07 07:03:39,015 [INFO]   GE ✅ DP: BONUS_MALUS AUTO null < 5%
2026-04-07 07:03:39,015 [INFO]   GE ✅ DC: ID_CLIENT unique
2026-04-07 07:03:39,017 [INFO]   GE ✅ DC: TYPE_PERSONNE ∈ {P,M}
2026-04-07 07:03:39,017 [INFO]   GE ✅ FI: MT_ACP ≤ MT_PTT (acompte cohérent)
2026-04-07 07:03:39,018 [INFO]   GE ✅ FI: MT_PTT ≥ 0
2026-04-07 07:03:39,021 [INFO]   Score qualité : 100.0% (18/18 règles)
2026-04-07 07:03:39,021 [INFO]   ✅ Validation réussie
2026-04-07 07:03:39,022 [INFO] 
[4/5] LOAD — Chargement PostgreSQL...
2026-04-07 07:03:39,082 [INFO]   ✅ dim_agent : 201 lignes chargées (UPSERT)
2026-04-07 07:03:43,671 [INFO]   ✅ dim_client : 30,001 lignes chargées (UPSERT)
2026-04-07 07:03:48,900 [INFO]   ✅ dim_police : 30,001 lignes chargées (UPSERT)
2026-04-07 07:03:52,280 [INFO]   ✅ dim_vehicule : 20,000 lignes chargées (UPSERT)
2026-04-07 07:04:19,282 [INFO]   ✅ dwh_fact_emission : 65,000 lignes chargées (TRUNCATE+INSERT)
2026-04-07 07:04:43,654 [INFO]   ✅ dwh_fact_emission_detail : 208,290 lignes chargées (TRUNCATE+INSERT)
2026-04-07 07:04:43,943 [INFO]   ✅ dwh_fact_annulation : 1,147 lignes chargées (TRUNCATE+INSERT)
2026-04-07 07:04:44,081 [INFO]   ✅ dwh_fact_impaye : 764 lignes chargées (TRUNCATE+INSERT)
2026-04-07 07:04:44,082 [INFO] 
[5/5] REPORT — Génération rapport qualité JSON...
2026-04-07 07:04:44,082 [INFO] 
======================================================================
2026-04-07 07:04:44,083 [INFO]   RÉSUMÉ DES CORRECTIONS APPLIQUÉES
2026-04-07 07:04:44,083 [INFO] ======================================================================
2026-04-07 07:04:44,083 [INFO]   DIM_AGENT                      →     200 →     201  (−0 supprimés, +1 ajoutés, 24 corrections)
2026-04-07 07:04:44,083 [INFO]   DIM_CLIENT                     →  30,000 →  30,001  (−0 supprimés, +1 ajoutés, 1,076 corrections)
2026-04-07 07:04:44,084 [INFO]   DIM_POLICE                     →  30,000 →  30,001  (−0 supprimés, +1 ajoutés, 16,748 corrections)
2026-04-07 07:04:44,086 [INFO]   DIM_VEHICULE                   →  20,000 →  20,000  (−0 supprimés, +0 ajoutés, 19,973 corrections)
2026-04-07 07:04:44,086 [INFO]   FACT_EMISSION                  →  65,000 →  65,000  (−0 supprimés, +0 ajoutés, 14,425 corrections)
2026-04-07 07:04:44,086 [INFO]   FACT_ANNULATION                →   1,147 →   1,147  (−0 supprimés, +0 ajoutés, 277 corrections)
2026-04-07 07:04:44,086 [INFO]   FACT_IMPAYE                    →     764 →     764  (−0 supprimés, +0 ajoutés, 13 corrections)
2026-04-07 07:04:44,087 [INFO]   FACT_EMISSION_DETAIL           → 208,290 → 208,290  (−0 supprimés, +0 ajoutés, 4,411 corrections)
2026-04-07 07:04:44,087 [INFO] ----------------------------------------------------------------------
2026-04-07 07:04:44,087 [INFO]   TOTAL                             Total corrections : 56,947
2026-04-07 07:04:44,088 [INFO]                                     Total suppressions: 0
2026-04-07 07:04:44,088 [INFO]                                     Total ajouts      : 3
2026-04-07 07:04:44,088 [INFO] 
  Score GE post-nettoyage : 100.0%  (18/18 règles)
2026-04-07 07:04:44,088 [INFO] 
  Durée totale : 78.5s
2026-04-07 07:04:44,089 [INFO] ======================================================================
2026-04-07 07:04:44,092 [INFO] 
  💾 Rapport : /opt/airflow/reports/data_quality/import_report_20260407_0703.json
2026-04-07 07:04:47,439 [INFO]   💾 CSV nettoyés : /opt/airflow/data/clean/

[2026-04-07T07:04:47.560+0000] {maghrebia_daily_pipeline.py:177} WARNING - /opt/airflow/tdsp_dags/import_data.py:214: FutureWarning: The behavior of DataFrame concatenation with empty or all-NA entries is deprecated. In a future version, this will no longer exclude empty or all-NA columns when determining the result dtypes. To retain the old behavior, exclude the relevant entries before the concat operation.
  return pd.concat([df, pd.DataFrame([row])], ignore_index=True)

[2026-04-07T07:04:47.693+0000] {python.py:237} INFO - Done. Returned value was: None
[2026-04-07T07:04:47.695+0000] {taskinstance.py:441} INFO - ::group::Post task execution logs
[2026-04-07T07:04:47.704+0000] {taskinstance.py:1206} INFO - Marking task as SUCCESS. dag_id=***_daily_pipeline, task_id=import_data, run_id=scheduled__2026-04-06T01:00:00+00:00, execution_date=20260406T010000, start_date=20260407T070324, end_date=20260407T070447
[2026-04-07T07:04:47.724+0000] {local_task_job_runner.py:240} INFO - Task exited with return code 0
[2026-04-07T07:04:47.748+0000] {taskinstance.py:3498} INFO - 1 downstream tasks scheduled from follow-on schedule check
[2026-04-07T07:04:47.751+0000] {local_task_job_runner.py:222} INFO - ::endgroup::
