[2026-04-15T07:27:27.536+0000] {local_task_job_runner.py:120} INFO - ::group::Pre task execution logs
[2026-04-15T07:27:27.559+0000] {taskinstance.py:2076} INFO - Dependencies all met for dep_context=non-requeueable deps ti=<TaskInstance: maghrebia_daily_pipeline.should_retrain_model scheduled__2026-04-14T01:00:00+00:00 [queued]>
[2026-04-15T07:27:27.565+0000] {taskinstance.py:2076} INFO - Dependencies all met for dep_context=requeueable deps ti=<TaskInstance: maghrebia_daily_pipeline.should_retrain_model scheduled__2026-04-14T01:00:00+00:00 [queued]>
[2026-04-15T07:27:27.566+0000] {taskinstance.py:2306} INFO - Starting attempt 1 of 2
[2026-04-15T07:27:27.577+0000] {taskinstance.py:2330} INFO - Executing <Task(BranchPythonOperator): should_retrain_model> on 2026-04-14 01:00:00+00:00
[2026-04-15T07:27:27.581+0000] {warnings.py:110} WARNING - /home/airflow/.local/lib/python3.12/site-packages/airflow/task/task_runner/standard_task_runner.py:61: DeprecationWarning: This process (pid=89) is multi-threaded, use of fork() may lead to deadlocks in the child.
  pid = os.fork()

[2026-04-15T07:27:27.582+0000] {standard_task_runner.py:63} INFO - Started process 93 to run task
[2026-04-15T07:27:27.583+0000] {standard_task_runner.py:90} INFO - Running: ['airflow', 'tasks', 'run', '***_daily_pipeline', 'should_retrain_model', 'scheduled__2026-04-14T01:00:00+00:00', '--job-id', '93', '--raw', '--subdir', 'DAGS_FOLDER/***_daily_pipeline.py', '--cfg-path', '/tmp/tmpz1squbhg']
[2026-04-15T07:27:27.584+0000] {standard_task_runner.py:91} INFO - Job 93: Subtask should_retrain_model
[2026-04-15T07:27:27.634+0000] {task_command.py:426} INFO - Running <TaskInstance: maghrebia_daily_pipeline.should_retrain_model scheduled__2026-04-14T01:00:00+00:00 [running]> on host 4ebb8db27ef0
[2026-04-15T07:27:27.719+0000] {taskinstance.py:2648} INFO - Exporting env vars: AIRFLOW_CTX_DAG_OWNER='***-data' AIRFLOW_CTX_DAG_ID='***_daily_pipeline' AIRFLOW_CTX_TASK_ID='should_retrain_model' AIRFLOW_CTX_EXECUTION_DATE='2026-04-14T01:00:00+00:00' AIRFLOW_CTX_TRY_NUMBER='1' AIRFLOW_CTX_DAG_RUN_ID='scheduled__2026-04-14T01:00:00+00:00'
[2026-04-15T07:27:27.720+0000] {taskinstance.py:430} INFO - ::endgroup::
[2026-04-15T07:27:27.732+0000] {baseoperator.py:399} WARNING - BranchPythonOperator.execute cannot be called outside TaskInstance!
[2026-04-15T07:27:27.732+0000] {maghrebia_daily_pipeline.py:479} INFO -   Retrain ignoré (jour logique=14)
[2026-04-15T07:27:27.733+0000] {python.py:237} INFO - Done. Returned value was: skip_retrain_model
[2026-04-15T07:27:27.734+0000] {branch.py:36} INFO - Branch into skip_retrain_model
[2026-04-15T07:27:27.734+0000] {skipmixin.py:178} INFO - Following branch skip_retrain_model
[2026-04-15T07:27:27.755+0000] {skipmixin.py:246} INFO - Skipping tasks [('train_impaye_model', -1)]
[2026-04-15T07:27:27.781+0000] {taskinstance.py:441} INFO - ::group::Post task execution logs
[2026-04-15T07:27:27.803+0000] {taskinstance.py:1206} INFO - Marking task as SUCCESS. dag_id=***_daily_pipeline, task_id=should_retrain_model, run_id=scheduled__2026-04-14T01:00:00+00:00, execution_date=20260414T010000, start_date=20260415T072727, end_date=20260415T072727
[2026-04-15T07:27:27.837+0000] {local_task_job_runner.py:240} INFO - Task exited with return code 0
[2026-04-15T07:27:27.863+0000] {taskinstance.py:3498} INFO - 0 downstream tasks scheduled from follow-on schedule check
[2026-04-15T07:27:27.866+0000] {local_task_job_runner.py:222} INFO - ::endgroup::
