[2026-04-08T08:10:35.626+0000] {local_task_job_runner.py:120} INFO - ::group::Pre task execution logs
[2026-04-08T08:10:35.646+0000] {taskinstance.py:2076} INFO - Dependencies all met for dep_context=non-requeueable deps ti=<TaskInstance: maghrebia_daily_pipeline.import_data scheduled__2026-04-07T01:00:00+00:00 [queued]>
[2026-04-08T08:10:35.652+0000] {taskinstance.py:2076} INFO - Dependencies all met for dep_context=requeueable deps ti=<TaskInstance: maghrebia_daily_pipeline.import_data scheduled__2026-04-07T01:00:00+00:00 [queued]>
[2026-04-08T08:10:35.653+0000] {taskinstance.py:2306} INFO - Starting attempt 1 of 2
[2026-04-08T08:10:35.663+0000] {taskinstance.py:2330} INFO - Executing <Task(PythonOperator): import_data> on 2026-04-07 01:00:00+00:00
[2026-04-08T08:10:35.668+0000] {warnings.py:110} WARNING - /home/airflow/.local/lib/python3.12/site-packages/airflow/task/task_runner/standard_task_runner.py:61: DeprecationWarning: This process (pid=65) is multi-threaded, use of fork() may lead to deadlocks in the child.
  pid = os.fork()

[2026-04-08T08:10:35.669+0000] {standard_task_runner.py:63} INFO - Started process 66 to run task
[2026-04-08T08:10:35.669+0000] {standard_task_runner.py:90} INFO - Running: ['airflow', 'tasks', 'run', '***_daily_pipeline', 'import_data', 'scheduled__2026-04-07T01:00:00+00:00', '--job-id', '40', '--raw', '--subdir', 'DAGS_FOLDER/***_daily_pipeline.py', '--cfg-path', '/tmp/tmpsu2hntw_']
[2026-04-08T08:10:35.670+0000] {standard_task_runner.py:91} INFO - Job 40: Subtask import_data
[2026-04-08T08:10:35.719+0000] {task_command.py:426} INFO - Running <TaskInstance: maghrebia_daily_pipeline.import_data scheduled__2026-04-07T01:00:00+00:00 [running]> on host 3d9b4f717346
[2026-04-08T08:10:35.798+0000] {taskinstance.py:2648} INFO - Exporting env vars: AIRFLOW_CTX_DAG_OWNER='***-data' AIRFLOW_CTX_DAG_ID='***_daily_pipeline' AIRFLOW_CTX_TASK_ID='import_data' AIRFLOW_CTX_EXECUTION_DATE='2026-04-07T01:00:00+00:00' AIRFLOW_CTX_TRY_NUMBER='1' AIRFLOW_CTX_DAG_RUN_ID='scheduled__2026-04-07T01:00:00+00:00'
[2026-04-08T08:10:35.799+0000] {taskinstance.py:430} INFO - ::endgroup::
[2026-04-08T08:11:49.633+0000] {local_task_job_runner.py:124} ERROR - Received SIGTERM. Terminating subprocesses
[2026-04-08T08:11:49.638+0000] {process_utils.py:132} INFO - Sending 15 to group 66. PIDs of all processes in the group: [67, 66]
[2026-04-08T08:11:49.645+0000] {process_utils.py:87} INFO - Sending the signal 15 to group 66
[2026-04-08T08:11:49.650+0000] {taskinstance.py:2611} ERROR - Received SIGTERM. Terminating subprocesses.
[2026-04-08T08:11:49.703+0000] {taskinstance.py:441} INFO - ::group::Post task execution logs
[2026-04-08T08:11:49.714+0000] {process_utils.py:80} INFO - Process psutil.Process(pid=67, status='terminated', started='08:10:35') (67) terminated with exit code None
[2026-04-08T08:11:49.719+0000] {taskinstance.py:2905} ERROR - Task failed with exception
Traceback (most recent call last):
  File "/home/airflow/.local/lib/python3.12/site-packages/airflow/models/taskinstance.py", line 465, in _execute_task
    result = _execute_callable(context=context, **execute_callable_kwargs)
             ^^^^^^^^^^^^^^^^^^^^^^^^^^^^^^^^^^^^^^^^^^^^^^^^^^^^^^^^^^^^^
  File "/home/airflow/.local/lib/python3.12/site-packages/airflow/models/taskinstance.py", line 432, in _execute_callable
    return execute_callable(context=context, **execute_callable_kwargs)
           ^^^^^^^^^^^^^^^^^^^^^^^^^^^^^^^^^^^^^^^^^^^^^^^^^^^^^^^^^^^^
  File "/home/airflow/.local/lib/python3.12/site-packages/airflow/models/baseoperator.py", line 400, in wrapper
    return func(self, *args, **kwargs)
           ^^^^^^^^^^^^^^^^^^^^^^^^^^^
  File "/home/airflow/.local/lib/python3.12/site-packages/airflow/operators/python.py", line 235, in execute
    return_value = self.execute_callable()
                   ^^^^^^^^^^^^^^^^^^^^^^^
  File "/home/airflow/.local/lib/python3.12/site-packages/airflow/operators/python.py", line 252, in execute_callable
    return self.python_callable(*self.op_args, **self.op_kwargs)
           ^^^^^^^^^^^^^^^^^^^^^^^^^^^^^^^^^^^^^^^^^^^^^^^^^^^^^
  File "/opt/airflow/dags/maghrebia_daily_pipeline.py", line 167, in task_import_data
    result = subprocess.run(
             ^^^^^^^^^^^^^^^
  File "/usr/local/lib/python3.12/subprocess.py", line 550, in run
    stdout, stderr = process.communicate(input, timeout=timeout)
                     ^^^^^^^^^^^^^^^^^^^^^^^^^^^^^^^^^^^^^^^^^^^
  File "/usr/local/lib/python3.12/subprocess.py", line 1209, in communicate
    stdout, stderr = self._communicate(input, endtime, timeout)
                     ^^^^^^^^^^^^^^^^^^^^^^^^^^^^^^^^^^^^^^^^^^
  File "/usr/local/lib/python3.12/subprocess.py", line 2115, in _communicate
    ready = selector.select(timeout)
            ^^^^^^^^^^^^^^^^^^^^^^^^
  File "/usr/local/lib/python3.12/selectors.py", line 415, in select
    fd_event_list = self._selector.poll(timeout)
                    ^^^^^^^^^^^^^^^^^^^^^^^^^^^^
  File "/home/airflow/.local/lib/python3.12/site-packages/airflow/models/taskinstance.py", line 2613, in signal_handler
    raise AirflowTaskTerminated("Task received SIGTERM signal")
airflow.exceptions.AirflowTaskTerminated: Task received SIGTERM signal
[2026-04-08T08:11:49.734+0000] {taskinstance.py:1206} INFO - Marking task as UP_FOR_RETRY. dag_id=***_daily_pipeline, task_id=import_data, run_id=scheduled__2026-04-07T01:00:00+00:00, execution_date=20260407T010000, start_date=20260408T081035, end_date=20260408T081149
[2026-04-08T08:11:49.767+0000] {process_utils.py:80} INFO - Process psutil.Process(pid=66, status='terminated', exitcode=2, started='08:10:35') (66) terminated with exit code 2
[2026-04-08T08:11:49.771+0000] {local_task_job_runner.py:240} INFO - Task exited with return code 143
[2026-04-08T08:11:49.812+0000] {taskinstance.py:3498} INFO - 0 downstream tasks scheduled from follow-on schedule check
