[2026-04-06T07:33:55.382+0000] {local_task_job_runner.py:120} INFO - ::group::Pre task execution logs
[2026-04-06T07:33:55.404+0000] {taskinstance.py:2076} INFO - Dependencies all met for dep_context=non-requeueable deps ti=<TaskInstance: maghrebia_daily_pipeline.reindex_qdrant scheduled__2026-04-05T01:00:00+00:00 [queued]>
[2026-04-06T07:33:55.411+0000] {taskinstance.py:2076} INFO - Dependencies all met for dep_context=requeueable deps ti=<TaskInstance: maghrebia_daily_pipeline.reindex_qdrant scheduled__2026-04-05T01:00:00+00:00 [queued]>
[2026-04-06T07:33:55.412+0000] {taskinstance.py:2306} INFO - Starting attempt 1 of 2
[2026-04-06T07:33:55.423+0000] {taskinstance.py:2330} INFO - Executing <Task(PythonOperator): reindex_qdrant> on 2026-04-05 01:00:00+00:00
[2026-04-06T07:33:55.428+0000] {warnings.py:110} WARNING - /home/airflow/.local/lib/python3.12/site-packages/airflow/task/task_runner/standard_task_runner.py:61: DeprecationWarning: This process (pid=90) is multi-threaded, use of fork() may lead to deadlocks in the child.
  pid = os.fork()

[2026-04-06T07:33:55.429+0000] {standard_task_runner.py:63} INFO - Started process 93 to run task
[2026-04-06T07:33:55.430+0000] {standard_task_runner.py:90} INFO - Running: ['airflow', 'tasks', 'run', '***_daily_pipeline', 'reindex_qdrant', 'scheduled__2026-04-05T01:00:00+00:00', '--job-id', '21', '--raw', '--subdir', 'DAGS_FOLDER/***_daily_pipeline.py', '--cfg-path', '/tmp/tmp6fui4mfe']
[2026-04-06T07:33:55.432+0000] {standard_task_runner.py:91} INFO - Job 21: Subtask reindex_qdrant
[2026-04-06T07:33:55.485+0000] {task_command.py:426} INFO - Running <TaskInstance: maghrebia_daily_pipeline.reindex_qdrant scheduled__2026-04-05T01:00:00+00:00 [running]> on host 1d635d36acfe
[2026-04-06T07:33:55.584+0000] {taskinstance.py:2648} INFO - Exporting env vars: AIRFLOW_CTX_DAG_OWNER='***-data' AIRFLOW_CTX_DAG_ID='***_daily_pipeline' AIRFLOW_CTX_TASK_ID='reindex_qdrant' AIRFLOW_CTX_EXECUTION_DATE='2026-04-05T01:00:00+00:00' AIRFLOW_CTX_TRY_NUMBER='1' AIRFLOW_CTX_DAG_RUN_ID='scheduled__2026-04-05T01:00:00+00:00'
[2026-04-06T07:33:55.585+0000] {taskinstance.py:430} INFO - ::endgroup::
[2026-04-06T07:33:55.598+0000] {taskinstance.py:441} INFO - ::group::Post task execution logs
[2026-04-06T07:33:55.599+0000] {taskinstance.py:2905} ERROR - Task failed with exception
Traceback (most recent call last):
  File "/home/airflow/.local/lib/python3.12/site-packages/airflow/models/taskinstance.py", line 465, in _execute_task
    result = _execute_callable(context=context, **execute_callable_kwargs)
             ^^^^^^^^^^^^^^^^^^^^^^^^^^^^^^^^^^^^^^^^^^^^^^^^^^^^^^^^^^^^^
  File "/home/airflow/.local/lib/python3.12/site-packages/airflow/models/taskinstance.py", line 432, in _execute_callable
    return execute_callable(context=context, **execute_callable_kwargs)
           ^^^^^^^^^^^^^^^^^^^^^^^^^^^^^^^^^^^^^^^^^^^^^^^^^^^^^^^^^^^^
  File "/home/airflow/.local/lib/python3.12/site-packages/airflow/models/baseoperator.py", line 400, in wrapper
    return func(self, *args, **kwargs)
           ^^^^^^^^^^^^^^^^^^^^^^^^^^^
  File "/home/airflow/.local/lib/python3.12/site-packages/airflow/operators/python.py", line 235, in execute
    return_value = self.execute_callable()
                   ^^^^^^^^^^^^^^^^^^^^^^^
  File "/home/airflow/.local/lib/python3.12/site-packages/airflow/operators/python.py", line 252, in execute_callable
    return self.python_callable(*self.op_args, **self.op_kwargs)
           ^^^^^^^^^^^^^^^^^^^^^^^^^^^^^^^^^^^^^^^^^^^^^^^^^^^^^
  File "/opt/airflow/dags/maghrebia_daily_pipeline.py", line 365, in task_reindex_qdrant
    from qdrant_client import QdrantClient
ModuleNotFoundError: No module named 'qdrant_client'
[2026-04-06T07:33:55.617+0000] {taskinstance.py:1206} INFO - Marking task as UP_FOR_RETRY. dag_id=***_daily_pipeline, task_id=reindex_qdrant, run_id=scheduled__2026-04-05T01:00:00+00:00, execution_date=20260405T010000, start_date=20260406T073355, end_date=20260406T073355
[2026-04-06T07:33:55.631+0000] {standard_task_runner.py:110} ERROR - Failed to execute job 21 for task reindex_qdrant (No module named 'qdrant_client'; 93)
[2026-04-06T07:33:55.643+0000] {local_task_job_runner.py:240} INFO - Task exited with return code 1
[2026-04-06T07:33:55.666+0000] {taskinstance.py:3498} INFO - 0 downstream tasks scheduled from follow-on schedule check
[2026-04-06T07:33:55.668+0000] {local_task_job_runner.py:222} INFO - ::endgroup::
