[2026-04-21T09:28:51.340+0000] {local_task_job_runner.py:120} INFO - ::group::Pre task execution logs
[2026-04-21T09:28:51.367+0000] {taskinstance.py:2076} INFO - Dependencies all met for dep_context=non-requeueable deps ti=<TaskInstance: maghrebia_daily_pipeline.reindex_qdrant scheduled__2026-04-20T01:00:00+00:00 [queued]>
[2026-04-21T09:28:51.375+0000] {taskinstance.py:2076} INFO - Dependencies all met for dep_context=requeueable deps ti=<TaskInstance: maghrebia_daily_pipeline.reindex_qdrant scheduled__2026-04-20T01:00:00+00:00 [queued]>
[2026-04-21T09:28:51.377+0000] {taskinstance.py:2306} INFO - Starting attempt 2 of 2
[2026-04-21T09:28:51.389+0000] {taskinstance.py:2330} INFO - Executing <Task(PythonOperator): reindex_qdrant> on 2026-04-20 01:00:00+00:00
[2026-04-21T09:28:51.395+0000] {warnings.py:110} WARNING - /home/airflow/.local/lib/python3.12/site-packages/airflow/task/task_runner/standard_task_runner.py:61: DeprecationWarning: This process (pid=101) is multi-threaded, use of fork() may lead to deadlocks in the child.
  pid = os.fork()

[2026-04-21T09:28:51.397+0000] {standard_task_runner.py:63} INFO - Started process 102 to run task
[2026-04-21T09:28:51.398+0000] {standard_task_runner.py:90} INFO - Running: ['airflow', 'tasks', 'run', '***_daily_pipeline', 'reindex_qdrant', 'scheduled__2026-04-20T01:00:00+00:00', '--job-id', '208', '--raw', '--subdir', 'DAGS_FOLDER/***_daily_pipeline.py', '--cfg-path', '/tmp/tmpim1is4ou']
[2026-04-21T09:28:51.399+0000] {standard_task_runner.py:91} INFO - Job 208: Subtask reindex_qdrant
[2026-04-21T09:28:51.522+0000] {task_command.py:426} INFO - Running <TaskInstance: maghrebia_daily_pipeline.reindex_qdrant scheduled__2026-04-20T01:00:00+00:00 [running]> on host a2edf987092d
[2026-04-21T09:28:51.671+0000] {taskinstance.py:2648} INFO - Exporting env vars: AIRFLOW_CTX_DAG_OWNER='***-data' AIRFLOW_CTX_DAG_ID='***_daily_pipeline' AIRFLOW_CTX_TASK_ID='reindex_qdrant' AIRFLOW_CTX_EXECUTION_DATE='2026-04-20T01:00:00+00:00' AIRFLOW_CTX_TRY_NUMBER='2' AIRFLOW_CTX_DAG_RUN_ID='scheduled__2026-04-20T01:00:00+00:00'
[2026-04-21T09:28:51.673+0000] {taskinstance.py:430} INFO - ::endgroup::
[2026-04-21T09:28:51.690+0000] {taskinstance.py:441} INFO - ::group::Post task execution logs
[2026-04-21T09:28:51.693+0000] {taskinstance.py:2905} ERROR - Task failed with exception
Traceback (most recent call last):
  File "/home/airflow/.local/lib/python3.12/site-packages/airflow/models/taskinstance.py", line 465, in _execute_task
    result = _execute_callable(context=context, **execute_callable_kwargs)
             ^^^^^^^^^^^^^^^^^^^^^^^^^^^^^^^^^^^^^^^^^^^^^^^^^^^^^^^^^^^^^
  File "/home/airflow/.local/lib/python3.12/site-packages/airflow/models/taskinstance.py", line 432, in _execute_callable
    return execute_callable(context=context, **execute_callable_kwargs)
           ^^^^^^^^^^^^^^^^^^^^^^^^^^^^^^^^^^^^^^^^^^^^^^^^^^^^^^^^^^^^
  File "/home/airflow/.local/lib/python3.12/site-packages/airflow/models/baseoperator.py", line 400, in wrapper
    return func(self, *args, **kwargs)
           ^^^^^^^^^^^^^^^^^^^^^^^^^^^
  File "/home/airflow/.local/lib/python3.12/site-packages/airflow/operators/python.py", line 235, in execute
    return_value = self.execute_callable()
                   ^^^^^^^^^^^^^^^^^^^^^^^
  File "/home/airflow/.local/lib/python3.12/site-packages/airflow/operators/python.py", line 252, in execute_callable
    return self.python_callable(*self.op_args, **self.op_kwargs)
           ^^^^^^^^^^^^^^^^^^^^^^^^^^^^^^^^^^^^^^^^^^^^^^^^^^^^^
  File "/opt/airflow/dags/maghrebia_daily_pipeline.py", line 365, in task_reindex_qdrant
    from qdrant_client import QdrantClient
ModuleNotFoundError: No module named 'qdrant_client'
[2026-04-21T09:28:51.728+0000] {taskinstance.py:1206} INFO - Marking task as FAILED. dag_id=***_daily_pipeline, task_id=reindex_qdrant, run_id=scheduled__2026-04-20T01:00:00+00:00, execution_date=20260420T010000, start_date=20260421T092851, end_date=20260421T092851
[2026-04-21T09:28:51.749+0000] {standard_task_runner.py:110} ERROR - Failed to execute job 208 for task reindex_qdrant (No module named 'qdrant_client'; 102)
[2026-04-21T09:28:51.773+0000] {local_task_job_runner.py:240} INFO - Task exited with return code 1
[2026-04-21T09:28:51.806+0000] {taskinstance.py:3498} INFO - 0 downstream tasks scheduled from follow-on schedule check
[2026-04-21T09:28:51.812+0000] {local_task_job_runner.py:222} INFO - ::endgroup::
