[2026-04-08T08:10:30.786+0000] {local_task_job_runner.py:120} INFO - ::group::Pre task execution logs
[2026-04-08T08:10:30.811+0000] {taskinstance.py:2076} INFO - Dependencies all met for dep_context=non-requeueable deps ti=<TaskInstance: maghrebia_daily_pipeline.health_check scheduled__2026-04-07T01:00:00+00:00 [queued]>
[2026-04-08T08:10:30.818+0000] {taskinstance.py:2076} INFO - Dependencies all met for dep_context=requeueable deps ti=<TaskInstance: maghrebia_daily_pipeline.health_check scheduled__2026-04-07T01:00:00+00:00 [queued]>
[2026-04-08T08:10:30.819+0000] {taskinstance.py:2306} INFO - Starting attempt 1 of 2
[2026-04-08T08:10:30.831+0000] {taskinstance.py:2330} INFO - Executing <Task(PythonOperator): health_check> on 2026-04-07 01:00:00+00:00
[2026-04-08T08:10:30.835+0000] {warnings.py:110} WARNING - /home/airflow/.local/lib/python3.12/site-packages/airflow/task/task_runner/standard_task_runner.py:61: DeprecationWarning: This process (pid=60) is multi-threaded, use of fork() may lead to deadlocks in the child.
  pid = os.fork()

[2026-04-08T08:10:30.837+0000] {standard_task_runner.py:63} INFO - Started process 61 to run task
[2026-04-08T08:10:30.837+0000] {standard_task_runner.py:90} INFO - Running: ['airflow', 'tasks', 'run', '***_daily_pipeline', 'health_check', 'scheduled__2026-04-07T01:00:00+00:00', '--job-id', '38', '--raw', '--subdir', 'DAGS_FOLDER/***_daily_pipeline.py', '--cfg-path', '/tmp/tmp69_vgzcj']
[2026-04-08T08:10:30.838+0000] {standard_task_runner.py:91} INFO - Job 38: Subtask health_check
[2026-04-08T08:10:30.892+0000] {task_command.py:426} INFO - Running <TaskInstance: maghrebia_daily_pipeline.health_check scheduled__2026-04-07T01:00:00+00:00 [running]> on host 3d9b4f717346
[2026-04-08T08:10:30.986+0000] {taskinstance.py:2648} INFO - Exporting env vars: AIRFLOW_CTX_DAG_OWNER='***-data' AIRFLOW_CTX_DAG_ID='***_daily_pipeline' AIRFLOW_CTX_TASK_ID='health_check' AIRFLOW_CTX_EXECUTION_DATE='2026-04-07T01:00:00+00:00' AIRFLOW_CTX_TRY_NUMBER='1' AIRFLOW_CTX_DAG_RUN_ID='scheduled__2026-04-07T01:00:00+00:00'
[2026-04-08T08:10:30.987+0000] {taskinstance.py:430} INFO - ::endgroup::
[2026-04-08T08:10:31.028+0000] {maghrebia_daily_pipeline.py:81} INFO - ✅ PostgreSQL OK
[2026-04-08T08:10:31.061+0000] {maghrebia_daily_pipeline.py:91} INFO - ✅ Qdrant OK
[2026-04-08T08:10:31.083+0000] {maghrebia_daily_pipeline.py:97} INFO - Health check complete: {'postgres': 'OK', 'qdrant': 'OK'}
[2026-04-08T08:10:31.086+0000] {python.py:237} INFO - Done. Returned value was: None
[2026-04-08T08:10:31.087+0000] {taskinstance.py:441} INFO - ::group::Post task execution logs
[2026-04-08T08:10:31.100+0000] {taskinstance.py:1206} INFO - Marking task as SUCCESS. dag_id=***_daily_pipeline, task_id=health_check, run_id=scheduled__2026-04-07T01:00:00+00:00, execution_date=20260407T010000, start_date=20260408T081030, end_date=20260408T081031
[2026-04-08T08:10:31.131+0000] {local_task_job_runner.py:240} INFO - Task exited with return code 0
[2026-04-08T08:10:31.162+0000] {taskinstance.py:3498} INFO - 1 downstream tasks scheduled from follow-on schedule check
[2026-04-08T08:10:31.165+0000] {local_task_job_runner.py:222} INFO - ::endgroup::
