[2026-04-03T16:05:48.679+0000] {local_task_job_runner.py:120} INFO - ::group::Pre task execution logs
[2026-04-03T16:05:48.707+0000] {taskinstance.py:2076} INFO - Dependencies all met for dep_context=non-requeueable deps ti=<TaskInstance: maghrebia_daily_pipeline.should_retrain_model scheduled__2026-04-02T01:00:00+00:00 [queued]>
[2026-04-03T16:05:48.714+0000] {taskinstance.py:2076} INFO - Dependencies all met for dep_context=requeueable deps ti=<TaskInstance: maghrebia_daily_pipeline.should_retrain_model scheduled__2026-04-02T01:00:00+00:00 [queued]>
[2026-04-03T16:05:48.715+0000] {taskinstance.py:2306} INFO - Starting attempt 1 of 2
[2026-04-03T16:05:48.726+0000] {taskinstance.py:2330} INFO - Executing <Task(BranchPythonOperator): should_retrain_model> on 2026-04-02 01:00:00+00:00
[2026-04-03T16:05:48.731+0000] {warnings.py:110} WARNING - /home/airflow/.local/lib/python3.12/site-packages/airflow/task/task_runner/standard_task_runner.py:61: DeprecationWarning: This process (pid=91) is multi-threaded, use of fork() may lead to deadlocks in the child.
  pid = os.fork()

[2026-04-03T16:05:48.732+0000] {standard_task_runner.py:63} INFO - Started process 95 to run task
[2026-04-03T16:05:48.733+0000] {standard_task_runner.py:90} INFO - Running: ['airflow', 'tasks', 'run', '***_daily_pipeline', 'should_retrain_model', 'scheduled__2026-04-02T01:00:00+00:00', '--job-id', '12', '--raw', '--subdir', 'DAGS_FOLDER/***_daily_pipeline.py', '--cfg-path', '/tmp/tmpwgp43h6i']
[2026-04-03T16:05:48.735+0000] {standard_task_runner.py:91} INFO - Job 12: Subtask should_retrain_model
[2026-04-03T16:05:48.785+0000] {task_command.py:426} INFO - Running <TaskInstance: maghrebia_daily_pipeline.should_retrain_model scheduled__2026-04-02T01:00:00+00:00 [running]> on host a420dcff4290
[2026-04-03T16:05:48.867+0000] {taskinstance.py:2648} INFO - Exporting env vars: AIRFLOW_CTX_DAG_OWNER='***-data' AIRFLOW_CTX_DAG_ID='***_daily_pipeline' AIRFLOW_CTX_TASK_ID='should_retrain_model' AIRFLOW_CTX_EXECUTION_DATE='2026-04-02T01:00:00+00:00' AIRFLOW_CTX_TRY_NUMBER='1' AIRFLOW_CTX_DAG_RUN_ID='scheduled__2026-04-02T01:00:00+00:00'
[2026-04-03T16:05:48.870+0000] {taskinstance.py:430} INFO - ::endgroup::
[2026-04-03T16:05:48.890+0000] {baseoperator.py:399} WARNING - BranchPythonOperator.execute cannot be called outside TaskInstance!
[2026-04-03T16:05:48.891+0000] {maghrebia_daily_pipeline.py:479} INFO -   Retrain ignoré (jour logique=2)
[2026-04-03T16:05:48.891+0000] {python.py:237} INFO - Done. Returned value was: skip_retrain_model
[2026-04-03T16:05:48.892+0000] {branch.py:36} INFO - Branch into skip_retrain_model
[2026-04-03T16:05:48.892+0000] {skipmixin.py:178} INFO - Following branch skip_retrain_model
[2026-04-03T16:05:48.918+0000] {skipmixin.py:246} INFO - Skipping tasks [('train_impaye_model', -1)]
[2026-04-03T16:05:48.945+0000] {taskinstance.py:441} INFO - ::group::Post task execution logs
[2026-04-03T16:05:48.967+0000] {taskinstance.py:1206} INFO - Marking task as SUCCESS. dag_id=***_daily_pipeline, task_id=should_retrain_model, run_id=scheduled__2026-04-02T01:00:00+00:00, execution_date=20260402T010000, start_date=20260403T160548, end_date=20260403T160548
[2026-04-03T16:05:48.987+0000] {local_task_job_runner.py:240} INFO - Task exited with return code 0
[2026-04-03T16:05:49.014+0000] {taskinstance.py:3498} INFO - 0 downstream tasks scheduled from follow-on schedule check
[2026-04-03T16:05:49.017+0000] {local_task_job_runner.py:222} INFO - ::endgroup::
