[2026-04-19T16:54:28.700+0000] {local_task_job_runner.py:120} INFO - ::group::Pre task execution logs
[2026-04-19T16:54:28.730+0000] {taskinstance.py:2076} INFO - Dependencies all met for dep_context=non-requeueable deps ti=<TaskInstance: maghrebia_daily_pipeline.ge_data_quality scheduled__2026-04-18T01:00:00+00:00 [queued]>
[2026-04-19T16:54:28.740+0000] {taskinstance.py:2076} INFO - Dependencies all met for dep_context=requeueable deps ti=<TaskInstance: maghrebia_daily_pipeline.ge_data_quality scheduled__2026-04-18T01:00:00+00:00 [queued]>
[2026-04-19T16:54:28.741+0000] {taskinstance.py:2306} INFO - Starting attempt 1 of 2
[2026-04-19T16:54:28.753+0000] {taskinstance.py:2330} INFO - Executing <Task(PythonOperator): ge_data_quality> on 2026-04-18 01:00:00+00:00
[2026-04-19T16:54:28.758+0000] {warnings.py:110} WARNING - /home/airflow/.local/lib/python3.12/site-packages/airflow/task/task_runner/standard_task_runner.py:61: DeprecationWarning: This process (pid=61) is multi-threaded, use of fork() may lead to deadlocks in the child.
  pid = os.fork()

[2026-04-19T16:54:28.759+0000] {standard_task_runner.py:63} INFO - Started process 62 to run task
[2026-04-19T16:54:28.760+0000] {standard_task_runner.py:90} INFO - Running: ['airflow', 'tasks', 'run', '***_daily_pipeline', 'ge_data_quality', 'scheduled__2026-04-18T01:00:00+00:00', '--job-id', '120', '--raw', '--subdir', 'DAGS_FOLDER/***_daily_pipeline.py', '--cfg-path', '/tmp/tmpkg2m2az6']
[2026-04-19T16:54:28.761+0000] {standard_task_runner.py:91} INFO - Job 120: Subtask ge_data_quality
[2026-04-19T16:54:28.840+0000] {task_command.py:426} INFO - Running <TaskInstance: maghrebia_daily_pipeline.ge_data_quality scheduled__2026-04-18T01:00:00+00:00 [running]> on host f5e9df06819f
[2026-04-19T16:54:28.968+0000] {taskinstance.py:2648} INFO - Exporting env vars: AIRFLOW_CTX_DAG_OWNER='***-data' AIRFLOW_CTX_DAG_ID='***_daily_pipeline' AIRFLOW_CTX_TASK_ID='ge_data_quality' AIRFLOW_CTX_EXECUTION_DATE='2026-04-18T01:00:00+00:00' AIRFLOW_CTX_TRY_NUMBER='1' AIRFLOW_CTX_DAG_RUN_ID='scheduled__2026-04-18T01:00:00+00:00'
[2026-04-19T16:54:28.970+0000] {taskinstance.py:430} INFO - ::endgroup::
[2026-04-19T16:54:30.273+0000] {ge_pipeline.py:349} INFO - Loading /opt/airflow/data/raw/DIM_AGENT.csv …
[2026-04-19T16:54:30.304+0000] {logging_mixin.py:188} INFO - 
======================================================================
[2026-04-19T16:54:30.305+0000] {logging_mixin.py:188} INFO -   SUITE : ***_dim_agent_suite
[2026-04-19T16:54:30.305+0000] {logging_mixin.py:188} INFO -   Table : 200 rows × 12 cols
[2026-04-19T16:54:30.306+0000] {logging_mixin.py:188} INFO -   =================================================================
[2026-04-19T16:54:30.307+0000] {logging_mixin.py:188} INFO -   ✅ expect_table_row_count_to_be_between(190, 210)              200/200     (100.0%)  
[2026-04-19T16:54:30.307+0000] {logging_mixin.py:188} INFO -   ✅ expect_column_values_to_not_be_null(ID_AGENT)               200/200     (100.0%)  
[2026-04-19T16:54:30.308+0000] {logging_mixin.py:188} INFO -   ✅ expect_column_values_to_be_unique(ID_AGENT)                 200/200     (100.0%)  dups=0
[2026-04-19T16:54:30.309+0000] {logging_mixin.py:188} INFO -   🔴 expect_column_values_to_not_be_null(CODE_AGENT)             198/200     (99.0%)  
[2026-04-19T16:54:30.310+0000] {logging_mixin.py:188} INFO -   🔴 expect_column_values_to_be_in_set(ETAT_AGENT, ['A', 'I', 'R'])     181/200     (90.5%)  invalid sample=['S']
[2026-04-19T16:54:30.310+0000] {logging_mixin.py:188} INFO -   ✅ expect_column_values_to_be_in_set(TYPE_AGENT, ['AG', 'BA', 'BR', 'CO', 'MA'])     200/200     (100.0%)  invalid sample=[]
[2026-04-19T16:54:30.311+0000] {logging_mixin.py:188} INFO -   ✅ expect_column_values_to_be_between(LATITUDE_AGENT, lo=30.0, hi=38.0)     200/200     (100.0%)  threshold=99%
[2026-04-19T16:54:30.311+0000] {logging_mixin.py:188} INFO -   ✅ expect_column_values_to_be_between(LONGITUDE_AGENT, lo=8.0, hi=12.0)     200/200     (100.0%)  threshold=99%
[2026-04-19T16:54:30.312+0000] {logging_mixin.py:188} INFO -   ✅ expect_column_values_to_be_in_set(GROUPE_AGENT, ['Agent Général', 'Bancassurance', 'Courtier', 'Mandataire', 'Réseau Direct'])     200/200     (100.0%)  invalid sample=[]
[2026-04-19T16:54:30.313+0000] {logging_mixin.py:188} INFO -   =================================================================
[2026-04-19T16:54:30.314+0000] {logging_mixin.py:188} INFO -   🔴 FAILED  —  7/9 expectations OK  (77.8%)
[2026-04-19T16:54:30.315+0000] {logging_mixin.py:188} INFO - ======================================================================
[2026-04-19T16:54:30.316+0000] {ge_pipeline.py:364} INFO - Report saved: ge_reports/***_dim_agent_suite_20260419_165430.json
[2026-04-19T16:54:30.316+0000] {maghrebia_daily_pipeline.py:118} WARNING - ⚠️  Suite FAILED: dim_agent (77.8%)
[2026-04-19T16:54:30.317+0000] {ge_pipeline.py:349} INFO - Loading /opt/airflow/data/raw/DIM_CLIENT.csv …
[2026-04-19T16:54:30.495+0000] {logging_mixin.py:188} INFO - 
======================================================================
[2026-04-19T16:54:30.496+0000] {logging_mixin.py:188} INFO -   SUITE : ***_dim_client_suite
[2026-04-19T16:54:30.497+0000] {logging_mixin.py:188} INFO -   Table : 30,000 rows × 13 cols
[2026-04-19T16:54:30.497+0000] {logging_mixin.py:188} INFO -   =================================================================
[2026-04-19T16:54:30.498+0000] {logging_mixin.py:188} INFO -   ✅ expect_table_row_count_to_be_between(25000, 35000)       30,000/30,000  (100.0%)  
[2026-04-19T16:54:30.498+0000] {logging_mixin.py:188} INFO -   ✅ expect_column_values_to_not_be_null(ID_CLIENT)           30,000/30,000  (100.0%)  
[2026-04-19T16:54:30.499+0000] {logging_mixin.py:188} INFO -   ✅ expect_column_values_to_be_unique(ID_CLIENT)             30,000/30,000  (100.0%)  dups=0
[2026-04-19T16:54:30.500+0000] {logging_mixin.py:188} INFO -   🔴 expect_column_values_to_not_be_null(NOM)                 29,321/30,000  (97.7%)  
[2026-04-19T16:54:30.500+0000] {logging_mixin.py:188} INFO -   🔴 expect_column_values_to_be_in_set(TYPE_PERSONNE, ['M', 'P'])  29,102/29,604  (98.3%)  invalid sample=['  P  ', 'p', '  M  ']
[2026-04-19T16:54:30.501+0000] {logging_mixin.py:188} INFO -   ✅ expect_column_values_to_be_in_set(SEXE, ['<NA>', '<NA>', 'F', 'M', 'N/A'])  22,454/22,454  (100.0%)  invalid sample=[]
[2026-04-19T16:54:30.501+0000] {logging_mixin.py:188} INFO -   ✅ expect_column_values_to_be_between(CODE_POSTAL, lo=1000, hi=9999)  30,000/30,000  (100.0%)  threshold=99%
[2026-04-19T16:54:30.502+0000] {logging_mixin.py:188} INFO -   ✅ expect_column_values_to_match_regex(CIN_MF, '^\d{8}$')   22,454/30,000  (74.8%)  
[2026-04-19T16:54:30.502+0000] {logging_mixin.py:188} INFO -   ✅ expect_column_values_to_match_regex(EMAIL, '^[^@]+@[^@]+\.[^@]+$')  19,491/19,491  (100.0%)  
[2026-04-19T16:54:30.502+0000] {logging_mixin.py:188} INFO -   =================================================================
[2026-04-19T16:54:30.503+0000] {logging_mixin.py:188} INFO -   🔴 FAILED  —  7/9 expectations OK  (77.8%)
[2026-04-19T16:54:30.503+0000] {logging_mixin.py:188} INFO - ======================================================================
[2026-04-19T16:54:30.504+0000] {ge_pipeline.py:364} INFO - Report saved: ge_reports/***_dim_client_suite_20260419_165430.json
[2026-04-19T16:54:30.506+0000] {maghrebia_daily_pipeline.py:118} WARNING - ⚠️  Suite FAILED: dim_client (77.8%)
[2026-04-19T16:54:30.507+0000] {ge_pipeline.py:349} INFO - Loading /opt/airflow/data/raw/DIM_POLICE.csv …
[2026-04-19T16:54:30.606+0000] {logging_mixin.py:188} INFO - 
======================================================================
[2026-04-19T16:54:30.607+0000] {logging_mixin.py:188} INFO -   SUITE : ***_dim_police_suite
[2026-04-19T16:54:30.608+0000] {logging_mixin.py:188} INFO -   Table : 30,000 rows × 16 cols
[2026-04-19T16:54:30.608+0000] {logging_mixin.py:188} INFO -   =================================================================
[2026-04-19T16:54:30.609+0000] {logging_mixin.py:188} INFO -   ✅ expect_table_row_count_to_be_between(25000, 35000)       30,000/30,000  (100.0%)  
[2026-04-19T16:54:30.610+0000] {logging_mixin.py:188} INFO -   ✅ expect_column_values_to_not_be_null(ID_POLICE)           30,000/30,000  (100.0%)  
[2026-04-19T16:54:30.610+0000] {logging_mixin.py:188} INFO -   ✅ expect_column_values_to_be_unique(ID_POLICE)             30,000/30,000  (100.0%)  dups=0
[2026-04-19T16:54:30.610+0000] {logging_mixin.py:188} INFO -   ✅ expect_column_values_to_be_in_set(BRANCHE, ['AUTO', 'IRDS', 'SANTE'])  30,000/30,000  (100.0%)  invalid sample=[]
[2026-04-19T16:54:30.611+0000] {logging_mixin.py:188} INFO -   ✅ expect_column_values_to_be_in_set(SITUATION, ['A', 'R', 'S', 'T', 'V'])  30,000/30,000  (100.0%)  invalid sample=[]
[2026-04-19T16:54:30.611+0000] {logging_mixin.py:188} INFO -   ✅ expect_column_values_to_be_in_set(TYPE_POLICE, ['flotte', 'individuel'])  30,000/30,000  (100.0%)  invalid sample=[]
[2026-04-19T16:54:30.612+0000] {logging_mixin.py:188} INFO -   ✅ expect_column_values_to_be_between(CODE_PRODUIT, lo=17, hi=89)  30,000/30,000  (100.0%)  threshold=99%
[2026-04-19T16:54:30.612+0000] {logging_mixin.py:188} INFO -   ✅ expect_column_values_to_be_between(BONUS_MALUS, lo=1, hi=10)  20,000/20,000  (100.0%)  threshold=95%
[2026-04-19T16:54:30.613+0000] {logging_mixin.py:188} INFO -   =================================================================
[2026-04-19T16:54:30.613+0000] {logging_mixin.py:188} INFO -   ✅ PASSED  —  8/8 expectations OK  (100.0%)
[2026-04-19T16:54:30.614+0000] {logging_mixin.py:188} INFO - ======================================================================
[2026-04-19T16:54:30.615+0000] {ge_pipeline.py:364} INFO - Report saved: ge_reports/***_dim_police_suite_20260419_165430.json
[2026-04-19T16:54:30.617+0000] {maghrebia_daily_pipeline.py:120} INFO - ✅ Suite PASSED: dim_police (100.0%)
[2026-04-19T16:54:30.618+0000] {ge_pipeline.py:349} INFO - Loading /opt/airflow/data/raw/DWH_FACT_EMISSION.csv …
[2026-04-19T16:54:31.195+0000] {logging_mixin.py:188} INFO - 
======================================================================
[2026-04-19T16:54:31.196+0000] {logging_mixin.py:188} INFO -   SUITE : ***_fact_emission_suite
[2026-04-19T16:54:31.197+0000] {logging_mixin.py:188} INFO -   Table : 65,000 rows × 33 cols
[2026-04-19T16:54:31.198+0000] {logging_mixin.py:188} INFO -   =================================================================
[2026-04-19T16:54:31.198+0000] {logging_mixin.py:188} INFO -   ✅ expect_table_row_count_to_be_between(60000, 70000)       65,000/65,000  (100.0%)  
[2026-04-19T16:54:31.199+0000] {logging_mixin.py:188} INFO -   ✅ expect_column_values_to_not_be_null(NUM_QUITTANCE)       65,000/65,000  (100.0%)  
[2026-04-19T16:54:31.200+0000] {logging_mixin.py:188} INFO -   ✅ expect_column_values_to_be_unique(NUM_QUITTANCE)         65,000/65,000  (100.0%)  dups=0
[2026-04-19T16:54:31.200+0000] {logging_mixin.py:188} INFO -   ✅ expect_column_values_to_not_be_null(ID_POLICE)           65,000/65,000  (100.0%)  
[2026-04-19T16:54:31.201+0000] {logging_mixin.py:188} INFO -   ✅ expect_column_values_to_not_be_null(ID_AGENT)            65,000/65,000  (100.0%)  
[2026-04-19T16:54:31.201+0000] {logging_mixin.py:188} INFO -   🔴 expect_column_values_to_be_in_set(ETAT_QUIT, ['A', 'E', 'P'])  63,693/64,682  (98.5%)  invalid sample=['e', 'X', 'p']
[2026-04-19T16:54:31.202+0000] {logging_mixin.py:188} INFO -   ✅ expect_column_values_to_be_in_set(BRANCHE, ['AUTO', 'IRDS', 'SANTE'])  65,000/65,000  (100.0%)  invalid sample=[]
[2026-04-19T16:54:31.203+0000] {logging_mixin.py:188} INFO -   🔴 custom: ANNEE_ECHEANCE between 2015 and 2025             63,625/65,000  (97.9%)  threshold=98%
[2026-04-19T16:54:31.204+0000] {logging_mixin.py:188} INFO -   ✅ expect_column_values_to_be_between(MOIS_ECHEANCE, lo=1, hi=12)  65,000/65,000  (100.0%)  threshold=99%
[2026-04-19T16:54:31.204+0000] {logging_mixin.py:188} INFO -   ✅ custom: MT_PNET >= 0                                     64,336/65,000  (99.0%)  threshold=98%
[2026-04-19T16:54:31.205+0000] {logging_mixin.py:188} INFO -   ✅ custom: MT_FGA ≈ MT_RC × 0.25                            65,000/65,000  (100.0%)  threshold=90%
[2026-04-19T16:54:31.206+0000] {logging_mixin.py:188} INFO -   🔴 custom: MT_PTT = MT_PNET + MT_FGA + MT_TIMBRE + MT_TAXE  63,480/65,000  (97.7%)  threshold=98%
[2026-04-19T16:54:31.206+0000] {logging_mixin.py:188} INFO -   ✅ expect_column_values_to_be_between(MT_TIMBRE, lo=3, hi=20)  65,000/65,000  (100.0%)  threshold=95%
[2026-04-19T16:54:31.207+0000] {logging_mixin.py:188} INFO -   =================================================================
[2026-04-19T16:54:31.208+0000] {logging_mixin.py:188} INFO -   🔴 FAILED  —  10/13 expectations OK  (76.9%)
[2026-04-19T16:54:31.208+0000] {logging_mixin.py:188} INFO - ======================================================================
[2026-04-19T16:54:31.209+0000] {ge_pipeline.py:364} INFO - Report saved: ge_reports/***_fact_emission_suite_20260419_165431.json
[2026-04-19T16:54:31.213+0000] {maghrebia_daily_pipeline.py:118} WARNING - ⚠️  Suite FAILED: dwh_fact_emission (76.9%)
[2026-04-19T16:54:31.213+0000] {ge_pipeline.py:349} INFO - Loading /opt/airflow/data/raw/DWH_FACT_IMPAYE.csv …
[2026-04-19T16:54:31.225+0000] {logging_mixin.py:188} INFO - 
======================================================================
[2026-04-19T16:54:31.225+0000] {logging_mixin.py:188} INFO -   SUITE : ***_fact_impaye_suite
[2026-04-19T16:54:31.226+0000] {logging_mixin.py:188} INFO -   Table : 868 rows × 16 cols
[2026-04-19T16:54:31.226+0000] {logging_mixin.py:188} INFO -   =================================================================
[2026-04-19T16:54:31.228+0000] {logging_mixin.py:188} INFO -   ✅ expect_table_row_count_to_be_between(600, 900)              868/868     (100.0%)  
[2026-04-19T16:54:31.229+0000] {logging_mixin.py:188} INFO -   ✅ expect_column_values_to_not_be_null(NUM_QUITTANCE)          868/868     (100.0%)  
[2026-04-19T16:54:31.229+0000] {logging_mixin.py:188} INFO -   ✅ expect_column_values_to_not_be_null(ID_POLICE)              868/868     (100.0%)  
[2026-04-19T16:54:31.230+0000] {logging_mixin.py:188} INFO -   ✅ expect_column_values_to_not_be_null(ID_AGENT)               868/868     (100.0%)  
[2026-04-19T16:54:31.230+0000] {logging_mixin.py:188} INFO -   ✅ expect_column_values_to_be_in_set(BRANCHE, ['AUTO', 'IRDS', 'SANTE'])     868/868     (100.0%)  invalid sample=[]
[2026-04-19T16:54:31.231+0000] {logging_mixin.py:188} INFO -   🔴 expect_column_values_to_be_between(ANNEE_ECHEANCE, lo=2015, hi=2025)     840/868     (96.8%)  threshold=99%
[2026-04-19T16:54:31.231+0000] {logging_mixin.py:188} INFO -   ✅ expect_column_values_to_be_between(MOIS_ECHEANCE, lo=1, hi=12)     868/868     (100.0%)  threshold=99%
[2026-04-19T16:54:31.232+0000] {logging_mixin.py:188} INFO -   ✅ custom: MT_ACP >= 0                                         863/868     (99.4%)  threshold=98%
[2026-04-19T16:54:31.232+0000] {logging_mixin.py:188} INFO -   🔴 custom: MT_PTT >= 0                                         832/868     (95.9%)  threshold=98%
[2026-04-19T16:54:31.232+0000] {logging_mixin.py:188} INFO -   =================================================================
[2026-04-19T16:54:31.233+0000] {logging_mixin.py:188} INFO -   🔴 FAILED  —  7/9 expectations OK  (77.8%)
[2026-04-19T16:54:31.233+0000] {logging_mixin.py:188} INFO - ======================================================================
[2026-04-19T16:54:31.234+0000] {ge_pipeline.py:364} INFO - Report saved: ge_reports/***_fact_impaye_suite_20260419_165431.json
[2026-04-19T16:54:31.234+0000] {maghrebia_daily_pipeline.py:118} WARNING - ⚠️  Suite FAILED: dwh_fact_impaye (77.8%)
[2026-04-19T16:54:31.235+0000] {ge_pipeline.py:349} INFO - Loading /opt/airflow/data/raw/DWH_FACT_EMISSION_DETAIL.csv …
[2026-04-19T16:54:31.676+0000] {logging_mixin.py:188} INFO - 
======================================================================
[2026-04-19T16:54:31.678+0000] {logging_mixin.py:188} INFO -   SUITE : ***_fact_emission_detail_suite
[2026-04-19T16:54:31.679+0000] {logging_mixin.py:188} INFO -   Table : 208,290 rows × 9 cols
[2026-04-19T16:54:31.679+0000] {logging_mixin.py:188} INFO -   =================================================================
[2026-04-19T16:54:31.680+0000] {logging_mixin.py:188} INFO -   ✅ expect_table_row_count_to_be_between(190000, 220000)    208,290/208,290 (100.0%)  
[2026-04-19T16:54:31.680+0000] {logging_mixin.py:188} INFO -   ✅ expect_column_values_to_not_be_null(NUM_QUITTANCE)      208,290/208,290 (100.0%)  
[2026-04-19T16:54:31.681+0000] {logging_mixin.py:188} INFO -   ✅ expect_column_values_to_not_be_null(ID_POLICE)          208,290/208,290 (100.0%)  
[2026-04-19T16:54:31.682+0000] {logging_mixin.py:188} INFO -   ✅ expect_column_values_to_be_between(ID_GARANTIE, lo=1, hi=20) 208,290/208,290 (100.0%)  threshold=99%
[2026-04-19T16:54:31.683+0000] {logging_mixin.py:188} INFO -   🔴 expect_column_values_to_be_between(ANNEE_ECHEANCE, lo=2015, hi=2025) 203,879/208,290 (97.9%)  threshold=99%
[2026-04-19T16:54:31.683+0000] {logging_mixin.py:188} INFO -   ✅ custom: MT_PRIME >= 0                                   205,077/208,290 (98.5%)  threshold=98%
[2026-04-19T16:54:31.684+0000] {logging_mixin.py:188} INFO -   ✅ custom: MT_FRAIS >= 0                                   208,290/208,290 (100.0%)  threshold=98%
[2026-04-19T16:54:31.685+0000] {logging_mixin.py:188} INFO -   =================================================================
[2026-04-19T16:54:31.685+0000] {logging_mixin.py:188} INFO -   🔴 FAILED  —  6/7 expectations OK  (85.7%)
[2026-04-19T16:54:31.686+0000] {logging_mixin.py:188} INFO - ======================================================================
[2026-04-19T16:54:31.687+0000] {ge_pipeline.py:364} INFO - Report saved: ge_reports/***_fact_emission_detail_suite_20260419_165431.json
[2026-04-19T16:54:31.691+0000] {maghrebia_daily_pipeline.py:118} WARNING - ⚠️  Suite FAILED: dwh_fact_emission_detail (85.7%)
[2026-04-19T16:54:31.740+0000] {maghrebia_daily_pipeline.py:134} INFO - GE overall: 81.8% — Failed suites: ['dim_agent', 'dim_client', 'dwh_fact_emission', 'dwh_fact_impaye', 'dwh_fact_emission_detail']
[2026-04-19T16:54:31.740+0000] {python.py:237} INFO - Done. Returned value was: None
[2026-04-19T16:54:31.741+0000] {taskinstance.py:441} INFO - ::group::Post task execution logs
[2026-04-19T16:54:31.753+0000] {taskinstance.py:1206} INFO - Marking task as SUCCESS. dag_id=***_daily_pipeline, task_id=ge_data_quality, run_id=scheduled__2026-04-18T01:00:00+00:00, execution_date=20260418T010000, start_date=20260419T165428, end_date=20260419T165431
[2026-04-19T16:54:31.785+0000] {local_task_job_runner.py:240} INFO - Task exited with return code 0
[2026-04-19T16:54:31.813+0000] {taskinstance.py:3498} INFO - 1 downstream tasks scheduled from follow-on schedule check
[2026-04-19T16:54:31.815+0000] {local_task_job_runner.py:222} INFO - ::endgroup::
