[2026-04-19T16:54:32.607+0000] {local_task_job_runner.py:120} INFO - ::group::Pre task execution logs
[2026-04-19T16:54:32.638+0000] {taskinstance.py:2076} INFO - Dependencies all met for dep_context=non-requeueable deps ti=<TaskInstance: maghrebia_daily_pipeline.import_data scheduled__2026-04-18T01:00:00+00:00 [queued]>
[2026-04-19T16:54:32.649+0000] {taskinstance.py:2076} INFO - Dependencies all met for dep_context=requeueable deps ti=<TaskInstance: maghrebia_daily_pipeline.import_data scheduled__2026-04-18T01:00:00+00:00 [queued]>
[2026-04-19T16:54:32.650+0000] {taskinstance.py:2306} INFO - Starting attempt 1 of 2
[2026-04-19T16:54:32.668+0000] {taskinstance.py:2330} INFO - Executing <Task(PythonOperator): import_data> on 2026-04-18 01:00:00+00:00
[2026-04-19T16:54:32.675+0000] {warnings.py:110} WARNING - /home/airflow/.local/lib/python3.12/site-packages/airflow/task/task_runner/standard_task_runner.py:61: DeprecationWarning: This process (pid=64) is multi-threaded, use of fork() may lead to deadlocks in the child.
  pid = os.fork()

[2026-04-19T16:54:32.676+0000] {standard_task_runner.py:63} INFO - Started process 65 to run task
[2026-04-19T16:54:32.676+0000] {standard_task_runner.py:90} INFO - Running: ['airflow', 'tasks', 'run', '***_daily_pipeline', 'import_data', 'scheduled__2026-04-18T01:00:00+00:00', '--job-id', '121', '--raw', '--subdir', 'DAGS_FOLDER/***_daily_pipeline.py', '--cfg-path', '/tmp/tmps5iqvadr']
[2026-04-19T16:54:32.678+0000] {standard_task_runner.py:91} INFO - Job 121: Subtask import_data
[2026-04-19T16:54:32.749+0000] {task_command.py:426} INFO - Running <TaskInstance: maghrebia_daily_pipeline.import_data scheduled__2026-04-18T01:00:00+00:00 [running]> on host f5e9df06819f
[2026-04-19T16:54:32.895+0000] {taskinstance.py:2648} INFO - Exporting env vars: AIRFLOW_CTX_DAG_OWNER='***-data' AIRFLOW_CTX_DAG_ID='***_daily_pipeline' AIRFLOW_CTX_TASK_ID='import_data' AIRFLOW_CTX_EXECUTION_DATE='2026-04-18T01:00:00+00:00' AIRFLOW_CTX_TRY_NUMBER='1' AIRFLOW_CTX_DAG_RUN_ID='scheduled__2026-04-18T01:00:00+00:00'
[2026-04-19T16:54:32.897+0000] {taskinstance.py:430} INFO - ::endgroup::
[2026-04-19T16:56:02.389+0000] {maghrebia_daily_pipeline.py:175} INFO - on: 1,375 corrections
2026-04-19 16:54:45,306 [INFO]   [FACT_EMISSION] E6 - MT_PNET négatif → Suppression: 256 corrections
2026-04-19 16:54:45,388 [INFO]   [FACT_EMISSION] E6 - MT_PTT négatif → ABS: 252 corrections
2026-04-19 16:54:45,389 [INFO]   [FACT_EMISSION] E7 - MT_PTT null → 0.0: 381 corrections
2026-04-19 16:54:45,390 [INFO]   [FACT_EMISSION] E7 - MT_COMMISSION null → 0.0: 1,324 corrections
2026-04-19 16:54:45,392 [INFO]   [FACT_EMISSION] E8 - MT_PNET > 109788 DT winsorisé: 63 corrections
2026-04-19 16:54:45,404 [INFO]   [FACT_EMISSION] E9 - MT_PNET recalculé (Σ garanties): 4,354 corrections
2026-04-19 16:54:45,421 [INFO]   [FACT_EMISSION] E11 - MT_PTT recalculé (PNET+FGA+TIMBRE+TAXE): 4,703 corrections
2026-04-19 16:54:45,493 [INFO]   → FACT_ANNULATION
2026-04-19 16:54:45,575 [INFO]   [FACT_ANNULATION] N5 - DATE_ANNULATION < DATE_EMISSION → swap: 319 corrections
2026-04-19 16:54:45,594 [INFO]   → FACT_IMPAYE
2026-04-19 16:54:45,596 [INFO]   [FACT_IMPAYE] I2 - MT_ACP > MT_PTT → plafonné: 22 corrections
2026-04-19 16:54:45,662 [INFO]   → FACT_SINISTRE
2026-04-19 16:54:48,547 [INFO]   [FACT_EMISSION_DETAIL] D1 - NUM_QUITTANCE orphelin → imputation: 6,490 corrections
2026-04-19 16:54:48,676 [INFO]   [FACT_EMISSION_DETAIL] D3 - ANNEE_ECHEANCE invalide → imputation: 4,411 corrections
2026-04-19 16:54:48,698 [INFO]   → FACT_EMISSION_DETAIL : 208,290 → 208,290 lignes (imputation sans suppression)
2026-04-19 16:54:48,699 [INFO] 
[3/5] VALIDATE — Great Expectations post-cleaning...
2026-04-19 16:54:48,701 [INFO]   GE ✅ FE: NUM_QUITTANCE unique
2026-04-19 16:54:48,702 [INFO]   GE ✅ FE: ETAT_QUIT ∈ {E,P,A}
2026-04-19 16:54:48,704 [INFO]   GE ✅ FE: BRANCHE ∈ {AUTO,IRDS,SANTE}
2026-04-19 16:54:48,705 [INFO]   GE ✅ FE: ANNEE_ECHEANCE ∈ [2018,2025]
2026-04-19 16:54:48,705 [INFO]   GE ✅ FE: MT_PNET ≥ 0
2026-04-19 16:54:48,706 [INFO]   GE ✅ FE: MT_PTT ≥ 0
2026-04-19 16:54:48,707 [INFO]   GE ✅ FE: MT_PTT = PNET+FGA+TIMBRE+TAXE (±0.5)
2026-04-19 16:54:48,708 [INFO]   GE ✅ FE: MT_FGA = MT_RC × 0.25 (±0.5)
2026-04-19 16:54:48,769 [INFO]   GE ✅ FE: ID_POLICE FK valide
2026-04-19 16:54:48,769 [INFO]   GE ✅ FE: ID_AGENT FK valide
2026-04-19 16:54:48,771 [INFO]   GE ✅ DP: ID_POLICE unique
2026-04-19 16:54:48,772 [INFO]   GE ✅ DP: SITUATION ∈ {V,R,T,S,A}
2026-04-19 16:54:48,774 [INFO]   GE ✅ DP: BRANCHE ∈ {AUTO,IRDS,SANTE}
2026-04-19 16:54:48,778 [INFO]   GE ✅ DP: BONUS_MALUS AUTO null < 5%
2026-04-19 16:54:48,779 [INFO]   GE ✅ DC: ID_CLIENT unique
2026-04-19 16:54:48,780 [INFO]   GE ✅ DC: TYPE_PERSONNE ∈ {P,M}
2026-04-19 16:54:48,780 [INFO]   GE ✅ FI: MT_ACP ≤ MT_PTT (acompte cohérent)
2026-04-19 16:54:48,781 [INFO]   GE ✅ FI: MT_PTT ≥ 0
2026-04-19 16:54:48,783 [INFO]   Score qualité : 100.0% (18/18 règles)
2026-04-19 16:54:48,784 [INFO]   ✅ Validation réussie
2026-04-19 16:54:48,785 [INFO] 
[4/5] LOAD — Chargement PostgreSQL...
2026-04-19 16:54:48,854 [INFO]   ✅ dim_agent : 201 lignes chargées (UPSERT)
2026-04-19 16:54:54,142 [INFO]   ✅ dim_client : 30,001 lignes chargées (UPSERT)
2026-04-19 16:55:00,259 [INFO]   ✅ dim_police : 30,001 lignes chargées (UPSERT)
2026-04-19 16:55:04,062 [INFO]   ✅ dim_vehicule : 20,000 lignes chargées (UPSERT)
2026-04-19 16:55:31,360 [INFO]   ✅ dwh_fact_emission : 62,961 lignes chargées (TRUNCATE+INSERT)
2026-04-19 16:55:56,245 [INFO]   ✅ dwh_fact_emission_detail : 208,290 lignes chargées (TRUNCATE+INSERT)
2026-04-19 16:55:56,583 [INFO]   ✅ dwh_fact_annulation : 1,273 lignes chargées (TRUNCATE+INSERT)
2026-04-19 16:55:56,747 [INFO]   ✅ dwh_fact_impaye : 868 lignes chargées (TRUNCATE+INSERT)
2026-04-19 16:55:58,514 [INFO]   ✅ dwh_fact_sinistre : 8,000 lignes chargées (TRUNCATE+INSERT)
2026-04-19 16:55:58,515 [INFO] 
[5/5] REPORT — Génération rapport qualité JSON...
2026-04-19 16:55:58,516 [INFO] 
======================================================================
2026-04-19 16:55:58,517 [INFO]   RÉSUMÉ DES CORRECTIONS APPLIQUÉES
2026-04-19 16:55:58,517 [INFO] ======================================================================
2026-04-19 16:55:58,518 [INFO]   DIM_AGENT                      →     200 →     201  (−0 supprimés, +1 ajoutés, 24 corrections)
2026-04-19 16:55:58,519 [INFO]   DIM_CLIENT                     →  30,000 →  30,001  (−0 supprimés, +1 ajoutés, 8,622 corrections)
2026-04-19 16:55:58,520 [INFO]   DIM_POLICE                     →  30,000 →  30,001  (−0 supprimés, +1 ajoutés, 16,748 corrections)
2026-04-19 16:55:58,520 [INFO]   DIM_VEHICULE                   →  20,000 →  20,000  (−0 supprimés, +0 ajoutés, 19,973 corrections)
2026-04-19 16:55:58,521 [INFO]   FACT_EMISSION                  →  65,000 →  62,961  (−2,039 supprimés, +0 ajoutés, 13,358 corrections)
2026-04-19 16:55:58,521 [INFO]   FACT_ANNULATION                →   1,273 →   1,273  (−0 supprimés, +0 ajoutés, 319 corrections)
2026-04-19 16:55:58,522 [INFO]   FACT_IMPAYE                    →     868 →     868  (−0 supprimés, +0 ajoutés, 22 corrections)
2026-04-19 16:55:58,523 [INFO]   FACT_SINISTRE                  →   8,000 →   8,000  (−0 supprimés, +0 ajoutés, 0 corrections)
2026-04-19 16:55:58,523 [INFO]   FACT_EMISSION_DETAIL           → 208,290 → 208,290  (−0 supprimés, +0 ajoutés, 10,901 corrections)
2026-04-19 16:55:58,524 [INFO] ----------------------------------------------------------------------
2026-04-19 16:55:58,524 [INFO]   TOTAL                             Total corrections : 69,967
2026-04-19 16:55:58,525 [INFO]                                     Total suppressions: 2,039
2026-04-19 16:55:58,526 [INFO]                                     Total ajouts      : 3
2026-04-19 16:55:58,526 [INFO] 
  Score GE post-nettoyage : 100.0%  (18/18 règles)
2026-04-19 16:55:58,527 [INFO] 
  Durée totale : 84.4s
2026-04-19 16:55:58,527 [INFO] ======================================================================
2026-04-19 16:55:58,534 [INFO] 
  💾 Rapport : /opt/airflow/reports/data_quality/import_report_20260419_1654.json
2026-04-19 16:56:02,222 [INFO]   💾 CSV nettoyés : /opt/airflow/data/clean/

[2026-04-19T16:56:02.392+0000] {maghrebia_daily_pipeline.py:177} WARNING - /opt/airflow/tdsp_dags/import_data.py:215: FutureWarning: The behavior of DataFrame concatenation with empty or all-NA entries is deprecated. In a future version, this will no longer exclude empty or all-NA columns when determining the result dtypes. To retain the old behavior, exclude the relevant entries before the concat operation.
  return pd.concat([df, pd.DataFrame([row])], ignore_index=True)

[2026-04-19T16:56:02.507+0000] {python.py:237} INFO - Done. Returned value was: None
[2026-04-19T16:56:02.511+0000] {taskinstance.py:441} INFO - ::group::Post task execution logs
[2026-04-19T16:56:02.525+0000] {taskinstance.py:1206} INFO - Marking task as SUCCESS. dag_id=***_daily_pipeline, task_id=import_data, run_id=scheduled__2026-04-18T01:00:00+00:00, execution_date=20260418T010000, start_date=20260419T165432, end_date=20260419T165602
[2026-04-19T16:56:02.571+0000] {local_task_job_runner.py:240} INFO - Task exited with return code 0
[2026-04-19T16:56:02.608+0000] {taskinstance.py:3498} INFO - 1 downstream tasks scheduled from follow-on schedule check
[2026-04-19T16:56:02.611+0000] {local_task_job_runner.py:222} INFO - ::endgroup::
