[2026-04-08T09:19:00.296+0000] {local_task_job_runner.py:120} INFO - ::group::Pre task execution logs
[2026-04-08T09:19:00.324+0000] {taskinstance.py:2076} INFO - Dependencies all met for dep_context=non-requeueable deps ti=<TaskInstance: maghrebia_daily_pipeline.reindex_qdrant scheduled__2026-04-07T01:00:00+00:00 [queued]>
[2026-04-08T09:19:00.332+0000] {taskinstance.py:2076} INFO - Dependencies all met for dep_context=requeueable deps ti=<TaskInstance: maghrebia_daily_pipeline.reindex_qdrant scheduled__2026-04-07T01:00:00+00:00 [queued]>
[2026-04-08T09:19:00.333+0000] {taskinstance.py:2306} INFO - Starting attempt 1 of 2
[2026-04-08T09:19:00.346+0000] {taskinstance.py:2330} INFO - Executing <Task(PythonOperator): reindex_qdrant> on 2026-04-07 01:00:00+00:00
[2026-04-08T09:19:00.351+0000] {warnings.py:110} WARNING - /home/airflow/.local/lib/python3.12/site-packages/airflow/task/task_runner/standard_task_runner.py:61: DeprecationWarning: This process (pid=86) is multi-threaded, use of fork() may lead to deadlocks in the child.
  pid = os.fork()

[2026-04-08T09:19:00.353+0000] {standard_task_runner.py:63} INFO - Started process 90 to run task
[2026-04-08T09:19:00.353+0000] {standard_task_runner.py:90} INFO - Running: ['airflow', 'tasks', 'run', '***_daily_pipeline', 'reindex_qdrant', 'scheduled__2026-04-07T01:00:00+00:00', '--job-id', '46', '--raw', '--subdir', 'DAGS_FOLDER/***_daily_pipeline.py', '--cfg-path', '/tmp/tmpqtaqv9xd']
[2026-04-08T09:19:00.355+0000] {standard_task_runner.py:91} INFO - Job 46: Subtask reindex_qdrant
[2026-04-08T09:19:00.415+0000] {task_command.py:426} INFO - Running <TaskInstance: maghrebia_daily_pipeline.reindex_qdrant scheduled__2026-04-07T01:00:00+00:00 [running]> on host 6cf4579bee61
[2026-04-08T09:19:00.512+0000] {taskinstance.py:2648} INFO - Exporting env vars: AIRFLOW_CTX_DAG_OWNER='***-data' AIRFLOW_CTX_DAG_ID='***_daily_pipeline' AIRFLOW_CTX_TASK_ID='reindex_qdrant' AIRFLOW_CTX_EXECUTION_DATE='2026-04-07T01:00:00+00:00' AIRFLOW_CTX_TRY_NUMBER='1' AIRFLOW_CTX_DAG_RUN_ID='scheduled__2026-04-07T01:00:00+00:00'
[2026-04-08T09:19:00.513+0000] {taskinstance.py:430} INFO - ::endgroup::
[2026-04-08T09:19:00.528+0000] {taskinstance.py:441} INFO - ::group::Post task execution logs
[2026-04-08T09:19:00.528+0000] {taskinstance.py:2905} ERROR - Task failed with exception
Traceback (most recent call last):
  File "/home/airflow/.local/lib/python3.12/site-packages/airflow/models/taskinstance.py", line 465, in _execute_task
    result = _execute_callable(context=context, **execute_callable_kwargs)
             ^^^^^^^^^^^^^^^^^^^^^^^^^^^^^^^^^^^^^^^^^^^^^^^^^^^^^^^^^^^^^
  File "/home/airflow/.local/lib/python3.12/site-packages/airflow/models/taskinstance.py", line 432, in _execute_callable
    return execute_callable(context=context, **execute_callable_kwargs)
           ^^^^^^^^^^^^^^^^^^^^^^^^^^^^^^^^^^^^^^^^^^^^^^^^^^^^^^^^^^^^
  File "/home/airflow/.local/lib/python3.12/site-packages/airflow/models/baseoperator.py", line 400, in wrapper
    return func(self, *args, **kwargs)
           ^^^^^^^^^^^^^^^^^^^^^^^^^^^
  File "/home/airflow/.local/lib/python3.12/site-packages/airflow/operators/python.py", line 235, in execute
    return_value = self.execute_callable()
                   ^^^^^^^^^^^^^^^^^^^^^^^
  File "/home/airflow/.local/lib/python3.12/site-packages/airflow/operators/python.py", line 252, in execute_callable
    return self.python_callable(*self.op_args, **self.op_kwargs)
           ^^^^^^^^^^^^^^^^^^^^^^^^^^^^^^^^^^^^^^^^^^^^^^^^^^^^^
  File "/opt/airflow/dags/maghrebia_daily_pipeline.py", line 365, in task_reindex_qdrant
    from qdrant_client import QdrantClient
ModuleNotFoundError: No module named 'qdrant_client'
[2026-04-08T09:19:00.546+0000] {taskinstance.py:1206} INFO - Marking task as UP_FOR_RETRY. dag_id=***_daily_pipeline, task_id=reindex_qdrant, run_id=scheduled__2026-04-07T01:00:00+00:00, execution_date=20260407T010000, start_date=20260408T091900, end_date=20260408T091900
[2026-04-08T09:19:00.559+0000] {standard_task_runner.py:110} ERROR - Failed to execute job 46 for task reindex_qdrant (No module named 'qdrant_client'; 90)
[2026-04-08T09:19:00.568+0000] {local_task_job_runner.py:240} INFO - Task exited with return code 1
[2026-04-08T09:19:00.591+0000] {taskinstance.py:3498} INFO - 0 downstream tasks scheduled from follow-on schedule check
[2026-04-08T09:19:00.593+0000] {local_task_job_runner.py:222} INFO - ::endgroup::
