[2026-04-21T09:22:28.513+0000] {local_task_job_runner.py:120} INFO - ::group::Pre task execution logs
[2026-04-21T09:22:28.535+0000] {taskinstance.py:2076} INFO - Dependencies all met for dep_context=non-requeueable deps ti=<TaskInstance: maghrebia_daily_pipeline.import_data scheduled__2026-04-20T01:00:00+00:00 [queued]>
[2026-04-21T09:22:28.542+0000] {taskinstance.py:2076} INFO - Dependencies all met for dep_context=requeueable deps ti=<TaskInstance: maghrebia_daily_pipeline.import_data scheduled__2026-04-20T01:00:00+00:00 [queued]>
[2026-04-21T09:22:28.542+0000] {taskinstance.py:2306} INFO - Starting attempt 1 of 2
[2026-04-21T09:22:28.553+0000] {taskinstance.py:2330} INFO - Executing <Task(PythonOperator): import_data> on 2026-04-20 01:00:00+00:00
[2026-04-21T09:22:28.558+0000] {warnings.py:110} WARNING - /home/airflow/.local/lib/python3.12/site-packages/airflow/task/task_runner/standard_task_runner.py:61: DeprecationWarning: This process (pid=65) is multi-threaded, use of fork() may lead to deadlocks in the child.
  pid = os.fork()

[2026-04-21T09:22:28.559+0000] {standard_task_runner.py:90} INFO - Running: ['airflow', 'tasks', 'run', '***_daily_pipeline', 'import_data', 'scheduled__2026-04-20T01:00:00+00:00', '--job-id', '202', '--raw', '--subdir', 'DAGS_FOLDER/***_daily_pipeline.py', '--cfg-path', '/tmp/tmp_fehcicp']
[2026-04-21T09:22:28.560+0000] {standard_task_runner.py:63} INFO - Started process 66 to run task
[2026-04-21T09:22:28.561+0000] {standard_task_runner.py:91} INFO - Job 202: Subtask import_data
[2026-04-21T09:22:28.612+0000] {task_command.py:426} INFO - Running <TaskInstance: maghrebia_daily_pipeline.import_data scheduled__2026-04-20T01:00:00+00:00 [running]> on host a2edf987092d
[2026-04-21T09:22:28.689+0000] {taskinstance.py:2648} INFO - Exporting env vars: AIRFLOW_CTX_DAG_OWNER='***-data' AIRFLOW_CTX_DAG_ID='***_daily_pipeline' AIRFLOW_CTX_TASK_ID='import_data' AIRFLOW_CTX_EXECUTION_DATE='2026-04-20T01:00:00+00:00' AIRFLOW_CTX_TRY_NUMBER='1' AIRFLOW_CTX_DAG_RUN_ID='scheduled__2026-04-20T01:00:00+00:00'
[2026-04-21T09:22:28.690+0000] {taskinstance.py:430} INFO - ::endgroup::
[2026-04-21T09:23:48.513+0000] {maghrebia_daily_pipeline.py:175} INFO - on: 1,375 corrections
2026-04-21 09:22:39,886 [INFO]   [FACT_EMISSION] E6 - MT_PNET négatif → Suppression: 256 corrections
2026-04-21 09:22:39,920 [INFO]   [FACT_EMISSION] E6 - MT_PTT négatif → ABS: 252 corrections
2026-04-21 09:22:39,921 [INFO]   [FACT_EMISSION] E7 - MT_PTT null → 0.0: 381 corrections
2026-04-21 09:22:39,922 [INFO]   [FACT_EMISSION] E7 - MT_COMMISSION null → 0.0: 1,324 corrections
2026-04-21 09:22:39,928 [INFO]   [FACT_EMISSION] E8 - MT_PNET > 109788 DT winsorisé: 63 corrections
2026-04-21 09:22:39,940 [INFO]   [FACT_EMISSION] E9 - MT_PNET recalculé (Σ garanties): 4,354 corrections
2026-04-21 09:22:39,954 [INFO]   [FACT_EMISSION] E11 - MT_PTT recalculé (PNET+FGA+TIMBRE+TAXE): 4,703 corrections
2026-04-21 09:22:40,027 [INFO]   → FACT_ANNULATION
2026-04-21 09:22:40,108 [INFO]   [FACT_ANNULATION] N5 - DATE_ANNULATION < DATE_EMISSION → swap: 319 corrections
2026-04-21 09:22:40,128 [INFO]   → FACT_IMPAYE
2026-04-21 09:22:40,130 [INFO]   [FACT_IMPAYE] I2 - MT_ACP > MT_PTT → plafonné: 22 corrections
2026-04-21 09:22:40,207 [INFO]   → FACT_SINISTRE
2026-04-21 09:22:43,059 [INFO]   [FACT_EMISSION_DETAIL] D1 - NUM_QUITTANCE orphelin → imputation: 6,490 corrections
2026-04-21 09:22:43,172 [INFO]   [FACT_EMISSION_DETAIL] D3 - ANNEE_ECHEANCE invalide → imputation: 4,411 corrections
2026-04-21 09:22:43,192 [INFO]   → FACT_EMISSION_DETAIL : 208,290 → 208,290 lignes (imputation sans suppression)
2026-04-21 09:22:43,193 [INFO] 
[3/5] VALIDATE — Great Expectations post-cleaning...
2026-04-21 09:22:43,195 [INFO]   GE ✅ FE: NUM_QUITTANCE unique
2026-04-21 09:22:43,197 [INFO]   GE ✅ FE: ETAT_QUIT ∈ {E,P,A}
2026-04-21 09:22:43,199 [INFO]   GE ✅ FE: BRANCHE ∈ {AUTO,IRDS,SANTE}
2026-04-21 09:22:43,199 [INFO]   GE ✅ FE: ANNEE_ECHEANCE ∈ [2018,2025]
2026-04-21 09:22:43,200 [INFO]   GE ✅ FE: MT_PNET ≥ 0
2026-04-21 09:22:43,201 [INFO]   GE ✅ FE: MT_PTT ≥ 0
2026-04-21 09:22:43,202 [INFO]   GE ✅ FE: MT_PTT = PNET+FGA+TIMBRE+TAXE (±0.5)
2026-04-21 09:22:43,203 [INFO]   GE ✅ FE: MT_FGA = MT_RC × 0.25 (±0.5)
2026-04-21 09:22:43,264 [INFO]   GE ✅ FE: ID_POLICE FK valide
2026-04-21 09:22:43,265 [INFO]   GE ✅ FE: ID_AGENT FK valide
2026-04-21 09:22:43,266 [INFO]   GE ✅ DP: ID_POLICE unique
2026-04-21 09:22:43,267 [INFO]   GE ✅ DP: SITUATION ∈ {V,R,T,S,A}
2026-04-21 09:22:43,268 [INFO]   GE ✅ DP: BRANCHE ∈ {AUTO,IRDS,SANTE}
2026-04-21 09:22:43,272 [INFO]   GE ✅ DP: BONUS_MALUS AUTO null < 5%
2026-04-21 09:22:43,273 [INFO]   GE ✅ DC: ID_CLIENT unique
2026-04-21 09:22:43,274 [INFO]   GE ✅ DC: TYPE_PERSONNE ∈ {P,M}
2026-04-21 09:22:43,275 [INFO]   GE ✅ FI: MT_ACP ≤ MT_PTT (acompte cohérent)
2026-04-21 09:22:43,276 [INFO]   GE ✅ FI: MT_PTT ≥ 0
2026-04-21 09:22:43,278 [INFO]   Score qualité : 100.0% (18/18 règles)
2026-04-21 09:22:43,280 [INFO]   ✅ Validation réussie
2026-04-21 09:22:43,282 [INFO] 
[4/5] LOAD — Chargement PostgreSQL...
2026-04-21 09:22:43,338 [INFO]   ✅ dim_agent : 201 lignes chargées (UPSERT)
2026-04-21 09:22:47,991 [INFO]   ✅ dim_client : 30,001 lignes chargées (UPSERT)
2026-04-21 09:22:53,117 [INFO]   ✅ dim_police : 30,001 lignes chargées (UPSERT)
2026-04-21 09:22:56,474 [INFO]   ✅ dim_vehicule : 20,000 lignes chargées (UPSERT)
2026-04-21 09:23:20,373 [INFO]   ✅ dwh_fact_emission : 62,961 lignes chargées (TRUNCATE+INSERT)
2026-04-21 09:23:43,294 [INFO]   ✅ dwh_fact_emission_detail : 208,290 lignes chargées (TRUNCATE+INSERT)
2026-04-21 09:23:43,607 [INFO]   ✅ dwh_fact_annulation : 1,273 lignes chargées (TRUNCATE+INSERT)
2026-04-21 09:23:43,762 [INFO]   ✅ dwh_fact_impaye : 868 lignes chargées (TRUNCATE+INSERT)
2026-04-21 09:23:45,439 [INFO]   ✅ dwh_fact_sinistre : 8,000 lignes chargées (TRUNCATE+INSERT)
2026-04-21 09:23:45,440 [INFO] 
[5/5] REPORT — Génération rapport qualité JSON...
2026-04-21 09:23:45,440 [INFO] 
======================================================================
2026-04-21 09:23:45,440 [INFO]   RÉSUMÉ DES CORRECTIONS APPLIQUÉES
2026-04-21 09:23:45,440 [INFO] ======================================================================
2026-04-21 09:23:45,440 [INFO]   DIM_AGENT                      →     200 →     201  (−0 supprimés, +1 ajoutés, 24 corrections)
2026-04-21 09:23:45,441 [INFO]   DIM_CLIENT                     →  30,000 →  30,001  (−0 supprimés, +1 ajoutés, 8,622 corrections)
2026-04-21 09:23:45,441 [INFO]   DIM_POLICE                     →  30,000 →  30,001  (−0 supprimés, +1 ajoutés, 16,748 corrections)
2026-04-21 09:23:45,441 [INFO]   DIM_VEHICULE                   →  20,000 →  20,000  (−0 supprimés, +0 ajoutés, 19,973 corrections)
2026-04-21 09:23:45,441 [INFO]   FACT_EMISSION                  →  65,000 →  62,961  (−2,039 supprimés, +0 ajoutés, 13,358 corrections)
2026-04-21 09:23:45,441 [INFO]   FACT_ANNULATION                →   1,273 →   1,273  (−0 supprimés, +0 ajoutés, 319 corrections)
2026-04-21 09:23:45,442 [INFO]   FACT_IMPAYE                    →     868 →     868  (−0 supprimés, +0 ajoutés, 22 corrections)
2026-04-21 09:23:45,442 [INFO]   FACT_SINISTRE                  →   8,000 →   8,000  (−0 supprimés, +0 ajoutés, 0 corrections)
2026-04-21 09:23:45,442 [INFO]   FACT_EMISSION_DETAIL           → 208,290 → 208,290  (−0 supprimés, +0 ajoutés, 10,901 corrections)
2026-04-21 09:23:45,442 [INFO] ----------------------------------------------------------------------
2026-04-21 09:23:45,442 [INFO]   TOTAL                             Total corrections : 69,967
2026-04-21 09:23:45,442 [INFO]                                     Total suppressions: 2,039
2026-04-21 09:23:45,443 [INFO]                                     Total ajouts      : 3
2026-04-21 09:23:45,443 [INFO] 
  Score GE post-nettoyage : 100.0%  (18/18 règles)
2026-04-21 09:23:45,443 [INFO] 
  Durée totale : 75.9s
2026-04-21 09:23:45,443 [INFO] ======================================================================
2026-04-21 09:23:45,446 [INFO] 
  💾 Rapport : /opt/airflow/reports/data_quality/import_report_20260421_0922.json
2026-04-21 09:23:48,390 [INFO]   💾 CSV nettoyés : /opt/airflow/data/clean/

[2026-04-21T09:23:48.514+0000] {maghrebia_daily_pipeline.py:177} WARNING - /opt/airflow/tdsp_dags/import_data.py:215: FutureWarning: The behavior of DataFrame concatenation with empty or all-NA entries is deprecated. In a future version, this will no longer exclude empty or all-NA columns when determining the result dtypes. To retain the old behavior, exclude the relevant entries before the concat operation.
  return pd.concat([df, pd.DataFrame([row])], ignore_index=True)

[2026-04-21T09:23:48.603+0000] {python.py:237} INFO - Done. Returned value was: None
[2026-04-21T09:23:48.604+0000] {taskinstance.py:441} INFO - ::group::Post task execution logs
[2026-04-21T09:23:48.615+0000] {taskinstance.py:1206} INFO - Marking task as SUCCESS. dag_id=***_daily_pipeline, task_id=import_data, run_id=scheduled__2026-04-20T01:00:00+00:00, execution_date=20260420T010000, start_date=20260421T092228, end_date=20260421T092348
[2026-04-21T09:23:48.630+0000] {local_task_job_runner.py:240} INFO - Task exited with return code 0
[2026-04-21T09:23:48.653+0000] {taskinstance.py:3498} INFO - 1 downstream tasks scheduled from follow-on schedule check
[2026-04-21T09:23:48.656+0000] {local_task_job_runner.py:222} INFO - ::endgroup::
