[2026-04-07T07:03:20.195+0000] {local_task_job_runner.py:120} INFO - ::group::Pre task execution logs
[2026-04-07T07:03:20.231+0000] {taskinstance.py:2076} INFO - Dependencies all met for dep_context=non-requeueable deps ti=<TaskInstance: maghrebia_daily_pipeline.health_check scheduled__2026-04-06T01:00:00+00:00 [queued]>
[2026-04-07T07:03:20.240+0000] {taskinstance.py:2076} INFO - Dependencies all met for dep_context=requeueable deps ti=<TaskInstance: maghrebia_daily_pipeline.health_check scheduled__2026-04-06T01:00:00+00:00 [queued]>
[2026-04-07T07:03:20.241+0000] {taskinstance.py:2306} INFO - Starting attempt 1 of 2
[2026-04-07T07:03:20.255+0000] {taskinstance.py:2330} INFO - Executing <Task(PythonOperator): health_check> on 2026-04-06 01:00:00+00:00
[2026-04-07T07:03:20.265+0000] {standard_task_runner.py:90} INFO - Running: ['airflow', 'tasks', 'run', '***_daily_pipeline', 'health_check', 'scheduled__2026-04-06T01:00:00+00:00', '--job-id', '28', '--raw', '--subdir', 'DAGS_FOLDER/***_daily_pipeline.py', '--cfg-path', '/tmp/tmp8h90mjab']
[2026-04-07T07:03:20.264+0000] {warnings.py:110} WARNING - /home/airflow/.local/lib/python3.12/site-packages/airflow/task/task_runner/standard_task_runner.py:61: DeprecationWarning: This process (pid=60) is multi-threaded, use of fork() may lead to deadlocks in the child.
  pid = os.fork()

[2026-04-07T07:03:20.269+0000] {standard_task_runner.py:91} INFO - Job 28: Subtask health_check
[2026-04-07T07:03:20.269+0000] {standard_task_runner.py:63} INFO - Started process 61 to run task
[2026-04-07T07:03:20.342+0000] {task_command.py:426} INFO - Running <TaskInstance: maghrebia_daily_pipeline.health_check scheduled__2026-04-06T01:00:00+00:00 [running]> on host 3f2d9f108ce0
[2026-04-07T07:03:20.462+0000] {taskinstance.py:2648} INFO - Exporting env vars: AIRFLOW_CTX_DAG_OWNER='***-data' AIRFLOW_CTX_DAG_ID='***_daily_pipeline' AIRFLOW_CTX_TASK_ID='health_check' AIRFLOW_CTX_EXECUTION_DATE='2026-04-06T01:00:00+00:00' AIRFLOW_CTX_TRY_NUMBER='1' AIRFLOW_CTX_DAG_RUN_ID='scheduled__2026-04-06T01:00:00+00:00'
[2026-04-07T07:03:20.463+0000] {taskinstance.py:430} INFO - ::endgroup::
[2026-04-07T07:03:20.497+0000] {maghrebia_daily_pipeline.py:81} INFO - ✅ PostgreSQL OK
[2026-04-07T07:03:20.535+0000] {maghrebia_daily_pipeline.py:91} INFO - ✅ Qdrant OK
[2026-04-07T07:03:20.555+0000] {maghrebia_daily_pipeline.py:97} INFO - Health check complete: {'postgres': 'OK', 'qdrant': 'OK'}
[2026-04-07T07:03:20.556+0000] {python.py:237} INFO - Done. Returned value was: None
[2026-04-07T07:03:20.558+0000] {taskinstance.py:441} INFO - ::group::Post task execution logs
[2026-04-07T07:03:20.573+0000] {taskinstance.py:1206} INFO - Marking task as SUCCESS. dag_id=***_daily_pipeline, task_id=health_check, run_id=scheduled__2026-04-06T01:00:00+00:00, execution_date=20260406T010000, start_date=20260407T070320, end_date=20260407T070320
[2026-04-07T07:03:20.607+0000] {local_task_job_runner.py:240} INFO - Task exited with return code 0
[2026-04-07T07:03:20.635+0000] {taskinstance.py:3498} INFO - 1 downstream tasks scheduled from follow-on schedule check
[2026-04-07T07:03:20.637+0000] {local_task_job_runner.py:222} INFO - ::endgroup::
