[2026-04-17T08:56:29.759+0000] {local_task_job_runner.py:120} INFO - ::group::Pre task execution logs
[2026-04-17T08:56:29.787+0000] {taskinstance.py:2076} INFO - Dependencies all met for dep_context=non-requeueable deps ti=<TaskInstance: maghrebia_daily_pipeline.refresh_kpi_views scheduled__2026-04-16T01:00:00+00:00 [queued]>
[2026-04-17T08:56:29.794+0000] {taskinstance.py:2076} INFO - Dependencies all met for dep_context=requeueable deps ti=<TaskInstance: maghrebia_daily_pipeline.refresh_kpi_views scheduled__2026-04-16T01:00:00+00:00 [queued]>
[2026-04-17T08:56:29.794+0000] {taskinstance.py:2306} INFO - Starting attempt 1 of 2
[2026-04-17T08:56:29.805+0000] {taskinstance.py:2330} INFO - Executing <Task(PythonOperator): refresh_kpi_views> on 2026-04-16 01:00:00+00:00
[2026-04-17T08:56:29.810+0000] {warnings.py:110} WARNING - /home/airflow/.local/lib/python3.12/site-packages/airflow/task/task_runner/standard_task_runner.py:61: DeprecationWarning: This process (pid=88) is multi-threaded, use of fork() may lead to deadlocks in the child.
  pid = os.fork()

[2026-04-17T08:56:29.811+0000] {standard_task_runner.py:63} INFO - Started process 89 to run task
[2026-04-17T08:56:29.811+0000] {standard_task_runner.py:90} INFO - Running: ['airflow', 'tasks', 'run', '***_daily_pipeline', 'refresh_kpi_views', 'scheduled__2026-04-16T01:00:00+00:00', '--job-id', '112', '--raw', '--subdir', 'DAGS_FOLDER/***_daily_pipeline.py', '--cfg-path', '/tmp/tmpyxw3huh5']
[2026-04-17T08:56:29.813+0000] {standard_task_runner.py:91} INFO - Job 112: Subtask refresh_kpi_views
[2026-04-17T08:56:29.867+0000] {task_command.py:426} INFO - Running <TaskInstance: maghrebia_daily_pipeline.refresh_kpi_views scheduled__2026-04-16T01:00:00+00:00 [running]> on host d9c142dc0c94
[2026-04-17T08:56:29.963+0000] {taskinstance.py:2648} INFO - Exporting env vars: AIRFLOW_CTX_DAG_OWNER='***-data' AIRFLOW_CTX_DAG_ID='***_daily_pipeline' AIRFLOW_CTX_TASK_ID='refresh_kpi_views' AIRFLOW_CTX_EXECUTION_DATE='2026-04-16T01:00:00+00:00' AIRFLOW_CTX_TRY_NUMBER='1' AIRFLOW_CTX_DAG_RUN_ID='scheduled__2026-04-16T01:00:00+00:00'
[2026-04-17T08:56:29.964+0000] {taskinstance.py:430} INFO - ::endgroup::
[2026-04-17T08:56:29.979+0000] {maghrebia_daily_pipeline.py:224} INFO -   REFRESH MATERIALIZED VIEW mv_kpi_production_annuelle …
[2026-04-17T08:56:30.016+0000] {maghrebia_daily_pipeline.py:224} INFO -   REFRESH MATERIALIZED VIEW mv_kpi_agent_performance …
[2026-04-17T08:56:30.115+0000] {maghrebia_daily_pipeline.py:224} INFO -   REFRESH MATERIALIZED VIEW mv_kpi_portefeuille …
[2026-04-17T08:56:30.129+0000] {maghrebia_daily_pipeline.py:229} INFO - ✅ KPI views refreshed
[2026-04-17T08:56:30.130+0000] {python.py:237} INFO - Done. Returned value was: None
[2026-04-17T08:56:30.132+0000] {taskinstance.py:441} INFO - ::group::Post task execution logs
[2026-04-17T08:56:30.143+0000] {taskinstance.py:1206} INFO - Marking task as SUCCESS. dag_id=***_daily_pipeline, task_id=refresh_kpi_views, run_id=scheduled__2026-04-16T01:00:00+00:00, execution_date=20260416T010000, start_date=20260417T085629, end_date=20260417T085630
[2026-04-17T08:56:30.186+0000] {local_task_job_runner.py:240} INFO - Task exited with return code 0
[2026-04-17T08:56:30.213+0000] {taskinstance.py:3498} INFO - 4 downstream tasks scheduled from follow-on schedule check
[2026-04-17T08:56:30.216+0000] {local_task_job_runner.py:222} INFO - ::endgroup::
