[2026-04-15T07:16:01.132+0000] {local_task_job_runner.py:120} INFO - ::group::Pre task execution logs
[2026-04-15T07:16:01.153+0000] {taskinstance.py:2076} INFO - Dependencies all met for dep_context=non-requeueable deps ti=<TaskInstance: maghrebia_daily_pipeline.ge_data_quality scheduled__2026-04-14T01:00:00+00:00 [queued]>
[2026-04-15T07:16:01.159+0000] {taskinstance.py:2076} INFO - Dependencies all met for dep_context=requeueable deps ti=<TaskInstance: maghrebia_daily_pipeline.ge_data_quality scheduled__2026-04-14T01:00:00+00:00 [queued]>
[2026-04-15T07:16:01.160+0000] {taskinstance.py:2306} INFO - Starting attempt 1 of 2
[2026-04-15T07:16:01.172+0000] {taskinstance.py:2330} INFO - Executing <Task(PythonOperator): ge_data_quality> on 2026-04-14 01:00:00+00:00
[2026-04-15T07:16:01.176+0000] {warnings.py:110} WARNING - /home/airflow/.local/lib/python3.12/site-packages/airflow/task/task_runner/standard_task_runner.py:61: DeprecationWarning: This process (pid=62) is multi-threaded, use of fork() may lead to deadlocks in the child.
  pid = os.fork()

[2026-04-15T07:16:01.178+0000] {standard_task_runner.py:63} INFO - Started process 63 to run task
[2026-04-15T07:16:01.179+0000] {standard_task_runner.py:90} INFO - Running: ['airflow', 'tasks', 'run', '***_daily_pipeline', 'ge_data_quality', 'scheduled__2026-04-14T01:00:00+00:00', '--job-id', '86', '--raw', '--subdir', 'DAGS_FOLDER/***_daily_pipeline.py', '--cfg-path', '/tmp/tmpsqu9s6zv']
[2026-04-15T07:16:01.181+0000] {standard_task_runner.py:91} INFO - Job 86: Subtask ge_data_quality
[2026-04-15T07:16:01.233+0000] {task_command.py:426} INFO - Running <TaskInstance: maghrebia_daily_pipeline.ge_data_quality scheduled__2026-04-14T01:00:00+00:00 [running]> on host c9498e6545a6
[2026-04-15T07:16:01.316+0000] {taskinstance.py:2648} INFO - Exporting env vars: AIRFLOW_CTX_DAG_OWNER='***-data' AIRFLOW_CTX_DAG_ID='***_daily_pipeline' AIRFLOW_CTX_TASK_ID='ge_data_quality' AIRFLOW_CTX_EXECUTION_DATE='2026-04-14T01:00:00+00:00' AIRFLOW_CTX_TRY_NUMBER='1' AIRFLOW_CTX_DAG_RUN_ID='scheduled__2026-04-14T01:00:00+00:00'
[2026-04-15T07:16:01.317+0000] {taskinstance.py:430} INFO - ::endgroup::
[2026-04-15T07:16:02.021+0000] {local_task_job_runner.py:124} ERROR - Received SIGTERM. Terminating subprocesses
[2026-04-15T07:16:02.029+0000] {process_utils.py:132} INFO - Sending 15 to group 63. PIDs of all processes in the group: [63]
[2026-04-15T07:16:02.031+0000] {process_utils.py:87} INFO - Sending the signal 15 to group 63
[2026-04-15T07:16:02.292+0000] {taskinstance.py:2611} ERROR - Received SIGTERM. Terminating subprocesses.
[2026-04-15T07:16:02.293+0000] {logging_mixin.py:188} WARNING - Exception ignored in: <function WeakKeyDictionary.__init__.<locals>.remove at 0x7b78f9990ae0>
[2026-04-15T07:16:02.293+0000] {logging_mixin.py:188} WARNING - Traceback (most recent call last):
[2026-04-15T07:16:02.294+0000] {logging_mixin.py:188} WARNING -   File "/usr/local/lib/python3.12/weakref.py", line 369, in remove
[2026-04-15T07:16:02.295+0000] {logging_mixin.py:188} WARNING -     def remove(k, selfref=ref(self)):
[2026-04-15T07:16:02.295+0000] {logging_mixin.py:188} WARNING -   File "/home/airflow/.local/lib/python3.12/site-packages/airflow/models/taskinstance.py", line 2613, in signal_handler
[2026-04-15T07:16:02.296+0000] {logging_mixin.py:188} WARNING -     raise AirflowTaskTerminated("Task received SIGTERM signal")
[2026-04-15T07:16:02.297+0000] {logging_mixin.py:188} WARNING - airflow.exceptions.AirflowTaskTerminated: Task received SIGTERM signal
[2026-04-15T07:16:02.688+0000] {ge_pipeline.py:349} INFO - Loading /opt/airflow/data/raw/DIM_AGENT.csv …
[2026-04-15T07:16:02.725+0000] {logging_mixin.py:188} INFO - 
======================================================================
[2026-04-15T07:16:02.726+0000] {logging_mixin.py:188} INFO -   SUITE : ***_dim_agent_suite
[2026-04-15T07:16:02.727+0000] {logging_mixin.py:188} INFO -   Table : 200 rows × 12 cols
[2026-04-15T07:16:02.727+0000] {logging_mixin.py:188} INFO -   =================================================================
[2026-04-15T07:16:02.728+0000] {logging_mixin.py:188} INFO -   ✅ expect_table_row_count_to_be_between(190, 210)              200/200     (100.0%)  
[2026-04-15T07:16:02.728+0000] {logging_mixin.py:188} INFO -   ✅ expect_column_values_to_not_be_null(ID_AGENT)               200/200     (100.0%)  
[2026-04-15T07:16:02.729+0000] {logging_mixin.py:188} INFO -   ✅ expect_column_values_to_be_unique(ID_AGENT)                 200/200     (100.0%)  dups=0
[2026-04-15T07:16:02.729+0000] {logging_mixin.py:188} INFO -   🔴 expect_column_values_to_not_be_null(CODE_AGENT)             198/200     (99.0%)  
[2026-04-15T07:16:02.730+0000] {logging_mixin.py:188} INFO -   🔴 expect_column_values_to_be_in_set(ETAT_AGENT, ['A', 'I', 'R'])     181/200     (90.5%)  invalid sample=['S']
[2026-04-15T07:16:02.730+0000] {logging_mixin.py:188} INFO -   ✅ expect_column_values_to_be_in_set(TYPE_AGENT, ['AG', 'BA', 'BR', 'CO', 'MA'])     200/200     (100.0%)  invalid sample=[]
[2026-04-15T07:16:02.730+0000] {logging_mixin.py:188} INFO -   ✅ expect_column_values_to_be_between(LATITUDE_AGENT, lo=30.0, hi=38.0)     200/200     (100.0%)  threshold=99%
[2026-04-15T07:16:02.731+0000] {logging_mixin.py:188} INFO -   ✅ expect_column_values_to_be_between(LONGITUDE_AGENT, lo=8.0, hi=12.0)     200/200     (100.0%)  threshold=99%
[2026-04-15T07:16:02.731+0000] {logging_mixin.py:188} INFO -   ✅ expect_column_values_to_be_in_set(GROUPE_AGENT, ['Agent Général', 'Bancassurance', 'Courtier', 'Mandataire', 'Réseau Direct'])     200/200     (100.0%)  invalid sample=[]
[2026-04-15T07:16:02.732+0000] {logging_mixin.py:188} INFO -   =================================================================
[2026-04-15T07:16:02.732+0000] {logging_mixin.py:188} INFO -   🔴 FAILED  —  7/9 expectations OK  (77.8%)
[2026-04-15T07:16:02.733+0000] {logging_mixin.py:188} INFO - ======================================================================
[2026-04-15T07:16:02.734+0000] {ge_pipeline.py:364} INFO - Report saved: ge_reports/***_dim_agent_suite_20260415_071602.json
[2026-04-15T07:16:02.734+0000] {maghrebia_daily_pipeline.py:118} WARNING - ⚠️  Suite FAILED: dim_agent (77.8%)
[2026-04-15T07:16:02.734+0000] {ge_pipeline.py:349} INFO - Loading /opt/airflow/data/raw/DIM_CLIENT.csv …
[2026-04-15T07:16:02.877+0000] {logging_mixin.py:188} INFO - 
======================================================================
[2026-04-15T07:16:02.878+0000] {logging_mixin.py:188} INFO -   SUITE : ***_dim_client_suite
[2026-04-15T07:16:02.879+0000] {logging_mixin.py:188} INFO -   Table : 30,000 rows × 13 cols
[2026-04-15T07:16:02.880+0000] {logging_mixin.py:188} INFO -   =================================================================
[2026-04-15T07:16:02.880+0000] {logging_mixin.py:188} INFO -   ✅ expect_table_row_count_to_be_between(25000, 35000)       30,000/30,000  (100.0%)  
[2026-04-15T07:16:02.881+0000] {logging_mixin.py:188} INFO -   ✅ expect_column_values_to_not_be_null(ID_CLIENT)           30,000/30,000  (100.0%)  
[2026-04-15T07:16:02.881+0000] {logging_mixin.py:188} INFO -   ✅ expect_column_values_to_be_unique(ID_CLIENT)             30,000/30,000  (100.0%)  dups=0
[2026-04-15T07:16:02.882+0000] {logging_mixin.py:188} INFO -   🔴 expect_column_values_to_not_be_null(NOM)                 29,321/30,000  (97.7%)  
[2026-04-15T07:16:02.883+0000] {logging_mixin.py:188} INFO -   🔴 expect_column_values_to_be_in_set(TYPE_PERSONNE, ['M', 'P'])  29,102/29,604  (98.3%)  invalid sample=['  P  ', 'p', '  M  ']
[2026-04-15T07:16:02.883+0000] {logging_mixin.py:188} INFO -   ✅ expect_column_values_to_be_in_set(SEXE, ['<NA>', '<NA>', 'F', 'M', 'N/A'])  22,454/22,454  (100.0%)  invalid sample=[]
[2026-04-15T07:16:02.884+0000] {logging_mixin.py:188} INFO -   ✅ expect_column_values_to_be_between(CODE_POSTAL, lo=1000, hi=9999)  30,000/30,000  (100.0%)  threshold=99%
[2026-04-15T07:16:02.884+0000] {logging_mixin.py:188} INFO -   ✅ expect_column_values_to_match_regex(CIN_MF, '^\d{8}$')   22,454/30,000  (74.8%)  
[2026-04-15T07:16:02.885+0000] {logging_mixin.py:188} INFO -   ✅ expect_column_values_to_match_regex(EMAIL, '^[^@]+@[^@]+\.[^@]+$')  19,491/19,491  (100.0%)  
[2026-04-15T07:16:02.885+0000] {logging_mixin.py:188} INFO -   =================================================================
[2026-04-15T07:16:02.886+0000] {logging_mixin.py:188} INFO -   🔴 FAILED  —  7/9 expectations OK  (77.8%)
[2026-04-15T07:16:02.887+0000] {logging_mixin.py:188} INFO - ======================================================================
[2026-04-15T07:16:02.888+0000] {ge_pipeline.py:364} INFO - Report saved: ge_reports/***_dim_client_suite_20260415_071602.json
[2026-04-15T07:16:02.893+0000] {maghrebia_daily_pipeline.py:118} WARNING - ⚠️  Suite FAILED: dim_client (77.8%)
[2026-04-15T07:16:02.895+0000] {ge_pipeline.py:349} INFO - Loading /opt/airflow/data/raw/DIM_POLICE.csv …
[2026-04-15T07:16:02.992+0000] {logging_mixin.py:188} INFO - 
======================================================================
[2026-04-15T07:16:02.994+0000] {logging_mixin.py:188} INFO -   SUITE : ***_dim_police_suite
[2026-04-15T07:16:02.996+0000] {logging_mixin.py:188} INFO -   Table : 30,000 rows × 16 cols
[2026-04-15T07:16:02.997+0000] {logging_mixin.py:188} INFO -   =================================================================
[2026-04-15T07:16:02.997+0000] {logging_mixin.py:188} INFO -   ✅ expect_table_row_count_to_be_between(25000, 35000)       30,000/30,000  (100.0%)  
[2026-04-15T07:16:02.998+0000] {logging_mixin.py:188} INFO -   ✅ expect_column_values_to_not_be_null(ID_POLICE)           30,000/30,000  (100.0%)  
[2026-04-15T07:16:02.999+0000] {logging_mixin.py:188} INFO -   ✅ expect_column_values_to_be_unique(ID_POLICE)             30,000/30,000  (100.0%)  dups=0
[2026-04-15T07:16:03.005+0000] {logging_mixin.py:188} INFO -   ✅ expect_column_values_to_be_in_set(BRANCHE, ['AUTO', 'IRDS', 'SANTE'])  30,000/30,000  (100.0%)  invalid sample=[]
[2026-04-15T07:16:03.007+0000] {logging_mixin.py:188} INFO -   ✅ expect_column_values_to_be_in_set(SITUATION, ['A', 'R', 'S', 'T', 'V'])  30,000/30,000  (100.0%)  invalid sample=[]
[2026-04-15T07:16:03.009+0000] {logging_mixin.py:188} INFO -   ✅ expect_column_values_to_be_in_set(TYPE_POLICE, ['flotte', 'individuel'])  30,000/30,000  (100.0%)  invalid sample=[]
[2026-04-15T07:16:03.010+0000] {logging_mixin.py:188} INFO -   ✅ expect_column_values_to_be_between(CODE_PRODUIT, lo=17, hi=89)  30,000/30,000  (100.0%)  threshold=99%
[2026-04-15T07:16:03.011+0000] {logging_mixin.py:188} INFO -   ✅ expect_column_values_to_be_between(BONUS_MALUS, lo=1, hi=10)  20,000/20,000  (100.0%)  threshold=95%
[2026-04-15T07:16:03.012+0000] {logging_mixin.py:188} INFO -   =================================================================
[2026-04-15T07:16:03.013+0000] {logging_mixin.py:188} INFO -   ✅ PASSED  —  8/8 expectations OK  (100.0%)
[2026-04-15T07:16:03.014+0000] {logging_mixin.py:188} INFO - ======================================================================
[2026-04-15T07:16:03.015+0000] {ge_pipeline.py:364} INFO - Report saved: ge_reports/***_dim_police_suite_20260415_071603.json
[2026-04-15T07:16:03.017+0000] {maghrebia_daily_pipeline.py:120} INFO - ✅ Suite PASSED: dim_police (100.0%)
[2026-04-15T07:16:03.018+0000] {ge_pipeline.py:349} INFO - Loading /opt/airflow/data/raw/DWH_FACT_EMISSION.csv …
