[2026-04-19T16:54:27.302+0000] {local_task_job_runner.py:120} INFO - ::group::Pre task execution logs
[2026-04-19T16:54:27.330+0000] {taskinstance.py:2076} INFO - Dependencies all met for dep_context=non-requeueable deps ti=<TaskInstance: maghrebia_daily_pipeline.health_check scheduled__2026-04-18T01:00:00+00:00 [queued]>
[2026-04-19T16:54:27.339+0000] {taskinstance.py:2076} INFO - Dependencies all met for dep_context=requeueable deps ti=<TaskInstance: maghrebia_daily_pipeline.health_check scheduled__2026-04-18T01:00:00+00:00 [queued]>
[2026-04-19T16:54:27.341+0000] {taskinstance.py:2306} INFO - Starting attempt 1 of 2
[2026-04-19T16:54:27.354+0000] {taskinstance.py:2330} INFO - Executing <Task(PythonOperator): health_check> on 2026-04-18 01:00:00+00:00
[2026-04-19T16:54:27.360+0000] {warnings.py:110} WARNING - /home/airflow/.local/lib/python3.12/site-packages/airflow/task/task_runner/standard_task_runner.py:61: DeprecationWarning: This process (pid=59) is multi-threaded, use of fork() may lead to deadlocks in the child.
  pid = os.fork()

[2026-04-19T16:54:27.362+0000] {standard_task_runner.py:63} INFO - Started process 60 to run task
[2026-04-19T16:54:27.364+0000] {standard_task_runner.py:90} INFO - Running: ['airflow', 'tasks', 'run', '***_daily_pipeline', 'health_check', 'scheduled__2026-04-18T01:00:00+00:00', '--job-id', '119', '--raw', '--subdir', 'DAGS_FOLDER/***_daily_pipeline.py', '--cfg-path', '/tmp/tmpkmkufpk1']
[2026-04-19T16:54:27.365+0000] {standard_task_runner.py:91} INFO - Job 119: Subtask health_check
[2026-04-19T16:54:27.458+0000] {task_command.py:426} INFO - Running <TaskInstance: maghrebia_daily_pipeline.health_check scheduled__2026-04-18T01:00:00+00:00 [running]> on host f5e9df06819f
[2026-04-19T16:54:27.584+0000] {taskinstance.py:2648} INFO - Exporting env vars: AIRFLOW_CTX_DAG_OWNER='***-data' AIRFLOW_CTX_DAG_ID='***_daily_pipeline' AIRFLOW_CTX_TASK_ID='health_check' AIRFLOW_CTX_EXECUTION_DATE='2026-04-18T01:00:00+00:00' AIRFLOW_CTX_TRY_NUMBER='1' AIRFLOW_CTX_DAG_RUN_ID='scheduled__2026-04-18T01:00:00+00:00'
[2026-04-19T16:54:27.586+0000] {taskinstance.py:430} INFO - ::endgroup::
[2026-04-19T16:54:27.624+0000] {maghrebia_daily_pipeline.py:81} INFO - ✅ PostgreSQL OK
[2026-04-19T16:54:27.664+0000] {maghrebia_daily_pipeline.py:91} INFO - ✅ Qdrant OK
[2026-04-19T16:54:27.682+0000] {maghrebia_daily_pipeline.py:97} INFO - Health check complete: {'postgres': 'OK', 'qdrant': 'OK'}
[2026-04-19T16:54:27.683+0000] {python.py:237} INFO - Done. Returned value was: None
[2026-04-19T16:54:27.686+0000] {taskinstance.py:441} INFO - ::group::Post task execution logs
[2026-04-19T16:54:27.701+0000] {taskinstance.py:1206} INFO - Marking task as SUCCESS. dag_id=***_daily_pipeline, task_id=health_check, run_id=scheduled__2026-04-18T01:00:00+00:00, execution_date=20260418T010000, start_date=20260419T165427, end_date=20260419T165427
[2026-04-19T16:54:27.738+0000] {local_task_job_runner.py:240} INFO - Task exited with return code 0
[2026-04-19T16:54:27.770+0000] {taskinstance.py:3498} INFO - 1 downstream tasks scheduled from follow-on schedule check
[2026-04-19T16:54:27.773+0000] {local_task_job_runner.py:222} INFO - ::endgroup::
