[2026-04-21T09:23:51.146+0000] {local_task_job_runner.py:120} INFO - ::group::Pre task execution logs
[2026-04-21T09:23:51.183+0000] {taskinstance.py:2076} INFO - Dependencies all met for dep_context=non-requeueable deps ti=<TaskInstance: maghrebia_daily_pipeline.drift_check scheduled__2026-04-20T01:00:00+00:00 [queued]>
[2026-04-21T09:23:51.192+0000] {taskinstance.py:2076} INFO - Dependencies all met for dep_context=requeueable deps ti=<TaskInstance: maghrebia_daily_pipeline.drift_check scheduled__2026-04-20T01:00:00+00:00 [queued]>
[2026-04-21T09:23:51.193+0000] {taskinstance.py:2306} INFO - Starting attempt 1 of 2
[2026-04-21T09:23:51.204+0000] {taskinstance.py:2330} INFO - Executing <Task(PythonOperator): drift_check> on 2026-04-20 01:00:00+00:00
[2026-04-21T09:23:51.208+0000] {warnings.py:110} WARNING - /home/airflow/.local/lib/python3.12/site-packages/airflow/task/task_runner/standard_task_runner.py:61: DeprecationWarning: This process (pid=94) is multi-threaded, use of fork() may lead to deadlocks in the child.
  pid = os.fork()

[2026-04-21T09:23:51.209+0000] {standard_task_runner.py:63} INFO - Started process 100 to run task
[2026-04-21T09:23:51.210+0000] {standard_task_runner.py:90} INFO - Running: ['airflow', 'tasks', 'run', '***_daily_pipeline', 'drift_check', 'scheduled__2026-04-20T01:00:00+00:00', '--job-id', '207', '--raw', '--subdir', 'DAGS_FOLDER/***_daily_pipeline.py', '--cfg-path', '/tmp/tmp2mc9ekpa']
[2026-04-21T09:23:51.211+0000] {standard_task_runner.py:91} INFO - Job 207: Subtask drift_check
[2026-04-21T09:23:51.261+0000] {task_command.py:426} INFO - Running <TaskInstance: maghrebia_daily_pipeline.drift_check scheduled__2026-04-20T01:00:00+00:00 [running]> on host a2edf987092d
[2026-04-21T09:23:51.347+0000] {taskinstance.py:2648} INFO - Exporting env vars: AIRFLOW_CTX_DAG_OWNER='***-data' AIRFLOW_CTX_DAG_ID='***_daily_pipeline' AIRFLOW_CTX_TASK_ID='drift_check' AIRFLOW_CTX_EXECUTION_DATE='2026-04-20T01:00:00+00:00' AIRFLOW_CTX_TRY_NUMBER='1' AIRFLOW_CTX_DAG_RUN_ID='scheduled__2026-04-20T01:00:00+00:00'
[2026-04-21T09:23:51.350+0000] {taskinstance.py:430} INFO - ::endgroup::
[2026-04-21T09:23:51.376+0000] {maghrebia_daily_pipeline.py:422} INFO -   Drift check ignoré (jour=21, uniquement le 1er du mois)
[2026-04-21T09:23:51.393+0000] {python.py:237} INFO - Done. Returned value was: None
[2026-04-21T09:23:51.394+0000] {taskinstance.py:441} INFO - ::group::Post task execution logs
[2026-04-21T09:23:51.405+0000] {taskinstance.py:1206} INFO - Marking task as SUCCESS. dag_id=***_daily_pipeline, task_id=drift_check, run_id=scheduled__2026-04-20T01:00:00+00:00, execution_date=20260420T010000, start_date=20260421T092351, end_date=20260421T092351
[2026-04-21T09:23:51.428+0000] {local_task_job_runner.py:240} INFO - Task exited with return code 0
[2026-04-21T09:23:51.451+0000] {taskinstance.py:3498} INFO - 0 downstream tasks scheduled from follow-on schedule check
[2026-04-21T09:23:51.453+0000] {local_task_job_runner.py:222} INFO - ::endgroup::
